<?xml version="1.0" encoding="UTF-8"?>
<testsuite name="ca.mcgill.ecse321.MuseumBackend.integration.LoanIntegrationTest" tests="5" skipped="0" failures="0" errors="0" timestamp="2022-12-04T21:21:51" hostname="samuel-gp66leopard10ug" time="4.11">
  <properties/>
  <testcase name="testCreateandDeleteLoan()" classname="ca.mcgill.ecse321.MuseumBackend.integration.LoanIntegrationTest" time="0.641"/>
  <testcase name="testCreateandDenyLoan()" classname="ca.mcgill.ecse321.MuseumBackend.integration.LoanIntegrationTest" time="0.914"/>
  <testcase name="testCreateAndApproveLoan()" classname="ca.mcgill.ecse321.MuseumBackend.integration.LoanIntegrationTest" time="0.925"/>
  <testcase name="testGetAndCreateLoan()" classname="ca.mcgill.ecse321.MuseumBackend.integration.LoanIntegrationTest" time="0.718"/>
  <testcase name="testCreateAndreturnArtworkandEndLoan()" classname="ca.mcgill.ecse321.MuseumBackend.integration.LoanIntegrationTest" time="0.911"/>
  <system-out><![CDATA[2022-12-04 16:21:51.432  INFO 180689 --- [    Test worker] .b.t.c.SpringBootTestContextBootstrapper : Neither @ContextConfiguration nor @ContextHierarchy found for test class [ca.mcgill.ecse321.MuseumBackend.integration.LoanIntegrationTest], using SpringBootContextLoader
2022-12-04 16:21:51.433  INFO 180689 --- [    Test worker] o.s.t.c.support.AbstractContextLoader    : Could not detect default resource locations for test class [ca.mcgill.ecse321.MuseumBackend.integration.LoanIntegrationTest]: no resource found for suffixes {-context.xml, Context.groovy}.
2022-12-04 16:21:51.433  INFO 180689 --- [    Test worker] t.c.s.AnnotationConfigContextLoaderUtils : Could not detect default configuration classes for test class [ca.mcgill.ecse321.MuseumBackend.integration.LoanIntegrationTest]: LoanIntegrationTest does not declare any static, non-private, non-final, nested classes annotated with @Configuration.
2022-12-04 16:21:51.434  INFO 180689 --- [    Test worker] .b.t.c.SpringBootTestContextBootstrapper : Found @SpringBootConfiguration ca.mcgill.ecse321.MuseumBackend.MuseumBackendApplication for test class ca.mcgill.ecse321.MuseumBackend.integration.LoanIntegrationTest
2022-12-04 16:21:51.435  INFO 180689 --- [    Test worker] .b.t.c.SpringBootTestContextBootstrapper : Loaded default TestExecutionListener class names from location [META-INF/spring.factories]: [org.springframework.boot.test.autoconfigure.restdocs.RestDocsTestExecutionListener, org.springframework.boot.test.autoconfigure.web.client.MockRestServiceServerResetTestExecutionListener, org.springframework.boot.test.autoconfigure.web.servlet.MockMvcPrintOnlyOnFailureTestExecutionListener, org.springframework.boot.test.autoconfigure.web.servlet.WebDriverTestExecutionListener, org.springframework.boot.test.autoconfigure.webservices.client.MockWebServiceServerTestExecutionListener, org.springframework.boot.test.mock.mockito.MockitoTestExecutionListener, org.springframework.boot.test.mock.mockito.ResetMocksTestExecutionListener, org.springframework.test.context.web.ServletTestExecutionListener, org.springframework.test.context.support.DirtiesContextBeforeModesTestExecutionListener, org.springframework.test.context.event.ApplicationEventsTestExecutionListener, org.springframework.test.context.support.DependencyInjectionTestExecutionListener, org.springframework.test.context.support.DirtiesContextTestExecutionListener, org.springframework.test.context.transaction.TransactionalTestExecutionListener, org.springframework.test.context.jdbc.SqlScriptsTestExecutionListener, org.springframework.test.context.event.EventPublishingTestExecutionListener]
2022-12-04 16:21:51.435  INFO 180689 --- [    Test worker] .b.t.c.SpringBootTestContextBootstrapper : Using TestExecutionListeners: [org.springframework.test.context.web.ServletTestExecutionListener@d7fc4f8, org.springframework.test.context.support.DirtiesContextBeforeModesTestExecutionListener@18eabf18, org.springframework.test.context.event.ApplicationEventsTestExecutionListener@108c9584, org.springframework.boot.test.mock.mockito.MockitoTestExecutionListener@6e7d2f3a, org.springframework.boot.test.autoconfigure.SpringBootDependencyInjectionTestExecutionListener@1d567e09, org.springframework.test.context.support.DirtiesContextTestExecutionListener@500910c4, org.springframework.test.context.transaction.TransactionalTestExecutionListener@24dd8ff4, org.springframework.test.context.jdbc.SqlScriptsTestExecutionListener@235e60aa, org.springframework.test.context.event.EventPublishingTestExecutionListener@d56f4fe, org.springframework.boot.test.autoconfigure.restdocs.RestDocsTestExecutionListener@15c15aa0, org.springframework.boot.test.autoconfigure.web.client.MockRestServiceServerResetTestExecutionListener@5d2bc5c3, org.springframework.boot.test.autoconfigure.web.servlet.MockMvcPrintOnlyOnFailureTestExecutionListener@da0b5fc, org.springframework.boot.test.autoconfigure.web.servlet.WebDriverTestExecutionListener@376b41b2, org.springframework.boot.test.autoconfigure.webservices.client.MockWebServiceServerTestExecutionListener@28e009a5, org.springframework.boot.test.mock.mockito.ResetMocksTestExecutionListener@2b66c4a7]
ca.mcgill.ecse321.MuseumBackend.model.Loan@78993644[rentalFee:2.5,numOfDays:3,loanId:45]
  startDate=2015-03-31
  endDate=2015-04-29
  status=Requested
  museum = 3c3ba0a7
  customer = 3db07de3
  artwork = da18c41HEY GUYS ITS ME AGAI
reach here
ca.mcgill.ecse321.MuseumBackend.model.Loan@78993644[rentalFee:2.5,numOfDays:3,loanId:45]
  startDate=2015-03-31
  endDate=2015-04-29
  status=Requested
  museum = null
  customer = null
  artwork = nullTHIS IS LNE IN CONTROLLER
Requested
Alex is a stupid bitch
we got here yay
ca.mcgill.ecse321.MuseumBackend.model.Loan@3b8889da[rentalFee:2.5,numOfDays:3,loanId:49]
  startDate=2015-03-31
  endDate=2015-04-29
  status=Denied
  museum = 3161733f
  customer = 6f73e5c3
  artwork = 4e58f577HEY GUYS ITS ME AGAI
reach here
ca.mcgill.ecse321.MuseumBackend.model.Loan@3b8889da[rentalFee:2.5,numOfDays:3,loanId:49]
  startDate=2015-03-31
  endDate=2015-04-29
  status=Denied
  museum = null
  customer = null
  artwork = nullTHIS IS LNE IN CONTROLLER
ca.mcgill.ecse321.MuseumBackend.model.Artwork@52d58714[isLoanable:true,value:0.0,artworkId:51,artworkName:null]
  museum = 472e1e3
  room = nullTHIS IS WRONG
ca.mcgill.ecse321.MuseumBackend.model.Loan@2b53a919[rentalFee:2.5,numOfDays:3,loanId:53]
  startDate=2015-03-31
  endDate=2015-04-29
  status=Approved
  museum = 441c651e
  customer = 3c550e17
  artwork = 72311120HEY GUYS ITS ME AGAI
reach here
ca.mcgill.ecse321.MuseumBackend.model.Loan@2b53a919[rentalFee:2.5,numOfDays:3,loanId:53]
  startDate=2015-03-31
  endDate=2015-04-29
  status=Approved
  museum = null
  customer = null
  artwork = nullTHIS IS LNE IN CONTROLLER
ca.mcgill.ecse321.MuseumBackend.model.Loan@575de3d3[rentalFee:2.5,numOfDays:3,loanId:57]
  startDate=2015-03-31
  endDate=2015-04-29
  status=Requested
  museum = f78da15
  customer = 783dfb73
  artwork = 3783e44dHEY GUYS ITS ME AGAI
reach here
ca.mcgill.ecse321.MuseumBackend.model.Loan@575de3d3[rentalFee:2.5,numOfDays:3,loanId:57]
  startDate=2015-03-31
  endDate=2015-04-29
  status=Requested
  museum = null
  customer = null
  artwork = nullTHIS IS LNE IN CONTROLLER
61WHAT
ca.mcgill.ecse321.MuseumBackend.model.Loan@bf8cd02[rentalFee:2.5,numOfDays:3,loanId:61]
  startDate=2015-03-31
  endDate=2015-04-29
  status=Returned
  museum = 5ac2c217
  customer = 3541bcc7
  artwork = 171f9d2bHEY GUYS ITS ME AGAI
reach here
ca.mcgill.ecse321.MuseumBackend.model.Loan@bf8cd02[rentalFee:2.5,numOfDays:3,loanId:61]
  startDate=2015-03-31
  endDate=2015-04-29
  status=Returned
  museum = null
  customer = null
  artwork = nullTHIS IS LNE IN CONTROLLER
]]></system-out>
  <system-err><![CDATA[]]></system-err>
</testsuite>
