<?xml version="1.0" encoding="UTF-8"?>
<testsuite name="ca.mcgill.ecse321.MuseumBackend.repository.StorageRepositoryTests" tests="2" skipped="0" failures="0" errors="0" timestamp="2022-12-03T18:45:38" hostname="MacBook-Air-de-Qi.local" time="0.188">
  <properties/>
  <testcase name="testPersistAndLoadStorage()" classname="ca.mcgill.ecse321.MuseumBackend.repository.StorageRepositoryTests" time="0.048"/>
  <testcase name="testRoomToArtworkReference()" classname="ca.mcgill.ecse321.MuseumBackend.repository.StorageRepositoryTests" time="0.139"/>
  <system-out><![CDATA[2022-12-03 13:45:38.093  INFO 23514 --- [    Test worker] .b.t.c.SpringBootTestContextBootstrapper : Neither @ContextConfiguration nor @ContextHierarchy found for test class [ca.mcgill.ecse321.MuseumBackend.repository.StorageRepositoryTests], using SpringBootContextLoader
2022-12-03 13:45:38.094  INFO 23514 --- [    Test worker] o.s.t.c.support.AbstractContextLoader    : Could not detect default resource locations for test class [ca.mcgill.ecse321.MuseumBackend.repository.StorageRepositoryTests]: no resource found for suffixes {-context.xml, Context.groovy}.
2022-12-03 13:45:38.094  INFO 23514 --- [    Test worker] t.c.s.AnnotationConfigContextLoaderUtils : Could not detect default configuration classes for test class [ca.mcgill.ecse321.MuseumBackend.repository.StorageRepositoryTests]: StorageRepositoryTests does not declare any static, non-private, non-final, nested classes annotated with @Configuration.
2022-12-03 13:45:38.096  INFO 23514 --- [    Test worker] .b.t.c.SpringBootTestContextBootstrapper : Found @SpringBootConfiguration ca.mcgill.ecse321.MuseumBackend.MuseumBackendApplication for test class ca.mcgill.ecse321.MuseumBackend.repository.StorageRepositoryTests
2022-12-03 13:45:38.098  INFO 23514 --- [    Test worker] .b.t.c.SpringBootTestContextBootstrapper : Loaded default TestExecutionListener class names from location [META-INF/spring.factories]: [org.springframework.boot.test.autoconfigure.restdocs.RestDocsTestExecutionListener, org.springframework.boot.test.autoconfigure.web.client.MockRestServiceServerResetTestExecutionListener, org.springframework.boot.test.autoconfigure.web.servlet.MockMvcPrintOnlyOnFailureTestExecutionListener, org.springframework.boot.test.autoconfigure.web.servlet.WebDriverTestExecutionListener, org.springframework.boot.test.autoconfigure.webservices.client.MockWebServiceServerTestExecutionListener, org.springframework.boot.test.mock.mockito.MockitoTestExecutionListener, org.springframework.boot.test.mock.mockito.ResetMocksTestExecutionListener, org.springframework.test.context.web.ServletTestExecutionListener, org.springframework.test.context.support.DirtiesContextBeforeModesTestExecutionListener, org.springframework.test.context.event.ApplicationEventsTestExecutionListener, org.springframework.test.context.support.DependencyInjectionTestExecutionListener, org.springframework.test.context.support.DirtiesContextTestExecutionListener, org.springframework.test.context.transaction.TransactionalTestExecutionListener, org.springframework.test.context.jdbc.SqlScriptsTestExecutionListener, org.springframework.test.context.event.EventPublishingTestExecutionListener]
2022-12-03 13:45:38.098  INFO 23514 --- [    Test worker] .b.t.c.SpringBootTestContextBootstrapper : Using TestExecutionListeners: [org.springframework.test.context.web.ServletTestExecutionListener@4b9ebaf6, org.springframework.test.context.support.DirtiesContextBeforeModesTestExecutionListener@677e3282, org.springframework.test.context.event.ApplicationEventsTestExecutionListener@16427496, org.springframework.boot.test.mock.mockito.MockitoTestExecutionListener@3bc81985, org.springframework.boot.test.autoconfigure.SpringBootDependencyInjectionTestExecutionListener@5bf5d00, org.springframework.test.context.support.DirtiesContextTestExecutionListener@13c39517, org.springframework.test.context.transaction.TransactionalTestExecutionListener@1620a53d, org.springframework.test.context.jdbc.SqlScriptsTestExecutionListener@6d5f824d, org.springframework.test.context.event.EventPublishingTestExecutionListener@12f795bb, org.springframework.boot.test.autoconfigure.restdocs.RestDocsTestExecutionListener@1d13d1df, org.springframework.boot.test.autoconfigure.web.client.MockRestServiceServerResetTestExecutionListener@e89860d, org.springframework.boot.test.autoconfigure.web.servlet.MockMvcPrintOnlyOnFailureTestExecutionListener@1fd5207b, org.springframework.boot.test.autoconfigure.web.servlet.WebDriverTestExecutionListener@31213477, org.springframework.boot.test.autoconfigure.webservices.client.MockWebServiceServerTestExecutionListener@32bf96a5, org.springframework.boot.test.mock.mockito.ResetMocksTestExecutionListener@7044d711]
]]></system-out>
  <system-err><![CDATA[]]></system-err>
</testsuite>
