<?xml version="1.0" encoding="UTF-8"?>
<testsuite name="ca.mcgill.ecse321.MuseumBackend.repository.MuseumRepositoryTests" tests="1" skipped="0" failures="0" errors="0" timestamp="2022-12-06T03:08:26" hostname="MacBook-Air-de-Qi.local" time="0.135">
  <properties/>
  <testcase name="testPersistAndLoadMuseum()" classname="ca.mcgill.ecse321.MuseumBackend.repository.MuseumRepositoryTests" time="0.135"/>
  <system-out><![CDATA[2022-12-05 22:08:26.671  INFO 39074 --- [    Test worker] .b.t.c.SpringBootTestContextBootstrapper : Neither @ContextConfiguration nor @ContextHierarchy found for test class [ca.mcgill.ecse321.MuseumBackend.repository.MuseumRepositoryTests], using SpringBootContextLoader
2022-12-05 22:08:26.672  INFO 39074 --- [    Test worker] o.s.t.c.support.AbstractContextLoader    : Could not detect default resource locations for test class [ca.mcgill.ecse321.MuseumBackend.repository.MuseumRepositoryTests]: no resource found for suffixes {-context.xml, Context.groovy}.
2022-12-05 22:08:26.672  INFO 39074 --- [    Test worker] t.c.s.AnnotationConfigContextLoaderUtils : Could not detect default configuration classes for test class [ca.mcgill.ecse321.MuseumBackend.repository.MuseumRepositoryTests]: MuseumRepositoryTests does not declare any static, non-private, non-final, nested classes annotated with @Configuration.
2022-12-05 22:08:26.674  INFO 39074 --- [    Test worker] .b.t.c.SpringBootTestContextBootstrapper : Found @SpringBootConfiguration ca.mcgill.ecse321.MuseumBackend.MuseumBackendApplication for test class ca.mcgill.ecse321.MuseumBackend.repository.MuseumRepositoryTests
2022-12-05 22:08:26.676  INFO 39074 --- [    Test worker] .b.t.c.SpringBootTestContextBootstrapper : Loaded default TestExecutionListener class names from location [META-INF/spring.factories]: [org.springframework.boot.test.autoconfigure.restdocs.RestDocsTestExecutionListener, org.springframework.boot.test.autoconfigure.web.client.MockRestServiceServerResetTestExecutionListener, org.springframework.boot.test.autoconfigure.web.servlet.MockMvcPrintOnlyOnFailureTestExecutionListener, org.springframework.boot.test.autoconfigure.web.servlet.WebDriverTestExecutionListener, org.springframework.boot.test.autoconfigure.webservices.client.MockWebServiceServerTestExecutionListener, org.springframework.boot.test.mock.mockito.MockitoTestExecutionListener, org.springframework.boot.test.mock.mockito.ResetMocksTestExecutionListener, org.springframework.test.context.web.ServletTestExecutionListener, org.springframework.test.context.support.DirtiesContextBeforeModesTestExecutionListener, org.springframework.test.context.event.ApplicationEventsTestExecutionListener, org.springframework.test.context.support.DependencyInjectionTestExecutionListener, org.springframework.test.context.support.DirtiesContextTestExecutionListener, org.springframework.test.context.transaction.TransactionalTestExecutionListener, org.springframework.test.context.jdbc.SqlScriptsTestExecutionListener, org.springframework.test.context.event.EventPublishingTestExecutionListener]
2022-12-05 22:08:26.676  INFO 39074 --- [    Test worker] .b.t.c.SpringBootTestContextBootstrapper : Using TestExecutionListeners: [org.springframework.test.context.web.ServletTestExecutionListener@7eb93d0b, org.springframework.test.context.support.DirtiesContextBeforeModesTestExecutionListener@45a0a2a5, org.springframework.test.context.event.ApplicationEventsTestExecutionListener@12cd5852, org.springframework.boot.test.mock.mockito.MockitoTestExecutionListener@c74638e, org.springframework.boot.test.autoconfigure.SpringBootDependencyInjectionTestExecutionListener@3b92466e, org.springframework.test.context.support.DirtiesContextTestExecutionListener@7b677e33, org.springframework.test.context.transaction.TransactionalTestExecutionListener@390b6c5, org.springframework.test.context.jdbc.SqlScriptsTestExecutionListener@2cd7dd2a, org.springframework.test.context.event.EventPublishingTestExecutionListener@5df5fe8, org.springframework.boot.test.autoconfigure.restdocs.RestDocsTestExecutionListener@45092f86, org.springframework.boot.test.autoconfigure.web.client.MockRestServiceServerResetTestExecutionListener@43299f7c, org.springframework.boot.test.autoconfigure.web.servlet.MockMvcPrintOnlyOnFailureTestExecutionListener@510524be, org.springframework.boot.test.autoconfigure.web.servlet.WebDriverTestExecutionListener@2eda1169, org.springframework.boot.test.autoconfigure.webservices.client.MockWebServiceServerTestExecutionListener@22a36e2b, org.springframework.boot.test.mock.mockito.ResetMocksTestExecutionListener@2d7ed77c]
true
]]></system-out>
  <system-err><![CDATA[]]></system-err>
</testsuite>
