<?xml version="1.0" encoding="UTF-8"?>
<testsuite name="ca.mcgill.ecse321.MuseumBackend.integration.TestAdminIntegration" tests="3" skipped="0" failures="0" errors="0" timestamp="2022-12-06T03:08:22" hostname="MacBook-Air-de-Qi.local" time="0.334">
  <properties/>
  <testcase name="testCreateAndGetAndDeleteAdmin()" classname="ca.mcgill.ecse321.MuseumBackend.integration.TestAdminIntegration" time="0.238"/>
  <testcase name="testCreateInvalidAdmin()" classname="ca.mcgill.ecse321.MuseumBackend.integration.TestAdminIntegration" time="0.048"/>
  <testcase name="testGetInvalidAdmin()" classname="ca.mcgill.ecse321.MuseumBackend.integration.TestAdminIntegration" time="0.046"/>
  <system-out><![CDATA[2022-12-05 22:08:22.404  INFO 39074 --- [    Test worker] .b.t.c.SpringBootTestContextBootstrapper : Neither @ContextConfiguration nor @ContextHierarchy found for test class [ca.mcgill.ecse321.MuseumBackend.integration.TestAdminIntegration], using SpringBootContextLoader
2022-12-05 22:08:22.405  INFO 39074 --- [    Test worker] o.s.t.c.support.AbstractContextLoader    : Could not detect default resource locations for test class [ca.mcgill.ecse321.MuseumBackend.integration.TestAdminIntegration]: no resource found for suffixes {-context.xml, Context.groovy}.
2022-12-05 22:08:22.405  INFO 39074 --- [    Test worker] t.c.s.AnnotationConfigContextLoaderUtils : Could not detect default configuration classes for test class [ca.mcgill.ecse321.MuseumBackend.integration.TestAdminIntegration]: TestAdminIntegration does not declare any static, non-private, non-final, nested classes annotated with @Configuration.
2022-12-05 22:08:22.407  INFO 39074 --- [    Test worker] .b.t.c.SpringBootTestContextBootstrapper : Found @SpringBootConfiguration ca.mcgill.ecse321.MuseumBackend.MuseumBackendApplication for test class ca.mcgill.ecse321.MuseumBackend.integration.TestAdminIntegration
2022-12-05 22:08:22.409  INFO 39074 --- [    Test worker] .b.t.c.SpringBootTestContextBootstrapper : Loaded default TestExecutionListener class names from location [META-INF/spring.factories]: [org.springframework.boot.test.autoconfigure.restdocs.RestDocsTestExecutionListener, org.springframework.boot.test.autoconfigure.web.client.MockRestServiceServerResetTestExecutionListener, org.springframework.boot.test.autoconfigure.web.servlet.MockMvcPrintOnlyOnFailureTestExecutionListener, org.springframework.boot.test.autoconfigure.web.servlet.WebDriverTestExecutionListener, org.springframework.boot.test.autoconfigure.webservices.client.MockWebServiceServerTestExecutionListener, org.springframework.boot.test.mock.mockito.MockitoTestExecutionListener, org.springframework.boot.test.mock.mockito.ResetMocksTestExecutionListener, org.springframework.test.context.web.ServletTestExecutionListener, org.springframework.test.context.support.DirtiesContextBeforeModesTestExecutionListener, org.springframework.test.context.event.ApplicationEventsTestExecutionListener, org.springframework.test.context.support.DependencyInjectionTestExecutionListener, org.springframework.test.context.support.DirtiesContextTestExecutionListener, org.springframework.test.context.transaction.TransactionalTestExecutionListener, org.springframework.test.context.jdbc.SqlScriptsTestExecutionListener, org.springframework.test.context.event.EventPublishingTestExecutionListener]
2022-12-05 22:08:22.410  INFO 39074 --- [    Test worker] .b.t.c.SpringBootTestContextBootstrapper : Using TestExecutionListeners: [org.springframework.test.context.web.ServletTestExecutionListener@38c5c061, org.springframework.test.context.support.DirtiesContextBeforeModesTestExecutionListener@7472bba0, org.springframework.test.context.event.ApplicationEventsTestExecutionListener@163fc3e4, org.springframework.boot.test.mock.mockito.MockitoTestExecutionListener@4e07ecf8, org.springframework.boot.test.autoconfigure.SpringBootDependencyInjectionTestExecutionListener@58d7fb91, org.springframework.test.context.support.DirtiesContextTestExecutionListener@3999f490, org.springframework.test.context.transaction.TransactionalTestExecutionListener@515130a4, org.springframework.test.context.jdbc.SqlScriptsTestExecutionListener@20c0665a, org.springframework.test.context.event.EventPublishingTestExecutionListener@47ac1aa0, org.springframework.boot.test.autoconfigure.restdocs.RestDocsTestExecutionListener@31675bb1, org.springframework.boot.test.autoconfigure.web.client.MockRestServiceServerResetTestExecutionListener@69eb8929, org.springframework.boot.test.autoconfigure.web.servlet.MockMvcPrintOnlyOnFailureTestExecutionListener@4a3ad0f8, org.springframework.boot.test.autoconfigure.web.servlet.WebDriverTestExecutionListener@6d64aa05, org.springframework.boot.test.autoconfigure.webservices.client.MockWebServiceServerTestExecutionListener@6655decb, org.springframework.boot.test.mock.mockito.ResetMocksTestExecutionListener@5342b1e9]
]]></system-out>
  <system-err><![CDATA[]]></system-err>
</testsuite>
