<?xml version="1.0" encoding="UTF-8"?>
<testsuite name="ca.mcgill.ecse321.MuseumBackend.repository.MuseumRepositoryTests" tests="1" skipped="0" failures="0" errors="0" timestamp="2022-12-06T03:38:27" hostname="samuel-gp66leopard10ug" time="0.176">
  <properties/>
  <testcase name="testPersistAndLoadMuseum()" classname="ca.mcgill.ecse321.MuseumBackend.repository.MuseumRepositoryTests" time="0.176"/>
  <system-out><![CDATA[2022-12-05 22:38:27.434  INFO 63818 --- [    Test worker] .b.t.c.SpringBootTestContextBootstrapper : Neither @ContextConfiguration nor @ContextHierarchy found for test class [ca.mcgill.ecse321.MuseumBackend.repository.MuseumRepositoryTests], using SpringBootContextLoader
2022-12-05 22:38:27.435  INFO 63818 --- [    Test worker] o.s.t.c.support.AbstractContextLoader    : Could not detect default resource locations for test class [ca.mcgill.ecse321.MuseumBackend.repository.MuseumRepositoryTests]: no resource found for suffixes {-context.xml, Context.groovy}.
2022-12-05 22:38:27.435  INFO 63818 --- [    Test worker] t.c.s.AnnotationConfigContextLoaderUtils : Could not detect default configuration classes for test class [ca.mcgill.ecse321.MuseumBackend.repository.MuseumRepositoryTests]: MuseumRepositoryTests does not declare any static, non-private, non-final, nested classes annotated with @Configuration.
2022-12-05 22:38:27.436  INFO 63818 --- [    Test worker] .b.t.c.SpringBootTestContextBootstrapper : Found @SpringBootConfiguration ca.mcgill.ecse321.MuseumBackend.MuseumBackendApplication for test class ca.mcgill.ecse321.MuseumBackend.repository.MuseumRepositoryTests
2022-12-05 22:38:27.436  INFO 63818 --- [    Test worker] .b.t.c.SpringBootTestContextBootstrapper : Loaded default TestExecutionListener class names from location [META-INF/spring.factories]: [org.springframework.boot.test.autoconfigure.restdocs.RestDocsTestExecutionListener, org.springframework.boot.test.autoconfigure.web.client.MockRestServiceServerResetTestExecutionListener, org.springframework.boot.test.autoconfigure.web.servlet.MockMvcPrintOnlyOnFailureTestExecutionListener, org.springframework.boot.test.autoconfigure.web.servlet.WebDriverTestExecutionListener, org.springframework.boot.test.autoconfigure.webservices.client.MockWebServiceServerTestExecutionListener, org.springframework.boot.test.mock.mockito.MockitoTestExecutionListener, org.springframework.boot.test.mock.mockito.ResetMocksTestExecutionListener, org.springframework.test.context.web.ServletTestExecutionListener, org.springframework.test.context.support.DirtiesContextBeforeModesTestExecutionListener, org.springframework.test.context.event.ApplicationEventsTestExecutionListener, org.springframework.test.context.support.DependencyInjectionTestExecutionListener, org.springframework.test.context.support.DirtiesContextTestExecutionListener, org.springframework.test.context.transaction.TransactionalTestExecutionListener, org.springframework.test.context.jdbc.SqlScriptsTestExecutionListener, org.springframework.test.context.event.EventPublishingTestExecutionListener]
2022-12-05 22:38:27.436  INFO 63818 --- [    Test worker] .b.t.c.SpringBootTestContextBootstrapper : Using TestExecutionListeners: [org.springframework.test.context.web.ServletTestExecutionListener@2a63bc14, org.springframework.test.context.support.DirtiesContextBeforeModesTestExecutionListener@222e63c5, org.springframework.test.context.event.ApplicationEventsTestExecutionListener@5f0107c8, org.springframework.boot.test.mock.mockito.MockitoTestExecutionListener@7b21cec3, org.springframework.boot.test.autoconfigure.SpringBootDependencyInjectionTestExecutionListener@4c955eaf, org.springframework.test.context.support.DirtiesContextTestExecutionListener@1df42cb3, org.springframework.test.context.transaction.TransactionalTestExecutionListener@4a1c5782, org.springframework.test.context.jdbc.SqlScriptsTestExecutionListener@3f3ecfd4, org.springframework.test.context.event.EventPublishingTestExecutionListener@59b89eba, org.springframework.boot.test.autoconfigure.restdocs.RestDocsTestExecutionListener@6595b08a, org.springframework.boot.test.autoconfigure.web.client.MockRestServiceServerResetTestExecutionListener@4d1d4bfd, org.springframework.boot.test.autoconfigure.web.servlet.MockMvcPrintOnlyOnFailureTestExecutionListener@4147de5, org.springframework.boot.test.autoconfigure.web.servlet.WebDriverTestExecutionListener@19c46e93, org.springframework.boot.test.autoconfigure.webservices.client.MockWebServiceServerTestExecutionListener@519d9cc1, org.springframework.boot.test.mock.mockito.ResetMocksTestExecutionListener@76f877ac]
true
]]></system-out>
  <system-err><![CDATA[]]></system-err>
</testsuite>
