<?xml version="1.0" encoding="UTF-8"?>
<testsuite name="ca.mcgill.ecse321.MuseumBackend.service.TestCustomerService" tests="8" skipped="0" failures="0" errors="0" timestamp="2022-12-06T03:38:28" hostname="samuel-gp66leopard10ug" time="0.013">
  <properties/>
  <testcase name="testInvalidCreateCustomerForMissingPerson()" classname="ca.mcgill.ecse321.MuseumBackend.service.TestCustomerService" time="0.002"/>
  <testcase name="testGetCustomerById()" classname="ca.mcgill.ecse321.MuseumBackend.service.TestCustomerService" time="0.002"/>
  <testcase name="testGetCustomerByInvalidId()" classname="ca.mcgill.ecse321.MuseumBackend.service.TestCustomerService" time="0.002"/>
  <testcase name="testGetAllCustomers()" classname="ca.mcgill.ecse321.MuseumBackend.service.TestCustomerService" time="0.001"/>
  <testcase name="testInvalidCreateExistingCustomer()" classname="ca.mcgill.ecse321.MuseumBackend.service.TestCustomerService" time="0.001"/>
  <testcase name="testCreateCustomer()" classname="ca.mcgill.ecse321.MuseumBackend.service.TestCustomerService" time="0.001"/>
  <testcase name="testInvalidDeleteCustomer()" classname="ca.mcgill.ecse321.MuseumBackend.service.TestCustomerService" time="0.002"/>
  <testcase name="testDeleteCustomer()" classname="ca.mcgill.ecse321.MuseumBackend.service.TestCustomerService" time="0.001"/>
  <system-out><![CDATA[]]></system-out>
  <system-err><![CDATA[]]></system-err>
</testsuite>
