<?xml version="1.0" encoding="UTF-8"?>
<testsuite name="ca.mcgill.ecse321.MuseumBackend.integration.LoanIntegrationTest" tests="5" skipped="0" failures="0" errors="0" timestamp="2022-12-06T03:08:16" hostname="MacBook-Air-de-Qi.local" time="2.033">
  <properties/>
  <testcase name="testCreateandDeleteLoan()" classname="ca.mcgill.ecse321.MuseumBackend.integration.LoanIntegrationTest" time="0.582"/>
  <testcase name="testCreateandDenyLoan()" classname="ca.mcgill.ecse321.MuseumBackend.integration.LoanIntegrationTest" time="0.507"/>
  <testcase name="testCreateAndApproveLoan()" classname="ca.mcgill.ecse321.MuseumBackend.integration.LoanIntegrationTest" time="0.447"/>
  <testcase name="testGetAndCreateLoan()" classname="ca.mcgill.ecse321.MuseumBackend.integration.LoanIntegrationTest" time="0.248"/>
  <testcase name="testCreateAndreturnArtworkandEndLoan()" classname="ca.mcgill.ecse321.MuseumBackend.integration.LoanIntegrationTest" time="0.242"/>
  <system-out><![CDATA[2022-12-05 22:08:16.612  INFO 39074 --- [    Test worker] .b.t.c.SpringBootTestContextBootstrapper : Neither @ContextConfiguration nor @ContextHierarchy found for test class [ca.mcgill.ecse321.MuseumBackend.integration.LoanIntegrationTest], using SpringBootContextLoader
2022-12-05 22:08:16.614  INFO 39074 --- [    Test worker] o.s.t.c.support.AbstractContextLoader    : Could not detect default resource locations for test class [ca.mcgill.ecse321.MuseumBackend.integration.LoanIntegrationTest]: no resource found for suffixes {-context.xml, Context.groovy}.
2022-12-05 22:08:16.614  INFO 39074 --- [    Test worker] t.c.s.AnnotationConfigContextLoaderUtils : Could not detect default configuration classes for test class [ca.mcgill.ecse321.MuseumBackend.integration.LoanIntegrationTest]: LoanIntegrationTest does not declare any static, non-private, non-final, nested classes annotated with @Configuration.
2022-12-05 22:08:16.618  INFO 39074 --- [    Test worker] .b.t.c.SpringBootTestContextBootstrapper : Found @SpringBootConfiguration ca.mcgill.ecse321.MuseumBackend.MuseumBackendApplication for test class ca.mcgill.ecse321.MuseumBackend.integration.LoanIntegrationTest
2022-12-05 22:08:16.621  INFO 39074 --- [    Test worker] .b.t.c.SpringBootTestContextBootstrapper : Loaded default TestExecutionListener class names from location [META-INF/spring.factories]: [org.springframework.boot.test.autoconfigure.restdocs.RestDocsTestExecutionListener, org.springframework.boot.test.autoconfigure.web.client.MockRestServiceServerResetTestExecutionListener, org.springframework.boot.test.autoconfigure.web.servlet.MockMvcPrintOnlyOnFailureTestExecutionListener, org.springframework.boot.test.autoconfigure.web.servlet.WebDriverTestExecutionListener, org.springframework.boot.test.autoconfigure.webservices.client.MockWebServiceServerTestExecutionListener, org.springframework.boot.test.mock.mockito.MockitoTestExecutionListener, org.springframework.boot.test.mock.mockito.ResetMocksTestExecutionListener, org.springframework.test.context.web.ServletTestExecutionListener, org.springframework.test.context.support.DirtiesContextBeforeModesTestExecutionListener, org.springframework.test.context.event.ApplicationEventsTestExecutionListener, org.springframework.test.context.support.DependencyInjectionTestExecutionListener, org.springframework.test.context.support.DirtiesContextTestExecutionListener, org.springframework.test.context.transaction.TransactionalTestExecutionListener, org.springframework.test.context.jdbc.SqlScriptsTestExecutionListener, org.springframework.test.context.event.EventPublishingTestExecutionListener]
2022-12-05 22:08:16.622  INFO 39074 --- [    Test worker] .b.t.c.SpringBootTestContextBootstrapper : Using TestExecutionListeners: [org.springframework.test.context.web.ServletTestExecutionListener@10894672, org.springframework.test.context.support.DirtiesContextBeforeModesTestExecutionListener@4e38994c, org.springframework.test.context.event.ApplicationEventsTestExecutionListener@7fd713c2, org.springframework.boot.test.mock.mockito.MockitoTestExecutionListener@5cae620, org.springframework.boot.test.autoconfigure.SpringBootDependencyInjectionTestExecutionListener@5f2a8a3d, org.springframework.test.context.support.DirtiesContextTestExecutionListener@55528a6d, org.springframework.test.context.transaction.TransactionalTestExecutionListener@125cda06, org.springframework.test.context.jdbc.SqlScriptsTestExecutionListener@40f5d58b, org.springframework.test.context.event.EventPublishingTestExecutionListener@4b85d4ca, org.springframework.boot.test.autoconfigure.restdocs.RestDocsTestExecutionListener@ac52e35, org.springframework.boot.test.autoconfigure.web.client.MockRestServiceServerResetTestExecutionListener@7e3d5981, org.springframework.boot.test.autoconfigure.web.servlet.MockMvcPrintOnlyOnFailureTestExecutionListener@100a9240, org.springframework.boot.test.autoconfigure.web.servlet.WebDriverTestExecutionListener@75cc270f, org.springframework.boot.test.autoconfigure.webservices.client.MockWebServiceServerTestExecutionListener@56db1b05, org.springframework.boot.test.mock.mockito.ResetMocksTestExecutionListener@423ea10e]
ca.mcgill.ecse321.MuseumBackend.model.Loan@189ac2ec[rentalFee:2.5,numOfDays:3,loanId:45]
  startDate=2015-03-31T08:00
  endDate=2015-04-29T08:00
  status=Requested
  museum = 345c85cd
  customer = 76e903bb
  artwork = 7a1fb5c0HEY GUYS ITS ME AGAI
reach here
ca.mcgill.ecse321.MuseumBackend.model.Loan@189ac2ec[rentalFee:2.5,numOfDays:3,loanId:45]
  startDate=2015-03-31T08:00
  endDate=2015-04-29T08:00
  status=Requested
  museum = null
  customer = null
  artwork = nullTHIS IS LNE IN CONTROLLER
Requested
Alex is a stupid bitch
we got here yay
ca.mcgill.ecse321.MuseumBackend.model.Loan@1364acba[rentalFee:2.5,numOfDays:3,loanId:49]
  startDate=2015-03-31T08:00
  endDate=2015-04-29T08:00
  status=Denied
  museum = 34629d22
  customer = 36a6f6b4
  artwork = 255f0aeHEY GUYS ITS ME AGAI
reach here
ca.mcgill.ecse321.MuseumBackend.model.Loan@1364acba[rentalFee:2.5,numOfDays:3,loanId:49]
  startDate=2015-03-31T08:00
  endDate=2015-04-29T08:00
  status=Denied
  museum = null
  customer = null
  artwork = nullTHIS IS LNE IN CONTROLLER
ca.mcgill.ecse321.MuseumBackend.model.Artwork@7efd87a2[isLoanable:true,value:0.0,artworkId:51,artworkName:null]
  museum = 6870bc79
  room = nullTHIS IS WRONG
ca.mcgill.ecse321.MuseumBackend.model.Loan@4afade64[rentalFee:2.5,numOfDays:3,loanId:53]
  startDate=2015-03-31T08:00
  endDate=2015-04-29T08:00
  status=Approved
  museum = 46a1f6d8
  customer = 58a30c7b
  artwork = 5a340a04HEY GUYS ITS ME AGAI
reach here
ca.mcgill.ecse321.MuseumBackend.model.Loan@4afade64[rentalFee:2.5,numOfDays:3,loanId:53]
  startDate=2015-03-31T08:00
  endDate=2015-04-29T08:00
  status=Approved
  museum = null
  customer = null
  artwork = nullTHIS IS LNE IN CONTROLLER
ca.mcgill.ecse321.MuseumBackend.model.Loan@3b7b4436[rentalFee:2.5,numOfDays:3,loanId:57]
  startDate=2015-03-31T08:00
  endDate=2015-04-29T08:00
  status=Requested
  museum = 41177e33
  customer = 41c1c433
  artwork = 20acd4e4HEY GUYS ITS ME AGAI
reach here
ca.mcgill.ecse321.MuseumBackend.model.Loan@3b7b4436[rentalFee:2.5,numOfDays:3,loanId:57]
  startDate=2015-03-31T08:00
  endDate=2015-04-29T08:00
  status=Requested
  museum = null
  customer = null
  artwork = nullTHIS IS LNE IN CONTROLLER
61WHAT
ca.mcgill.ecse321.MuseumBackend.model.Loan@340317d3[rentalFee:2.5,numOfDays:3,loanId:61]
  startDate=2015-03-31T08:00
  endDate=2015-04-29T08:00
  status=Returned
  museum = 7f414cb0
  customer = 195f90cc
  artwork = 53d07496HEY GUYS ITS ME AGAI
reach here
ca.mcgill.ecse321.MuseumBackend.model.Loan@340317d3[rentalFee:2.5,numOfDays:3,loanId:61]
  startDate=2015-03-31T08:00
  endDate=2015-04-29T08:00
  status=Returned
  museum = null
  customer = null
  artwork = nullTHIS IS LNE IN CONTROLLER
]]></system-out>
  <system-err><![CDATA[]]></system-err>
</testsuite>
