<?xml version="1.0" encoding="UTF-8"?>
<testsuite name="ca.mcgill.ecse321.MuseumBackend.repository.PersonRepositoryTests" tests="2" skipped="0" failures="0" errors="0" timestamp="2022-12-03T18:45:37" hostname="MacBook-Air-de-Qi.local" time="0.139">
  <properties/>
  <testcase name="testPersonAssociations()" classname="ca.mcgill.ecse321.MuseumBackend.repository.PersonRepositoryTests" time="0.122"/>
  <testcase name="testPersonPersistAndLoad()" classname="ca.mcgill.ecse321.MuseumBackend.repository.PersonRepositoryTests" time="0.016"/>
  <system-out><![CDATA[2022-12-03 13:45:37.806  INFO 23514 --- [    Test worker] .b.t.c.SpringBootTestContextBootstrapper : Neither @ContextConfiguration nor @ContextHierarchy found for test class [ca.mcgill.ecse321.MuseumBackend.repository.PersonRepositoryTests], using SpringBootContextLoader
2022-12-03 13:45:37.808  INFO 23514 --- [    Test worker] o.s.t.c.support.AbstractContextLoader    : Could not detect default resource locations for test class [ca.mcgill.ecse321.MuseumBackend.repository.PersonRepositoryTests]: no resource found for suffixes {-context.xml, Context.groovy}.
2022-12-03 13:45:37.808  INFO 23514 --- [    Test worker] t.c.s.AnnotationConfigContextLoaderUtils : Could not detect default configuration classes for test class [ca.mcgill.ecse321.MuseumBackend.repository.PersonRepositoryTests]: PersonRepositoryTests does not declare any static, non-private, non-final, nested classes annotated with @Configuration.
2022-12-03 13:45:37.811  INFO 23514 --- [    Test worker] .b.t.c.SpringBootTestContextBootstrapper : Found @SpringBootConfiguration ca.mcgill.ecse321.MuseumBackend.MuseumBackendApplication for test class ca.mcgill.ecse321.MuseumBackend.repository.PersonRepositoryTests
2022-12-03 13:45:37.812  INFO 23514 --- [    Test worker] .b.t.c.SpringBootTestContextBootstrapper : Loaded default TestExecutionListener class names from location [META-INF/spring.factories]: [org.springframework.boot.test.autoconfigure.restdocs.RestDocsTestExecutionListener, org.springframework.boot.test.autoconfigure.web.client.MockRestServiceServerResetTestExecutionListener, org.springframework.boot.test.autoconfigure.web.servlet.MockMvcPrintOnlyOnFailureTestExecutionListener, org.springframework.boot.test.autoconfigure.web.servlet.WebDriverTestExecutionListener, org.springframework.boot.test.autoconfigure.webservices.client.MockWebServiceServerTestExecutionListener, org.springframework.boot.test.mock.mockito.MockitoTestExecutionListener, org.springframework.boot.test.mock.mockito.ResetMocksTestExecutionListener, org.springframework.test.context.web.ServletTestExecutionListener, org.springframework.test.context.support.DirtiesContextBeforeModesTestExecutionListener, org.springframework.test.context.event.ApplicationEventsTestExecutionListener, org.springframework.test.context.support.DependencyInjectionTestExecutionListener, org.springframework.test.context.support.DirtiesContextTestExecutionListener, org.springframework.test.context.transaction.TransactionalTestExecutionListener, org.springframework.test.context.jdbc.SqlScriptsTestExecutionListener, org.springframework.test.context.event.EventPublishingTestExecutionListener]
2022-12-03 13:45:37.813  INFO 23514 --- [    Test worker] .b.t.c.SpringBootTestContextBootstrapper : Using TestExecutionListeners: [org.springframework.test.context.web.ServletTestExecutionListener@5d715be1, org.springframework.test.context.support.DirtiesContextBeforeModesTestExecutionListener@3cc3dd14, org.springframework.test.context.event.ApplicationEventsTestExecutionListener@4203bb7, org.springframework.boot.test.mock.mockito.MockitoTestExecutionListener@1f37e5a7, org.springframework.boot.test.autoconfigure.SpringBootDependencyInjectionTestExecutionListener@484e0bf3, org.springframework.test.context.support.DirtiesContextTestExecutionListener@6a475493, org.springframework.test.context.transaction.TransactionalTestExecutionListener@6fbf27ef, org.springframework.test.context.jdbc.SqlScriptsTestExecutionListener@4f85ed62, org.springframework.test.context.event.EventPublishingTestExecutionListener@77ac66f2, org.springframework.boot.test.autoconfigure.restdocs.RestDocsTestExecutionListener@271f4758, org.springframework.boot.test.autoconfigure.web.client.MockRestServiceServerResetTestExecutionListener@31099c0b, org.springframework.boot.test.autoconfigure.web.servlet.MockMvcPrintOnlyOnFailureTestExecutionListener@518799b5, org.springframework.boot.test.autoconfigure.web.servlet.WebDriverTestExecutionListener@4508ee81, org.springframework.boot.test.autoconfigure.webservices.client.MockWebServiceServerTestExecutionListener@18f054ff, org.springframework.boot.test.mock.mockito.ResetMocksTestExecutionListener@65e47a2e]
]]></system-out>
  <system-err><![CDATA[]]></system-err>
</testsuite>
