<?xml version="1.0" encoding="UTF-8"?>
<testsuite name="ca.mcgill.ecse321.MuseumBackend.service.RoomServiceTests" tests="3" skipped="0" failures="0" errors="0" timestamp="2022-12-03T21:14:46" hostname="samuel-gp66leopard10ug" time="0.007">
  <properties/>
  <testcase name="testGetDisplayById()" classname="ca.mcgill.ecse321.MuseumBackend.service.RoomServiceTests" time="0.002"/>
  <testcase name="testCreateDisplay()" classname="ca.mcgill.ecse321.MuseumBackend.service.RoomServiceTests" time="0.002"/>
  <testcase name="testGetStorageById()" classname="ca.mcgill.ecse321.MuseumBackend.service.RoomServiceTests" time="0.002"/>
  <system-out><![CDATA[]]></system-out>
  <system-err><![CDATA[]]></system-err>
</testsuite>
