<?xml version="1.0" encoding="UTF-8"?>
<testsuite name="ca.mcgill.ecse321.MuseumBackend.integration.TestCustomerIntegration" tests="7" skipped="0" failures="0" errors="0" timestamp="2022-12-03T18:45:34" hostname="MacBook-Air-de-Qi.local" time="0.724">
  <properties/>
  <testcase name="testGetTicketsForCustomer()" classname="ca.mcgill.ecse321.MuseumBackend.integration.TestCustomerIntegration" time="0.185"/>
  <testcase name="testGetLoansForCustomer()" classname="ca.mcgill.ecse321.MuseumBackend.integration.TestCustomerIntegration" time="0.146"/>
  <testcase name="testCreateInvalidCustomer()" classname="ca.mcgill.ecse321.MuseumBackend.integration.TestCustomerIntegration" time="0.043"/>
  <testcase name="testGetAllCustomers()" classname="ca.mcgill.ecse321.MuseumBackend.integration.TestCustomerIntegration" time="0.141"/>
  <testcase name="testGetInvalidCustomer()" classname="ca.mcgill.ecse321.MuseumBackend.integration.TestCustomerIntegration" time="0.04"/>
  <testcase name="testDeleteCustomer()" classname="ca.mcgill.ecse321.MuseumBackend.integration.TestCustomerIntegration" time="0.102"/>
  <testcase name="testCreateAndGetCustomer()" classname="ca.mcgill.ecse321.MuseumBackend.integration.TestCustomerIntegration" time="0.06"/>
  <system-out><![CDATA[2022-12-03 13:45:34.011  INFO 23514 --- [    Test worker] .b.t.c.SpringBootTestContextBootstrapper : Neither @ContextConfiguration nor @ContextHierarchy found for test class [ca.mcgill.ecse321.MuseumBackend.integration.TestCustomerIntegration], using SpringBootContextLoader
2022-12-03 13:45:34.013  INFO 23514 --- [    Test worker] o.s.t.c.support.AbstractContextLoader    : Could not detect default resource locations for test class [ca.mcgill.ecse321.MuseumBackend.integration.TestCustomerIntegration]: no resource found for suffixes {-context.xml, Context.groovy}.
2022-12-03 13:45:34.013  INFO 23514 --- [    Test worker] t.c.s.AnnotationConfigContextLoaderUtils : Could not detect default configuration classes for test class [ca.mcgill.ecse321.MuseumBackend.integration.TestCustomerIntegration]: TestCustomerIntegration does not declare any static, non-private, non-final, nested classes annotated with @Configuration.
2022-12-03 13:45:34.016  INFO 23514 --- [    Test worker] .b.t.c.SpringBootTestContextBootstrapper : Found @SpringBootConfiguration ca.mcgill.ecse321.MuseumBackend.MuseumBackendApplication for test class ca.mcgill.ecse321.MuseumBackend.integration.TestCustomerIntegration
2022-12-03 13:45:34.017  INFO 23514 --- [    Test worker] .b.t.c.SpringBootTestContextBootstrapper : Loaded default TestExecutionListener class names from location [META-INF/spring.factories]: [org.springframework.boot.test.autoconfigure.restdocs.RestDocsTestExecutionListener, org.springframework.boot.test.autoconfigure.web.client.MockRestServiceServerResetTestExecutionListener, org.springframework.boot.test.autoconfigure.web.servlet.MockMvcPrintOnlyOnFailureTestExecutionListener, org.springframework.boot.test.autoconfigure.web.servlet.WebDriverTestExecutionListener, org.springframework.boot.test.autoconfigure.webservices.client.MockWebServiceServerTestExecutionListener, org.springframework.boot.test.mock.mockito.MockitoTestExecutionListener, org.springframework.boot.test.mock.mockito.ResetMocksTestExecutionListener, org.springframework.test.context.web.ServletTestExecutionListener, org.springframework.test.context.support.DirtiesContextBeforeModesTestExecutionListener, org.springframework.test.context.event.ApplicationEventsTestExecutionListener, org.springframework.test.context.support.DependencyInjectionTestExecutionListener, org.springframework.test.context.support.DirtiesContextTestExecutionListener, org.springframework.test.context.transaction.TransactionalTestExecutionListener, org.springframework.test.context.jdbc.SqlScriptsTestExecutionListener, org.springframework.test.context.event.EventPublishingTestExecutionListener]
2022-12-03 13:45:34.018  INFO 23514 --- [    Test worker] .b.t.c.SpringBootTestContextBootstrapper : Using TestExecutionListeners: [org.springframework.test.context.web.ServletTestExecutionListener@6d250b04, org.springframework.test.context.support.DirtiesContextBeforeModesTestExecutionListener@2cd8ccba, org.springframework.test.context.event.ApplicationEventsTestExecutionListener@5c47985a, org.springframework.boot.test.mock.mockito.MockitoTestExecutionListener@5b61d0a8, org.springframework.boot.test.autoconfigure.SpringBootDependencyInjectionTestExecutionListener@1e598deb, org.springframework.test.context.support.DirtiesContextTestExecutionListener@740e2f86, org.springframework.test.context.transaction.TransactionalTestExecutionListener@146bfc15, org.springframework.test.context.jdbc.SqlScriptsTestExecutionListener@41da8aa0, org.springframework.test.context.event.EventPublishingTestExecutionListener@133e61a5, org.springframework.boot.test.autoconfigure.restdocs.RestDocsTestExecutionListener@16c91e5b, org.springframework.boot.test.autoconfigure.web.client.MockRestServiceServerResetTestExecutionListener@5d09c3c3, org.springframework.boot.test.autoconfigure.web.servlet.MockMvcPrintOnlyOnFailureTestExecutionListener@4813cd48, org.springframework.boot.test.autoconfigure.web.servlet.WebDriverTestExecutionListener@2840aea6, org.springframework.boot.test.autoconfigure.webservices.client.MockWebServiceServerTestExecutionListener@76254633, org.springframework.boot.test.mock.mockito.ResetMocksTestExecutionListener@652194ef]
]]></system-out>
  <system-err><![CDATA[]]></system-err>
</testsuite>
