<?xml version="1.0" encoding="UTF-8"?>
<testsuite name="ca.mcgill.ecse321.MuseumBackend.repository.LoanRepositoryTests" tests="2" skipped="0" failures="0" errors="0" timestamp="2022-12-06T03:38:27" hostname="samuel-gp66leopard10ug" time="0.048">
  <properties/>
  <testcase name="testPersistAndLoadLoan()" classname="ca.mcgill.ecse321.MuseumBackend.repository.LoanRepositoryTests" time="0.022"/>
  <testcase name="testLoanToArtworkReference()" classname="ca.mcgill.ecse321.MuseumBackend.repository.LoanRepositoryTests" time="0.025"/>
  <system-out><![CDATA[2022-12-05 22:38:27.378  INFO 63818 --- [    Test worker] .b.t.c.SpringBootTestContextBootstrapper : Neither @ContextConfiguration nor @ContextHierarchy found for test class [ca.mcgill.ecse321.MuseumBackend.repository.LoanRepositoryTests], using SpringBootContextLoader
2022-12-05 22:38:27.379  INFO 63818 --- [    Test worker] o.s.t.c.support.AbstractContextLoader    : Could not detect default resource locations for test class [ca.mcgill.ecse321.MuseumBackend.repository.LoanRepositoryTests]: no resource found for suffixes {-context.xml, Context.groovy}.
2022-12-05 22:38:27.379  INFO 63818 --- [    Test worker] t.c.s.AnnotationConfigContextLoaderUtils : Could not detect default configuration classes for test class [ca.mcgill.ecse321.MuseumBackend.repository.LoanRepositoryTests]: LoanRepositoryTests does not declare any static, non-private, non-final, nested classes annotated with @Configuration.
2022-12-05 22:38:27.381  INFO 63818 --- [    Test worker] .b.t.c.SpringBootTestContextBootstrapper : Found @SpringBootConfiguration ca.mcgill.ecse321.MuseumBackend.MuseumBackendApplication for test class ca.mcgill.ecse321.MuseumBackend.repository.LoanRepositoryTests
2022-12-05 22:38:27.382  INFO 63818 --- [    Test worker] .b.t.c.SpringBootTestContextBootstrapper : Loaded default TestExecutionListener class names from location [META-INF/spring.factories]: [org.springframework.boot.test.autoconfigure.restdocs.RestDocsTestExecutionListener, org.springframework.boot.test.autoconfigure.web.client.MockRestServiceServerResetTestExecutionListener, org.springframework.boot.test.autoconfigure.web.servlet.MockMvcPrintOnlyOnFailureTestExecutionListener, org.springframework.boot.test.autoconfigure.web.servlet.WebDriverTestExecutionListener, org.springframework.boot.test.autoconfigure.webservices.client.MockWebServiceServerTestExecutionListener, org.springframework.boot.test.mock.mockito.MockitoTestExecutionListener, org.springframework.boot.test.mock.mockito.ResetMocksTestExecutionListener, org.springframework.test.context.web.ServletTestExecutionListener, org.springframework.test.context.support.DirtiesContextBeforeModesTestExecutionListener, org.springframework.test.context.event.ApplicationEventsTestExecutionListener, org.springframework.test.context.support.DependencyInjectionTestExecutionListener, org.springframework.test.context.support.DirtiesContextTestExecutionListener, org.springframework.test.context.transaction.TransactionalTestExecutionListener, org.springframework.test.context.jdbc.SqlScriptsTestExecutionListener, org.springframework.test.context.event.EventPublishingTestExecutionListener]
2022-12-05 22:38:27.383  INFO 63818 --- [    Test worker] .b.t.c.SpringBootTestContextBootstrapper : Using TestExecutionListeners: [org.springframework.test.context.web.ServletTestExecutionListener@6892b8fd, org.springframework.test.context.support.DirtiesContextBeforeModesTestExecutionListener@40e8c9bb, org.springframework.test.context.event.ApplicationEventsTestExecutionListener@7ef1371b, org.springframework.boot.test.mock.mockito.MockitoTestExecutionListener@bf2c325, org.springframework.boot.test.autoconfigure.SpringBootDependencyInjectionTestExecutionListener@765ac7f6, org.springframework.test.context.support.DirtiesContextTestExecutionListener@70f96d97, org.springframework.test.context.transaction.TransactionalTestExecutionListener@7c7d57c, org.springframework.test.context.jdbc.SqlScriptsTestExecutionListener@1ab1c54a, org.springframework.test.context.event.EventPublishingTestExecutionListener@3af4d49d, org.springframework.boot.test.autoconfigure.restdocs.RestDocsTestExecutionListener@15a9381, org.springframework.boot.test.autoconfigure.web.client.MockRestServiceServerResetTestExecutionListener@388fcae3, org.springframework.boot.test.autoconfigure.web.servlet.MockMvcPrintOnlyOnFailureTestExecutionListener@2c80d32d, org.springframework.boot.test.autoconfigure.web.servlet.WebDriverTestExecutionListener@304cba1c, org.springframework.boot.test.autoconfigure.webservices.client.MockWebServiceServerTestExecutionListener@655ff10f, org.springframework.boot.test.mock.mockito.ResetMocksTestExecutionListener@2341f795]
]]></system-out>
  <system-err><![CDATA[]]></system-err>
</testsuite>
