<?xml version="1.0" encoding="UTF-8"?>
<testsuite name="ca.mcgill.ecse321.MuseumBackend.integration.TestEmployeeIntegration" tests="5" skipped="0" failures="0" errors="0" timestamp="2022-12-06T03:08:23" hostname="MacBook-Air-de-Qi.local" time="0.528">
  <properties/>
  <testcase name="testCreateAndGetEmployee()" classname="ca.mcgill.ecse321.MuseumBackend.integration.TestEmployeeIntegration" time="0.098"/>
  <testcase name="testFireEmployee()" classname="ca.mcgill.ecse321.MuseumBackend.integration.TestEmployeeIntegration" time="0.185"/>
  <testcase name="testCreateInvalidEmployee()" classname="ca.mcgill.ecse321.MuseumBackend.integration.TestEmployeeIntegration" time="0.05"/>
  <testcase name="testGetAllEmployees()" classname="ca.mcgill.ecse321.MuseumBackend.integration.TestEmployeeIntegration" time="0.144"/>
  <testcase name="testGetInvalidEmployee()" classname="ca.mcgill.ecse321.MuseumBackend.integration.TestEmployeeIntegration" time="0.043"/>
  <system-out><![CDATA[2022-12-05 22:08:23.567  INFO 39074 --- [    Test worker] .b.t.c.SpringBootTestContextBootstrapper : Neither @ContextConfiguration nor @ContextHierarchy found for test class [ca.mcgill.ecse321.MuseumBackend.integration.TestEmployeeIntegration], using SpringBootContextLoader
2022-12-05 22:08:23.568  INFO 39074 --- [    Test worker] o.s.t.c.support.AbstractContextLoader    : Could not detect default resource locations for test class [ca.mcgill.ecse321.MuseumBackend.integration.TestEmployeeIntegration]: no resource found for suffixes {-context.xml, Context.groovy}.
2022-12-05 22:08:23.568  INFO 39074 --- [    Test worker] t.c.s.AnnotationConfigContextLoaderUtils : Could not detect default configuration classes for test class [ca.mcgill.ecse321.MuseumBackend.integration.TestEmployeeIntegration]: TestEmployeeIntegration does not declare any static, non-private, non-final, nested classes annotated with @Configuration.
2022-12-05 22:08:23.570  INFO 39074 --- [    Test worker] .b.t.c.SpringBootTestContextBootstrapper : Found @SpringBootConfiguration ca.mcgill.ecse321.MuseumBackend.MuseumBackendApplication for test class ca.mcgill.ecse321.MuseumBackend.integration.TestEmployeeIntegration
2022-12-05 22:08:23.572  INFO 39074 --- [    Test worker] .b.t.c.SpringBootTestContextBootstrapper : Loaded default TestExecutionListener class names from location [META-INF/spring.factories]: [org.springframework.boot.test.autoconfigure.restdocs.RestDocsTestExecutionListener, org.springframework.boot.test.autoconfigure.web.client.MockRestServiceServerResetTestExecutionListener, org.springframework.boot.test.autoconfigure.web.servlet.MockMvcPrintOnlyOnFailureTestExecutionListener, org.springframework.boot.test.autoconfigure.web.servlet.WebDriverTestExecutionListener, org.springframework.boot.test.autoconfigure.webservices.client.MockWebServiceServerTestExecutionListener, org.springframework.boot.test.mock.mockito.MockitoTestExecutionListener, org.springframework.boot.test.mock.mockito.ResetMocksTestExecutionListener, org.springframework.test.context.web.ServletTestExecutionListener, org.springframework.test.context.support.DirtiesContextBeforeModesTestExecutionListener, org.springframework.test.context.event.ApplicationEventsTestExecutionListener, org.springframework.test.context.support.DependencyInjectionTestExecutionListener, org.springframework.test.context.support.DirtiesContextTestExecutionListener, org.springframework.test.context.transaction.TransactionalTestExecutionListener, org.springframework.test.context.jdbc.SqlScriptsTestExecutionListener, org.springframework.test.context.event.EventPublishingTestExecutionListener]
2022-12-05 22:08:23.573  INFO 39074 --- [    Test worker] .b.t.c.SpringBootTestContextBootstrapper : Using TestExecutionListeners: [org.springframework.test.context.web.ServletTestExecutionListener@241c1155, org.springframework.test.context.support.DirtiesContextBeforeModesTestExecutionListener@6bfd777e, org.springframework.test.context.event.ApplicationEventsTestExecutionListener@7cb86c78, org.springframework.boot.test.mock.mockito.MockitoTestExecutionListener@46ae3e5d, org.springframework.boot.test.autoconfigure.SpringBootDependencyInjectionTestExecutionListener@2fc1964, org.springframework.test.context.support.DirtiesContextTestExecutionListener@2bac8c2, org.springframework.test.context.transaction.TransactionalTestExecutionListener@3ddeaf41, org.springframework.test.context.jdbc.SqlScriptsTestExecutionListener@ab52271, org.springframework.test.context.event.EventPublishingTestExecutionListener@68e02d7a, org.springframework.boot.test.autoconfigure.restdocs.RestDocsTestExecutionListener@3c48047c, org.springframework.boot.test.autoconfigure.web.client.MockRestServiceServerResetTestExecutionListener@74240013, org.springframework.boot.test.autoconfigure.web.servlet.MockMvcPrintOnlyOnFailureTestExecutionListener@5721124c, org.springframework.boot.test.autoconfigure.web.servlet.WebDriverTestExecutionListener@3ec36e2f, org.springframework.boot.test.autoconfigure.webservices.client.MockWebServiceServerTestExecutionListener@42d4e66f, org.springframework.boot.test.mock.mockito.ResetMocksTestExecutionListener@162452be]
]]></system-out>
  <system-err><![CDATA[]]></system-err>
</testsuite>
