<?xml version="1.0" encoding="UTF-8"?>
<testsuite name="ca.mcgill.ecse321.MuseumBackend.repository.EmployeeRepositoryTests" tests="2" skipped="0" failures="0" errors="0" timestamp="2022-12-04T21:23:22" hostname="samuel-gp66leopard10ug" time="3.157">
  <properties/>
  <testcase name="testEmployeeToArtworkReference()" classname="ca.mcgill.ecse321.MuseumBackend.repository.EmployeeRepositoryTests" time="3.149"/>
  <testcase name="testPersistAndLoadEmployee()" classname="ca.mcgill.ecse321.MuseumBackend.repository.EmployeeRepositoryTests" time="0.008"/>
  <system-out><![CDATA[2022-12-04 16:23:22.747  INFO 180689 --- [    Test worker] .b.t.c.SpringBootTestContextBootstrapper : Neither @ContextConfiguration nor @ContextHierarchy found for test class [ca.mcgill.ecse321.MuseumBackend.repository.EmployeeRepositoryTests], using SpringBootContextLoader
2022-12-04 16:23:22.748  INFO 180689 --- [    Test worker] o.s.t.c.support.AbstractContextLoader    : Could not detect default resource locations for test class [ca.mcgill.ecse321.MuseumBackend.repository.EmployeeRepositoryTests]: no resource found for suffixes {-context.xml, Context.groovy}.
2022-12-04 16:23:22.748  INFO 180689 --- [    Test worker] t.c.s.AnnotationConfigContextLoaderUtils : Could not detect default configuration classes for test class [ca.mcgill.ecse321.MuseumBackend.repository.EmployeeRepositoryTests]: EmployeeRepositoryTests does not declare any static, non-private, non-final, nested classes annotated with @Configuration.
2022-12-04 16:23:22.749  INFO 180689 --- [    Test worker] .b.t.c.SpringBootTestContextBootstrapper : Found @SpringBootConfiguration ca.mcgill.ecse321.MuseumBackend.MuseumBackendApplication for test class ca.mcgill.ecse321.MuseumBackend.repository.EmployeeRepositoryTests
2022-12-04 16:23:22.749  INFO 180689 --- [    Test worker] .b.t.c.SpringBootTestContextBootstrapper : Loaded default TestExecutionListener class names from location [META-INF/spring.factories]: [org.springframework.boot.test.autoconfigure.restdocs.RestDocsTestExecutionListener, org.springframework.boot.test.autoconfigure.web.client.MockRestServiceServerResetTestExecutionListener, org.springframework.boot.test.autoconfigure.web.servlet.MockMvcPrintOnlyOnFailureTestExecutionListener, org.springframework.boot.test.autoconfigure.web.servlet.WebDriverTestExecutionListener, org.springframework.boot.test.autoconfigure.webservices.client.MockWebServiceServerTestExecutionListener, org.springframework.boot.test.mock.mockito.MockitoTestExecutionListener, org.springframework.boot.test.mock.mockito.ResetMocksTestExecutionListener, org.springframework.test.context.web.ServletTestExecutionListener, org.springframework.test.context.support.DirtiesContextBeforeModesTestExecutionListener, org.springframework.test.context.event.ApplicationEventsTestExecutionListener, org.springframework.test.context.support.DependencyInjectionTestExecutionListener, org.springframework.test.context.support.DirtiesContextTestExecutionListener, org.springframework.test.context.transaction.TransactionalTestExecutionListener, org.springframework.test.context.jdbc.SqlScriptsTestExecutionListener, org.springframework.test.context.event.EventPublishingTestExecutionListener]
2022-12-04 16:23:22.750  INFO 180689 --- [    Test worker] .b.t.c.SpringBootTestContextBootstrapper : Using TestExecutionListeners: [org.springframework.test.context.web.ServletTestExecutionListener@4098302, org.springframework.test.context.support.DirtiesContextBeforeModesTestExecutionListener@691e9cb7, org.springframework.test.context.event.ApplicationEventsTestExecutionListener@3319792d, org.springframework.boot.test.mock.mockito.MockitoTestExecutionListener@7910aa04, org.springframework.boot.test.autoconfigure.SpringBootDependencyInjectionTestExecutionListener@314927b7, org.springframework.test.context.support.DirtiesContextTestExecutionListener@2caffe0d, org.springframework.test.context.transaction.TransactionalTestExecutionListener@54873aa4, org.springframework.test.context.jdbc.SqlScriptsTestExecutionListener@283beaba, org.springframework.test.context.event.EventPublishingTestExecutionListener@50370495, org.springframework.boot.test.autoconfigure.restdocs.RestDocsTestExecutionListener@33bc708, org.springframework.boot.test.autoconfigure.web.client.MockRestServiceServerResetTestExecutionListener@6e848fd1, org.springframework.boot.test.autoconfigure.web.servlet.MockMvcPrintOnlyOnFailureTestExecutionListener@191dc681, org.springframework.boot.test.autoconfigure.web.servlet.WebDriverTestExecutionListener@71e67a9b, org.springframework.boot.test.autoconfigure.webservices.client.MockWebServiceServerTestExecutionListener@2c38e028, org.springframework.boot.test.mock.mockito.ResetMocksTestExecutionListener@66081879]
]]></system-out>
  <system-err><![CDATA[]]></system-err>
</testsuite>
