<?xml version="1.0" encoding="UTF-8"?>
<testsuite name="ca.mcgill.ecse321.MuseumBackend.integration.PersonIntegrationTest" tests="5" skipped="0" failures="0" errors="0" timestamp="2022-12-05T23:54:32" hostname="samuel-gp66leopard10ug" time="3.471">
  <properties/>
  <testcase name="testCreateGetAndDeletePerson()" classname="ca.mcgill.ecse321.MuseumBackend.integration.PersonIntegrationTest" time="0.422"/>
  <testcase name="testCreateAndGetPerson()" classname="ca.mcgill.ecse321.MuseumBackend.integration.PersonIntegrationTest" time="0.379"/>
  <testcase name="testCreateAndGetPersonAndChangeName()" classname="ca.mcgill.ecse321.MuseumBackend.integration.PersonIntegrationTest" time="0.943"/>
  <testcase name="testCreateAndGetPersonAndChangePassword()" classname="ca.mcgill.ecse321.MuseumBackend.integration.PersonIntegrationTest" time="0.941"/>
  <testcase name="testCreateAndGetPersonAndCreateAndGetPersonRoles()" classname="ca.mcgill.ecse321.MuseumBackend.integration.PersonIntegrationTest" time="0.782"/>
  <system-out><![CDATA[2022-12-05 18:54:32.203  INFO 18326 --- [    Test worker] .b.t.c.SpringBootTestContextBootstrapper : Neither @ContextConfiguration nor @ContextHierarchy found for test class [ca.mcgill.ecse321.MuseumBackend.integration.PersonIntegrationTest], using SpringBootContextLoader
2022-12-05 18:54:32.203  INFO 18326 --- [    Test worker] o.s.t.c.support.AbstractContextLoader    : Could not detect default resource locations for test class [ca.mcgill.ecse321.MuseumBackend.integration.PersonIntegrationTest]: no resource found for suffixes {-context.xml, Context.groovy}.
2022-12-05 18:54:32.203  INFO 18326 --- [    Test worker] t.c.s.AnnotationConfigContextLoaderUtils : Could not detect default configuration classes for test class [ca.mcgill.ecse321.MuseumBackend.integration.PersonIntegrationTest]: PersonIntegrationTest does not declare any static, non-private, non-final, nested classes annotated with @Configuration.
2022-12-05 18:54:32.204  INFO 18326 --- [    Test worker] .b.t.c.SpringBootTestContextBootstrapper : Found @SpringBootConfiguration ca.mcgill.ecse321.MuseumBackend.MuseumBackendApplication for test class ca.mcgill.ecse321.MuseumBackend.integration.PersonIntegrationTest
2022-12-05 18:54:32.205  INFO 18326 --- [    Test worker] .b.t.c.SpringBootTestContextBootstrapper : Loaded default TestExecutionListener class names from location [META-INF/spring.factories]: [org.springframework.boot.test.autoconfigure.restdocs.RestDocsTestExecutionListener, org.springframework.boot.test.autoconfigure.web.client.MockRestServiceServerResetTestExecutionListener, org.springframework.boot.test.autoconfigure.web.servlet.MockMvcPrintOnlyOnFailureTestExecutionListener, org.springframework.boot.test.autoconfigure.web.servlet.WebDriverTestExecutionListener, org.springframework.boot.test.autoconfigure.webservices.client.MockWebServiceServerTestExecutionListener, org.springframework.boot.test.mock.mockito.MockitoTestExecutionListener, org.springframework.boot.test.mock.mockito.ResetMocksTestExecutionListener, org.springframework.test.context.web.ServletTestExecutionListener, org.springframework.test.context.support.DirtiesContextBeforeModesTestExecutionListener, org.springframework.test.context.event.ApplicationEventsTestExecutionListener, org.springframework.test.context.support.DependencyInjectionTestExecutionListener, org.springframework.test.context.support.DirtiesContextTestExecutionListener, org.springframework.test.context.transaction.TransactionalTestExecutionListener, org.springframework.test.context.jdbc.SqlScriptsTestExecutionListener, org.springframework.test.context.event.EventPublishingTestExecutionListener]
2022-12-05 18:54:32.205  INFO 18326 --- [    Test worker] .b.t.c.SpringBootTestContextBootstrapper : Using TestExecutionListeners: [org.springframework.test.context.web.ServletTestExecutionListener@56d3ef26, org.springframework.test.context.support.DirtiesContextBeforeModesTestExecutionListener@1bbc046c, org.springframework.test.context.event.ApplicationEventsTestExecutionListener@301cf21a, org.springframework.boot.test.mock.mockito.MockitoTestExecutionListener@710b20a0, org.springframework.boot.test.autoconfigure.SpringBootDependencyInjectionTestExecutionListener@38e84b78, org.springframework.test.context.support.DirtiesContextTestExecutionListener@430ca76d, org.springframework.test.context.transaction.TransactionalTestExecutionListener@14d71134, org.springframework.test.context.jdbc.SqlScriptsTestExecutionListener@3c712d2e, org.springframework.test.context.event.EventPublishingTestExecutionListener@46381253, org.springframework.boot.test.autoconfigure.restdocs.RestDocsTestExecutionListener@60a9f236, org.springframework.boot.test.autoconfigure.web.client.MockRestServiceServerResetTestExecutionListener@4cdb11a6, org.springframework.boot.test.autoconfigure.web.servlet.MockMvcPrintOnlyOnFailureTestExecutionListener@79765d4e, org.springframework.boot.test.autoconfigure.web.servlet.WebDriverTestExecutionListener@7fda62b9, org.springframework.boot.test.autoconfigure.webservices.client.MockWebServiceServerTestExecutionListener@50cd0736, org.springframework.boot.test.mock.mockito.ResetMocksTestExecutionListener@440f6aa8]
]]></system-out>
  <system-err><![CDATA[]]></system-err>
</testsuite>
