<?xml version="1.0" encoding="UTF-8"?>
<testsuite name="ca.mcgill.ecse321.MuseumBackend.service.RoomServiceTests" tests="3" skipped="0" failures="0" errors="0" timestamp="2022-12-06T03:08:27" hostname="MacBook-Air-de-Qi.local" time="0.017">
  <properties/>
  <testcase name="testGetDisplayById()" classname="ca.mcgill.ecse321.MuseumBackend.service.RoomServiceTests" time="0.005"/>
  <testcase name="testCreateDisplay()" classname="ca.mcgill.ecse321.MuseumBackend.service.RoomServiceTests" time="0.006"/>
  <testcase name="testGetStorageById()" classname="ca.mcgill.ecse321.MuseumBackend.service.RoomServiceTests" time="0.005"/>
  <system-out><![CDATA[]]></system-out>
  <system-err><![CDATA[]]></system-err>
</testsuite>
