<?xml version="1.0" encoding="UTF-8"?>
<testsuite name="ca.mcgill.ecse321.MuseumBackend.service.TestAdminService" tests="7" skipped="0" failures="0" errors="0" timestamp="2022-12-03T21:14:46" hostname="samuel-gp66leopard10ug" time="0.044">
  <properties/>
  <testcase name="testDeleteAdmin()" classname="ca.mcgill.ecse321.MuseumBackend.service.TestAdminService" time="0.032"/>
  <testcase name="testCreateAdmin()" classname="ca.mcgill.ecse321.MuseumBackend.service.TestAdminService" time="0.002"/>
  <testcase name="testInvalidCreateAdminForMissingPerson()" classname="ca.mcgill.ecse321.MuseumBackend.service.TestAdminService" time="0.002"/>
  <testcase name="testGetAdminByInvalidId()" classname="ca.mcgill.ecse321.MuseumBackend.service.TestAdminService" time="0.001"/>
  <testcase name="testInvalidDeleteAdmin()" classname="ca.mcgill.ecse321.MuseumBackend.service.TestAdminService" time="0.001"/>
  <testcase name="testInvalidCreateExistingAdmin()" classname="ca.mcgill.ecse321.MuseumBackend.service.TestAdminService" time="0.002"/>
  <testcase name="testGetAdminById()" classname="ca.mcgill.ecse321.MuseumBackend.service.TestAdminService" time="0.002"/>
  <system-out><![CDATA[]]></system-out>
  <system-err><![CDATA[]]></system-err>
</testsuite>
