<?xml version="1.0" encoding="UTF-8"?>
<testsuite name="ca.mcgill.ecse321.MuseumBackend.integration.TestAdminIntegration" tests="3" skipped="0" failures="0" errors="0" timestamp="2022-12-04T21:22:09" hostname="samuel-gp66leopard10ug" time="0.462">
  <properties/>
  <testcase name="testCreateAndGetAndDeleteAdmin()" classname="ca.mcgill.ecse321.MuseumBackend.integration.TestAdminIntegration" time="0.441"/>
  <testcase name="testCreateInvalidAdmin()" classname="ca.mcgill.ecse321.MuseumBackend.integration.TestAdminIntegration" time="0.011"/>
  <testcase name="testGetInvalidAdmin()" classname="ca.mcgill.ecse321.MuseumBackend.integration.TestAdminIntegration" time="0.009"/>
  <system-out><![CDATA[2022-12-04 16:22:09.106  INFO 180689 --- [    Test worker] .b.t.c.SpringBootTestContextBootstrapper : Neither @ContextConfiguration nor @ContextHierarchy found for test class [ca.mcgill.ecse321.MuseumBackend.integration.TestAdminIntegration], using SpringBootContextLoader
2022-12-04 16:22:09.106  INFO 180689 --- [    Test worker] o.s.t.c.support.AbstractContextLoader    : Could not detect default resource locations for test class [ca.mcgill.ecse321.MuseumBackend.integration.TestAdminIntegration]: no resource found for suffixes {-context.xml, Context.groovy}.
2022-12-04 16:22:09.106  INFO 180689 --- [    Test worker] t.c.s.AnnotationConfigContextLoaderUtils : Could not detect default configuration classes for test class [ca.mcgill.ecse321.MuseumBackend.integration.TestAdminIntegration]: TestAdminIntegration does not declare any static, non-private, non-final, nested classes annotated with @Configuration.
2022-12-04 16:22:09.107  INFO 180689 --- [    Test worker] .b.t.c.SpringBootTestContextBootstrapper : Found @SpringBootConfiguration ca.mcgill.ecse321.MuseumBackend.MuseumBackendApplication for test class ca.mcgill.ecse321.MuseumBackend.integration.TestAdminIntegration
2022-12-04 16:22:09.107  INFO 180689 --- [    Test worker] .b.t.c.SpringBootTestContextBootstrapper : Loaded default TestExecutionListener class names from location [META-INF/spring.factories]: [org.springframework.boot.test.autoconfigure.restdocs.RestDocsTestExecutionListener, org.springframework.boot.test.autoconfigure.web.client.MockRestServiceServerResetTestExecutionListener, org.springframework.boot.test.autoconfigure.web.servlet.MockMvcPrintOnlyOnFailureTestExecutionListener, org.springframework.boot.test.autoconfigure.web.servlet.WebDriverTestExecutionListener, org.springframework.boot.test.autoconfigure.webservices.client.MockWebServiceServerTestExecutionListener, org.springframework.boot.test.mock.mockito.MockitoTestExecutionListener, org.springframework.boot.test.mock.mockito.ResetMocksTestExecutionListener, org.springframework.test.context.web.ServletTestExecutionListener, org.springframework.test.context.support.DirtiesContextBeforeModesTestExecutionListener, org.springframework.test.context.event.ApplicationEventsTestExecutionListener, org.springframework.test.context.support.DependencyInjectionTestExecutionListener, org.springframework.test.context.support.DirtiesContextTestExecutionListener, org.springframework.test.context.transaction.TransactionalTestExecutionListener, org.springframework.test.context.jdbc.SqlScriptsTestExecutionListener, org.springframework.test.context.event.EventPublishingTestExecutionListener]
2022-12-04 16:22:09.108  INFO 180689 --- [    Test worker] .b.t.c.SpringBootTestContextBootstrapper : Using TestExecutionListeners: [org.springframework.test.context.web.ServletTestExecutionListener@450ab544, org.springframework.test.context.support.DirtiesContextBeforeModesTestExecutionListener@72f68116, org.springframework.test.context.event.ApplicationEventsTestExecutionListener@1cf855b7, org.springframework.boot.test.mock.mockito.MockitoTestExecutionListener@6320bb5f, org.springframework.boot.test.autoconfigure.SpringBootDependencyInjectionTestExecutionListener@731082ea, org.springframework.test.context.support.DirtiesContextTestExecutionListener@35a853af, org.springframework.test.context.transaction.TransactionalTestExecutionListener@6ba3fd40, org.springframework.test.context.jdbc.SqlScriptsTestExecutionListener@d3f5928, org.springframework.test.context.event.EventPublishingTestExecutionListener@7a4f9db7, org.springframework.boot.test.autoconfigure.restdocs.RestDocsTestExecutionListener@d8d9c7a, org.springframework.boot.test.autoconfigure.web.client.MockRestServiceServerResetTestExecutionListener@79302976, org.springframework.boot.test.autoconfigure.web.servlet.MockMvcPrintOnlyOnFailureTestExecutionListener@eb1d961, org.springframework.boot.test.autoconfigure.web.servlet.WebDriverTestExecutionListener@8954f25, org.springframework.boot.test.autoconfigure.webservices.client.MockWebServiceServerTestExecutionListener@699a6c01, org.springframework.boot.test.mock.mockito.ResetMocksTestExecutionListener@119983dd]
]]></system-out>
  <system-err><![CDATA[]]></system-err>
</testsuite>
