<?xml version="1.0" encoding="UTF-8"?>
<testsuite name="ca.mcgill.ecse321.MuseumBackend.repository.EmployeeRepositoryTests" tests="2" skipped="0" failures="0" errors="0" timestamp="2022-12-06T03:08:26" hostname="MacBook-Air-de-Qi.local" time="0.149">
  <properties/>
  <testcase name="testEmployeeToArtworkReference()" classname="ca.mcgill.ecse321.MuseumBackend.repository.EmployeeRepositoryTests" time="0.135"/>
  <testcase name="testPersistAndLoadEmployee()" classname="ca.mcgill.ecse321.MuseumBackend.repository.EmployeeRepositoryTests" time="0.013"/>
  <system-out><![CDATA[2022-12-05 22:08:26.359  INFO 39074 --- [    Test worker] .b.t.c.SpringBootTestContextBootstrapper : Neither @ContextConfiguration nor @ContextHierarchy found for test class [ca.mcgill.ecse321.MuseumBackend.repository.EmployeeRepositoryTests], using SpringBootContextLoader
2022-12-05 22:08:26.360  INFO 39074 --- [    Test worker] o.s.t.c.support.AbstractContextLoader    : Could not detect default resource locations for test class [ca.mcgill.ecse321.MuseumBackend.repository.EmployeeRepositoryTests]: no resource found for suffixes {-context.xml, Context.groovy}.
2022-12-05 22:08:26.361  INFO 39074 --- [    Test worker] t.c.s.AnnotationConfigContextLoaderUtils : Could not detect default configuration classes for test class [ca.mcgill.ecse321.MuseumBackend.repository.EmployeeRepositoryTests]: EmployeeRepositoryTests does not declare any static, non-private, non-final, nested classes annotated with @Configuration.
2022-12-05 22:08:26.363  INFO 39074 --- [    Test worker] .b.t.c.SpringBootTestContextBootstrapper : Found @SpringBootConfiguration ca.mcgill.ecse321.MuseumBackend.MuseumBackendApplication for test class ca.mcgill.ecse321.MuseumBackend.repository.EmployeeRepositoryTests
2022-12-05 22:08:26.365  INFO 39074 --- [    Test worker] .b.t.c.SpringBootTestContextBootstrapper : Loaded default TestExecutionListener class names from location [META-INF/spring.factories]: [org.springframework.boot.test.autoconfigure.restdocs.RestDocsTestExecutionListener, org.springframework.boot.test.autoconfigure.web.client.MockRestServiceServerResetTestExecutionListener, org.springframework.boot.test.autoconfigure.web.servlet.MockMvcPrintOnlyOnFailureTestExecutionListener, org.springframework.boot.test.autoconfigure.web.servlet.WebDriverTestExecutionListener, org.springframework.boot.test.autoconfigure.webservices.client.MockWebServiceServerTestExecutionListener, org.springframework.boot.test.mock.mockito.MockitoTestExecutionListener, org.springframework.boot.test.mock.mockito.ResetMocksTestExecutionListener, org.springframework.test.context.web.ServletTestExecutionListener, org.springframework.test.context.support.DirtiesContextBeforeModesTestExecutionListener, org.springframework.test.context.event.ApplicationEventsTestExecutionListener, org.springframework.test.context.support.DependencyInjectionTestExecutionListener, org.springframework.test.context.support.DirtiesContextTestExecutionListener, org.springframework.test.context.transaction.TransactionalTestExecutionListener, org.springframework.test.context.jdbc.SqlScriptsTestExecutionListener, org.springframework.test.context.event.EventPublishingTestExecutionListener]
2022-12-05 22:08:26.365  INFO 39074 --- [    Test worker] .b.t.c.SpringBootTestContextBootstrapper : Using TestExecutionListeners: [org.springframework.test.context.web.ServletTestExecutionListener@6acb728c, org.springframework.test.context.support.DirtiesContextBeforeModesTestExecutionListener@68c97dc3, org.springframework.test.context.event.ApplicationEventsTestExecutionListener@367f761b, org.springframework.boot.test.mock.mockito.MockitoTestExecutionListener@2f7925e9, org.springframework.boot.test.autoconfigure.SpringBootDependencyInjectionTestExecutionListener@1e176d98, org.springframework.test.context.support.DirtiesContextTestExecutionListener@3d932cfc, org.springframework.test.context.transaction.TransactionalTestExecutionListener@70115afb, org.springframework.test.context.jdbc.SqlScriptsTestExecutionListener@16a17f7d, org.springframework.test.context.event.EventPublishingTestExecutionListener@337fab9c, org.springframework.boot.test.autoconfigure.restdocs.RestDocsTestExecutionListener@17af85c3, org.springframework.boot.test.autoconfigure.web.client.MockRestServiceServerResetTestExecutionListener@6d13d34f, org.springframework.boot.test.autoconfigure.web.servlet.MockMvcPrintOnlyOnFailureTestExecutionListener@70540307, org.springframework.boot.test.autoconfigure.web.servlet.WebDriverTestExecutionListener@3e3975da, org.springframework.boot.test.autoconfigure.webservices.client.MockWebServiceServerTestExecutionListener@55537e43, org.springframework.boot.test.mock.mockito.ResetMocksTestExecutionListener@26a9560d]
]]></system-out>
  <system-err><![CDATA[]]></system-err>
</testsuite>
