<?xml version="1.0" encoding="UTF-8"?>
<testsuite name="ca.mcgill.ecse321.MuseumBackend.integration.TestAdminIntegration" tests="3" skipped="0" failures="0" errors="0" timestamp="2022-12-06T03:38:12" hostname="samuel-gp66leopard10ug" time="1.767">
  <properties/>
  <testcase name="testCreateAndGetAndDeleteAdmin()" classname="ca.mcgill.ecse321.MuseumBackend.integration.TestAdminIntegration" time="1.747"/>
  <testcase name="testCreateInvalidAdmin()" classname="ca.mcgill.ecse321.MuseumBackend.integration.TestAdminIntegration" time="0.01"/>
  <testcase name="testGetInvalidAdmin()" classname="ca.mcgill.ecse321.MuseumBackend.integration.TestAdminIntegration" time="0.009"/>
  <system-out><![CDATA[2022-12-05 22:38:12.397  INFO 63818 --- [    Test worker] .b.t.c.SpringBootTestContextBootstrapper : Neither @ContextConfiguration nor @ContextHierarchy found for test class [ca.mcgill.ecse321.MuseumBackend.integration.TestAdminIntegration], using SpringBootContextLoader
2022-12-05 22:38:12.398  INFO 63818 --- [    Test worker] o.s.t.c.support.AbstractContextLoader    : Could not detect default resource locations for test class [ca.mcgill.ecse321.MuseumBackend.integration.TestAdminIntegration]: no resource found for suffixes {-context.xml, Context.groovy}.
2022-12-05 22:38:12.398  INFO 63818 --- [    Test worker] t.c.s.AnnotationConfigContextLoaderUtils : Could not detect default configuration classes for test class [ca.mcgill.ecse321.MuseumBackend.integration.TestAdminIntegration]: TestAdminIntegration does not declare any static, non-private, non-final, nested classes annotated with @Configuration.
2022-12-05 22:38:12.398  INFO 63818 --- [    Test worker] .b.t.c.SpringBootTestContextBootstrapper : Found @SpringBootConfiguration ca.mcgill.ecse321.MuseumBackend.MuseumBackendApplication for test class ca.mcgill.ecse321.MuseumBackend.integration.TestAdminIntegration
2022-12-05 22:38:12.399  INFO 63818 --- [    Test worker] .b.t.c.SpringBootTestContextBootstrapper : Loaded default TestExecutionListener class names from location [META-INF/spring.factories]: [org.springframework.boot.test.autoconfigure.restdocs.RestDocsTestExecutionListener, org.springframework.boot.test.autoconfigure.web.client.MockRestServiceServerResetTestExecutionListener, org.springframework.boot.test.autoconfigure.web.servlet.MockMvcPrintOnlyOnFailureTestExecutionListener, org.springframework.boot.test.autoconfigure.web.servlet.WebDriverTestExecutionListener, org.springframework.boot.test.autoconfigure.webservices.client.MockWebServiceServerTestExecutionListener, org.springframework.boot.test.mock.mockito.MockitoTestExecutionListener, org.springframework.boot.test.mock.mockito.ResetMocksTestExecutionListener, org.springframework.test.context.web.ServletTestExecutionListener, org.springframework.test.context.support.DirtiesContextBeforeModesTestExecutionListener, org.springframework.test.context.event.ApplicationEventsTestExecutionListener, org.springframework.test.context.support.DependencyInjectionTestExecutionListener, org.springframework.test.context.support.DirtiesContextTestExecutionListener, org.springframework.test.context.transaction.TransactionalTestExecutionListener, org.springframework.test.context.jdbc.SqlScriptsTestExecutionListener, org.springframework.test.context.event.EventPublishingTestExecutionListener]
2022-12-05 22:38:12.399  INFO 63818 --- [    Test worker] .b.t.c.SpringBootTestContextBootstrapper : Using TestExecutionListeners: [org.springframework.test.context.web.ServletTestExecutionListener@1db7c5de, org.springframework.test.context.support.DirtiesContextBeforeModesTestExecutionListener@6ad5458b, org.springframework.test.context.event.ApplicationEventsTestExecutionListener@4570d6f8, org.springframework.boot.test.mock.mockito.MockitoTestExecutionListener@451cdd04, org.springframework.boot.test.autoconfigure.SpringBootDependencyInjectionTestExecutionListener@6626694c, org.springframework.test.context.support.DirtiesContextTestExecutionListener@269f811e, org.springframework.test.context.transaction.TransactionalTestExecutionListener@659b5423, org.springframework.test.context.jdbc.SqlScriptsTestExecutionListener@464c4169, org.springframework.test.context.event.EventPublishingTestExecutionListener@13753ce5, org.springframework.boot.test.autoconfigure.restdocs.RestDocsTestExecutionListener@4938c8e4, org.springframework.boot.test.autoconfigure.web.client.MockRestServiceServerResetTestExecutionListener@763db7ac, org.springframework.boot.test.autoconfigure.web.servlet.MockMvcPrintOnlyOnFailureTestExecutionListener@52def70b, org.springframework.boot.test.autoconfigure.web.servlet.WebDriverTestExecutionListener@68766ba1, org.springframework.boot.test.autoconfigure.webservices.client.MockWebServiceServerTestExecutionListener@6786e1a3, org.springframework.boot.test.mock.mockito.ResetMocksTestExecutionListener@7c9dba28]
]]></system-out>
  <system-err><![CDATA[]]></system-err>
</testsuite>
