<?xml version="1.0" encoding="UTF-8"?>
<testsuite name="ca.mcgill.ecse321.MuseumBackend.repository.ArtworkRepositoryTests" tests="1" skipped="0" failures="0" errors="0" timestamp="2022-12-03T18:45:36" hostname="MacBook-Air-de-Qi.local" time="0.14">
  <properties/>
  <testcase name="testPersistAndLoadArtwork()" classname="ca.mcgill.ecse321.MuseumBackend.repository.ArtworkRepositoryTests" time="0.14"/>
  <system-out><![CDATA[2022-12-03 13:45:36.739  INFO 23514 --- [    Test worker] .b.t.c.SpringBootTestContextBootstrapper : Neither @ContextConfiguration nor @ContextHierarchy found for test class [ca.mcgill.ecse321.MuseumBackend.repository.ArtworkRepositoryTests], using SpringBootContextLoader
2022-12-03 13:45:36.740  INFO 23514 --- [    Test worker] o.s.t.c.support.AbstractContextLoader    : Could not detect default resource locations for test class [ca.mcgill.ecse321.MuseumBackend.repository.ArtworkRepositoryTests]: no resource found for suffixes {-context.xml, Context.groovy}.
2022-12-03 13:45:36.740  INFO 23514 --- [    Test worker] t.c.s.AnnotationConfigContextLoaderUtils : Could not detect default configuration classes for test class [ca.mcgill.ecse321.MuseumBackend.repository.ArtworkRepositoryTests]: ArtworkRepositoryTests does not declare any static, non-private, non-final, nested classes annotated with @Configuration.
2022-12-03 13:45:36.741  INFO 23514 --- [    Test worker] .b.t.c.SpringBootTestContextBootstrapper : Found @SpringBootConfiguration ca.mcgill.ecse321.MuseumBackend.MuseumBackendApplication for test class ca.mcgill.ecse321.MuseumBackend.repository.ArtworkRepositoryTests
2022-12-03 13:45:36.743  INFO 23514 --- [    Test worker] .b.t.c.SpringBootTestContextBootstrapper : Loaded default TestExecutionListener class names from location [META-INF/spring.factories]: [org.springframework.boot.test.autoconfigure.restdocs.RestDocsTestExecutionListener, org.springframework.boot.test.autoconfigure.web.client.MockRestServiceServerResetTestExecutionListener, org.springframework.boot.test.autoconfigure.web.servlet.MockMvcPrintOnlyOnFailureTestExecutionListener, org.springframework.boot.test.autoconfigure.web.servlet.WebDriverTestExecutionListener, org.springframework.boot.test.autoconfigure.webservices.client.MockWebServiceServerTestExecutionListener, org.springframework.boot.test.mock.mockito.MockitoTestExecutionListener, org.springframework.boot.test.mock.mockito.ResetMocksTestExecutionListener, org.springframework.test.context.web.ServletTestExecutionListener, org.springframework.test.context.support.DirtiesContextBeforeModesTestExecutionListener, org.springframework.test.context.event.ApplicationEventsTestExecutionListener, org.springframework.test.context.support.DependencyInjectionTestExecutionListener, org.springframework.test.context.support.DirtiesContextTestExecutionListener, org.springframework.test.context.transaction.TransactionalTestExecutionListener, org.springframework.test.context.jdbc.SqlScriptsTestExecutionListener, org.springframework.test.context.event.EventPublishingTestExecutionListener]
2022-12-03 13:45:36.743  INFO 23514 --- [    Test worker] .b.t.c.SpringBootTestContextBootstrapper : Using TestExecutionListeners: [org.springframework.test.context.web.ServletTestExecutionListener@4123e39f, org.springframework.test.context.support.DirtiesContextBeforeModesTestExecutionListener@5dfb54c1, org.springframework.test.context.event.ApplicationEventsTestExecutionListener@775f4eef, org.springframework.boot.test.mock.mockito.MockitoTestExecutionListener@643b1df9, org.springframework.boot.test.autoconfigure.SpringBootDependencyInjectionTestExecutionListener@3a5a35fa, org.springframework.test.context.support.DirtiesContextTestExecutionListener@3d80332c, org.springframework.test.context.transaction.TransactionalTestExecutionListener@30a53a45, org.springframework.test.context.jdbc.SqlScriptsTestExecutionListener@ccd2d7d, org.springframework.test.context.event.EventPublishingTestExecutionListener@67d33cfb, org.springframework.boot.test.autoconfigure.restdocs.RestDocsTestExecutionListener@5b766a7e, org.springframework.boot.test.autoconfigure.web.client.MockRestServiceServerResetTestExecutionListener@42980447, org.springframework.boot.test.autoconfigure.web.servlet.MockMvcPrintOnlyOnFailureTestExecutionListener@275b7fac, org.springframework.boot.test.autoconfigure.web.servlet.WebDriverTestExecutionListener@5911bb58, org.springframework.boot.test.autoconfigure.webservices.client.MockWebServiceServerTestExecutionListener@31dc1f9e, org.springframework.boot.test.mock.mockito.ResetMocksTestExecutionListener@33649fde]
]]></system-out>
  <system-err><![CDATA[]]></system-err>
</testsuite>
