<?xml version="1.0" encoding="UTF-8"?>
<testsuite name="ca.mcgill.ecse321.MuseumBackend.MuseumBackendApplicationTests" tests="1" skipped="0" failures="0" errors="0" timestamp="2022-12-03T21:13:57" hostname="samuel-gp66leopard10ug" time="0.15">
  <properties/>
  <testcase name="contextLoads()" classname="ca.mcgill.ecse321.MuseumBackend.MuseumBackendApplicationTests" time="0.15"/>
  <system-out><![CDATA[16:13:49.228 [Test worker] DEBUG org.springframework.test.context.BootstrapUtils - Instantiating CacheAwareContextLoaderDelegate from class [org.springframework.test.context.cache.DefaultCacheAwareContextLoaderDelegate]
16:13:49.243 [Test worker] DEBUG org.springframework.test.context.BootstrapUtils - Instantiating BootstrapContext using constructor [public org.springframework.test.context.support.DefaultBootstrapContext(java.lang.Class,org.springframework.test.context.CacheAwareContextLoaderDelegate)]
16:13:49.302 [Test worker] DEBUG org.springframework.test.context.BootstrapUtils - Instantiating TestContextBootstrapper for test class [ca.mcgill.ecse321.MuseumBackend.MuseumBackendApplicationTests] from class [org.springframework.boot.test.context.SpringBootTestContextBootstrapper]
16:13:49.313 [Test worker] INFO org.springframework.boot.test.context.SpringBootTestContextBootstrapper - Neither @ContextConfiguration nor @ContextHierarchy found for test class [ca.mcgill.ecse321.MuseumBackend.MuseumBackendApplicationTests], using SpringBootContextLoader
16:13:49.319 [Test worker] DEBUG org.springframework.test.context.support.AbstractContextLoader - Did not detect default resource location for test class [ca.mcgill.ecse321.MuseumBackend.MuseumBackendApplicationTests]: class path resource [ca/mcgill/ecse321/MuseumBackend/MuseumBackendApplicationTests-context.xml] does not exist
16:13:49.319 [Test worker] DEBUG org.springframework.test.context.support.AbstractContextLoader - Did not detect default resource location for test class [ca.mcgill.ecse321.MuseumBackend.MuseumBackendApplicationTests]: class path resource [ca/mcgill/ecse321/MuseumBackend/MuseumBackendApplicationTestsContext.groovy] does not exist
16:13:49.320 [Test worker] INFO org.springframework.test.context.support.AbstractContextLoader - Could not detect default resource locations for test class [ca.mcgill.ecse321.MuseumBackend.MuseumBackendApplicationTests]: no resource found for suffixes {-context.xml, Context.groovy}.
16:13:49.321 [Test worker] INFO org.springframework.test.context.support.AnnotationConfigContextLoaderUtils - Could not detect default configuration classes for test class [ca.mcgill.ecse321.MuseumBackend.MuseumBackendApplicationTests]: MuseumBackendApplicationTests does not declare any static, non-private, non-final, nested classes annotated with @Configuration.
16:13:49.365 [Test worker] DEBUG org.springframework.test.context.support.ActiveProfilesUtils - Could not find an 'annotation declaring class' for annotation type [org.springframework.test.context.ActiveProfiles] and class [ca.mcgill.ecse321.MuseumBackend.MuseumBackendApplicationTests]
16:13:49.442 [Test worker] DEBUG org.springframework.context.annotation.ClassPathScanningCandidateComponentProvider - Identified candidate component class: file [/home/coldstuff1/Desktop/School/ECSE 321/Museum/project-group-15/build/classes/java/main/ca/mcgill/ecse321/MuseumBackend/MuseumBackendApplication.class]
16:13:49.443 [Test worker] INFO org.springframework.boot.test.context.SpringBootTestContextBootstrapper - Found @SpringBootConfiguration ca.mcgill.ecse321.MuseumBackend.MuseumBackendApplication for test class ca.mcgill.ecse321.MuseumBackend.MuseumBackendApplicationTests
16:13:49.555 [Test worker] DEBUG org.springframework.boot.test.context.SpringBootTestContextBootstrapper - @TestExecutionListeners is not present for class [ca.mcgill.ecse321.MuseumBackend.MuseumBackendApplicationTests]: using defaults.
16:13:49.556 [Test worker] INFO org.springframework.boot.test.context.SpringBootTestContextBootstrapper - Loaded default TestExecutionListener class names from location [META-INF/spring.factories]: [org.springframework.boot.test.autoconfigure.restdocs.RestDocsTestExecutionListener, org.springframework.boot.test.autoconfigure.web.client.MockRestServiceServerResetTestExecutionListener, org.springframework.boot.test.autoconfigure.web.servlet.MockMvcPrintOnlyOnFailureTestExecutionListener, org.springframework.boot.test.autoconfigure.web.servlet.WebDriverTestExecutionListener, org.springframework.boot.test.autoconfigure.webservices.client.MockWebServiceServerTestExecutionListener, org.springframework.boot.test.mock.mockito.MockitoTestExecutionListener, org.springframework.boot.test.mock.mockito.ResetMocksTestExecutionListener, org.springframework.test.context.web.ServletTestExecutionListener, org.springframework.test.context.support.DirtiesContextBeforeModesTestExecutionListener, org.springframework.test.context.event.ApplicationEventsTestExecutionListener, org.springframework.test.context.support.DependencyInjectionTestExecutionListener, org.springframework.test.context.support.DirtiesContextTestExecutionListener, org.springframework.test.context.transaction.TransactionalTestExecutionListener, org.springframework.test.context.jdbc.SqlScriptsTestExecutionListener, org.springframework.test.context.event.EventPublishingTestExecutionListener]
16:13:49.573 [Test worker] INFO org.springframework.boot.test.context.SpringBootTestContextBootstrapper - Using TestExecutionListeners: [org.springframework.test.context.web.ServletTestExecutionListener@5856dbe4, org.springframework.test.context.support.DirtiesContextBeforeModesTestExecutionListener@7e15f4d4, org.springframework.test.context.event.ApplicationEventsTestExecutionListener@5a058be5, org.springframework.boot.test.mock.mockito.MockitoTestExecutionListener@4eaf7902, org.springframework.boot.test.autoconfigure.SpringBootDependencyInjectionTestExecutionListener@20c812c8, org.springframework.test.context.support.DirtiesContextTestExecutionListener@71aaf151, org.springframework.test.context.transaction.TransactionalTestExecutionListener@7061622, org.springframework.test.context.jdbc.SqlScriptsTestExecutionListener@32d418a9, org.springframework.test.context.event.EventPublishingTestExecutionListener@52ea0269, org.springframework.boot.test.autoconfigure.restdocs.RestDocsTestExecutionListener@746c411c, org.springframework.boot.test.autoconfigure.web.client.MockRestServiceServerResetTestExecutionListener@43ecfeb5, org.springframework.boot.test.autoconfigure.web.servlet.MockMvcPrintOnlyOnFailureTestExecutionListener@51efb731, org.springframework.boot.test.autoconfigure.web.servlet.WebDriverTestExecutionListener@53940e2f, org.springframework.boot.test.autoconfigure.webservices.client.MockWebServiceServerTestExecutionListener@45e6d1e0, org.springframework.boot.test.mock.mockito.ResetMocksTestExecutionListener@61db86bf]
16:13:49.577 [Test worker] DEBUG org.springframework.test.context.support.AbstractDirtiesContextTestExecutionListener - Before test class: context [DefaultTestContext@51e3d37e testClass = MuseumBackendApplicationTests, testInstance = [null], testMethod = [null], testException = [null], mergedContextConfiguration = [WebMergedContextConfiguration@3a479fda testClass = MuseumBackendApplicationTests, locations = '{}', classes = '{class ca.mcgill.ecse321.MuseumBackend.MuseumBackendApplication}', contextInitializerClasses = '[]', activeProfiles = '{}', propertySourceLocations = '{}', propertySourceProperties = '{org.springframework.boot.test.context.SpringBootTestContextBootstrapper=true}', contextCustomizers = set[org.springframework.boot.test.autoconfigure.actuate.metrics.MetricsExportContextCustomizerFactory$DisableMetricExportContextCustomizer@1e43e323, org.springframework.boot.test.autoconfigure.properties.PropertyMappingContextCustomizer@0, org.springframework.boot.test.autoconfigure.web.servlet.WebDriverContextCustomizerFactory$Customizer@26844abb, org.springframework.boot.test.context.filter.ExcludeFilterContextCustomizer@216e0771, org.springframework.boot.test.json.DuplicateJsonObjectContextCustomizerFactory$DuplicateJsonObjectContextCustomizer@1e0895f5, org.springframework.boot.test.mock.mockito.MockitoContextCustomizer@0, org.springframework.boot.test.web.client.TestRestTemplateContextCustomizer@4b790d86, org.springframework.boot.test.context.SpringBootTestArgs@1, org.springframework.boot.test.context.SpringBootTestWebEnvironment@6cc0bcf6], resourceBasePath = 'src/main/webapp', contextLoader = 'org.springframework.boot.test.context.SpringBootContextLoader', parent = [null]], attributes = map['org.springframework.test.context.web.ServletTestExecutionListener.activateListener' -> true]], class annotated with @DirtiesContext [false] with mode [null].

  .   ____          _            __ _ _
 /\\ / ___'_ __ _ _(_)_ __  __ _ \ \ \ \
( ( )\___ | '_ | '_| | '_ \/ _` | \ \ \ \
 \\/  ___)| |_)| | | | | || (_| |  ) ) ) )
  '  |____| .__|_| |_|_| |_\__, | / / / /
 =========|_|==============|___/=/_/_/_/
 :: Spring Boot ::                (v2.7.5)

2022-12-03 16:13:49.936  INFO 49970 --- [    Test worker] c.m.e.M.MuseumBackendApplicationTests    : Starting MuseumBackendApplicationTests using Java 19.0.1 on samuel-gp66leopard10ug with PID 49970 (started by coldstuff1 in /home/coldstuff1/Desktop/School/ECSE 321/Museum/project-group-15)
2022-12-03 16:13:49.937  INFO 49970 --- [    Test worker] c.m.e.M.MuseumBackendApplicationTests    : No active profile set, falling back to 1 default profile: "default"
2022-12-03 16:13:50.648  INFO 49970 --- [    Test worker] .s.d.r.c.RepositoryConfigurationDelegate : Bootstrapping Spring Data JPA repositories in DEFAULT mode.
2022-12-03 16:13:50.705  INFO 49970 --- [    Test worker] .s.d.r.c.RepositoryConfigurationDelegate : Finished Spring Data repository scanning in 48 ms. Found 12 JPA repository interfaces.
2022-12-03 16:13:51.236  INFO 49970 --- [    Test worker] o.hibernate.jpa.internal.util.LogHelper  : HHH000204: Processing PersistenceUnitInfo [name: default]
2022-12-03 16:13:51.288  INFO 49970 --- [    Test worker] org.hibernate.Version                    : HHH000412: Hibernate ORM core version 5.6.12.Final
2022-12-03 16:13:51.457  INFO 49970 --- [    Test worker] o.hibernate.annotations.common.Version   : HCANN000001: Hibernate Commons Annotations {5.1.2.Final}
2022-12-03 16:13:51.575  INFO 49970 --- [    Test worker] com.zaxxer.hikari.HikariDataSource       : HikariPool-1 - Starting...
2022-12-03 16:13:51.868  INFO 49970 --- [    Test worker] com.zaxxer.hikari.HikariDataSource       : HikariPool-1 - Start completed.
2022-12-03 16:13:51.917  INFO 49970 --- [    Test worker] org.hibernate.dialect.Dialect            : HHH000400: Using dialect: org.hibernate.dialect.PostgreSQL10Dialect
2022-12-03 16:13:52.895  WARN 49970 --- [    Test worker] o.h.engine.jdbc.spi.SqlExceptionHelper   : SQL Warning Code: 0, SQLState: 00000
2022-12-03 16:13:52.895  WARN 49970 --- [    Test worker] o.h.engine.jdbc.spi.SqlExceptionHelper   : relation "admin" does not exist, skipping
2022-12-03 16:13:52.898  WARN 49970 --- [    Test worker] o.h.engine.jdbc.spi.SqlExceptionHelper   : SQL Warning Code: 0, SQLState: 00000
2022-12-03 16:13:52.898  WARN 49970 --- [    Test worker] o.h.engine.jdbc.spi.SqlExceptionHelper   : relation "artwork" does not exist, skipping
2022-12-03 16:13:52.898  WARN 49970 --- [    Test worker] o.h.engine.jdbc.spi.SqlExceptionHelper   : SQL Warning Code: 0, SQLState: 00000
2022-12-03 16:13:52.898  WARN 49970 --- [    Test worker] o.h.engine.jdbc.spi.SqlExceptionHelper   : relation "artwork_loans" does not exist, skipping
2022-12-03 16:13:52.899  WARN 49970 --- [    Test worker] o.h.engine.jdbc.spi.SqlExceptionHelper   : SQL Warning Code: 0, SQLState: 00000
2022-12-03 16:13:52.899  WARN 49970 --- [    Test worker] o.h.engine.jdbc.spi.SqlExceptionHelper   : relation "artwork_loans" does not exist, skipping
2022-12-03 16:13:52.899  WARN 49970 --- [    Test worker] o.h.engine.jdbc.spi.SqlExceptionHelper   : SQL Warning Code: 0, SQLState: 00000
2022-12-03 16:13:52.899  WARN 49970 --- [    Test worker] o.h.engine.jdbc.spi.SqlExceptionHelper   : relation "customer" does not exist, skipping
2022-12-03 16:13:52.899  WARN 49970 --- [    Test worker] o.h.engine.jdbc.spi.SqlExceptionHelper   : SQL Warning Code: 0, SQLState: 00000
2022-12-03 16:13:52.899  WARN 49970 --- [    Test worker] o.h.engine.jdbc.spi.SqlExceptionHelper   : relation "customer_loans" does not exist, skipping
2022-12-03 16:13:52.900  WARN 49970 --- [    Test worker] o.h.engine.jdbc.spi.SqlExceptionHelper   : SQL Warning Code: 0, SQLState: 00000
2022-12-03 16:13:52.900  WARN 49970 --- [    Test worker] o.h.engine.jdbc.spi.SqlExceptionHelper   : relation "customer_loans" does not exist, skipping
2022-12-03 16:13:52.900  WARN 49970 --- [    Test worker] o.h.engine.jdbc.spi.SqlExceptionHelper   : SQL Warning Code: 0, SQLState: 00000
2022-12-03 16:13:52.900  WARN 49970 --- [    Test worker] o.h.engine.jdbc.spi.SqlExceptionHelper   : relation "customer_tickets" does not exist, skipping
2022-12-03 16:13:52.900  WARN 49970 --- [    Test worker] o.h.engine.jdbc.spi.SqlExceptionHelper   : SQL Warning Code: 0, SQLState: 00000
2022-12-03 16:13:52.901  WARN 49970 --- [    Test worker] o.h.engine.jdbc.spi.SqlExceptionHelper   : relation "customer_tickets" does not exist, skipping
2022-12-03 16:13:52.901  WARN 49970 --- [    Test worker] o.h.engine.jdbc.spi.SqlExceptionHelper   : SQL Warning Code: 0, SQLState: 00000
2022-12-03 16:13:52.901  WARN 49970 --- [    Test worker] o.h.engine.jdbc.spi.SqlExceptionHelper   : relation "display" does not exist, skipping
2022-12-03 16:13:52.901  WARN 49970 --- [    Test worker] o.h.engine.jdbc.spi.SqlExceptionHelper   : SQL Warning Code: 0, SQLState: 00000
2022-12-03 16:13:52.901  WARN 49970 --- [    Test worker] o.h.engine.jdbc.spi.SqlExceptionHelper   : relation "employee" does not exist, skipping
2022-12-03 16:13:52.902  WARN 49970 --- [    Test worker] o.h.engine.jdbc.spi.SqlExceptionHelper   : SQL Warning Code: 0, SQLState: 00000
2022-12-03 16:13:52.902  WARN 49970 --- [    Test worker] o.h.engine.jdbc.spi.SqlExceptionHelper   : relation "employee_shifts" does not exist, skipping
2022-12-03 16:13:52.902  WARN 49970 --- [    Test worker] o.h.engine.jdbc.spi.SqlExceptionHelper   : SQL Warning Code: 0, SQLState: 00000
2022-12-03 16:13:52.902  WARN 49970 --- [    Test worker] o.h.engine.jdbc.spi.SqlExceptionHelper   : relation "employee_shifts" does not exist, skipping
2022-12-03 16:13:52.903  WARN 49970 --- [    Test worker] o.h.engine.jdbc.spi.SqlExceptionHelper   : SQL Warning Code: 0, SQLState: 00000
2022-12-03 16:13:52.903  WARN 49970 --- [    Test worker] o.h.engine.jdbc.spi.SqlExceptionHelper   : relation "loan" does not exist, skipping
2022-12-03 16:13:52.903  WARN 49970 --- [    Test worker] o.h.engine.jdbc.spi.SqlExceptionHelper   : SQL Warning Code: 0, SQLState: 00000
2022-12-03 16:13:52.903  WARN 49970 --- [    Test worker] o.h.engine.jdbc.spi.SqlExceptionHelper   : relation "loan" does not exist, skipping
2022-12-03 16:13:52.903  WARN 49970 --- [    Test worker] o.h.engine.jdbc.spi.SqlExceptionHelper   : SQL Warning Code: 0, SQLState: 00000
2022-12-03 16:13:52.903  WARN 49970 --- [    Test worker] o.h.engine.jdbc.spi.SqlExceptionHelper   : relation "loan" does not exist, skipping
2022-12-03 16:13:52.904  WARN 49970 --- [    Test worker] o.h.engine.jdbc.spi.SqlExceptionHelper   : SQL Warning Code: 0, SQLState: 00000
2022-12-03 16:13:52.904  WARN 49970 --- [    Test worker] o.h.engine.jdbc.spi.SqlExceptionHelper   : relation "museum_artworks" does not exist, skipping
2022-12-03 16:13:52.904  WARN 49970 --- [    Test worker] o.h.engine.jdbc.spi.SqlExceptionHelper   : SQL Warning Code: 0, SQLState: 00000
2022-12-03 16:13:52.904  WARN 49970 --- [    Test worker] o.h.engine.jdbc.spi.SqlExceptionHelper   : relation "museum_artworks" does not exist, skipping
2022-12-03 16:13:52.905  WARN 49970 --- [    Test worker] o.h.engine.jdbc.spi.SqlExceptionHelper   : SQL Warning Code: 0, SQLState: 00000
2022-12-03 16:13:52.905  WARN 49970 --- [    Test worker] o.h.engine.jdbc.spi.SqlExceptionHelper   : relation "museum_loans" does not exist, skipping
2022-12-03 16:13:52.905  WARN 49970 --- [    Test worker] o.h.engine.jdbc.spi.SqlExceptionHelper   : SQL Warning Code: 0, SQLState: 00000
2022-12-03 16:13:52.905  WARN 49970 --- [    Test worker] o.h.engine.jdbc.spi.SqlExceptionHelper   : relation "museum_loans" does not exist, skipping
2022-12-03 16:13:52.905  WARN 49970 --- [    Test worker] o.h.engine.jdbc.spi.SqlExceptionHelper   : SQL Warning Code: 0, SQLState: 00000
2022-12-03 16:13:52.905  WARN 49970 --- [    Test worker] o.h.engine.jdbc.spi.SqlExceptionHelper   : relation "museum_persons" does not exist, skipping
2022-12-03 16:13:52.906  WARN 49970 --- [    Test worker] o.h.engine.jdbc.spi.SqlExceptionHelper   : SQL Warning Code: 0, SQLState: 00000
2022-12-03 16:13:52.906  WARN 49970 --- [    Test worker] o.h.engine.jdbc.spi.SqlExceptionHelper   : relation "museum_persons" does not exist, skipping
2022-12-03 16:13:52.906  WARN 49970 --- [    Test worker] o.h.engine.jdbc.spi.SqlExceptionHelper   : SQL Warning Code: 0, SQLState: 00000
2022-12-03 16:13:52.906  WARN 49970 --- [    Test worker] o.h.engine.jdbc.spi.SqlExceptionHelper   : relation "museum_rooms" does not exist, skipping
2022-12-03 16:13:52.907  WARN 49970 --- [    Test worker] o.h.engine.jdbc.spi.SqlExceptionHelper   : SQL Warning Code: 0, SQLState: 00000
2022-12-03 16:13:52.907  WARN 49970 --- [    Test worker] o.h.engine.jdbc.spi.SqlExceptionHelper   : relation "museum_shifts" does not exist, skipping
2022-12-03 16:13:52.907  WARN 49970 --- [    Test worker] o.h.engine.jdbc.spi.SqlExceptionHelper   : SQL Warning Code: 0, SQLState: 00000
2022-12-03 16:13:52.907  WARN 49970 --- [    Test worker] o.h.engine.jdbc.spi.SqlExceptionHelper   : relation "museum_shifts" does not exist, skipping
2022-12-03 16:13:52.908  WARN 49970 --- [    Test worker] o.h.engine.jdbc.spi.SqlExceptionHelper   : SQL Warning Code: 0, SQLState: 00000
2022-12-03 16:13:52.908  WARN 49970 --- [    Test worker] o.h.engine.jdbc.spi.SqlExceptionHelper   : relation "museum_tickets" does not exist, skipping
2022-12-03 16:13:52.908  WARN 49970 --- [    Test worker] o.h.engine.jdbc.spi.SqlExceptionHelper   : SQL Warning Code: 0, SQLState: 00000
2022-12-03 16:13:52.908  WARN 49970 --- [    Test worker] o.h.engine.jdbc.spi.SqlExceptionHelper   : relation "museum_tickets" does not exist, skipping
2022-12-03 16:13:52.909  WARN 49970 --- [    Test worker] o.h.engine.jdbc.spi.SqlExceptionHelper   : SQL Warning Code: 0, SQLState: 00000
2022-12-03 16:13:52.909  WARN 49970 --- [    Test worker] o.h.engine.jdbc.spi.SqlExceptionHelper   : relation "person" does not exist, skipping
2022-12-03 16:13:52.909  WARN 49970 --- [    Test worker] o.h.engine.jdbc.spi.SqlExceptionHelper   : SQL Warning Code: 0, SQLState: 00000
2022-12-03 16:13:52.909  WARN 49970 --- [    Test worker] o.h.engine.jdbc.spi.SqlExceptionHelper   : relation "person_person_roles" does not exist, skipping
2022-12-03 16:13:52.910  WARN 49970 --- [    Test worker] o.h.engine.jdbc.spi.SqlExceptionHelper   : SQL Warning Code: 0, SQLState: 00000
2022-12-03 16:13:52.910  WARN 49970 --- [    Test worker] o.h.engine.jdbc.spi.SqlExceptionHelper   : relation "room_artworks" does not exist, skipping
2022-12-03 16:13:52.910  WARN 49970 --- [    Test worker] o.h.engine.jdbc.spi.SqlExceptionHelper   : SQL Warning Code: 0, SQLState: 00000
2022-12-03 16:13:52.911  WARN 49970 --- [    Test worker] o.h.engine.jdbc.spi.SqlExceptionHelper   : relation "shift" does not exist, skipping
2022-12-03 16:13:52.911  WARN 49970 --- [    Test worker] o.h.engine.jdbc.spi.SqlExceptionHelper   : SQL Warning Code: 0, SQLState: 00000
2022-12-03 16:13:52.911  WARN 49970 --- [    Test worker] o.h.engine.jdbc.spi.SqlExceptionHelper   : relation "shift_employees" does not exist, skipping
2022-12-03 16:13:52.912  WARN 49970 --- [    Test worker] o.h.engine.jdbc.spi.SqlExceptionHelper   : SQL Warning Code: 0, SQLState: 00000
2022-12-03 16:13:52.912  WARN 49970 --- [    Test worker] o.h.engine.jdbc.spi.SqlExceptionHelper   : relation "shift_employees" does not exist, skipping
2022-12-03 16:13:52.912  WARN 49970 --- [    Test worker] o.h.engine.jdbc.spi.SqlExceptionHelper   : SQL Warning Code: 0, SQLState: 00000
2022-12-03 16:13:52.912  WARN 49970 --- [    Test worker] o.h.engine.jdbc.spi.SqlExceptionHelper   : relation "storage" does not exist, skipping
2022-12-03 16:13:52.912  WARN 49970 --- [    Test worker] o.h.engine.jdbc.spi.SqlExceptionHelper   : SQL Warning Code: 0, SQLState: 00000
2022-12-03 16:13:52.912  WARN 49970 --- [    Test worker] o.h.engine.jdbc.spi.SqlExceptionHelper   : relation "ticket" does not exist, skipping
2022-12-03 16:13:52.913  WARN 49970 --- [    Test worker] o.h.engine.jdbc.spi.SqlExceptionHelper   : SQL Warning Code: 0, SQLState: 00000
2022-12-03 16:13:52.913  WARN 49970 --- [    Test worker] o.h.engine.jdbc.spi.SqlExceptionHelper   : relation "ticket" does not exist, skipping
2022-12-03 16:13:52.913  WARN 49970 --- [    Test worker] o.h.engine.jdbc.spi.SqlExceptionHelper   : SQL Warning Code: 0, SQLState: 00000
2022-12-03 16:13:52.913  WARN 49970 --- [    Test worker] o.h.engine.jdbc.spi.SqlExceptionHelper   : table "admin" does not exist, skipping
2022-12-03 16:13:52.914  WARN 49970 --- [    Test worker] o.h.engine.jdbc.spi.SqlExceptionHelper   : SQL Warning Code: 0, SQLState: 00000
2022-12-03 16:13:52.914  WARN 49970 --- [    Test worker] o.h.engine.jdbc.spi.SqlExceptionHelper   : table "artwork" does not exist, skipping
2022-12-03 16:13:52.914  WARN 49970 --- [    Test worker] o.h.engine.jdbc.spi.SqlExceptionHelper   : SQL Warning Code: 0, SQLState: 00000
2022-12-03 16:13:52.914  WARN 49970 --- [    Test worker] o.h.engine.jdbc.spi.SqlExceptionHelper   : table "artwork_loans" does not exist, skipping
2022-12-03 16:13:52.914  WARN 49970 --- [    Test worker] o.h.engine.jdbc.spi.SqlExceptionHelper   : SQL Warning Code: 0, SQLState: 00000
2022-12-03 16:13:52.914  WARN 49970 --- [    Test worker] o.h.engine.jdbc.spi.SqlExceptionHelper   : table "customer" does not exist, skipping
2022-12-03 16:13:52.915  WARN 49970 --- [    Test worker] o.h.engine.jdbc.spi.SqlExceptionHelper   : SQL Warning Code: 0, SQLState: 00000
2022-12-03 16:13:52.915  WARN 49970 --- [    Test worker] o.h.engine.jdbc.spi.SqlExceptionHelper   : table "customer_loans" does not exist, skipping
2022-12-03 16:13:52.915  WARN 49970 --- [    Test worker] o.h.engine.jdbc.spi.SqlExceptionHelper   : SQL Warning Code: 0, SQLState: 00000
2022-12-03 16:13:52.915  WARN 49970 --- [    Test worker] o.h.engine.jdbc.spi.SqlExceptionHelper   : table "customer_tickets" does not exist, skipping
2022-12-03 16:13:52.915  WARN 49970 --- [    Test worker] o.h.engine.jdbc.spi.SqlExceptionHelper   : SQL Warning Code: 0, SQLState: 00000
2022-12-03 16:13:52.915  WARN 49970 --- [    Test worker] o.h.engine.jdbc.spi.SqlExceptionHelper   : table "display" does not exist, skipping
2022-12-03 16:13:52.916  WARN 49970 --- [    Test worker] o.h.engine.jdbc.spi.SqlExceptionHelper   : SQL Warning Code: 0, SQLState: 00000
2022-12-03 16:13:52.916  WARN 49970 --- [    Test worker] o.h.engine.jdbc.spi.SqlExceptionHelper   : table "employee" does not exist, skipping
2022-12-03 16:13:52.916  WARN 49970 --- [    Test worker] o.h.engine.jdbc.spi.SqlExceptionHelper   : SQL Warning Code: 0, SQLState: 00000
2022-12-03 16:13:52.916  WARN 49970 --- [    Test worker] o.h.engine.jdbc.spi.SqlExceptionHelper   : table "employee_shifts" does not exist, skipping
2022-12-03 16:13:52.916  WARN 49970 --- [    Test worker] o.h.engine.jdbc.spi.SqlExceptionHelper   : SQL Warning Code: 0, SQLState: 00000
2022-12-03 16:13:52.916  WARN 49970 --- [    Test worker] o.h.engine.jdbc.spi.SqlExceptionHelper   : table "loan" does not exist, skipping
2022-12-03 16:13:52.916  WARN 49970 --- [    Test worker] o.h.engine.jdbc.spi.SqlExceptionHelper   : SQL Warning Code: 0, SQLState: 00000
2022-12-03 16:13:52.917  WARN 49970 --- [    Test worker] o.h.engine.jdbc.spi.SqlExceptionHelper   : table "museum" does not exist, skipping
2022-12-03 16:13:52.917  WARN 49970 --- [    Test worker] o.h.engine.jdbc.spi.SqlExceptionHelper   : SQL Warning Code: 0, SQLState: 00000
2022-12-03 16:13:52.917  WARN 49970 --- [    Test worker] o.h.engine.jdbc.spi.SqlExceptionHelper   : table "museum_artworks" does not exist, skipping
2022-12-03 16:13:52.917  WARN 49970 --- [    Test worker] o.h.engine.jdbc.spi.SqlExceptionHelper   : SQL Warning Code: 0, SQLState: 00000
2022-12-03 16:13:52.917  WARN 49970 --- [    Test worker] o.h.engine.jdbc.spi.SqlExceptionHelper   : table "museum_loans" does not exist, skipping
2022-12-03 16:13:52.917  WARN 49970 --- [    Test worker] o.h.engine.jdbc.spi.SqlExceptionHelper   : SQL Warning Code: 0, SQLState: 00000
2022-12-03 16:13:52.918  WARN 49970 --- [    Test worker] o.h.engine.jdbc.spi.SqlExceptionHelper   : table "museum_persons" does not exist, skipping
2022-12-03 16:13:52.918  WARN 49970 --- [    Test worker] o.h.engine.jdbc.spi.SqlExceptionHelper   : SQL Warning Code: 0, SQLState: 00000
2022-12-03 16:13:52.918  WARN 49970 --- [    Test worker] o.h.engine.jdbc.spi.SqlExceptionHelper   : table "museum_rooms" does not exist, skipping
2022-12-03 16:13:52.918  WARN 49970 --- [    Test worker] o.h.engine.jdbc.spi.SqlExceptionHelper   : SQL Warning Code: 0, SQLState: 00000
2022-12-03 16:13:52.918  WARN 49970 --- [    Test worker] o.h.engine.jdbc.spi.SqlExceptionHelper   : table "museum_shifts" does not exist, skipping
2022-12-03 16:13:52.918  WARN 49970 --- [    Test worker] o.h.engine.jdbc.spi.SqlExceptionHelper   : SQL Warning Code: 0, SQLState: 00000
2022-12-03 16:13:52.919  WARN 49970 --- [    Test worker] o.h.engine.jdbc.spi.SqlExceptionHelper   : table "museum_tickets" does not exist, skipping
2022-12-03 16:13:52.919  WARN 49970 --- [    Test worker] o.h.engine.jdbc.spi.SqlExceptionHelper   : SQL Warning Code: 0, SQLState: 00000
2022-12-03 16:13:52.919  WARN 49970 --- [    Test worker] o.h.engine.jdbc.spi.SqlExceptionHelper   : table "person" does not exist, skipping
2022-12-03 16:13:52.919  WARN 49970 --- [    Test worker] o.h.engine.jdbc.spi.SqlExceptionHelper   : SQL Warning Code: 0, SQLState: 00000
2022-12-03 16:13:52.919  WARN 49970 --- [    Test worker] o.h.engine.jdbc.spi.SqlExceptionHelper   : table "person_person_roles" does not exist, skipping
2022-12-03 16:13:52.920  WARN 49970 --- [    Test worker] o.h.engine.jdbc.spi.SqlExceptionHelper   : SQL Warning Code: 0, SQLState: 00000
2022-12-03 16:13:52.920  WARN 49970 --- [    Test worker] o.h.engine.jdbc.spi.SqlExceptionHelper   : table "room_artworks" does not exist, skipping
2022-12-03 16:13:52.920  WARN 49970 --- [    Test worker] o.h.engine.jdbc.spi.SqlExceptionHelper   : SQL Warning Code: 0, SQLState: 00000
2022-12-03 16:13:52.920  WARN 49970 --- [    Test worker] o.h.engine.jdbc.spi.SqlExceptionHelper   : table "shift" does not exist, skipping
2022-12-03 16:13:52.920  WARN 49970 --- [    Test worker] o.h.engine.jdbc.spi.SqlExceptionHelper   : SQL Warning Code: 0, SQLState: 00000
2022-12-03 16:13:52.920  WARN 49970 --- [    Test worker] o.h.engine.jdbc.spi.SqlExceptionHelper   : table "shift_employees" does not exist, skipping
2022-12-03 16:13:52.921  WARN 49970 --- [    Test worker] o.h.engine.jdbc.spi.SqlExceptionHelper   : SQL Warning Code: 0, SQLState: 00000
2022-12-03 16:13:52.921  WARN 49970 --- [    Test worker] o.h.engine.jdbc.spi.SqlExceptionHelper   : table "storage" does not exist, skipping
2022-12-03 16:13:52.921  WARN 49970 --- [    Test worker] o.h.engine.jdbc.spi.SqlExceptionHelper   : SQL Warning Code: 0, SQLState: 00000
2022-12-03 16:13:52.921  WARN 49970 --- [    Test worker] o.h.engine.jdbc.spi.SqlExceptionHelper   : table "ticket" does not exist, skipping
2022-12-03 16:13:52.921  WARN 49970 --- [    Test worker] o.h.engine.jdbc.spi.SqlExceptionHelper   : SQL Warning Code: 0, SQLState: 00000
2022-12-03 16:13:52.921  WARN 49970 --- [    Test worker] o.h.engine.jdbc.spi.SqlExceptionHelper   : sequence "hibernate_sequence" does not exist, skipping
2022-12-03 16:13:56.665  INFO 49970 --- [    Test worker] o.h.e.t.j.p.i.JtaPlatformInitiator       : HHH000490: Using JtaPlatform implementation: [org.hibernate.engine.transaction.jta.platform.internal.NoJtaPlatform]
2022-12-03 16:13:56.672  INFO 49970 --- [    Test worker] j.LocalContainerEntityManagerFactoryBean : Initialized JPA EntityManagerFactory for persistence unit 'default'
2022-12-03 16:13:57.446  WARN 49970 --- [    Test worker] JpaBaseConfiguration$JpaWebConfiguration : spring.jpa.open-in-view is enabled by default. Therefore, database queries may be performed during view rendering. Explicitly configure spring.jpa.open-in-view to disable this warning
2022-12-03 16:13:57.904  INFO 49970 --- [    Test worker] c.m.e.M.MuseumBackendApplicationTests    : Started MuseumBackendApplicationTests in 8.288 seconds (JVM running for 9.653)
]]></system-out>
  <system-err><![CDATA[]]></system-err>
</testsuite>
