<?xml version="1.0" encoding="UTF-8"?>
<testsuite name="ca.mcgill.ecse321.MuseumBackend.repository.EmployeeRepositoryTests" tests="2" skipped="0" failures="0" errors="0" timestamp="2022-12-03T21:14:44" hostname="samuel-gp66leopard10ug" time="0.424">
  <properties/>
  <testcase name="testEmployeeToArtworkReference()" classname="ca.mcgill.ecse321.MuseumBackend.repository.EmployeeRepositoryTests" time="0.416"/>
  <testcase name="testPersistAndLoadEmployee()" classname="ca.mcgill.ecse321.MuseumBackend.repository.EmployeeRepositoryTests" time="0.008"/>
  <system-out><![CDATA[2022-12-03 16:14:44.750  INFO 49970 --- [    Test worker] .b.t.c.SpringBootTestContextBootstrapper : Neither @ContextConfiguration nor @ContextHierarchy found for test class [ca.mcgill.ecse321.MuseumBackend.repository.EmployeeRepositoryTests], using SpringBootContextLoader
2022-12-03 16:14:44.750  INFO 49970 --- [    Test worker] o.s.t.c.support.AbstractContextLoader    : Could not detect default resource locations for test class [ca.mcgill.ecse321.MuseumBackend.repository.EmployeeRepositoryTests]: no resource found for suffixes {-context.xml, Context.groovy}.
2022-12-03 16:14:44.750  INFO 49970 --- [    Test worker] t.c.s.AnnotationConfigContextLoaderUtils : Could not detect default configuration classes for test class [ca.mcgill.ecse321.MuseumBackend.repository.EmployeeRepositoryTests]: EmployeeRepositoryTests does not declare any static, non-private, non-final, nested classes annotated with @Configuration.
2022-12-03 16:14:44.751  INFO 49970 --- [    Test worker] .b.t.c.SpringBootTestContextBootstrapper : Found @SpringBootConfiguration ca.mcgill.ecse321.MuseumBackend.MuseumBackendApplication for test class ca.mcgill.ecse321.MuseumBackend.repository.EmployeeRepositoryTests
2022-12-03 16:14:44.751  INFO 49970 --- [    Test worker] .b.t.c.SpringBootTestContextBootstrapper : Loaded default TestExecutionListener class names from location [META-INF/spring.factories]: [org.springframework.boot.test.autoconfigure.restdocs.RestDocsTestExecutionListener, org.springframework.boot.test.autoconfigure.web.client.MockRestServiceServerResetTestExecutionListener, org.springframework.boot.test.autoconfigure.web.servlet.MockMvcPrintOnlyOnFailureTestExecutionListener, org.springframework.boot.test.autoconfigure.web.servlet.WebDriverTestExecutionListener, org.springframework.boot.test.autoconfigure.webservices.client.MockWebServiceServerTestExecutionListener, org.springframework.boot.test.mock.mockito.MockitoTestExecutionListener, org.springframework.boot.test.mock.mockito.ResetMocksTestExecutionListener, org.springframework.test.context.web.ServletTestExecutionListener, org.springframework.test.context.support.DirtiesContextBeforeModesTestExecutionListener, org.springframework.test.context.event.ApplicationEventsTestExecutionListener, org.springframework.test.context.support.DependencyInjectionTestExecutionListener, org.springframework.test.context.support.DirtiesContextTestExecutionListener, org.springframework.test.context.transaction.TransactionalTestExecutionListener, org.springframework.test.context.jdbc.SqlScriptsTestExecutionListener, org.springframework.test.context.event.EventPublishingTestExecutionListener]
2022-12-03 16:14:44.751  INFO 49970 --- [    Test worker] .b.t.c.SpringBootTestContextBootstrapper : Using TestExecutionListeners: [org.springframework.test.context.web.ServletTestExecutionListener@7e1ee1a5, org.springframework.test.context.support.DirtiesContextBeforeModesTestExecutionListener@305a4a7d, org.springframework.test.context.event.ApplicationEventsTestExecutionListener@6670ff38, org.springframework.boot.test.mock.mockito.MockitoTestExecutionListener@709dc5b, org.springframework.boot.test.autoconfigure.SpringBootDependencyInjectionTestExecutionListener@e1306d6, org.springframework.test.context.support.DirtiesContextTestExecutionListener@6c78accb, org.springframework.test.context.transaction.TransactionalTestExecutionListener@d101743, org.springframework.test.context.jdbc.SqlScriptsTestExecutionListener@44b2e9be, org.springframework.test.context.event.EventPublishingTestExecutionListener@52016248, org.springframework.boot.test.autoconfigure.restdocs.RestDocsTestExecutionListener@7bb68237, org.springframework.boot.test.autoconfigure.web.client.MockRestServiceServerResetTestExecutionListener@7611380d, org.springframework.boot.test.autoconfigure.web.servlet.MockMvcPrintOnlyOnFailureTestExecutionListener@25bdc068, org.springframework.boot.test.autoconfigure.web.servlet.WebDriverTestExecutionListener@7cf7e5b5, org.springframework.boot.test.autoconfigure.webservices.client.MockWebServiceServerTestExecutionListener@331f6726, org.springframework.boot.test.mock.mockito.ResetMocksTestExecutionListener@4cb1f018]
]]></system-out>
  <system-err><![CDATA[]]></system-err>
</testsuite>
