<?xml version="1.0" encoding="UTF-8"?>
<testsuite name="ca.mcgill.ecse321.MuseumBackend.integration.ShiftIntegrationTest" tests="7" skipped="0" failures="0" errors="0" timestamp="2022-12-06T03:08:20" hostname="MacBook-Air-de-Qi.local" time="2.326">
  <properties/>
  <testcase name="testCreateAndGetShiftAndRemoveEmployeeFromShift()" classname="ca.mcgill.ecse321.MuseumBackend.integration.ShiftIntegrationTest" time="0.542"/>
  <testcase name="testCreateShiftsAndGetShifts()" classname="ca.mcgill.ecse321.MuseumBackend.integration.ShiftIntegrationTest" time="0.292"/>
  <testcase name="testCreateAndGetShiftAndCreateAndGetEmployees()" classname="ca.mcgill.ecse321.MuseumBackend.integration.ShiftIntegrationTest" time="0.797"/>
  <testcase name="testCreateAndGetShiftAndAddEmployeeToShift()" classname="ca.mcgill.ecse321.MuseumBackend.integration.ShiftIntegrationTest" time="0.257"/>
  <testcase name="testCreateGetAndDeleteShift()" classname="ca.mcgill.ecse321.MuseumBackend.integration.ShiftIntegrationTest" time="0.139"/>
  <testcase name="testCreateAndGetShiftAndChangeShiftDate()" classname="ca.mcgill.ecse321.MuseumBackend.integration.ShiftIntegrationTest" time="0.162"/>
  <testcase name="testCreateAndGetShift()" classname="ca.mcgill.ecse321.MuseumBackend.integration.ShiftIntegrationTest" time="0.128"/>
  <system-out><![CDATA[2022-12-05 22:08:20.066  INFO 39074 --- [    Test worker] .b.t.c.SpringBootTestContextBootstrapper : Neither @ContextConfiguration nor @ContextHierarchy found for test class [ca.mcgill.ecse321.MuseumBackend.integration.ShiftIntegrationTest], using SpringBootContextLoader
2022-12-05 22:08:20.067  INFO 39074 --- [    Test worker] o.s.t.c.support.AbstractContextLoader    : Could not detect default resource locations for test class [ca.mcgill.ecse321.MuseumBackend.integration.ShiftIntegrationTest]: no resource found for suffixes {-context.xml, Context.groovy}.
2022-12-05 22:08:20.067  INFO 39074 --- [    Test worker] t.c.s.AnnotationConfigContextLoaderUtils : Could not detect default configuration classes for test class [ca.mcgill.ecse321.MuseumBackend.integration.ShiftIntegrationTest]: ShiftIntegrationTest does not declare any static, non-private, non-final, nested classes annotated with @Configuration.
2022-12-05 22:08:20.069  INFO 39074 --- [    Test worker] .b.t.c.SpringBootTestContextBootstrapper : Found @SpringBootConfiguration ca.mcgill.ecse321.MuseumBackend.MuseumBackendApplication for test class ca.mcgill.ecse321.MuseumBackend.integration.ShiftIntegrationTest
2022-12-05 22:08:20.071  INFO 39074 --- [    Test worker] .b.t.c.SpringBootTestContextBootstrapper : Loaded default TestExecutionListener class names from location [META-INF/spring.factories]: [org.springframework.boot.test.autoconfigure.restdocs.RestDocsTestExecutionListener, org.springframework.boot.test.autoconfigure.web.client.MockRestServiceServerResetTestExecutionListener, org.springframework.boot.test.autoconfigure.web.servlet.MockMvcPrintOnlyOnFailureTestExecutionListener, org.springframework.boot.test.autoconfigure.web.servlet.WebDriverTestExecutionListener, org.springframework.boot.test.autoconfigure.webservices.client.MockWebServiceServerTestExecutionListener, org.springframework.boot.test.mock.mockito.MockitoTestExecutionListener, org.springframework.boot.test.mock.mockito.ResetMocksTestExecutionListener, org.springframework.test.context.web.ServletTestExecutionListener, org.springframework.test.context.support.DirtiesContextBeforeModesTestExecutionListener, org.springframework.test.context.event.ApplicationEventsTestExecutionListener, org.springframework.test.context.support.DependencyInjectionTestExecutionListener, org.springframework.test.context.support.DirtiesContextTestExecutionListener, org.springframework.test.context.transaction.TransactionalTestExecutionListener, org.springframework.test.context.jdbc.SqlScriptsTestExecutionListener, org.springframework.test.context.event.EventPublishingTestExecutionListener]
2022-12-05 22:08:20.072  INFO 39074 --- [    Test worker] .b.t.c.SpringBootTestContextBootstrapper : Using TestExecutionListeners: [org.springframework.test.context.web.ServletTestExecutionListener@44866874, org.springframework.test.context.support.DirtiesContextBeforeModesTestExecutionListener@789fe325, org.springframework.test.context.event.ApplicationEventsTestExecutionListener@6be02237, org.springframework.boot.test.mock.mockito.MockitoTestExecutionListener@1c795e84, org.springframework.boot.test.autoconfigure.SpringBootDependencyInjectionTestExecutionListener@6bcb40b7, org.springframework.test.context.support.DirtiesContextTestExecutionListener@6cca1020, org.springframework.test.context.transaction.TransactionalTestExecutionListener@6517614, org.springframework.test.context.jdbc.SqlScriptsTestExecutionListener@508a8524, org.springframework.test.context.event.EventPublishingTestExecutionListener@61f5b97a, org.springframework.boot.test.autoconfigure.restdocs.RestDocsTestExecutionListener@5d82fe74, org.springframework.boot.test.autoconfigure.web.client.MockRestServiceServerResetTestExecutionListener@50eed206, org.springframework.boot.test.autoconfigure.web.servlet.MockMvcPrintOnlyOnFailureTestExecutionListener@5449de9a, org.springframework.boot.test.autoconfigure.web.servlet.WebDriverTestExecutionListener@183b8300, org.springframework.boot.test.autoconfigure.webservices.client.MockWebServiceServerTestExecutionListener@5280af2d, org.springframework.boot.test.mock.mockito.ResetMocksTestExecutionListener@74d82999]
]]></system-out>
  <system-err><![CDATA[]]></system-err>
</testsuite>
