<?xml version="1.0" encoding="UTF-8"?>
<testsuite name="ca.mcgill.ecse321.MuseumBackend.integration.TestEmployeeIntegration" tests="5" skipped="0" failures="0" errors="0" timestamp="2022-12-03T18:45:34" hostname="MacBook-Air-de-Qi.local" time="0.444">
  <properties/>
  <testcase name="testCreateAndGetEmployee()" classname="ca.mcgill.ecse321.MuseumBackend.integration.TestEmployeeIntegration" time="0.09"/>
  <testcase name="testFireEmployee()" classname="ca.mcgill.ecse321.MuseumBackend.integration.TestEmployeeIntegration" time="0.145"/>
  <testcase name="testCreateInvalidEmployee()" classname="ca.mcgill.ecse321.MuseumBackend.integration.TestEmployeeIntegration" time="0.047"/>
  <testcase name="testGetAllEmployees()" classname="ca.mcgill.ecse321.MuseumBackend.integration.TestEmployeeIntegration" time="0.139"/>
  <testcase name="testGetInvalidEmployee()" classname="ca.mcgill.ecse321.MuseumBackend.integration.TestEmployeeIntegration" time="0.019"/>
  <system-out><![CDATA[2022-12-03 13:45:34.750  INFO 23514 --- [    Test worker] .b.t.c.SpringBootTestContextBootstrapper : Neither @ContextConfiguration nor @ContextHierarchy found for test class [ca.mcgill.ecse321.MuseumBackend.integration.TestEmployeeIntegration], using SpringBootContextLoader
2022-12-03 13:45:34.751  INFO 23514 --- [    Test worker] o.s.t.c.support.AbstractContextLoader    : Could not detect default resource locations for test class [ca.mcgill.ecse321.MuseumBackend.integration.TestEmployeeIntegration]: no resource found for suffixes {-context.xml, Context.groovy}.
2022-12-03 13:45:34.751  INFO 23514 --- [    Test worker] t.c.s.AnnotationConfigContextLoaderUtils : Could not detect default configuration classes for test class [ca.mcgill.ecse321.MuseumBackend.integration.TestEmployeeIntegration]: TestEmployeeIntegration does not declare any static, non-private, non-final, nested classes annotated with @Configuration.
2022-12-03 13:45:34.752  INFO 23514 --- [    Test worker] .b.t.c.SpringBootTestContextBootstrapper : Found @SpringBootConfiguration ca.mcgill.ecse321.MuseumBackend.MuseumBackendApplication for test class ca.mcgill.ecse321.MuseumBackend.integration.TestEmployeeIntegration
2022-12-03 13:45:34.754  INFO 23514 --- [    Test worker] .b.t.c.SpringBootTestContextBootstrapper : Loaded default TestExecutionListener class names from location [META-INF/spring.factories]: [org.springframework.boot.test.autoconfigure.restdocs.RestDocsTestExecutionListener, org.springframework.boot.test.autoconfigure.web.client.MockRestServiceServerResetTestExecutionListener, org.springframework.boot.test.autoconfigure.web.servlet.MockMvcPrintOnlyOnFailureTestExecutionListener, org.springframework.boot.test.autoconfigure.web.servlet.WebDriverTestExecutionListener, org.springframework.boot.test.autoconfigure.webservices.client.MockWebServiceServerTestExecutionListener, org.springframework.boot.test.mock.mockito.MockitoTestExecutionListener, org.springframework.boot.test.mock.mockito.ResetMocksTestExecutionListener, org.springframework.test.context.web.ServletTestExecutionListener, org.springframework.test.context.support.DirtiesContextBeforeModesTestExecutionListener, org.springframework.test.context.event.ApplicationEventsTestExecutionListener, org.springframework.test.context.support.DependencyInjectionTestExecutionListener, org.springframework.test.context.support.DirtiesContextTestExecutionListener, org.springframework.test.context.transaction.TransactionalTestExecutionListener, org.springframework.test.context.jdbc.SqlScriptsTestExecutionListener, org.springframework.test.context.event.EventPublishingTestExecutionListener]
2022-12-03 13:45:34.755  INFO 23514 --- [    Test worker] .b.t.c.SpringBootTestContextBootstrapper : Using TestExecutionListeners: [org.springframework.test.context.web.ServletTestExecutionListener@2e3f3fd6, org.springframework.test.context.support.DirtiesContextBeforeModesTestExecutionListener@1d1254e, org.springframework.test.context.event.ApplicationEventsTestExecutionListener@3d8364a1, org.springframework.boot.test.mock.mockito.MockitoTestExecutionListener@6cca8d49, org.springframework.boot.test.autoconfigure.SpringBootDependencyInjectionTestExecutionListener@3bdcde89, org.springframework.test.context.support.DirtiesContextTestExecutionListener@33af77e9, org.springframework.test.context.transaction.TransactionalTestExecutionListener@152fab51, org.springframework.test.context.jdbc.SqlScriptsTestExecutionListener@2d37dc78, org.springframework.test.context.event.EventPublishingTestExecutionListener@70c267c1, org.springframework.boot.test.autoconfigure.restdocs.RestDocsTestExecutionListener@381a560f, org.springframework.boot.test.autoconfigure.web.client.MockRestServiceServerResetTestExecutionListener@5087077e, org.springframework.boot.test.autoconfigure.web.servlet.MockMvcPrintOnlyOnFailureTestExecutionListener@43c0d50a, org.springframework.boot.test.autoconfigure.web.servlet.WebDriverTestExecutionListener@20df4edc, org.springframework.boot.test.autoconfigure.webservices.client.MockWebServiceServerTestExecutionListener@4a9fdee6, org.springframework.boot.test.mock.mockito.ResetMocksTestExecutionListener@22cb9c3c]
]]></system-out>
  <system-err><![CDATA[]]></system-err>
</testsuite>
