<?xml version="1.0" encoding="UTF-8"?>
<testsuite name="ca.mcgill.ecse321.MuseumBackend.service.TestPersonService" tests="4" skipped="0" failures="0" errors="0" timestamp="2022-12-03T21:14:46" hostname="samuel-gp66leopard10ug" time="0.008">
  <properties/>
  <testcase name="testCreatePerson()" classname="ca.mcgill.ecse321.MuseumBackend.service.TestPersonService" time="0.002"/>
  <testcase name="testFindPersonByEmail()" classname="ca.mcgill.ecse321.MuseumBackend.service.TestPersonService" time="0.001"/>
  <testcase name="testChangePersonName()" classname="ca.mcgill.ecse321.MuseumBackend.service.TestPersonService" time="0.001"/>
  <testcase name="testChangePersonPassword()" classname="ca.mcgill.ecse321.MuseumBackend.service.TestPersonService" time="0.002"/>
  <system-out><![CDATA[]]></system-out>
  <system-err><![CDATA[]]></system-err>
</testsuite>
