<?xml version="1.0" encoding="UTF-8"?>
<testsuite name="ca.mcgill.ecse321.MuseumBackend.service.TestTicketService" tests="16" skipped="0" failures="0" errors="0" timestamp="2022-12-06T03:08:28" hostname="MacBook-Air-de-Qi.local" time="0.227">
  <properties/>
  <testcase name="testReplaceTicket2()" classname="ca.mcgill.ecse321.MuseumBackend.service.TestTicketService" time="0.135"/>
  <testcase name="getAllTicketsFromCustomer()" classname="ca.mcgill.ecse321.MuseumBackend.service.TestTicketService" time="0.003"/>
  <testcase name="testReplaceInvalidTicket2()" classname="ca.mcgill.ecse321.MuseumBackend.service.TestTicketService" time="0.003"/>
  <testcase name="testDeleteNonExistentTicket()" classname="ca.mcgill.ecse321.MuseumBackend.service.TestTicketService" time="0.005"/>
  <testcase name="testGetTicketByInvalidId()" classname="ca.mcgill.ecse321.MuseumBackend.service.TestTicketService" time="0.005"/>
  <testcase name="testCreateTicket()" classname="ca.mcgill.ecse321.MuseumBackend.service.TestTicketService" time="0.004"/>
  <testcase name="testReplaceTicket()" classname="ca.mcgill.ecse321.MuseumBackend.service.TestTicketService" time="0.017"/>
  <testcase name="testCreateInvalidTicket()" classname="ca.mcgill.ecse321.MuseumBackend.service.TestTicketService" time="0.002"/>
  <testcase name="testCancelTicket()" classname="ca.mcgill.ecse321.MuseumBackend.service.TestTicketService" time="0.014"/>
  <testcase name="testGetTicketById()" classname="ca.mcgill.ecse321.MuseumBackend.service.TestTicketService" time="0.003"/>
  <testcase name="testCreateInvalidTicket2()" classname="ca.mcgill.ecse321.MuseumBackend.service.TestTicketService" time="0.003"/>
  <testcase name="testCancelTicketTooLate()" classname="ca.mcgill.ecse321.MuseumBackend.service.TestTicketService" time="0.005"/>
  <testcase name="testDeleteTicket()" classname="ca.mcgill.ecse321.MuseumBackend.service.TestTicketService" time="0.005"/>
  <testcase name="testCancelTicketWrongCustomer()" classname="ca.mcgill.ecse321.MuseumBackend.service.TestTicketService" time="0.006"/>
  <testcase name="testReplaceInvalidTicket()" classname="ca.mcgill.ecse321.MuseumBackend.service.TestTicketService" time="0.004"/>
  <testcase name="testGetAllTickets()" classname="ca.mcgill.ecse321.MuseumBackend.service.TestTicketService" time="0.003"/>
  <system-out><![CDATA[]]></system-out>
  <system-err><![CDATA[]]></system-err>
</testsuite>
