<?xml version="1.0" encoding="UTF-8"?>
<testsuite name="ca.mcgill.ecse321.MuseumBackend.service.TestShiftService" tests="6" skipped="0" failures="0" errors="0" timestamp="2022-12-04T21:23:38" hostname="samuel-gp66leopard10ug" time="0.019">
  <properties/>
  <testcase name="testDeleteShift()" classname="ca.mcgill.ecse321.MuseumBackend.service.TestShiftService" time="0.012"/>
  <testcase name="testFindShiftById()" classname="ca.mcgill.ecse321.MuseumBackend.service.TestShiftService" time="0.002"/>
  <testcase name="testCreateShift()" classname="ca.mcgill.ecse321.MuseumBackend.service.TestShiftService" time="0.0"/>
  <testcase name="testChangeShiftDate()" classname="ca.mcgill.ecse321.MuseumBackend.service.TestShiftService" time="0.0"/>
  <testcase name="testRemoveEmployeeFromShift()" classname="ca.mcgill.ecse321.MuseumBackend.service.TestShiftService" time="0.002"/>
  <testcase name="testAddEmployeeToShift()" classname="ca.mcgill.ecse321.MuseumBackend.service.TestShiftService" time="0.001"/>
  <system-out><![CDATA[]]></system-out>
  <system-err><![CDATA[]]></system-err>
</testsuite>
