<?xml version="1.0" encoding="UTF-8"?>
<testsuite name="ca.mcgill.ecse321.MuseumBackend.integration.ShiftIntegrationTest" tests="7" skipped="0" failures="0" errors="0" timestamp="2022-12-04T21:22:00" hostname="samuel-gp66leopard10ug" time="8.857">
  <properties/>
  <testcase name="testCreateAndGetShiftAndRemoveEmployeeFromShift()" classname="ca.mcgill.ecse321.MuseumBackend.integration.ShiftIntegrationTest" time="2.04"/>
  <testcase name="testCreateShiftsAndGetShifts()" classname="ca.mcgill.ecse321.MuseumBackend.integration.ShiftIntegrationTest" time="1.192"/>
  <testcase name="testCreateAndGetShiftAndCreateAndGetEmployees()" classname="ca.mcgill.ecse321.MuseumBackend.integration.ShiftIntegrationTest" time="2.608"/>
  <testcase name="testCreateAndGetShiftAndAddEmployeeToShift()" classname="ca.mcgill.ecse321.MuseumBackend.integration.ShiftIntegrationTest" time="1.234"/>
  <testcase name="testCreateGetAndDeleteShift()" classname="ca.mcgill.ecse321.MuseumBackend.integration.ShiftIntegrationTest" time="0.41"/>
  <testcase name="testCreateAndGetShiftAndChangeShiftDate()" classname="ca.mcgill.ecse321.MuseumBackend.integration.ShiftIntegrationTest" time="0.973"/>
  <testcase name="testCreateAndGetShift()" classname="ca.mcgill.ecse321.MuseumBackend.integration.ShiftIntegrationTest" time="0.399"/>
  <system-out><![CDATA[2022-12-04 16:22:00.245  INFO 180689 --- [    Test worker] .b.t.c.SpringBootTestContextBootstrapper : Neither @ContextConfiguration nor @ContextHierarchy found for test class [ca.mcgill.ecse321.MuseumBackend.integration.ShiftIntegrationTest], using SpringBootContextLoader
2022-12-04 16:22:00.245  INFO 180689 --- [    Test worker] o.s.t.c.support.AbstractContextLoader    : Could not detect default resource locations for test class [ca.mcgill.ecse321.MuseumBackend.integration.ShiftIntegrationTest]: no resource found for suffixes {-context.xml, Context.groovy}.
2022-12-04 16:22:00.246  INFO 180689 --- [    Test worker] t.c.s.AnnotationConfigContextLoaderUtils : Could not detect default configuration classes for test class [ca.mcgill.ecse321.MuseumBackend.integration.ShiftIntegrationTest]: ShiftIntegrationTest does not declare any static, non-private, non-final, nested classes annotated with @Configuration.
2022-12-04 16:22:00.246  INFO 180689 --- [    Test worker] .b.t.c.SpringBootTestContextBootstrapper : Found @SpringBootConfiguration ca.mcgill.ecse321.MuseumBackend.MuseumBackendApplication for test class ca.mcgill.ecse321.MuseumBackend.integration.ShiftIntegrationTest
2022-12-04 16:22:00.247  INFO 180689 --- [    Test worker] .b.t.c.SpringBootTestContextBootstrapper : Loaded default TestExecutionListener class names from location [META-INF/spring.factories]: [org.springframework.boot.test.autoconfigure.restdocs.RestDocsTestExecutionListener, org.springframework.boot.test.autoconfigure.web.client.MockRestServiceServerResetTestExecutionListener, org.springframework.boot.test.autoconfigure.web.servlet.MockMvcPrintOnlyOnFailureTestExecutionListener, org.springframework.boot.test.autoconfigure.web.servlet.WebDriverTestExecutionListener, org.springframework.boot.test.autoconfigure.webservices.client.MockWebServiceServerTestExecutionListener, org.springframework.boot.test.mock.mockito.MockitoTestExecutionListener, org.springframework.boot.test.mock.mockito.ResetMocksTestExecutionListener, org.springframework.test.context.web.ServletTestExecutionListener, org.springframework.test.context.support.DirtiesContextBeforeModesTestExecutionListener, org.springframework.test.context.event.ApplicationEventsTestExecutionListener, org.springframework.test.context.support.DependencyInjectionTestExecutionListener, org.springframework.test.context.support.DirtiesContextTestExecutionListener, org.springframework.test.context.transaction.TransactionalTestExecutionListener, org.springframework.test.context.jdbc.SqlScriptsTestExecutionListener, org.springframework.test.context.event.EventPublishingTestExecutionListener]
2022-12-04 16:22:00.247  INFO 180689 --- [    Test worker] .b.t.c.SpringBootTestContextBootstrapper : Using TestExecutionListeners: [org.springframework.test.context.web.ServletTestExecutionListener@57bb23a, org.springframework.test.context.support.DirtiesContextBeforeModesTestExecutionListener@5df8ddc7, org.springframework.test.context.event.ApplicationEventsTestExecutionListener@3e5943d4, org.springframework.boot.test.mock.mockito.MockitoTestExecutionListener@2084b5cd, org.springframework.boot.test.autoconfigure.SpringBootDependencyInjectionTestExecutionListener@78b62985, org.springframework.test.context.support.DirtiesContextTestExecutionListener@63bbd5b1, org.springframework.test.context.transaction.TransactionalTestExecutionListener@17087df1, org.springframework.test.context.jdbc.SqlScriptsTestExecutionListener@12a79800, org.springframework.test.context.event.EventPublishingTestExecutionListener@5b9461d0, org.springframework.boot.test.autoconfigure.restdocs.RestDocsTestExecutionListener@663f314e, org.springframework.boot.test.autoconfigure.web.client.MockRestServiceServerResetTestExecutionListener@320c2f8d, org.springframework.boot.test.autoconfigure.web.servlet.MockMvcPrintOnlyOnFailureTestExecutionListener@1c45c654, org.springframework.boot.test.autoconfigure.web.servlet.WebDriverTestExecutionListener@64a7aeed, org.springframework.boot.test.autoconfigure.webservices.client.MockWebServiceServerTestExecutionListener@7b8d4676, org.springframework.boot.test.mock.mockito.ResetMocksTestExecutionListener@282e7ecd]
]]></system-out>
  <system-err><![CDATA[]]></system-err>
</testsuite>
