<?xml version="1.0" encoding="UTF-8"?>
<testsuite name="ca.mcgill.ecse321.MuseumBackend.repository.EmployeeRepositoryTests" tests="2" skipped="0" failures="0" errors="0" timestamp="2022-12-06T03:38:26" hostname="samuel-gp66leopard10ug" time="0.46">
  <properties/>
  <testcase name="testEmployeeToArtworkReference()" classname="ca.mcgill.ecse321.MuseumBackend.repository.EmployeeRepositoryTests" time="0.435"/>
  <testcase name="testPersistAndLoadEmployee()" classname="ca.mcgill.ecse321.MuseumBackend.repository.EmployeeRepositoryTests" time="0.023"/>
  <system-out><![CDATA[2022-12-05 22:38:26.913  INFO 63818 --- [    Test worker] .b.t.c.SpringBootTestContextBootstrapper : Neither @ContextConfiguration nor @ContextHierarchy found for test class [ca.mcgill.ecse321.MuseumBackend.repository.EmployeeRepositoryTests], using SpringBootContextLoader
2022-12-05 22:38:26.913  INFO 63818 --- [    Test worker] o.s.t.c.support.AbstractContextLoader    : Could not detect default resource locations for test class [ca.mcgill.ecse321.MuseumBackend.repository.EmployeeRepositoryTests]: no resource found for suffixes {-context.xml, Context.groovy}.
2022-12-05 22:38:26.913  INFO 63818 --- [    Test worker] t.c.s.AnnotationConfigContextLoaderUtils : Could not detect default configuration classes for test class [ca.mcgill.ecse321.MuseumBackend.repository.EmployeeRepositoryTests]: EmployeeRepositoryTests does not declare any static, non-private, non-final, nested classes annotated with @Configuration.
2022-12-05 22:38:26.914  INFO 63818 --- [    Test worker] .b.t.c.SpringBootTestContextBootstrapper : Found @SpringBootConfiguration ca.mcgill.ecse321.MuseumBackend.MuseumBackendApplication for test class ca.mcgill.ecse321.MuseumBackend.repository.EmployeeRepositoryTests
2022-12-05 22:38:26.914  INFO 63818 --- [    Test worker] .b.t.c.SpringBootTestContextBootstrapper : Loaded default TestExecutionListener class names from location [META-INF/spring.factories]: [org.springframework.boot.test.autoconfigure.restdocs.RestDocsTestExecutionListener, org.springframework.boot.test.autoconfigure.web.client.MockRestServiceServerResetTestExecutionListener, org.springframework.boot.test.autoconfigure.web.servlet.MockMvcPrintOnlyOnFailureTestExecutionListener, org.springframework.boot.test.autoconfigure.web.servlet.WebDriverTestExecutionListener, org.springframework.boot.test.autoconfigure.webservices.client.MockWebServiceServerTestExecutionListener, org.springframework.boot.test.mock.mockito.MockitoTestExecutionListener, org.springframework.boot.test.mock.mockito.ResetMocksTestExecutionListener, org.springframework.test.context.web.ServletTestExecutionListener, org.springframework.test.context.support.DirtiesContextBeforeModesTestExecutionListener, org.springframework.test.context.event.ApplicationEventsTestExecutionListener, org.springframework.test.context.support.DependencyInjectionTestExecutionListener, org.springframework.test.context.support.DirtiesContextTestExecutionListener, org.springframework.test.context.transaction.TransactionalTestExecutionListener, org.springframework.test.context.jdbc.SqlScriptsTestExecutionListener, org.springframework.test.context.event.EventPublishingTestExecutionListener]
2022-12-05 22:38:26.915  INFO 63818 --- [    Test worker] .b.t.c.SpringBootTestContextBootstrapper : Using TestExecutionListeners: [org.springframework.test.context.web.ServletTestExecutionListener@22377f75, org.springframework.test.context.support.DirtiesContextBeforeModesTestExecutionListener@104f8912, org.springframework.test.context.event.ApplicationEventsTestExecutionListener@7832500f, org.springframework.boot.test.mock.mockito.MockitoTestExecutionListener@7e6c5bed, org.springframework.boot.test.autoconfigure.SpringBootDependencyInjectionTestExecutionListener@67b95f82, org.springframework.test.context.support.DirtiesContextTestExecutionListener@bd25d7e, org.springframework.test.context.transaction.TransactionalTestExecutionListener@610ad623, org.springframework.test.context.jdbc.SqlScriptsTestExecutionListener@7d254adc, org.springframework.test.context.event.EventPublishingTestExecutionListener@504d4fb5, org.springframework.boot.test.autoconfigure.restdocs.RestDocsTestExecutionListener@496dd16f, org.springframework.boot.test.autoconfigure.web.client.MockRestServiceServerResetTestExecutionListener@7e61adaf, org.springframework.boot.test.autoconfigure.web.servlet.MockMvcPrintOnlyOnFailureTestExecutionListener@29456b15, org.springframework.boot.test.autoconfigure.web.servlet.WebDriverTestExecutionListener@134fa96f, org.springframework.boot.test.autoconfigure.webservices.client.MockWebServiceServerTestExecutionListener@348ef4c0, org.springframework.boot.test.mock.mockito.ResetMocksTestExecutionListener@47713b2b]
]]></system-out>
  <system-err><![CDATA[]]></system-err>
</testsuite>
