<?xml version="1.0" encoding="UTF-8"?>
<testsuite name="ca.mcgill.ecse321.MuseumBackend.service.TestPersonService" tests="4" skipped="0" failures="0" errors="0" timestamp="2022-12-06T03:08:28" hostname="MacBook-Air-de-Qi.local" time="0.016">
  <properties/>
  <testcase name="testCreatePerson()" classname="ca.mcgill.ecse321.MuseumBackend.service.TestPersonService" time="0.004"/>
  <testcase name="testFindPersonByEmail()" classname="ca.mcgill.ecse321.MuseumBackend.service.TestPersonService" time="0.003"/>
  <testcase name="testChangePersonName()" classname="ca.mcgill.ecse321.MuseumBackend.service.TestPersonService" time="0.003"/>
  <testcase name="testChangePersonPassword()" classname="ca.mcgill.ecse321.MuseumBackend.service.TestPersonService" time="0.004"/>
  <system-out><![CDATA[]]></system-out>
  <system-err><![CDATA[]]></system-err>
</testsuite>
