<?xml version="1.0" encoding="UTF-8"?>
<testsuite name="ca.mcgill.ecse321.MuseumBackend.repository.MuseumRepositoryTests" tests="1" skipped="0" failures="0" errors="0" timestamp="2022-12-03T18:45:37" hostname="MacBook-Air-de-Qi.local" time="0.204">
  <properties/>
  <testcase name="testPersistAndLoadMuseum()" classname="ca.mcgill.ecse321.MuseumBackend.repository.MuseumRepositoryTests" time="0.204"/>
  <system-out><![CDATA[2022-12-03 13:45:37.591  INFO 23514 --- [    Test worker] .b.t.c.SpringBootTestContextBootstrapper : Neither @ContextConfiguration nor @ContextHierarchy found for test class [ca.mcgill.ecse321.MuseumBackend.repository.MuseumRepositoryTests], using SpringBootContextLoader
2022-12-03 13:45:37.592  INFO 23514 --- [    Test worker] o.s.t.c.support.AbstractContextLoader    : Could not detect default resource locations for test class [ca.mcgill.ecse321.MuseumBackend.repository.MuseumRepositoryTests]: no resource found for suffixes {-context.xml, Context.groovy}.
2022-12-03 13:45:37.592  INFO 23514 --- [    Test worker] t.c.s.AnnotationConfigContextLoaderUtils : Could not detect default configuration classes for test class [ca.mcgill.ecse321.MuseumBackend.repository.MuseumRepositoryTests]: MuseumRepositoryTests does not declare any static, non-private, non-final, nested classes annotated with @Configuration.
2022-12-03 13:45:37.594  INFO 23514 --- [    Test worker] .b.t.c.SpringBootTestContextBootstrapper : Found @SpringBootConfiguration ca.mcgill.ecse321.MuseumBackend.MuseumBackendApplication for test class ca.mcgill.ecse321.MuseumBackend.repository.MuseumRepositoryTests
2022-12-03 13:45:37.596  INFO 23514 --- [    Test worker] .b.t.c.SpringBootTestContextBootstrapper : Loaded default TestExecutionListener class names from location [META-INF/spring.factories]: [org.springframework.boot.test.autoconfigure.restdocs.RestDocsTestExecutionListener, org.springframework.boot.test.autoconfigure.web.client.MockRestServiceServerResetTestExecutionListener, org.springframework.boot.test.autoconfigure.web.servlet.MockMvcPrintOnlyOnFailureTestExecutionListener, org.springframework.boot.test.autoconfigure.web.servlet.WebDriverTestExecutionListener, org.springframework.boot.test.autoconfigure.webservices.client.MockWebServiceServerTestExecutionListener, org.springframework.boot.test.mock.mockito.MockitoTestExecutionListener, org.springframework.boot.test.mock.mockito.ResetMocksTestExecutionListener, org.springframework.test.context.web.ServletTestExecutionListener, org.springframework.test.context.support.DirtiesContextBeforeModesTestExecutionListener, org.springframework.test.context.event.ApplicationEventsTestExecutionListener, org.springframework.test.context.support.DependencyInjectionTestExecutionListener, org.springframework.test.context.support.DirtiesContextTestExecutionListener, org.springframework.test.context.transaction.TransactionalTestExecutionListener, org.springframework.test.context.jdbc.SqlScriptsTestExecutionListener, org.springframework.test.context.event.EventPublishingTestExecutionListener]
2022-12-03 13:45:37.597  INFO 23514 --- [    Test worker] .b.t.c.SpringBootTestContextBootstrapper : Using TestExecutionListeners: [org.springframework.test.context.web.ServletTestExecutionListener@b924f78, org.springframework.test.context.support.DirtiesContextBeforeModesTestExecutionListener@290d6811, org.springframework.test.context.event.ApplicationEventsTestExecutionListener@ebd948d, org.springframework.boot.test.mock.mockito.MockitoTestExecutionListener@2245f2ef, org.springframework.boot.test.autoconfigure.SpringBootDependencyInjectionTestExecutionListener@3b359050, org.springframework.test.context.support.DirtiesContextTestExecutionListener@79ba2ac7, org.springframework.test.context.transaction.TransactionalTestExecutionListener@1bc1c081, org.springframework.test.context.jdbc.SqlScriptsTestExecutionListener@161e9b9c, org.springframework.test.context.event.EventPublishingTestExecutionListener@1be3e1f, org.springframework.boot.test.autoconfigure.restdocs.RestDocsTestExecutionListener@29fac0fd, org.springframework.boot.test.autoconfigure.web.client.MockRestServiceServerResetTestExecutionListener@3c2ad88b, org.springframework.boot.test.autoconfigure.web.servlet.MockMvcPrintOnlyOnFailureTestExecutionListener@5e0a76e9, org.springframework.boot.test.autoconfigure.web.servlet.WebDriverTestExecutionListener@2eb4f5f1, org.springframework.boot.test.autoconfigure.webservices.client.MockWebServiceServerTestExecutionListener@513635f2, org.springframework.boot.test.mock.mockito.ResetMocksTestExecutionListener@3b3241df]
true
]]></system-out>
  <system-err><![CDATA[]]></system-err>
</testsuite>
