<?xml version="1.0" encoding="UTF-8"?>
<testsuite name="ca.mcgill.ecse321.MuseumBackend.repository.TicketRepositoryTests" tests="1" skipped="0" failures="0" errors="0" timestamp="2022-12-06T03:08:27" hostname="MacBook-Air-de-Qi.local" time="0.14">
  <properties/>
  <testcase name="testPersistAndLoadTicketPlusReferences()" classname="ca.mcgill.ecse321.MuseumBackend.repository.TicketRepositoryTests" time="0.14"/>
  <system-out><![CDATA[2022-12-05 22:08:27.212  INFO 39074 --- [    Test worker] .b.t.c.SpringBootTestContextBootstrapper : Neither @ContextConfiguration nor @ContextHierarchy found for test class [ca.mcgill.ecse321.MuseumBackend.repository.TicketRepositoryTests], using SpringBootContextLoader
2022-12-05 22:08:27.213  INFO 39074 --- [    Test worker] o.s.t.c.support.AbstractContextLoader    : Could not detect default resource locations for test class [ca.mcgill.ecse321.MuseumBackend.repository.TicketRepositoryTests]: no resource found for suffixes {-context.xml, Context.groovy}.
2022-12-05 22:08:27.213  INFO 39074 --- [    Test worker] t.c.s.AnnotationConfigContextLoaderUtils : Could not detect default configuration classes for test class [ca.mcgill.ecse321.MuseumBackend.repository.TicketRepositoryTests]: TicketRepositoryTests does not declare any static, non-private, non-final, nested classes annotated with @Configuration.
2022-12-05 22:08:27.215  INFO 39074 --- [    Test worker] .b.t.c.SpringBootTestContextBootstrapper : Found @SpringBootConfiguration ca.mcgill.ecse321.MuseumBackend.MuseumBackendApplication for test class ca.mcgill.ecse321.MuseumBackend.repository.TicketRepositoryTests
2022-12-05 22:08:27.216  INFO 39074 --- [    Test worker] .b.t.c.SpringBootTestContextBootstrapper : Loaded default TestExecutionListener class names from location [META-INF/spring.factories]: [org.springframework.boot.test.autoconfigure.restdocs.RestDocsTestExecutionListener, org.springframework.boot.test.autoconfigure.web.client.MockRestServiceServerResetTestExecutionListener, org.springframework.boot.test.autoconfigure.web.servlet.MockMvcPrintOnlyOnFailureTestExecutionListener, org.springframework.boot.test.autoconfigure.web.servlet.WebDriverTestExecutionListener, org.springframework.boot.test.autoconfigure.webservices.client.MockWebServiceServerTestExecutionListener, org.springframework.boot.test.mock.mockito.MockitoTestExecutionListener, org.springframework.boot.test.mock.mockito.ResetMocksTestExecutionListener, org.springframework.test.context.web.ServletTestExecutionListener, org.springframework.test.context.support.DirtiesContextBeforeModesTestExecutionListener, org.springframework.test.context.event.ApplicationEventsTestExecutionListener, org.springframework.test.context.support.DependencyInjectionTestExecutionListener, org.springframework.test.context.support.DirtiesContextTestExecutionListener, org.springframework.test.context.transaction.TransactionalTestExecutionListener, org.springframework.test.context.jdbc.SqlScriptsTestExecutionListener, org.springframework.test.context.event.EventPublishingTestExecutionListener]
2022-12-05 22:08:27.217  INFO 39074 --- [    Test worker] .b.t.c.SpringBootTestContextBootstrapper : Using TestExecutionListeners: [org.springframework.test.context.web.ServletTestExecutionListener@313cd0c, org.springframework.test.context.support.DirtiesContextBeforeModesTestExecutionListener@4c5dafb1, org.springframework.test.context.event.ApplicationEventsTestExecutionListener@105d04c0, org.springframework.boot.test.mock.mockito.MockitoTestExecutionListener@4a4b3025, org.springframework.boot.test.autoconfigure.SpringBootDependencyInjectionTestExecutionListener@572defcd, org.springframework.test.context.support.DirtiesContextTestExecutionListener@76ace2be, org.springframework.test.context.transaction.TransactionalTestExecutionListener@eaf83af, org.springframework.test.context.jdbc.SqlScriptsTestExecutionListener@1d764047, org.springframework.test.context.event.EventPublishingTestExecutionListener@251d87a3, org.springframework.boot.test.autoconfigure.restdocs.RestDocsTestExecutionListener@343538ac, org.springframework.boot.test.autoconfigure.web.client.MockRestServiceServerResetTestExecutionListener@4675777e, org.springframework.boot.test.autoconfigure.web.servlet.MockMvcPrintOnlyOnFailureTestExecutionListener@692e638f, org.springframework.boot.test.autoconfigure.web.servlet.WebDriverTestExecutionListener@2047c196, org.springframework.boot.test.autoconfigure.webservices.client.MockWebServiceServerTestExecutionListener@3d2a7d6a, org.springframework.boot.test.mock.mockito.ResetMocksTestExecutionListener@50893336]
]]></system-out>
  <system-err><![CDATA[]]></system-err>
</testsuite>
