<?xml version="1.0" encoding="UTF-8"?>
<testsuite name="ca.mcgill.ecse321.MuseumBackend.repository.MuseumRepositoryTests" tests="1" skipped="0" failures="0" errors="0" timestamp="2022-12-04T21:23:27" hostname="samuel-gp66leopard10ug" time="1.626">
  <properties/>
  <testcase name="testPersistAndLoadMuseum()" classname="ca.mcgill.ecse321.MuseumBackend.repository.MuseumRepositoryTests" time="1.626"/>
  <system-out><![CDATA[2022-12-04 16:23:27.448  INFO 180689 --- [    Test worker] .b.t.c.SpringBootTestContextBootstrapper : Neither @ContextConfiguration nor @ContextHierarchy found for test class [ca.mcgill.ecse321.MuseumBackend.repository.MuseumRepositoryTests], using SpringBootContextLoader
2022-12-04 16:23:27.449  INFO 180689 --- [    Test worker] o.s.t.c.support.AbstractContextLoader    : Could not detect default resource locations for test class [ca.mcgill.ecse321.MuseumBackend.repository.MuseumRepositoryTests]: no resource found for suffixes {-context.xml, Context.groovy}.
2022-12-04 16:23:27.449  INFO 180689 --- [    Test worker] t.c.s.AnnotationConfigContextLoaderUtils : Could not detect default configuration classes for test class [ca.mcgill.ecse321.MuseumBackend.repository.MuseumRepositoryTests]: MuseumRepositoryTests does not declare any static, non-private, non-final, nested classes annotated with @Configuration.
2022-12-04 16:23:27.449  INFO 180689 --- [    Test worker] .b.t.c.SpringBootTestContextBootstrapper : Found @SpringBootConfiguration ca.mcgill.ecse321.MuseumBackend.MuseumBackendApplication for test class ca.mcgill.ecse321.MuseumBackend.repository.MuseumRepositoryTests
2022-12-04 16:23:27.450  INFO 180689 --- [    Test worker] .b.t.c.SpringBootTestContextBootstrapper : Loaded default TestExecutionListener class names from location [META-INF/spring.factories]: [org.springframework.boot.test.autoconfigure.restdocs.RestDocsTestExecutionListener, org.springframework.boot.test.autoconfigure.web.client.MockRestServiceServerResetTestExecutionListener, org.springframework.boot.test.autoconfigure.web.servlet.MockMvcPrintOnlyOnFailureTestExecutionListener, org.springframework.boot.test.autoconfigure.web.servlet.WebDriverTestExecutionListener, org.springframework.boot.test.autoconfigure.webservices.client.MockWebServiceServerTestExecutionListener, org.springframework.boot.test.mock.mockito.MockitoTestExecutionListener, org.springframework.boot.test.mock.mockito.ResetMocksTestExecutionListener, org.springframework.test.context.web.ServletTestExecutionListener, org.springframework.test.context.support.DirtiesContextBeforeModesTestExecutionListener, org.springframework.test.context.event.ApplicationEventsTestExecutionListener, org.springframework.test.context.support.DependencyInjectionTestExecutionListener, org.springframework.test.context.support.DirtiesContextTestExecutionListener, org.springframework.test.context.transaction.TransactionalTestExecutionListener, org.springframework.test.context.jdbc.SqlScriptsTestExecutionListener, org.springframework.test.context.event.EventPublishingTestExecutionListener]
2022-12-04 16:23:27.450  INFO 180689 --- [    Test worker] .b.t.c.SpringBootTestContextBootstrapper : Using TestExecutionListeners: [org.springframework.test.context.web.ServletTestExecutionListener@70c90744, org.springframework.test.context.support.DirtiesContextBeforeModesTestExecutionListener@562ae5d8, org.springframework.test.context.event.ApplicationEventsTestExecutionListener@71e9f317, org.springframework.boot.test.mock.mockito.MockitoTestExecutionListener@374dc136, org.springframework.boot.test.autoconfigure.SpringBootDependencyInjectionTestExecutionListener@f8613bc, org.springframework.test.context.support.DirtiesContextTestExecutionListener@e0333b1, org.springframework.test.context.transaction.TransactionalTestExecutionListener@304c182d, org.springframework.test.context.jdbc.SqlScriptsTestExecutionListener@69513b63, org.springframework.test.context.event.EventPublishingTestExecutionListener@5675ce06, org.springframework.boot.test.autoconfigure.restdocs.RestDocsTestExecutionListener@417cf1c2, org.springframework.boot.test.autoconfigure.web.client.MockRestServiceServerResetTestExecutionListener@112104b0, org.springframework.boot.test.autoconfigure.web.servlet.MockMvcPrintOnlyOnFailureTestExecutionListener@71cbbfd4, org.springframework.boot.test.autoconfigure.web.servlet.WebDriverTestExecutionListener@9b65a15, org.springframework.boot.test.autoconfigure.webservices.client.MockWebServiceServerTestExecutionListener@2fe25800, org.springframework.boot.test.mock.mockito.ResetMocksTestExecutionListener@367fddc8]
true
]]></system-out>
  <system-err><![CDATA[]]></system-err>
</testsuite>
