<?xml version="1.0" encoding="UTF-8"?>
<testsuite name="ca.mcgill.ecse321.MuseumBackend.repository.DisplayRepositoryTests" tests="2" skipped="0" failures="0" errors="0" timestamp="2022-12-04T21:23:21" hostname="samuel-gp66leopard10ug" time="1.52">
  <properties/>
  <testcase name="testRoomToArtworkReference()" classname="ca.mcgill.ecse321.MuseumBackend.repository.DisplayRepositoryTests" time="1.512"/>
  <testcase name="testPersistAndLoadDisplay()" classname="ca.mcgill.ecse321.MuseumBackend.repository.DisplayRepositoryTests" time="0.007"/>
  <system-out><![CDATA[2022-12-04 16:23:21.224  INFO 180689 --- [    Test worker] .b.t.c.SpringBootTestContextBootstrapper : Neither @ContextConfiguration nor @ContextHierarchy found for test class [ca.mcgill.ecse321.MuseumBackend.repository.DisplayRepositoryTests], using SpringBootContextLoader
2022-12-04 16:23:21.224  INFO 180689 --- [    Test worker] o.s.t.c.support.AbstractContextLoader    : Could not detect default resource locations for test class [ca.mcgill.ecse321.MuseumBackend.repository.DisplayRepositoryTests]: no resource found for suffixes {-context.xml, Context.groovy}.
2022-12-04 16:23:21.224  INFO 180689 --- [    Test worker] t.c.s.AnnotationConfigContextLoaderUtils : Could not detect default configuration classes for test class [ca.mcgill.ecse321.MuseumBackend.repository.DisplayRepositoryTests]: DisplayRepositoryTests does not declare any static, non-private, non-final, nested classes annotated with @Configuration.
2022-12-04 16:23:21.225  INFO 180689 --- [    Test worker] .b.t.c.SpringBootTestContextBootstrapper : Found @SpringBootConfiguration ca.mcgill.ecse321.MuseumBackend.MuseumBackendApplication for test class ca.mcgill.ecse321.MuseumBackend.repository.DisplayRepositoryTests
2022-12-04 16:23:21.225  INFO 180689 --- [    Test worker] .b.t.c.SpringBootTestContextBootstrapper : Loaded default TestExecutionListener class names from location [META-INF/spring.factories]: [org.springframework.boot.test.autoconfigure.restdocs.RestDocsTestExecutionListener, org.springframework.boot.test.autoconfigure.web.client.MockRestServiceServerResetTestExecutionListener, org.springframework.boot.test.autoconfigure.web.servlet.MockMvcPrintOnlyOnFailureTestExecutionListener, org.springframework.boot.test.autoconfigure.web.servlet.WebDriverTestExecutionListener, org.springframework.boot.test.autoconfigure.webservices.client.MockWebServiceServerTestExecutionListener, org.springframework.boot.test.mock.mockito.MockitoTestExecutionListener, org.springframework.boot.test.mock.mockito.ResetMocksTestExecutionListener, org.springframework.test.context.web.ServletTestExecutionListener, org.springframework.test.context.support.DirtiesContextBeforeModesTestExecutionListener, org.springframework.test.context.event.ApplicationEventsTestExecutionListener, org.springframework.test.context.support.DependencyInjectionTestExecutionListener, org.springframework.test.context.support.DirtiesContextTestExecutionListener, org.springframework.test.context.transaction.TransactionalTestExecutionListener, org.springframework.test.context.jdbc.SqlScriptsTestExecutionListener, org.springframework.test.context.event.EventPublishingTestExecutionListener]
2022-12-04 16:23:21.226  INFO 180689 --- [    Test worker] .b.t.c.SpringBootTestContextBootstrapper : Using TestExecutionListeners: [org.springframework.test.context.web.ServletTestExecutionListener@57938148, org.springframework.test.context.support.DirtiesContextBeforeModesTestExecutionListener@4e05911c, org.springframework.test.context.event.ApplicationEventsTestExecutionListener@7657c525, org.springframework.boot.test.mock.mockito.MockitoTestExecutionListener@16354741, org.springframework.boot.test.autoconfigure.SpringBootDependencyInjectionTestExecutionListener@5d671d0e, org.springframework.test.context.support.DirtiesContextTestExecutionListener@3f08facf, org.springframework.test.context.transaction.TransactionalTestExecutionListener@773e6ee6, org.springframework.test.context.jdbc.SqlScriptsTestExecutionListener@4b8d200f, org.springframework.test.context.event.EventPublishingTestExecutionListener@2ee7db1d, org.springframework.boot.test.autoconfigure.restdocs.RestDocsTestExecutionListener@5641828c, org.springframework.boot.test.autoconfigure.web.client.MockRestServiceServerResetTestExecutionListener@528c9ffc, org.springframework.boot.test.autoconfigure.web.servlet.MockMvcPrintOnlyOnFailureTestExecutionListener@70a350fa, org.springframework.boot.test.autoconfigure.web.servlet.WebDriverTestExecutionListener@608c52c0, org.springframework.boot.test.autoconfigure.webservices.client.MockWebServiceServerTestExecutionListener@3a83e9bf, org.springframework.boot.test.mock.mockito.ResetMocksTestExecutionListener@c46e26c]
]]></system-out>
  <system-err><![CDATA[]]></system-err>
</testsuite>
