<?xml version="1.0" encoding="UTF-8"?>
<testsuite name="ca.mcgill.ecse321.MuseumBackend.integration.PersonIntegrationTest" tests="5" skipped="0" failures="0" errors="0" timestamp="2022-12-06T03:08:18" hostname="MacBook-Air-de-Qi.local" time="1.09">
  <properties/>
  <testcase name="testCreateGetAndDeletePerson()" classname="ca.mcgill.ecse321.MuseumBackend.integration.PersonIntegrationTest" time="0.284"/>
  <testcase name="testCreateAndGetPerson()" classname="ca.mcgill.ecse321.MuseumBackend.integration.PersonIntegrationTest" time="0.108"/>
  <testcase name="testCreateAndGetPersonAndChangeName()" classname="ca.mcgill.ecse321.MuseumBackend.integration.PersonIntegrationTest" time="0.201"/>
  <testcase name="testCreateAndGetPersonAndChangePassword()" classname="ca.mcgill.ecse321.MuseumBackend.integration.PersonIntegrationTest" time="0.194"/>
  <testcase name="testCreateAndGetPersonAndCreateAndGetPersonRoles()" classname="ca.mcgill.ecse321.MuseumBackend.integration.PersonIntegrationTest" time="0.298"/>
  <system-out><![CDATA[2022-12-05 22:08:18.665  INFO 39074 --- [    Test worker] .b.t.c.SpringBootTestContextBootstrapper : Neither @ContextConfiguration nor @ContextHierarchy found for test class [ca.mcgill.ecse321.MuseumBackend.integration.PersonIntegrationTest], using SpringBootContextLoader
2022-12-05 22:08:18.666  INFO 39074 --- [    Test worker] o.s.t.c.support.AbstractContextLoader    : Could not detect default resource locations for test class [ca.mcgill.ecse321.MuseumBackend.integration.PersonIntegrationTest]: no resource found for suffixes {-context.xml, Context.groovy}.
2022-12-05 22:08:18.666  INFO 39074 --- [    Test worker] t.c.s.AnnotationConfigContextLoaderUtils : Could not detect default configuration classes for test class [ca.mcgill.ecse321.MuseumBackend.integration.PersonIntegrationTest]: PersonIntegrationTest does not declare any static, non-private, non-final, nested classes annotated with @Configuration.
2022-12-05 22:08:18.667  INFO 39074 --- [    Test worker] .b.t.c.SpringBootTestContextBootstrapper : Found @SpringBootConfiguration ca.mcgill.ecse321.MuseumBackend.MuseumBackendApplication for test class ca.mcgill.ecse321.MuseumBackend.integration.PersonIntegrationTest
2022-12-05 22:08:18.669  INFO 39074 --- [    Test worker] .b.t.c.SpringBootTestContextBootstrapper : Loaded default TestExecutionListener class names from location [META-INF/spring.factories]: [org.springframework.boot.test.autoconfigure.restdocs.RestDocsTestExecutionListener, org.springframework.boot.test.autoconfigure.web.client.MockRestServiceServerResetTestExecutionListener, org.springframework.boot.test.autoconfigure.web.servlet.MockMvcPrintOnlyOnFailureTestExecutionListener, org.springframework.boot.test.autoconfigure.web.servlet.WebDriverTestExecutionListener, org.springframework.boot.test.autoconfigure.webservices.client.MockWebServiceServerTestExecutionListener, org.springframework.boot.test.mock.mockito.MockitoTestExecutionListener, org.springframework.boot.test.mock.mockito.ResetMocksTestExecutionListener, org.springframework.test.context.web.ServletTestExecutionListener, org.springframework.test.context.support.DirtiesContextBeforeModesTestExecutionListener, org.springframework.test.context.event.ApplicationEventsTestExecutionListener, org.springframework.test.context.support.DependencyInjectionTestExecutionListener, org.springframework.test.context.support.DirtiesContextTestExecutionListener, org.springframework.test.context.transaction.TransactionalTestExecutionListener, org.springframework.test.context.jdbc.SqlScriptsTestExecutionListener, org.springframework.test.context.event.EventPublishingTestExecutionListener]
2022-12-05 22:08:18.669  INFO 39074 --- [    Test worker] .b.t.c.SpringBootTestContextBootstrapper : Using TestExecutionListeners: [org.springframework.test.context.web.ServletTestExecutionListener@4b957eae, org.springframework.test.context.support.DirtiesContextBeforeModesTestExecutionListener@5d729a6f, org.springframework.test.context.event.ApplicationEventsTestExecutionListener@6bc2c936, org.springframework.boot.test.mock.mockito.MockitoTestExecutionListener@5176e428, org.springframework.boot.test.autoconfigure.SpringBootDependencyInjectionTestExecutionListener@317680a6, org.springframework.test.context.support.DirtiesContextTestExecutionListener@781ec505, org.springframework.test.context.transaction.TransactionalTestExecutionListener@5682849, org.springframework.test.context.jdbc.SqlScriptsTestExecutionListener@63d9db68, org.springframework.test.context.event.EventPublishingTestExecutionListener@662f0405, org.springframework.boot.test.autoconfigure.restdocs.RestDocsTestExecutionListener@6817d328, org.springframework.boot.test.autoconfigure.web.client.MockRestServiceServerResetTestExecutionListener@2c799403, org.springframework.boot.test.autoconfigure.web.servlet.MockMvcPrintOnlyOnFailureTestExecutionListener@156087f, org.springframework.boot.test.autoconfigure.web.servlet.WebDriverTestExecutionListener@1f472b7c, org.springframework.boot.test.autoconfigure.webservices.client.MockWebServiceServerTestExecutionListener@491f352f, org.springframework.boot.test.mock.mockito.ResetMocksTestExecutionListener@29267983]
]]></system-out>
  <system-err><![CDATA[]]></system-err>
</testsuite>
