<?xml version="1.0" encoding="UTF-8"?>
<testsuite name="ca.mcgill.ecse321.MuseumBackend.integration.TestAdminIntegration" tests="3" skipped="0" failures="0" errors="0" timestamp="2022-12-03T18:45:33" hostname="MacBook-Air-de-Qi.local" time="0.252">
  <properties/>
  <testcase name="testCreateAndGetAndDeleteAdmin()" classname="ca.mcgill.ecse321.MuseumBackend.integration.TestAdminIntegration" time="0.183"/>
  <testcase name="testCreateInvalidAdmin()" classname="ca.mcgill.ecse321.MuseumBackend.integration.TestAdminIntegration" time="0.046"/>
  <testcase name="testGetInvalidAdmin()" classname="ca.mcgill.ecse321.MuseumBackend.integration.TestAdminIntegration" time="0.021"/>
  <system-out><![CDATA[2022-12-03 13:45:33.747  INFO 23514 --- [    Test worker] .b.t.c.SpringBootTestContextBootstrapper : Neither @ContextConfiguration nor @ContextHierarchy found for test class [ca.mcgill.ecse321.MuseumBackend.integration.TestAdminIntegration], using SpringBootContextLoader
2022-12-03 13:45:33.748  INFO 23514 --- [    Test worker] o.s.t.c.support.AbstractContextLoader    : Could not detect default resource locations for test class [ca.mcgill.ecse321.MuseumBackend.integration.TestAdminIntegration]: no resource found for suffixes {-context.xml, Context.groovy}.
2022-12-03 13:45:33.749  INFO 23514 --- [    Test worker] t.c.s.AnnotationConfigContextLoaderUtils : Could not detect default configuration classes for test class [ca.mcgill.ecse321.MuseumBackend.integration.TestAdminIntegration]: TestAdminIntegration does not declare any static, non-private, non-final, nested classes annotated with @Configuration.
2022-12-03 13:45:33.750  INFO 23514 --- [    Test worker] .b.t.c.SpringBootTestContextBootstrapper : Found @SpringBootConfiguration ca.mcgill.ecse321.MuseumBackend.MuseumBackendApplication for test class ca.mcgill.ecse321.MuseumBackend.integration.TestAdminIntegration
2022-12-03 13:45:33.752  INFO 23514 --- [    Test worker] .b.t.c.SpringBootTestContextBootstrapper : Loaded default TestExecutionListener class names from location [META-INF/spring.factories]: [org.springframework.boot.test.autoconfigure.restdocs.RestDocsTestExecutionListener, org.springframework.boot.test.autoconfigure.web.client.MockRestServiceServerResetTestExecutionListener, org.springframework.boot.test.autoconfigure.web.servlet.MockMvcPrintOnlyOnFailureTestExecutionListener, org.springframework.boot.test.autoconfigure.web.servlet.WebDriverTestExecutionListener, org.springframework.boot.test.autoconfigure.webservices.client.MockWebServiceServerTestExecutionListener, org.springframework.boot.test.mock.mockito.MockitoTestExecutionListener, org.springframework.boot.test.mock.mockito.ResetMocksTestExecutionListener, org.springframework.test.context.web.ServletTestExecutionListener, org.springframework.test.context.support.DirtiesContextBeforeModesTestExecutionListener, org.springframework.test.context.event.ApplicationEventsTestExecutionListener, org.springframework.test.context.support.DependencyInjectionTestExecutionListener, org.springframework.test.context.support.DirtiesContextTestExecutionListener, org.springframework.test.context.transaction.TransactionalTestExecutionListener, org.springframework.test.context.jdbc.SqlScriptsTestExecutionListener, org.springframework.test.context.event.EventPublishingTestExecutionListener]
2022-12-03 13:45:33.752  INFO 23514 --- [    Test worker] .b.t.c.SpringBootTestContextBootstrapper : Using TestExecutionListeners: [org.springframework.test.context.web.ServletTestExecutionListener@5826928f, org.springframework.test.context.support.DirtiesContextBeforeModesTestExecutionListener@4e841181, org.springframework.test.context.event.ApplicationEventsTestExecutionListener@64bfcb1f, org.springframework.boot.test.mock.mockito.MockitoTestExecutionListener@7ec14819, org.springframework.boot.test.autoconfigure.SpringBootDependencyInjectionTestExecutionListener@121f1fa4, org.springframework.test.context.support.DirtiesContextTestExecutionListener@7cf90c7f, org.springframework.test.context.transaction.TransactionalTestExecutionListener@6604c7cc, org.springframework.test.context.jdbc.SqlScriptsTestExecutionListener@12f1da95, org.springframework.test.context.event.EventPublishingTestExecutionListener@78f91550, org.springframework.boot.test.autoconfigure.restdocs.RestDocsTestExecutionListener@4c5774c4, org.springframework.boot.test.autoconfigure.web.client.MockRestServiceServerResetTestExecutionListener@cade025, org.springframework.boot.test.autoconfigure.web.servlet.MockMvcPrintOnlyOnFailureTestExecutionListener@1094a657, org.springframework.boot.test.autoconfigure.web.servlet.WebDriverTestExecutionListener@20777280, org.springframework.boot.test.autoconfigure.webservices.client.MockWebServiceServerTestExecutionListener@5771d31e, org.springframework.boot.test.mock.mockito.ResetMocksTestExecutionListener@343ead1d]
]]></system-out>
  <system-err><![CDATA[]]></system-err>
</testsuite>
