<?xml version="1.0" encoding="UTF-8"?>
<testsuite name="ca.mcgill.ecse321.MuseumBackend.repository.PersonRepositoryTests" tests="2" skipped="0" failures="0" errors="0" timestamp="2022-12-04T21:23:29" hostname="samuel-gp66leopard10ug" time="1.701">
  <properties/>
  <testcase name="testPersonAssociations()" classname="ca.mcgill.ecse321.MuseumBackend.repository.PersonRepositoryTests" time="1.692"/>
  <testcase name="testPersonPersistAndLoad()" classname="ca.mcgill.ecse321.MuseumBackend.repository.PersonRepositoryTests" time="0.008"/>
  <system-out><![CDATA[2022-12-04 16:23:29.078  INFO 180689 --- [    Test worker] .b.t.c.SpringBootTestContextBootstrapper : Neither @ContextConfiguration nor @ContextHierarchy found for test class [ca.mcgill.ecse321.MuseumBackend.repository.PersonRepositoryTests], using SpringBootContextLoader
2022-12-04 16:23:29.078  INFO 180689 --- [    Test worker] o.s.t.c.support.AbstractContextLoader    : Could not detect default resource locations for test class [ca.mcgill.ecse321.MuseumBackend.repository.PersonRepositoryTests]: no resource found for suffixes {-context.xml, Context.groovy}.
2022-12-04 16:23:29.078  INFO 180689 --- [    Test worker] t.c.s.AnnotationConfigContextLoaderUtils : Could not detect default configuration classes for test class [ca.mcgill.ecse321.MuseumBackend.repository.PersonRepositoryTests]: PersonRepositoryTests does not declare any static, non-private, non-final, nested classes annotated with @Configuration.
2022-12-04 16:23:29.079  INFO 180689 --- [    Test worker] .b.t.c.SpringBootTestContextBootstrapper : Found @SpringBootConfiguration ca.mcgill.ecse321.MuseumBackend.MuseumBackendApplication for test class ca.mcgill.ecse321.MuseumBackend.repository.PersonRepositoryTests
2022-12-04 16:23:29.079  INFO 180689 --- [    Test worker] .b.t.c.SpringBootTestContextBootstrapper : Loaded default TestExecutionListener class names from location [META-INF/spring.factories]: [org.springframework.boot.test.autoconfigure.restdocs.RestDocsTestExecutionListener, org.springframework.boot.test.autoconfigure.web.client.MockRestServiceServerResetTestExecutionListener, org.springframework.boot.test.autoconfigure.web.servlet.MockMvcPrintOnlyOnFailureTestExecutionListener, org.springframework.boot.test.autoconfigure.web.servlet.WebDriverTestExecutionListener, org.springframework.boot.test.autoconfigure.webservices.client.MockWebServiceServerTestExecutionListener, org.springframework.boot.test.mock.mockito.MockitoTestExecutionListener, org.springframework.boot.test.mock.mockito.ResetMocksTestExecutionListener, org.springframework.test.context.web.ServletTestExecutionListener, org.springframework.test.context.support.DirtiesContextBeforeModesTestExecutionListener, org.springframework.test.context.event.ApplicationEventsTestExecutionListener, org.springframework.test.context.support.DependencyInjectionTestExecutionListener, org.springframework.test.context.support.DirtiesContextTestExecutionListener, org.springframework.test.context.transaction.TransactionalTestExecutionListener, org.springframework.test.context.jdbc.SqlScriptsTestExecutionListener, org.springframework.test.context.event.EventPublishingTestExecutionListener]
2022-12-04 16:23:29.079  INFO 180689 --- [    Test worker] .b.t.c.SpringBootTestContextBootstrapper : Using TestExecutionListeners: [org.springframework.test.context.web.ServletTestExecutionListener@4eb11142, org.springframework.test.context.support.DirtiesContextBeforeModesTestExecutionListener@23a766bd, org.springframework.test.context.event.ApplicationEventsTestExecutionListener@76a285c4, org.springframework.boot.test.mock.mockito.MockitoTestExecutionListener@325d967, org.springframework.boot.test.autoconfigure.SpringBootDependencyInjectionTestExecutionListener@45d8f340, org.springframework.test.context.support.DirtiesContextTestExecutionListener@5dd2e7c8, org.springframework.test.context.transaction.TransactionalTestExecutionListener@3f3cd513, org.springframework.test.context.jdbc.SqlScriptsTestExecutionListener@127fcd72, org.springframework.test.context.event.EventPublishingTestExecutionListener@10bf7e8e, org.springframework.boot.test.autoconfigure.restdocs.RestDocsTestExecutionListener@5a1927f6, org.springframework.boot.test.autoconfigure.web.client.MockRestServiceServerResetTestExecutionListener@3d4e5eb, org.springframework.boot.test.autoconfigure.web.servlet.MockMvcPrintOnlyOnFailureTestExecutionListener@6f2cbcbe, org.springframework.boot.test.autoconfigure.web.servlet.WebDriverTestExecutionListener@40cf4db, org.springframework.boot.test.autoconfigure.webservices.client.MockWebServiceServerTestExecutionListener@1739453b, org.springframework.boot.test.mock.mockito.ResetMocksTestExecutionListener@33e6018a]
]]></system-out>
  <system-err><![CDATA[]]></system-err>
</testsuite>
