<?xml version="1.0" encoding="UTF-8"?>
<testsuite name="ca.mcgill.ecse321.MuseumBackend.repository.EmployeeRepositoryTests" tests="2" skipped="0" failures="0" errors="0" timestamp="2022-12-03T18:45:37" hostname="MacBook-Air-de-Qi.local" time="0.181">
  <properties/>
  <testcase name="testEmployeeToArtworkReference()" classname="ca.mcgill.ecse321.MuseumBackend.repository.EmployeeRepositoryTests" time="0.143"/>
  <testcase name="testPersistAndLoadEmployee()" classname="ca.mcgill.ecse321.MuseumBackend.repository.EmployeeRepositoryTests" time="0.038"/>
  <system-out><![CDATA[2022-12-03 13:45:37.241  INFO 23514 --- [    Test worker] .b.t.c.SpringBootTestContextBootstrapper : Neither @ContextConfiguration nor @ContextHierarchy found for test class [ca.mcgill.ecse321.MuseumBackend.repository.EmployeeRepositoryTests], using SpringBootContextLoader
2022-12-03 13:45:37.243  INFO 23514 --- [    Test worker] o.s.t.c.support.AbstractContextLoader    : Could not detect default resource locations for test class [ca.mcgill.ecse321.MuseumBackend.repository.EmployeeRepositoryTests]: no resource found for suffixes {-context.xml, Context.groovy}.
2022-12-03 13:45:37.243  INFO 23514 --- [    Test worker] t.c.s.AnnotationConfigContextLoaderUtils : Could not detect default configuration classes for test class [ca.mcgill.ecse321.MuseumBackend.repository.EmployeeRepositoryTests]: EmployeeRepositoryTests does not declare any static, non-private, non-final, nested classes annotated with @Configuration.
2022-12-03 13:45:37.245  INFO 23514 --- [    Test worker] .b.t.c.SpringBootTestContextBootstrapper : Found @SpringBootConfiguration ca.mcgill.ecse321.MuseumBackend.MuseumBackendApplication for test class ca.mcgill.ecse321.MuseumBackend.repository.EmployeeRepositoryTests
2022-12-03 13:45:37.247  INFO 23514 --- [    Test worker] .b.t.c.SpringBootTestContextBootstrapper : Loaded default TestExecutionListener class names from location [META-INF/spring.factories]: [org.springframework.boot.test.autoconfigure.restdocs.RestDocsTestExecutionListener, org.springframework.boot.test.autoconfigure.web.client.MockRestServiceServerResetTestExecutionListener, org.springframework.boot.test.autoconfigure.web.servlet.MockMvcPrintOnlyOnFailureTestExecutionListener, org.springframework.boot.test.autoconfigure.web.servlet.WebDriverTestExecutionListener, org.springframework.boot.test.autoconfigure.webservices.client.MockWebServiceServerTestExecutionListener, org.springframework.boot.test.mock.mockito.MockitoTestExecutionListener, org.springframework.boot.test.mock.mockito.ResetMocksTestExecutionListener, org.springframework.test.context.web.ServletTestExecutionListener, org.springframework.test.context.support.DirtiesContextBeforeModesTestExecutionListener, org.springframework.test.context.event.ApplicationEventsTestExecutionListener, org.springframework.test.context.support.DependencyInjectionTestExecutionListener, org.springframework.test.context.support.DirtiesContextTestExecutionListener, org.springframework.test.context.transaction.TransactionalTestExecutionListener, org.springframework.test.context.jdbc.SqlScriptsTestExecutionListener, org.springframework.test.context.event.EventPublishingTestExecutionListener]
2022-12-03 13:45:37.248  INFO 23514 --- [    Test worker] .b.t.c.SpringBootTestContextBootstrapper : Using TestExecutionListeners: [org.springframework.test.context.web.ServletTestExecutionListener@235f7a92, org.springframework.test.context.support.DirtiesContextBeforeModesTestExecutionListener@47c53b40, org.springframework.test.context.event.ApplicationEventsTestExecutionListener@ad263fc, org.springframework.boot.test.mock.mockito.MockitoTestExecutionListener@6098b882, org.springframework.boot.test.autoconfigure.SpringBootDependencyInjectionTestExecutionListener@38cbc5e9, org.springframework.test.context.support.DirtiesContextTestExecutionListener@563ae68b, org.springframework.test.context.transaction.TransactionalTestExecutionListener@4feeb233, org.springframework.test.context.jdbc.SqlScriptsTestExecutionListener@6a975fe4, org.springframework.test.context.event.EventPublishingTestExecutionListener@c152bd2, org.springframework.boot.test.autoconfigure.restdocs.RestDocsTestExecutionListener@d1a8a65, org.springframework.boot.test.autoconfigure.web.client.MockRestServiceServerResetTestExecutionListener@37dfcedf, org.springframework.boot.test.autoconfigure.web.servlet.MockMvcPrintOnlyOnFailureTestExecutionListener@67e7dfbf, org.springframework.boot.test.autoconfigure.web.servlet.WebDriverTestExecutionListener@4289232a, org.springframework.boot.test.autoconfigure.webservices.client.MockWebServiceServerTestExecutionListener@1b99c0bc, org.springframework.boot.test.mock.mockito.ResetMocksTestExecutionListener@52f95c26]
]]></system-out>
  <system-err><![CDATA[]]></system-err>
</testsuite>
