<?xml version="1.0" encoding="UTF-8"?>
<testsuite name="ca.mcgill.ecse321.MuseumBackend.repository.DisplayRepositoryTests" tests="2" skipped="0" failures="0" errors="0" timestamp="2022-12-06T03:08:26" hostname="MacBook-Air-de-Qi.local" time="0.13">
  <properties/>
  <testcase name="testRoomToArtworkReference()" classname="ca.mcgill.ecse321.MuseumBackend.repository.DisplayRepositoryTests" time="0.089"/>
  <testcase name="testPersistAndLoadDisplay()" classname="ca.mcgill.ecse321.MuseumBackend.repository.DisplayRepositoryTests" time="0.039"/>
  <system-out><![CDATA[2022-12-05 22:08:26.219  INFO 39074 --- [    Test worker] .b.t.c.SpringBootTestContextBootstrapper : Neither @ContextConfiguration nor @ContextHierarchy found for test class [ca.mcgill.ecse321.MuseumBackend.repository.DisplayRepositoryTests], using SpringBootContextLoader
2022-12-05 22:08:26.220  INFO 39074 --- [    Test worker] o.s.t.c.support.AbstractContextLoader    : Could not detect default resource locations for test class [ca.mcgill.ecse321.MuseumBackend.repository.DisplayRepositoryTests]: no resource found for suffixes {-context.xml, Context.groovy}.
2022-12-05 22:08:26.220  INFO 39074 --- [    Test worker] t.c.s.AnnotationConfigContextLoaderUtils : Could not detect default configuration classes for test class [ca.mcgill.ecse321.MuseumBackend.repository.DisplayRepositoryTests]: DisplayRepositoryTests does not declare any static, non-private, non-final, nested classes annotated with @Configuration.
2022-12-05 22:08:26.222  INFO 39074 --- [    Test worker] .b.t.c.SpringBootTestContextBootstrapper : Found @SpringBootConfiguration ca.mcgill.ecse321.MuseumBackend.MuseumBackendApplication for test class ca.mcgill.ecse321.MuseumBackend.repository.DisplayRepositoryTests
2022-12-05 22:08:26.223  INFO 39074 --- [    Test worker] .b.t.c.SpringBootTestContextBootstrapper : Loaded default TestExecutionListener class names from location [META-INF/spring.factories]: [org.springframework.boot.test.autoconfigure.restdocs.RestDocsTestExecutionListener, org.springframework.boot.test.autoconfigure.web.client.MockRestServiceServerResetTestExecutionListener, org.springframework.boot.test.autoconfigure.web.servlet.MockMvcPrintOnlyOnFailureTestExecutionListener, org.springframework.boot.test.autoconfigure.web.servlet.WebDriverTestExecutionListener, org.springframework.boot.test.autoconfigure.webservices.client.MockWebServiceServerTestExecutionListener, org.springframework.boot.test.mock.mockito.MockitoTestExecutionListener, org.springframework.boot.test.mock.mockito.ResetMocksTestExecutionListener, org.springframework.test.context.web.ServletTestExecutionListener, org.springframework.test.context.support.DirtiesContextBeforeModesTestExecutionListener, org.springframework.test.context.event.ApplicationEventsTestExecutionListener, org.springframework.test.context.support.DependencyInjectionTestExecutionListener, org.springframework.test.context.support.DirtiesContextTestExecutionListener, org.springframework.test.context.transaction.TransactionalTestExecutionListener, org.springframework.test.context.jdbc.SqlScriptsTestExecutionListener, org.springframework.test.context.event.EventPublishingTestExecutionListener]
2022-12-05 22:08:26.224  INFO 39074 --- [    Test worker] .b.t.c.SpringBootTestContextBootstrapper : Using TestExecutionListeners: [org.springframework.test.context.web.ServletTestExecutionListener@1eb7ca95, org.springframework.test.context.support.DirtiesContextBeforeModesTestExecutionListener@7f635a90, org.springframework.test.context.event.ApplicationEventsTestExecutionListener@19b225a1, org.springframework.boot.test.mock.mockito.MockitoTestExecutionListener@2be25953, org.springframework.boot.test.autoconfigure.SpringBootDependencyInjectionTestExecutionListener@b21ddd8, org.springframework.test.context.support.DirtiesContextTestExecutionListener@6e73b1f6, org.springframework.test.context.transaction.TransactionalTestExecutionListener@66e41eb4, org.springframework.test.context.jdbc.SqlScriptsTestExecutionListener@5ff5ebfa, org.springframework.test.context.event.EventPublishingTestExecutionListener@5a3f22c1, org.springframework.boot.test.autoconfigure.restdocs.RestDocsTestExecutionListener@29b0c471, org.springframework.boot.test.autoconfigure.web.client.MockRestServiceServerResetTestExecutionListener@6f677e4d, org.springframework.boot.test.autoconfigure.web.servlet.MockMvcPrintOnlyOnFailureTestExecutionListener@1fbde260, org.springframework.boot.test.autoconfigure.web.servlet.WebDriverTestExecutionListener@3cb7e27c, org.springframework.boot.test.autoconfigure.webservices.client.MockWebServiceServerTestExecutionListener@130b3ad7, org.springframework.boot.test.mock.mockito.ResetMocksTestExecutionListener@47cabbed]
]]></system-out>
  <system-err><![CDATA[]]></system-err>
</testsuite>
