<?xml version="1.0" encoding="UTF-8"?>
<testsuite name="ca.mcgill.ecse321.MuseumBackend.service.LoanServiceTest" tests="12" skipped="0" failures="0" errors="0" timestamp="2022-12-06T03:08:27" hostname="MacBook-Air-de-Qi.local" time="0.109">
  <properties/>
  <testcase name="testReturnArtworkandEndLoanInvalidStatus()" classname="ca.mcgill.ecse321.MuseumBackend.service.LoanServiceTest" time="0.064"/>
  <testcase name="testApproveLoanInvalidIsLonable()" classname="ca.mcgill.ecse321.MuseumBackend.service.LoanServiceTest" time="0.003"/>
  <testcase name="testGetAllLoans()" classname="ca.mcgill.ecse321.MuseumBackend.service.LoanServiceTest" time="0.003"/>
  <testcase name="testApproveLoanInvalid()" classname="ca.mcgill.ecse321.MuseumBackend.service.LoanServiceTest" time="0.001"/>
  <testcase name="testDeleteLoanInvalid()" classname="ca.mcgill.ecse321.MuseumBackend.service.LoanServiceTest" time="0.002"/>
  <testcase name="testGetArtById()" classname="ca.mcgill.ecse321.MuseumBackend.service.LoanServiceTest" time="0.003"/>
  <testcase name="testApproveLoanInvalidStatus()" classname="ca.mcgill.ecse321.MuseumBackend.service.LoanServiceTest" time="0.003"/>
  <testcase name="testApproveLoan()" classname="ca.mcgill.ecse321.MuseumBackend.service.LoanServiceTest" time="0.004"/>
  <testcase name="testCreateLoan()" classname="ca.mcgill.ecse321.MuseumBackend.service.LoanServiceTest" time="0.004"/>
  <testcase name="testDeleteLoan()" classname="ca.mcgill.ecse321.MuseumBackend.service.LoanServiceTest" time="0.005"/>
  <testcase name="testReturnArtworkandEndLoan()" classname="ca.mcgill.ecse321.MuseumBackend.service.LoanServiceTest" time="0.005"/>
  <testcase name="testDenyLoan()" classname="ca.mcgill.ecse321.MuseumBackend.service.LoanServiceTest" time="0.004"/>
  <system-out><![CDATA[ca.mcgill.ecse321.MuseumBackend.model.Artwork@4ec789f6[isLoanable:false,value:0.0,artworkId:0,artworkName:null]
  museum = null
  room = nullTHIS IS WRONG
nullHEY GUYS ITS ME AGAI
ca.mcgill.ecse321.MuseumBackend.model.Artwork@21f982c0[isLoanable:false,value:0.0,artworkId:0,artworkName:null]
  museum = null
  room = nullTHIS IS WRONG
ca.mcgill.ecse321.MuseumBackend.model.Artwork@4a85e9e1[isLoanable:true,value:0.0,artworkId:0,artworkName:null]
  museum = null
  room = nullTHIS IS WRONG
ca.mcgill.ecse321.MuseumBackend.model.Loan@309d2156[rentalFee:0.0,numOfDays:12,loanId:0]
  startDate=null
  endDate=null
  status=Requested
  museum = null
  customer = 4a630349
  artwork = 70d5c532HEY GUYS ITS ME AGAI
reach here
Requested
Alex is a stupid bitch
]]></system-out>
  <system-err><![CDATA[]]></system-err>
</testsuite>
