<?xml version="1.0" encoding="UTF-8"?>
<testsuite name="ca.mcgill.ecse321.MuseumBackend.repository.DisplayRepositoryTests" tests="2" skipped="0" failures="0" errors="0" timestamp="2022-12-06T03:38:26" hostname="samuel-gp66leopard10ug" time="0.031">
  <properties/>
  <testcase name="testRoomToArtworkReference()" classname="ca.mcgill.ecse321.MuseumBackend.repository.DisplayRepositoryTests" time="0.023"/>
  <testcase name="testPersistAndLoadDisplay()" classname="ca.mcgill.ecse321.MuseumBackend.repository.DisplayRepositoryTests" time="0.008"/>
  <system-out><![CDATA[2022-12-05 22:38:26.879  INFO 63818 --- [    Test worker] .b.t.c.SpringBootTestContextBootstrapper : Neither @ContextConfiguration nor @ContextHierarchy found for test class [ca.mcgill.ecse321.MuseumBackend.repository.DisplayRepositoryTests], using SpringBootContextLoader
2022-12-05 22:38:26.880  INFO 63818 --- [    Test worker] o.s.t.c.support.AbstractContextLoader    : Could not detect default resource locations for test class [ca.mcgill.ecse321.MuseumBackend.repository.DisplayRepositoryTests]: no resource found for suffixes {-context.xml, Context.groovy}.
2022-12-05 22:38:26.880  INFO 63818 --- [    Test worker] t.c.s.AnnotationConfigContextLoaderUtils : Could not detect default configuration classes for test class [ca.mcgill.ecse321.MuseumBackend.repository.DisplayRepositoryTests]: DisplayRepositoryTests does not declare any static, non-private, non-final, nested classes annotated with @Configuration.
2022-12-05 22:38:26.880  INFO 63818 --- [    Test worker] .b.t.c.SpringBootTestContextBootstrapper : Found @SpringBootConfiguration ca.mcgill.ecse321.MuseumBackend.MuseumBackendApplication for test class ca.mcgill.ecse321.MuseumBackend.repository.DisplayRepositoryTests
2022-12-05 22:38:26.881  INFO 63818 --- [    Test worker] .b.t.c.SpringBootTestContextBootstrapper : Loaded default TestExecutionListener class names from location [META-INF/spring.factories]: [org.springframework.boot.test.autoconfigure.restdocs.RestDocsTestExecutionListener, org.springframework.boot.test.autoconfigure.web.client.MockRestServiceServerResetTestExecutionListener, org.springframework.boot.test.autoconfigure.web.servlet.MockMvcPrintOnlyOnFailureTestExecutionListener, org.springframework.boot.test.autoconfigure.web.servlet.WebDriverTestExecutionListener, org.springframework.boot.test.autoconfigure.webservices.client.MockWebServiceServerTestExecutionListener, org.springframework.boot.test.mock.mockito.MockitoTestExecutionListener, org.springframework.boot.test.mock.mockito.ResetMocksTestExecutionListener, org.springframework.test.context.web.ServletTestExecutionListener, org.springframework.test.context.support.DirtiesContextBeforeModesTestExecutionListener, org.springframework.test.context.event.ApplicationEventsTestExecutionListener, org.springframework.test.context.support.DependencyInjectionTestExecutionListener, org.springframework.test.context.support.DirtiesContextTestExecutionListener, org.springframework.test.context.transaction.TransactionalTestExecutionListener, org.springframework.test.context.jdbc.SqlScriptsTestExecutionListener, org.springframework.test.context.event.EventPublishingTestExecutionListener]
2022-12-05 22:38:26.881  INFO 63818 --- [    Test worker] .b.t.c.SpringBootTestContextBootstrapper : Using TestExecutionListeners: [org.springframework.test.context.web.ServletTestExecutionListener@2c04b8ee, org.springframework.test.context.support.DirtiesContextBeforeModesTestExecutionListener@5e54595, org.springframework.test.context.event.ApplicationEventsTestExecutionListener@2fc0025c, org.springframework.boot.test.mock.mockito.MockitoTestExecutionListener@3086e208, org.springframework.boot.test.autoconfigure.SpringBootDependencyInjectionTestExecutionListener@39ccef3e, org.springframework.test.context.support.DirtiesContextTestExecutionListener@16aadc7f, org.springframework.test.context.transaction.TransactionalTestExecutionListener@39d7ee14, org.springframework.test.context.jdbc.SqlScriptsTestExecutionListener@3e46cd84, org.springframework.test.context.event.EventPublishingTestExecutionListener@602d706d, org.springframework.boot.test.autoconfigure.restdocs.RestDocsTestExecutionListener@20241133, org.springframework.boot.test.autoconfigure.web.client.MockRestServiceServerResetTestExecutionListener@2685fc6d, org.springframework.boot.test.autoconfigure.web.servlet.MockMvcPrintOnlyOnFailureTestExecutionListener@2e273fd4, org.springframework.boot.test.autoconfigure.web.servlet.WebDriverTestExecutionListener@25829c65, org.springframework.boot.test.autoconfigure.webservices.client.MockWebServiceServerTestExecutionListener@252fac6f, org.springframework.boot.test.mock.mockito.ResetMocksTestExecutionListener@2c404a33]
]]></system-out>
  <system-err><![CDATA[]]></system-err>
</testsuite>
