<?xml version="1.0" encoding="UTF-8"?>
<testsuite name="ca.mcgill.ecse321.MuseumBackend.integration.ShiftIntegrationTest" tests="7" skipped="0" failures="0" errors="0" timestamp="2022-12-03T21:14:18" hostname="samuel-gp66leopard10ug" time="9.346">
  <properties/>
  <testcase name="testCreateAndGetShiftAndRemoveEmployeeFromShift()" classname="ca.mcgill.ecse321.MuseumBackend.integration.ShiftIntegrationTest" time="2.231"/>
  <testcase name="testCreateShiftsAndGetShifts()" classname="ca.mcgill.ecse321.MuseumBackend.integration.ShiftIntegrationTest" time="1.255"/>
  <testcase name="testCreateAndGetShiftAndCreateAndGetEmployees()" classname="ca.mcgill.ecse321.MuseumBackend.integration.ShiftIntegrationTest" time="2.719"/>
  <testcase name="testCreateAndGetShiftAndAddEmployeeToShift()" classname="ca.mcgill.ecse321.MuseumBackend.integration.ShiftIntegrationTest" time="1.268"/>
  <testcase name="testCreateGetAndDeleteShift()" classname="ca.mcgill.ecse321.MuseumBackend.integration.ShiftIntegrationTest" time="0.415"/>
  <testcase name="testCreateAndGetShiftAndChangeShiftDate()" classname="ca.mcgill.ecse321.MuseumBackend.integration.ShiftIntegrationTest" time="1.023"/>
  <testcase name="testCreateAndGetShift()" classname="ca.mcgill.ecse321.MuseumBackend.integration.ShiftIntegrationTest" time="0.434"/>
  <system-out><![CDATA[2022-12-03 16:14:18.302  INFO 49970 --- [    Test worker] .b.t.c.SpringBootTestContextBootstrapper : Neither @ContextConfiguration nor @ContextHierarchy found for test class [ca.mcgill.ecse321.MuseumBackend.integration.ShiftIntegrationTest], using SpringBootContextLoader
2022-12-03 16:14:18.302  INFO 49970 --- [    Test worker] o.s.t.c.support.AbstractContextLoader    : Could not detect default resource locations for test class [ca.mcgill.ecse321.MuseumBackend.integration.ShiftIntegrationTest]: no resource found for suffixes {-context.xml, Context.groovy}.
2022-12-03 16:14:18.302  INFO 49970 --- [    Test worker] t.c.s.AnnotationConfigContextLoaderUtils : Could not detect default configuration classes for test class [ca.mcgill.ecse321.MuseumBackend.integration.ShiftIntegrationTest]: ShiftIntegrationTest does not declare any static, non-private, non-final, nested classes annotated with @Configuration.
2022-12-03 16:14:18.303  INFO 49970 --- [    Test worker] .b.t.c.SpringBootTestContextBootstrapper : Found @SpringBootConfiguration ca.mcgill.ecse321.MuseumBackend.MuseumBackendApplication for test class ca.mcgill.ecse321.MuseumBackend.integration.ShiftIntegrationTest
2022-12-03 16:14:18.304  INFO 49970 --- [    Test worker] .b.t.c.SpringBootTestContextBootstrapper : Loaded default TestExecutionListener class names from location [META-INF/spring.factories]: [org.springframework.boot.test.autoconfigure.restdocs.RestDocsTestExecutionListener, org.springframework.boot.test.autoconfigure.web.client.MockRestServiceServerResetTestExecutionListener, org.springframework.boot.test.autoconfigure.web.servlet.MockMvcPrintOnlyOnFailureTestExecutionListener, org.springframework.boot.test.autoconfigure.web.servlet.WebDriverTestExecutionListener, org.springframework.boot.test.autoconfigure.webservices.client.MockWebServiceServerTestExecutionListener, org.springframework.boot.test.mock.mockito.MockitoTestExecutionListener, org.springframework.boot.test.mock.mockito.ResetMocksTestExecutionListener, org.springframework.test.context.web.ServletTestExecutionListener, org.springframework.test.context.support.DirtiesContextBeforeModesTestExecutionListener, org.springframework.test.context.event.ApplicationEventsTestExecutionListener, org.springframework.test.context.support.DependencyInjectionTestExecutionListener, org.springframework.test.context.support.DirtiesContextTestExecutionListener, org.springframework.test.context.transaction.TransactionalTestExecutionListener, org.springframework.test.context.jdbc.SqlScriptsTestExecutionListener, org.springframework.test.context.event.EventPublishingTestExecutionListener]
2022-12-03 16:14:18.304  INFO 49970 --- [    Test worker] .b.t.c.SpringBootTestContextBootstrapper : Using TestExecutionListeners: [org.springframework.test.context.web.ServletTestExecutionListener@3e16e225, org.springframework.test.context.support.DirtiesContextBeforeModesTestExecutionListener@76824632, org.springframework.test.context.event.ApplicationEventsTestExecutionListener@79bf7854, org.springframework.boot.test.mock.mockito.MockitoTestExecutionListener@2bf0355f, org.springframework.boot.test.autoconfigure.SpringBootDependencyInjectionTestExecutionListener@227eedce, org.springframework.test.context.support.DirtiesContextTestExecutionListener@46a98c65, org.springframework.test.context.transaction.TransactionalTestExecutionListener@44d6213c, org.springframework.test.context.jdbc.SqlScriptsTestExecutionListener@6ea6be34, org.springframework.test.context.event.EventPublishingTestExecutionListener@3b633eb3, org.springframework.boot.test.autoconfigure.restdocs.RestDocsTestExecutionListener@31a3471e, org.springframework.boot.test.autoconfigure.web.client.MockRestServiceServerResetTestExecutionListener@44894fd7, org.springframework.boot.test.autoconfigure.web.servlet.MockMvcPrintOnlyOnFailureTestExecutionListener@1f850e6c, org.springframework.boot.test.autoconfigure.web.servlet.WebDriverTestExecutionListener@3db13d89, org.springframework.boot.test.autoconfigure.webservices.client.MockWebServiceServerTestExecutionListener@16810696, org.springframework.boot.test.mock.mockito.ResetMocksTestExecutionListener@18780466]
]]></system-out>
  <system-err><![CDATA[]]></system-err>
</testsuite>
