<?xml version="1.0" encoding="UTF-8"?>
<testsuite name="ca.mcgill.ecse321.MuseumBackend.repository.ArtworkRepositoryTests" tests="1" skipped="0" failures="0" errors="0" timestamp="2022-12-06T03:38:25" hostname="samuel-gp66leopard10ug" time="0.461">
  <properties/>
  <testcase name="testPersistAndLoadArtwork()" classname="ca.mcgill.ecse321.MuseumBackend.repository.ArtworkRepositoryTests" time="0.461"/>
  <system-out><![CDATA[2022-12-05 22:38:25.945  INFO 63818 --- [    Test worker] .b.t.c.SpringBootTestContextBootstrapper : Neither @ContextConfiguration nor @ContextHierarchy found for test class [ca.mcgill.ecse321.MuseumBackend.repository.ArtworkRepositoryTests], using SpringBootContextLoader
2022-12-05 22:38:25.946  INFO 63818 --- [    Test worker] o.s.t.c.support.AbstractContextLoader    : Could not detect default resource locations for test class [ca.mcgill.ecse321.MuseumBackend.repository.ArtworkRepositoryTests]: no resource found for suffixes {-context.xml, Context.groovy}.
2022-12-05 22:38:25.946  INFO 63818 --- [    Test worker] t.c.s.AnnotationConfigContextLoaderUtils : Could not detect default configuration classes for test class [ca.mcgill.ecse321.MuseumBackend.repository.ArtworkRepositoryTests]: ArtworkRepositoryTests does not declare any static, non-private, non-final, nested classes annotated with @Configuration.
2022-12-05 22:38:25.947  INFO 63818 --- [    Test worker] .b.t.c.SpringBootTestContextBootstrapper : Found @SpringBootConfiguration ca.mcgill.ecse321.MuseumBackend.MuseumBackendApplication for test class ca.mcgill.ecse321.MuseumBackend.repository.ArtworkRepositoryTests
2022-12-05 22:38:25.947  INFO 63818 --- [    Test worker] .b.t.c.SpringBootTestContextBootstrapper : Loaded default TestExecutionListener class names from location [META-INF/spring.factories]: [org.springframework.boot.test.autoconfigure.restdocs.RestDocsTestExecutionListener, org.springframework.boot.test.autoconfigure.web.client.MockRestServiceServerResetTestExecutionListener, org.springframework.boot.test.autoconfigure.web.servlet.MockMvcPrintOnlyOnFailureTestExecutionListener, org.springframework.boot.test.autoconfigure.web.servlet.WebDriverTestExecutionListener, org.springframework.boot.test.autoconfigure.webservices.client.MockWebServiceServerTestExecutionListener, org.springframework.boot.test.mock.mockito.MockitoTestExecutionListener, org.springframework.boot.test.mock.mockito.ResetMocksTestExecutionListener, org.springframework.test.context.web.ServletTestExecutionListener, org.springframework.test.context.support.DirtiesContextBeforeModesTestExecutionListener, org.springframework.test.context.event.ApplicationEventsTestExecutionListener, org.springframework.test.context.support.DependencyInjectionTestExecutionListener, org.springframework.test.context.support.DirtiesContextTestExecutionListener, org.springframework.test.context.transaction.TransactionalTestExecutionListener, org.springframework.test.context.jdbc.SqlScriptsTestExecutionListener, org.springframework.test.context.event.EventPublishingTestExecutionListener]
2022-12-05 22:38:25.947  INFO 63818 --- [    Test worker] .b.t.c.SpringBootTestContextBootstrapper : Using TestExecutionListeners: [org.springframework.test.context.web.ServletTestExecutionListener@55853546, org.springframework.test.context.support.DirtiesContextBeforeModesTestExecutionListener@13cb8eed, org.springframework.test.context.event.ApplicationEventsTestExecutionListener@481b13f, org.springframework.boot.test.mock.mockito.MockitoTestExecutionListener@388aedda, org.springframework.boot.test.autoconfigure.SpringBootDependencyInjectionTestExecutionListener@44d9c088, org.springframework.test.context.support.DirtiesContextTestExecutionListener@baa9218, org.springframework.test.context.transaction.TransactionalTestExecutionListener@2abc21b, org.springframework.test.context.jdbc.SqlScriptsTestExecutionListener@6d200ba9, org.springframework.test.context.event.EventPublishingTestExecutionListener@67774b05, org.springframework.boot.test.autoconfigure.restdocs.RestDocsTestExecutionListener@38922fa1, org.springframework.boot.test.autoconfigure.web.client.MockRestServiceServerResetTestExecutionListener@64f599b2, org.springframework.boot.test.autoconfigure.web.servlet.MockMvcPrintOnlyOnFailureTestExecutionListener@965abc6, org.springframework.boot.test.autoconfigure.web.servlet.WebDriverTestExecutionListener@5497f68c, org.springframework.boot.test.autoconfigure.webservices.client.MockWebServiceServerTestExecutionListener@7d513498, org.springframework.boot.test.mock.mockito.ResetMocksTestExecutionListener@35a10a89]
]]></system-out>
  <system-err><![CDATA[]]></system-err>
</testsuite>
