<?xml version="1.0" encoding="UTF-8"?>
<testsuite name="ca.mcgill.ecse321.MuseumBackend.repository.PersonRepositoryTests" tests="2" skipped="0" failures="0" errors="0" timestamp="2022-12-06T03:08:26" hostname="MacBook-Air-de-Qi.local" time="0.126">
  <properties/>
  <testcase name="testPersonAssociations()" classname="ca.mcgill.ecse321.MuseumBackend.repository.PersonRepositoryTests" time="0.087"/>
  <testcase name="testPersonPersistAndLoad()" classname="ca.mcgill.ecse321.MuseumBackend.repository.PersonRepositoryTests" time="0.038"/>
  <system-out><![CDATA[2022-12-05 22:08:26.816  INFO 39074 --- [    Test worker] .b.t.c.SpringBootTestContextBootstrapper : Neither @ContextConfiguration nor @ContextHierarchy found for test class [ca.mcgill.ecse321.MuseumBackend.repository.PersonRepositoryTests], using SpringBootContextLoader
2022-12-05 22:08:26.817  INFO 39074 --- [    Test worker] o.s.t.c.support.AbstractContextLoader    : Could not detect default resource locations for test class [ca.mcgill.ecse321.MuseumBackend.repository.PersonRepositoryTests]: no resource found for suffixes {-context.xml, Context.groovy}.
2022-12-05 22:08:26.817  INFO 39074 --- [    Test worker] t.c.s.AnnotationConfigContextLoaderUtils : Could not detect default configuration classes for test class [ca.mcgill.ecse321.MuseumBackend.repository.PersonRepositoryTests]: PersonRepositoryTests does not declare any static, non-private, non-final, nested classes annotated with @Configuration.
2022-12-05 22:08:26.818  INFO 39074 --- [    Test worker] .b.t.c.SpringBootTestContextBootstrapper : Found @SpringBootConfiguration ca.mcgill.ecse321.MuseumBackend.MuseumBackendApplication for test class ca.mcgill.ecse321.MuseumBackend.repository.PersonRepositoryTests
2022-12-05 22:08:26.820  INFO 39074 --- [    Test worker] .b.t.c.SpringBootTestContextBootstrapper : Loaded default TestExecutionListener class names from location [META-INF/spring.factories]: [org.springframework.boot.test.autoconfigure.restdocs.RestDocsTestExecutionListener, org.springframework.boot.test.autoconfigure.web.client.MockRestServiceServerResetTestExecutionListener, org.springframework.boot.test.autoconfigure.web.servlet.MockMvcPrintOnlyOnFailureTestExecutionListener, org.springframework.boot.test.autoconfigure.web.servlet.WebDriverTestExecutionListener, org.springframework.boot.test.autoconfigure.webservices.client.MockWebServiceServerTestExecutionListener, org.springframework.boot.test.mock.mockito.MockitoTestExecutionListener, org.springframework.boot.test.mock.mockito.ResetMocksTestExecutionListener, org.springframework.test.context.web.ServletTestExecutionListener, org.springframework.test.context.support.DirtiesContextBeforeModesTestExecutionListener, org.springframework.test.context.event.ApplicationEventsTestExecutionListener, org.springframework.test.context.support.DependencyInjectionTestExecutionListener, org.springframework.test.context.support.DirtiesContextTestExecutionListener, org.springframework.test.context.transaction.TransactionalTestExecutionListener, org.springframework.test.context.jdbc.SqlScriptsTestExecutionListener, org.springframework.test.context.event.EventPublishingTestExecutionListener]
2022-12-05 22:08:26.820  INFO 39074 --- [    Test worker] .b.t.c.SpringBootTestContextBootstrapper : Using TestExecutionListeners: [org.springframework.test.context.web.ServletTestExecutionListener@594f9ac9, org.springframework.test.context.support.DirtiesContextBeforeModesTestExecutionListener@34a34d96, org.springframework.test.context.event.ApplicationEventsTestExecutionListener@1a89f5be, org.springframework.boot.test.mock.mockito.MockitoTestExecutionListener@2314f7a7, org.springframework.boot.test.autoconfigure.SpringBootDependencyInjectionTestExecutionListener@6a8b8de, org.springframework.test.context.support.DirtiesContextTestExecutionListener@28498a60, org.springframework.test.context.transaction.TransactionalTestExecutionListener@7d38aed2, org.springframework.test.context.jdbc.SqlScriptsTestExecutionListener@7915c71d, org.springframework.test.context.event.EventPublishingTestExecutionListener@3a38fea9, org.springframework.boot.test.autoconfigure.restdocs.RestDocsTestExecutionListener@5e467904, org.springframework.boot.test.autoconfigure.web.client.MockRestServiceServerResetTestExecutionListener@66b01220, org.springframework.boot.test.autoconfigure.web.servlet.MockMvcPrintOnlyOnFailureTestExecutionListener@31ca1cc4, org.springframework.boot.test.autoconfigure.web.servlet.WebDriverTestExecutionListener@4c7a61e2, org.springframework.boot.test.autoconfigure.webservices.client.MockWebServiceServerTestExecutionListener@2119bf30, org.springframework.boot.test.mock.mockito.ResetMocksTestExecutionListener@47de9821]
]]></system-out>
  <system-err><![CDATA[]]></system-err>
</testsuite>
