<?xml version="1.0" encoding="UTF-8"?>
<testsuite name="ca.mcgill.ecse321.MuseumBackend.repository.AdminRepositoryTests" tests="2" skipped="0" failures="0" errors="0" timestamp="2022-12-03T18:45:36" hostname="MacBook-Air-de-Qi.local" time="0.174">
  <properties/>
  <testcase name="testPersistAndLoadAdmin()" classname="ca.mcgill.ecse321.MuseumBackend.repository.AdminRepositoryTests" time="0.034"/>
  <testcase name="testAdminToPersonReference()" classname="ca.mcgill.ecse321.MuseumBackend.repository.AdminRepositoryTests" time="0.139"/>
  <system-out><![CDATA[2022-12-03 13:45:36.544  INFO 23514 --- [    Test worker] .b.t.c.SpringBootTestContextBootstrapper : Neither @ContextConfiguration nor @ContextHierarchy found for test class [ca.mcgill.ecse321.MuseumBackend.repository.AdminRepositoryTests], using SpringBootContextLoader
2022-12-03 13:45:36.545  INFO 23514 --- [    Test worker] o.s.t.c.support.AbstractContextLoader    : Could not detect default resource locations for test class [ca.mcgill.ecse321.MuseumBackend.repository.AdminRepositoryTests]: no resource found for suffixes {-context.xml, Context.groovy}.
2022-12-03 13:45:36.545  INFO 23514 --- [    Test worker] t.c.s.AnnotationConfigContextLoaderUtils : Could not detect default configuration classes for test class [ca.mcgill.ecse321.MuseumBackend.repository.AdminRepositoryTests]: AdminRepositoryTests does not declare any static, non-private, non-final, nested classes annotated with @Configuration.
2022-12-03 13:45:36.557  INFO 23514 --- [    Test worker] .b.t.c.SpringBootTestContextBootstrapper : Found @SpringBootConfiguration ca.mcgill.ecse321.MuseumBackend.MuseumBackendApplication for test class ca.mcgill.ecse321.MuseumBackend.repository.AdminRepositoryTests
2022-12-03 13:45:36.559  INFO 23514 --- [    Test worker] .b.t.c.SpringBootTestContextBootstrapper : Loaded default TestExecutionListener class names from location [META-INF/spring.factories]: [org.springframework.boot.test.autoconfigure.restdocs.RestDocsTestExecutionListener, org.springframework.boot.test.autoconfigure.web.client.MockRestServiceServerResetTestExecutionListener, org.springframework.boot.test.autoconfigure.web.servlet.MockMvcPrintOnlyOnFailureTestExecutionListener, org.springframework.boot.test.autoconfigure.web.servlet.WebDriverTestExecutionListener, org.springframework.boot.test.autoconfigure.webservices.client.MockWebServiceServerTestExecutionListener, org.springframework.boot.test.mock.mockito.MockitoTestExecutionListener, org.springframework.boot.test.mock.mockito.ResetMocksTestExecutionListener, org.springframework.test.context.web.ServletTestExecutionListener, org.springframework.test.context.support.DirtiesContextBeforeModesTestExecutionListener, org.springframework.test.context.event.ApplicationEventsTestExecutionListener, org.springframework.test.context.support.DependencyInjectionTestExecutionListener, org.springframework.test.context.support.DirtiesContextTestExecutionListener, org.springframework.test.context.transaction.TransactionalTestExecutionListener, org.springframework.test.context.jdbc.SqlScriptsTestExecutionListener, org.springframework.test.context.event.EventPublishingTestExecutionListener]
2022-12-03 13:45:36.559  INFO 23514 --- [    Test worker] .b.t.c.SpringBootTestContextBootstrapper : Using TestExecutionListeners: [org.springframework.test.context.web.ServletTestExecutionListener@5c75f343, org.springframework.test.context.support.DirtiesContextBeforeModesTestExecutionListener@37b3ece8, org.springframework.test.context.event.ApplicationEventsTestExecutionListener@677a93, org.springframework.boot.test.mock.mockito.MockitoTestExecutionListener@7ada609, org.springframework.boot.test.autoconfigure.SpringBootDependencyInjectionTestExecutionListener@7431b254, org.springframework.test.context.support.DirtiesContextTestExecutionListener@5ccdd496, org.springframework.test.context.transaction.TransactionalTestExecutionListener@67c59e7e, org.springframework.test.context.jdbc.SqlScriptsTestExecutionListener@db2e161, org.springframework.test.context.event.EventPublishingTestExecutionListener@74684191, org.springframework.boot.test.autoconfigure.restdocs.RestDocsTestExecutionListener@46b352ee, org.springframework.boot.test.autoconfigure.web.client.MockRestServiceServerResetTestExecutionListener@dce0228, org.springframework.boot.test.autoconfigure.web.servlet.MockMvcPrintOnlyOnFailureTestExecutionListener@176d5319, org.springframework.boot.test.autoconfigure.web.servlet.WebDriverTestExecutionListener@21bffcac, org.springframework.boot.test.autoconfigure.webservices.client.MockWebServiceServerTestExecutionListener@7d47ee57, org.springframework.boot.test.mock.mockito.ResetMocksTestExecutionListener@e57c95]
]]></system-out>
  <system-err><![CDATA[]]></system-err>
</testsuite>
