<?xml version="1.0" encoding="UTF-8"?>
<testsuite name="ca.mcgill.ecse321.MuseumBackend.integration.ArtworkIntegrationTest" tests="11" skipped="0" failures="0" errors="0" timestamp="2022-12-03T21:13:59" hostname="samuel-gp66leopard10ug" time="9.283">
  <properties/>
  <testcase name="testUpdateArtworkWithInvalidRequest2()" classname="ca.mcgill.ecse321.MuseumBackend.integration.ArtworkIntegrationTest" time="1.302"/>
  <testcase name="testMoveArtwork()" classname="ca.mcgill.ecse321.MuseumBackend.integration.ArtworkIntegrationTest" time="0.802"/>
  <testcase name="testGetAllArtworksOnDisplay()" classname="ca.mcgill.ecse321.MuseumBackend.integration.ArtworkIntegrationTest" time="1.164"/>
  <testcase name="testUpdateArtwork()" classname="ca.mcgill.ecse321.MuseumBackend.integration.ArtworkIntegrationTest" time="0.811"/>
  <testcase name="testGetAllArtworksOnStorage()" classname="ca.mcgill.ecse321.MuseumBackend.integration.ArtworkIntegrationTest" time="1.189"/>
  <testcase name="testGetAndCreateArtwork()" classname="ca.mcgill.ecse321.MuseumBackend.integration.ArtworkIntegrationTest" time="0.849"/>
  <testcase name="testDeleteArtwork()" classname="ca.mcgill.ecse321.MuseumBackend.integration.ArtworkIntegrationTest" time="0.463"/>
  <testcase name="testGetNonExistingArtwork()" classname="ca.mcgill.ecse321.MuseumBackend.integration.ArtworkIntegrationTest" time="0.015"/>
  <testcase name="testGetAllArtworks()" classname="ca.mcgill.ecse321.MuseumBackend.integration.ArtworkIntegrationTest" time="0.797"/>
  <testcase name="testUpdateArtworkWithInvalidRequest()" classname="ca.mcgill.ecse321.MuseumBackend.integration.ArtworkIntegrationTest" time="0.774"/>
  <testcase name="testGetAllArtworksByRoomId()" classname="ca.mcgill.ecse321.MuseumBackend.integration.ArtworkIntegrationTest" time="1.111"/>
  <system-out><![CDATA[2022-12-03 16:13:58.077  INFO 49970 --- [    Test worker] .b.t.c.SpringBootTestContextBootstrapper : Neither @ContextConfiguration nor @ContextHierarchy found for test class [ca.mcgill.ecse321.MuseumBackend.integration.ArtworkIntegrationTest], using SpringBootContextLoader
2022-12-03 16:13:58.077  INFO 49970 --- [    Test worker] o.s.t.c.support.AbstractContextLoader    : Could not detect default resource locations for test class [ca.mcgill.ecse321.MuseumBackend.integration.ArtworkIntegrationTest]: no resource found for suffixes {-context.xml, Context.groovy}.
2022-12-03 16:13:58.077  INFO 49970 --- [    Test worker] t.c.s.AnnotationConfigContextLoaderUtils : Could not detect default configuration classes for test class [ca.mcgill.ecse321.MuseumBackend.integration.ArtworkIntegrationTest]: ArtworkIntegrationTest does not declare any static, non-private, non-final, nested classes annotated with @Configuration.
2022-12-03 16:13:58.082  INFO 49970 --- [    Test worker] .b.t.c.SpringBootTestContextBootstrapper : Found @SpringBootConfiguration ca.mcgill.ecse321.MuseumBackend.MuseumBackendApplication for test class ca.mcgill.ecse321.MuseumBackend.integration.ArtworkIntegrationTest
2022-12-03 16:13:58.083  INFO 49970 --- [    Test worker] .b.t.c.SpringBootTestContextBootstrapper : Loaded default TestExecutionListener class names from location [META-INF/spring.factories]: [org.springframework.boot.test.autoconfigure.restdocs.RestDocsTestExecutionListener, org.springframework.boot.test.autoconfigure.web.client.MockRestServiceServerResetTestExecutionListener, org.springframework.boot.test.autoconfigure.web.servlet.MockMvcPrintOnlyOnFailureTestExecutionListener, org.springframework.boot.test.autoconfigure.web.servlet.WebDriverTestExecutionListener, org.springframework.boot.test.autoconfigure.webservices.client.MockWebServiceServerTestExecutionListener, org.springframework.boot.test.mock.mockito.MockitoTestExecutionListener, org.springframework.boot.test.mock.mockito.ResetMocksTestExecutionListener, org.springframework.test.context.web.ServletTestExecutionListener, org.springframework.test.context.support.DirtiesContextBeforeModesTestExecutionListener, org.springframework.test.context.event.ApplicationEventsTestExecutionListener, org.springframework.test.context.support.DependencyInjectionTestExecutionListener, org.springframework.test.context.support.DirtiesContextTestExecutionListener, org.springframework.test.context.transaction.TransactionalTestExecutionListener, org.springframework.test.context.jdbc.SqlScriptsTestExecutionListener, org.springframework.test.context.event.EventPublishingTestExecutionListener]
2022-12-03 16:13:58.084  INFO 49970 --- [    Test worker] .b.t.c.SpringBootTestContextBootstrapper : Using TestExecutionListeners: [org.springframework.test.context.web.ServletTestExecutionListener@2a19b64d, org.springframework.test.context.support.DirtiesContextBeforeModesTestExecutionListener@2e73674c, org.springframework.test.context.event.ApplicationEventsTestExecutionListener@18f4947f, org.springframework.boot.test.mock.mockito.MockitoTestExecutionListener@e9c9cd4, org.springframework.boot.test.autoconfigure.SpringBootDependencyInjectionTestExecutionListener@69d0e894, org.springframework.test.context.support.DirtiesContextTestExecutionListener@5cacbbe5, org.springframework.test.context.transaction.TransactionalTestExecutionListener@60479b63, org.springframework.test.context.jdbc.SqlScriptsTestExecutionListener@ad7d183, org.springframework.test.context.event.EventPublishingTestExecutionListener@642d1c05, org.springframework.boot.test.autoconfigure.restdocs.RestDocsTestExecutionListener@5de7e0f6, org.springframework.boot.test.autoconfigure.web.client.MockRestServiceServerResetTestExecutionListener@127f4aa, org.springframework.boot.test.autoconfigure.web.servlet.MockMvcPrintOnlyOnFailureTestExecutionListener@354866c4, org.springframework.boot.test.autoconfigure.web.servlet.WebDriverTestExecutionListener@3909995c, org.springframework.boot.test.autoconfigure.webservices.client.MockWebServiceServerTestExecutionListener@5b8b3edb, org.springframework.boot.test.mock.mockito.ResetMocksTestExecutionListener@653703a4]

  .   ____          _            __ _ _
 /\\ / ___'_ __ _ _(_)_ __  __ _ \ \ \ \
( ( )\___ | '_ | '_| | '_ \/ _` | \ \ \ \
 \\/  ___)| |_)| | | | | || (_| |  ) ) ) )
  '  |____| .__|_| |_|_| |_\__, | / / / /
 =========|_|==============|___/=/_/_/_/
 :: Spring Boot ::                (v2.7.5)

2022-12-03 16:13:58.105  INFO 49970 --- [    Test worker] c.m.e.M.i.ArtworkIntegrationTest         : Starting ArtworkIntegrationTest using Java 19.0.1 on samuel-gp66leopard10ug with PID 49970 (started by coldstuff1 in /home/coldstuff1/Desktop/School/ECSE 321/Museum/project-group-15)
2022-12-03 16:13:58.105  INFO 49970 --- [    Test worker] c.m.e.M.i.ArtworkIntegrationTest         : No active profile set, falling back to 1 default profile: "default"
2022-12-03 16:13:58.235  INFO 49970 --- [    Test worker] .s.d.r.c.RepositoryConfigurationDelegate : Bootstrapping Spring Data JPA repositories in DEFAULT mode.
2022-12-03 16:13:58.247  INFO 49970 --- [    Test worker] .s.d.r.c.RepositoryConfigurationDelegate : Finished Spring Data repository scanning in 11 ms. Found 12 JPA repository interfaces.
2022-12-03 16:13:58.480  INFO 49970 --- [    Test worker] o.s.b.w.embedded.tomcat.TomcatWebServer  : Tomcat initialized with port(s): 0 (http)
2022-12-03 16:13:58.497  INFO 49970 --- [    Test worker] o.apache.catalina.core.StandardService   : Starting service [Tomcat]
2022-12-03 16:13:58.498  INFO 49970 --- [    Test worker] org.apache.catalina.core.StandardEngine  : Starting Servlet engine: [Apache Tomcat/9.0.68]
2022-12-03 16:13:58.600  INFO 49970 --- [    Test worker] o.a.c.c.C.[Tomcat].[localhost].[/]       : Initializing Spring embedded WebApplicationContext
2022-12-03 16:13:58.600  INFO 49970 --- [    Test worker] w.s.c.ServletWebServerApplicationContext : Root WebApplicationContext: initialization completed in 494 ms
2022-12-03 16:13:58.701  INFO 49970 --- [    Test worker] o.hibernate.jpa.internal.util.LogHelper  : HHH000204: Processing PersistenceUnitInfo [name: default]
2022-12-03 16:13:58.705  INFO 49970 --- [    Test worker] com.zaxxer.hikari.HikariDataSource       : HikariPool-2 - Starting...
2022-12-03 16:13:58.710  INFO 49970 --- [    Test worker] com.zaxxer.hikari.HikariDataSource       : HikariPool-2 - Start completed.
2022-12-03 16:13:58.710  INFO 49970 --- [    Test worker] org.hibernate.dialect.Dialect            : HHH000400: Using dialect: org.hibernate.dialect.PostgreSQL10Dialect
2022-12-03 16:13:59.285  INFO 49970 --- [    Test worker] o.h.e.t.j.p.i.JtaPlatformInitiator       : HHH000490: Using JtaPlatform implementation: [org.hibernate.engine.transaction.jta.platform.internal.NoJtaPlatform]
2022-12-03 16:13:59.285  INFO 49970 --- [    Test worker] j.LocalContainerEntityManagerFactoryBean : Initialized JPA EntityManagerFactory for persistence unit 'default'
2022-12-03 16:13:59.456  WARN 49970 --- [    Test worker] JpaBaseConfiguration$JpaWebConfiguration : spring.jpa.open-in-view is enabled by default. Therefore, database queries may be performed during view rendering. Explicitly configure spring.jpa.open-in-view to disable this warning
2022-12-03 16:13:59.684  INFO 49970 --- [    Test worker] o.s.b.w.embedded.tomcat.TomcatWebServer  : Tomcat started on port(s): 42583 (http) with context path ''
2022-12-03 16:13:59.689  INFO 49970 --- [    Test worker] c.m.e.M.i.ArtworkIntegrationTest         : Started ArtworkIntegrationTest in 1.603 seconds (JVM running for 11.438)
2022-12-03 16:14:00.073  INFO 49970 --- [o-auto-1-exec-1] o.a.c.c.C.[Tomcat].[localhost].[/]       : Initializing Spring DispatcherServlet 'dispatcherServlet'
2022-12-03 16:14:00.073  INFO 49970 --- [o-auto-1-exec-1] o.s.web.servlet.DispatcherServlet        : Initializing Servlet 'dispatcherServlet'
2022-12-03 16:14:00.074  INFO 49970 --- [o-auto-1-exec-1] o.s.web.servlet.DispatcherServlet        : Completed initialization in 1 ms
]]></system-out>
  <system-err><![CDATA[]]></system-err>
</testsuite>
