<?xml version="1.0" encoding="UTF-8"?>
<testsuite name="ca.mcgill.ecse321.MuseumBackend.integration.TicketIntegrationTests" tests="15" skipped="0" failures="0" errors="0" timestamp="2022-12-03T18:45:35" hostname="MacBook-Air-de-Qi.local" time="1.328">
  <properties/>
  <testcase name="testReplaceTicket2()" classname="ca.mcgill.ecse321.MuseumBackend.integration.TicketIntegrationTests" time="0.084"/>
  <testcase name="testReplaceInvalidTicket2()" classname="ca.mcgill.ecse321.MuseumBackend.integration.TicketIntegrationTests" time="0.041"/>
  <testcase name="cancelTicket()" classname="ca.mcgill.ecse321.MuseumBackend.integration.TicketIntegrationTests" time="0.197"/>
  <testcase name="testReplaceTicket()" classname="ca.mcgill.ecse321.MuseumBackend.integration.TicketIntegrationTests" time="0.053"/>
  <testcase name="testCreateInvalidTicket()" classname="ca.mcgill.ecse321.MuseumBackend.integration.TicketIntegrationTests" time="0.041"/>
  <testcase name="testGetInvalidTicketById()" classname="ca.mcgill.ecse321.MuseumBackend.integration.TicketIntegrationTests" time="0.02"/>
  <testcase name="purchaseAndBrowseTickets()" classname="ca.mcgill.ecse321.MuseumBackend.integration.TicketIntegrationTests" time="0.288"/>
  <testcase name="purchaseTicketMissingCustomer()" classname="ca.mcgill.ecse321.MuseumBackend.integration.TicketIntegrationTests" time="0.046"/>
  <testcase name="testCreateInvalidTicket2()" classname="ca.mcgill.ecse321.MuseumBackend.integration.TicketIntegrationTests" time="0.014"/>
  <testcase name="testCreateAndGetTicket()" classname="ca.mcgill.ecse321.MuseumBackend.integration.TicketIntegrationTests" time="0.049"/>
  <testcase name="testDeleteTicket()" classname="ca.mcgill.ecse321.MuseumBackend.integration.TicketIntegrationTests" time="0.081"/>
  <testcase name="testReplaceInvalidTicket()" classname="ca.mcgill.ecse321.MuseumBackend.integration.TicketIntegrationTests" time="0.018"/>
  <testcase name="testGetAllTickets()" classname="ca.mcgill.ecse321.MuseumBackend.integration.TicketIntegrationTests" time="0.08"/>
  <testcase name="cancelTicketWrongCustomer()" classname="ca.mcgill.ecse321.MuseumBackend.integration.TicketIntegrationTests" time="0.16"/>
  <testcase name="cancelTicketTooLate()" classname="ca.mcgill.ecse321.MuseumBackend.integration.TicketIntegrationTests" time="0.145"/>
  <system-out><![CDATA[2022-12-03 13:45:35.205  INFO 23514 --- [    Test worker] .b.t.c.SpringBootTestContextBootstrapper : Neither @ContextConfiguration nor @ContextHierarchy found for test class [ca.mcgill.ecse321.MuseumBackend.integration.TicketIntegrationTests], using SpringBootContextLoader
2022-12-03 13:45:35.206  INFO 23514 --- [    Test worker] o.s.t.c.support.AbstractContextLoader    : Could not detect default resource locations for test class [ca.mcgill.ecse321.MuseumBackend.integration.TicketIntegrationTests]: no resource found for suffixes {-context.xml, Context.groovy}.
2022-12-03 13:45:35.206  INFO 23514 --- [    Test worker] t.c.s.AnnotationConfigContextLoaderUtils : Could not detect default configuration classes for test class [ca.mcgill.ecse321.MuseumBackend.integration.TicketIntegrationTests]: TicketIntegrationTests does not declare any static, non-private, non-final, nested classes annotated with @Configuration.
2022-12-03 13:45:35.207  INFO 23514 --- [    Test worker] .b.t.c.SpringBootTestContextBootstrapper : Found @SpringBootConfiguration ca.mcgill.ecse321.MuseumBackend.MuseumBackendApplication for test class ca.mcgill.ecse321.MuseumBackend.integration.TicketIntegrationTests
2022-12-03 13:45:35.208  INFO 23514 --- [    Test worker] .b.t.c.SpringBootTestContextBootstrapper : Loaded default TestExecutionListener class names from location [META-INF/spring.factories]: [org.springframework.boot.test.autoconfigure.restdocs.RestDocsTestExecutionListener, org.springframework.boot.test.autoconfigure.web.client.MockRestServiceServerResetTestExecutionListener, org.springframework.boot.test.autoconfigure.web.servlet.MockMvcPrintOnlyOnFailureTestExecutionListener, org.springframework.boot.test.autoconfigure.web.servlet.WebDriverTestExecutionListener, org.springframework.boot.test.autoconfigure.webservices.client.MockWebServiceServerTestExecutionListener, org.springframework.boot.test.mock.mockito.MockitoTestExecutionListener, org.springframework.boot.test.mock.mockito.ResetMocksTestExecutionListener, org.springframework.test.context.web.ServletTestExecutionListener, org.springframework.test.context.support.DirtiesContextBeforeModesTestExecutionListener, org.springframework.test.context.event.ApplicationEventsTestExecutionListener, org.springframework.test.context.support.DependencyInjectionTestExecutionListener, org.springframework.test.context.support.DirtiesContextTestExecutionListener, org.springframework.test.context.transaction.TransactionalTestExecutionListener, org.springframework.test.context.jdbc.SqlScriptsTestExecutionListener, org.springframework.test.context.event.EventPublishingTestExecutionListener]
2022-12-03 13:45:35.209  INFO 23514 --- [    Test worker] .b.t.c.SpringBootTestContextBootstrapper : Using TestExecutionListeners: [org.springframework.test.context.web.ServletTestExecutionListener@5457ac90, org.springframework.test.context.support.DirtiesContextBeforeModesTestExecutionListener@53244711, org.springframework.test.context.event.ApplicationEventsTestExecutionListener@6eedb7ae, org.springframework.boot.test.mock.mockito.MockitoTestExecutionListener@70d7c2bd, org.springframework.boot.test.autoconfigure.SpringBootDependencyInjectionTestExecutionListener@190dd31b, org.springframework.test.context.support.DirtiesContextTestExecutionListener@68e013e4, org.springframework.test.context.transaction.TransactionalTestExecutionListener@6b338991, org.springframework.test.context.jdbc.SqlScriptsTestExecutionListener@253f7c60, org.springframework.test.context.event.EventPublishingTestExecutionListener@525de6d7, org.springframework.boot.test.autoconfigure.restdocs.RestDocsTestExecutionListener@3a4ab04b, org.springframework.boot.test.autoconfigure.web.client.MockRestServiceServerResetTestExecutionListener@4d42d992, org.springframework.boot.test.autoconfigure.web.servlet.MockMvcPrintOnlyOnFailureTestExecutionListener@13406026, org.springframework.boot.test.autoconfigure.web.servlet.WebDriverTestExecutionListener@2e1657c7, org.springframework.boot.test.autoconfigure.webservices.client.MockWebServiceServerTestExecutionListener@413172a6, org.springframework.boot.test.mock.mockito.ResetMocksTestExecutionListener@1a64ad5b]
]]></system-out>
  <system-err><![CDATA[]]></system-err>
</testsuite>
