<?xml version="1.0" encoding="UTF-8"?>
<testsuite name="ca.mcgill.ecse321.MuseumBackend.integration.TestCustomerIntegration" tests="7" skipped="0" failures="0" errors="0" timestamp="2022-12-03T21:14:28" hostname="samuel-gp66leopard10ug" time="2.166">
  <properties/>
  <testcase name="testGetTicketsForCustomer()" classname="ca.mcgill.ecse321.MuseumBackend.integration.TestCustomerIntegration" time="0.482"/>
  <testcase name="testGetLoansForCustomer()" classname="ca.mcgill.ecse321.MuseumBackend.integration.TestCustomerIntegration" time="0.483"/>
  <testcase name="testCreateInvalidCustomer()" classname="ca.mcgill.ecse321.MuseumBackend.integration.TestCustomerIntegration" time="0.011"/>
  <testcase name="testGetAllCustomers()" classname="ca.mcgill.ecse321.MuseumBackend.integration.TestCustomerIntegration" time="0.456"/>
  <testcase name="testGetInvalidCustomer()" classname="ca.mcgill.ecse321.MuseumBackend.integration.TestCustomerIntegration" time="0.007"/>
  <testcase name="testDeleteCustomer()" classname="ca.mcgill.ecse321.MuseumBackend.integration.TestCustomerIntegration" time="0.488"/>
  <testcase name="testCreateAndGetCustomer()" classname="ca.mcgill.ecse321.MuseumBackend.integration.TestCustomerIntegration" time="0.236"/>
  <system-out><![CDATA[2022-12-03 16:14:28.138  INFO 49970 --- [    Test worker] .b.t.c.SpringBootTestContextBootstrapper : Neither @ContextConfiguration nor @ContextHierarchy found for test class [ca.mcgill.ecse321.MuseumBackend.integration.TestCustomerIntegration], using SpringBootContextLoader
2022-12-03 16:14:28.139  INFO 49970 --- [    Test worker] o.s.t.c.support.AbstractContextLoader    : Could not detect default resource locations for test class [ca.mcgill.ecse321.MuseumBackend.integration.TestCustomerIntegration]: no resource found for suffixes {-context.xml, Context.groovy}.
2022-12-03 16:14:28.139  INFO 49970 --- [    Test worker] t.c.s.AnnotationConfigContextLoaderUtils : Could not detect default configuration classes for test class [ca.mcgill.ecse321.MuseumBackend.integration.TestCustomerIntegration]: TestCustomerIntegration does not declare any static, non-private, non-final, nested classes annotated with @Configuration.
2022-12-03 16:14:28.140  INFO 49970 --- [    Test worker] .b.t.c.SpringBootTestContextBootstrapper : Found @SpringBootConfiguration ca.mcgill.ecse321.MuseumBackend.MuseumBackendApplication for test class ca.mcgill.ecse321.MuseumBackend.integration.TestCustomerIntegration
2022-12-03 16:14:28.140  INFO 49970 --- [    Test worker] .b.t.c.SpringBootTestContextBootstrapper : Loaded default TestExecutionListener class names from location [META-INF/spring.factories]: [org.springframework.boot.test.autoconfigure.restdocs.RestDocsTestExecutionListener, org.springframework.boot.test.autoconfigure.web.client.MockRestServiceServerResetTestExecutionListener, org.springframework.boot.test.autoconfigure.web.servlet.MockMvcPrintOnlyOnFailureTestExecutionListener, org.springframework.boot.test.autoconfigure.web.servlet.WebDriverTestExecutionListener, org.springframework.boot.test.autoconfigure.webservices.client.MockWebServiceServerTestExecutionListener, org.springframework.boot.test.mock.mockito.MockitoTestExecutionListener, org.springframework.boot.test.mock.mockito.ResetMocksTestExecutionListener, org.springframework.test.context.web.ServletTestExecutionListener, org.springframework.test.context.support.DirtiesContextBeforeModesTestExecutionListener, org.springframework.test.context.event.ApplicationEventsTestExecutionListener, org.springframework.test.context.support.DependencyInjectionTestExecutionListener, org.springframework.test.context.support.DirtiesContextTestExecutionListener, org.springframework.test.context.transaction.TransactionalTestExecutionListener, org.springframework.test.context.jdbc.SqlScriptsTestExecutionListener, org.springframework.test.context.event.EventPublishingTestExecutionListener]
2022-12-03 16:14:28.141  INFO 49970 --- [    Test worker] .b.t.c.SpringBootTestContextBootstrapper : Using TestExecutionListeners: [org.springframework.test.context.web.ServletTestExecutionListener@2feff6ec, org.springframework.test.context.support.DirtiesContextBeforeModesTestExecutionListener@69c86e4b, org.springframework.test.context.event.ApplicationEventsTestExecutionListener@31af1e26, org.springframework.boot.test.mock.mockito.MockitoTestExecutionListener@48c80b0f, org.springframework.boot.test.autoconfigure.SpringBootDependencyInjectionTestExecutionListener@1840dc6c, org.springframework.test.context.support.DirtiesContextTestExecutionListener@32505319, org.springframework.test.context.transaction.TransactionalTestExecutionListener@7b47355b, org.springframework.test.context.jdbc.SqlScriptsTestExecutionListener@735fc94f, org.springframework.test.context.event.EventPublishingTestExecutionListener@6de2d8f4, org.springframework.boot.test.autoconfigure.restdocs.RestDocsTestExecutionListener@5d1a86ca, org.springframework.boot.test.autoconfigure.web.client.MockRestServiceServerResetTestExecutionListener@1f358ddf, org.springframework.boot.test.autoconfigure.web.servlet.MockMvcPrintOnlyOnFailureTestExecutionListener@12ad3ac7, org.springframework.boot.test.autoconfigure.web.servlet.WebDriverTestExecutionListener@69f3651e, org.springframework.boot.test.autoconfigure.webservices.client.MockWebServiceServerTestExecutionListener@6056923c, org.springframework.boot.test.mock.mockito.ResetMocksTestExecutionListener@533ea09c]
]]></system-out>
  <system-err><![CDATA[]]></system-err>
</testsuite>
