<?xml version="1.0" encoding="UTF-8"?>
<testsuite name="ca.mcgill.ecse321.MuseumBackend.integration.PersonIntegrationTest" tests="5" skipped="0" failures="0" errors="0" timestamp="2022-12-03T18:45:30" hostname="MacBook-Air-de-Qi.local" time="1.27">
  <properties/>
  <testcase name="testCreateGetAndDeletePerson()" classname="ca.mcgill.ecse321.MuseumBackend.integration.PersonIntegrationTest" time="0.321"/>
  <testcase name="testCreateAndGetPerson()" classname="ca.mcgill.ecse321.MuseumBackend.integration.PersonIntegrationTest" time="0.114"/>
  <testcase name="testCreateAndGetPersonAndChangeName()" classname="ca.mcgill.ecse321.MuseumBackend.integration.PersonIntegrationTest" time="0.239"/>
  <testcase name="testCreateAndGetPersonAndChangePassword()" classname="ca.mcgill.ecse321.MuseumBackend.integration.PersonIntegrationTest" time="0.285"/>
  <testcase name="testCreateAndGetPersonAndCreateAndGetPersonRoles()" classname="ca.mcgill.ecse321.MuseumBackend.integration.PersonIntegrationTest" time="0.305"/>
  <system-out><![CDATA[2022-12-03 13:45:30.357  INFO 23514 --- [    Test worker] .b.t.c.SpringBootTestContextBootstrapper : Neither @ContextConfiguration nor @ContextHierarchy found for test class [ca.mcgill.ecse321.MuseumBackend.integration.PersonIntegrationTest], using SpringBootContextLoader
2022-12-03 13:45:30.359  INFO 23514 --- [    Test worker] o.s.t.c.support.AbstractContextLoader    : Could not detect default resource locations for test class [ca.mcgill.ecse321.MuseumBackend.integration.PersonIntegrationTest]: no resource found for suffixes {-context.xml, Context.groovy}.
2022-12-03 13:45:30.359  INFO 23514 --- [    Test worker] t.c.s.AnnotationConfigContextLoaderUtils : Could not detect default configuration classes for test class [ca.mcgill.ecse321.MuseumBackend.integration.PersonIntegrationTest]: PersonIntegrationTest does not declare any static, non-private, non-final, nested classes annotated with @Configuration.
2022-12-03 13:45:30.362  INFO 23514 --- [    Test worker] .b.t.c.SpringBootTestContextBootstrapper : Found @SpringBootConfiguration ca.mcgill.ecse321.MuseumBackend.MuseumBackendApplication for test class ca.mcgill.ecse321.MuseumBackend.integration.PersonIntegrationTest
2022-12-03 13:45:30.365  INFO 23514 --- [    Test worker] .b.t.c.SpringBootTestContextBootstrapper : Loaded default TestExecutionListener class names from location [META-INF/spring.factories]: [org.springframework.boot.test.autoconfigure.restdocs.RestDocsTestExecutionListener, org.springframework.boot.test.autoconfigure.web.client.MockRestServiceServerResetTestExecutionListener, org.springframework.boot.test.autoconfigure.web.servlet.MockMvcPrintOnlyOnFailureTestExecutionListener, org.springframework.boot.test.autoconfigure.web.servlet.WebDriverTestExecutionListener, org.springframework.boot.test.autoconfigure.webservices.client.MockWebServiceServerTestExecutionListener, org.springframework.boot.test.mock.mockito.MockitoTestExecutionListener, org.springframework.boot.test.mock.mockito.ResetMocksTestExecutionListener, org.springframework.test.context.web.ServletTestExecutionListener, org.springframework.test.context.support.DirtiesContextBeforeModesTestExecutionListener, org.springframework.test.context.event.ApplicationEventsTestExecutionListener, org.springframework.test.context.support.DependencyInjectionTestExecutionListener, org.springframework.test.context.support.DirtiesContextTestExecutionListener, org.springframework.test.context.transaction.TransactionalTestExecutionListener, org.springframework.test.context.jdbc.SqlScriptsTestExecutionListener, org.springframework.test.context.event.EventPublishingTestExecutionListener]
2022-12-03 13:45:30.365  INFO 23514 --- [    Test worker] .b.t.c.SpringBootTestContextBootstrapper : Using TestExecutionListeners: [org.springframework.test.context.web.ServletTestExecutionListener@237e162a, org.springframework.test.context.support.DirtiesContextBeforeModesTestExecutionListener@3b870297, org.springframework.test.context.event.ApplicationEventsTestExecutionListener@5d9e150d, org.springframework.boot.test.mock.mockito.MockitoTestExecutionListener@3b81acd7, org.springframework.boot.test.autoconfigure.SpringBootDependencyInjectionTestExecutionListener@681d22cb, org.springframework.test.context.support.DirtiesContextTestExecutionListener@6b8d06e5, org.springframework.test.context.transaction.TransactionalTestExecutionListener@469640e4, org.springframework.test.context.jdbc.SqlScriptsTestExecutionListener@7047bbf5, org.springframework.test.context.event.EventPublishingTestExecutionListener@71cdc44c, org.springframework.boot.test.autoconfigure.restdocs.RestDocsTestExecutionListener@72744ebe, org.springframework.boot.test.autoconfigure.web.client.MockRestServiceServerResetTestExecutionListener@611a174, org.springframework.boot.test.autoconfigure.web.servlet.MockMvcPrintOnlyOnFailureTestExecutionListener@4bc42a50, org.springframework.boot.test.autoconfigure.web.servlet.WebDriverTestExecutionListener@54b468c0, org.springframework.boot.test.autoconfigure.webservices.client.MockWebServiceServerTestExecutionListener@4e5cd56, org.springframework.boot.test.mock.mockito.ResetMocksTestExecutionListener@f74c6bf]
]]></system-out>
  <system-err><![CDATA[]]></system-err>
</testsuite>
