<?xml version="1.0" encoding="UTF-8"?>
<testsuite name="ca.mcgill.ecse321.MuseumBackend.integration.ShiftIntegrationTest" tests="7" skipped="0" failures="0" errors="0" timestamp="2022-12-06T03:38:01" hostname="samuel-gp66leopard10ug" time="11.234">
  <properties/>
  <testcase name="testCreateAndGetShiftAndRemoveEmployeeFromShift()" classname="ca.mcgill.ecse321.MuseumBackend.integration.ShiftIntegrationTest" time="1.957"/>
  <testcase name="testCreateShiftsAndGetShifts()" classname="ca.mcgill.ecse321.MuseumBackend.integration.ShiftIntegrationTest" time="1.132"/>
  <testcase name="testCreateAndGetShiftAndCreateAndGetEmployees()" classname="ca.mcgill.ecse321.MuseumBackend.integration.ShiftIntegrationTest" time="2.541"/>
  <testcase name="testCreateAndGetShiftAndAddEmployeeToShift()" classname="ca.mcgill.ecse321.MuseumBackend.integration.ShiftIntegrationTest" time="1.197"/>
  <testcase name="testCreateGetAndDeleteShift()" classname="ca.mcgill.ecse321.MuseumBackend.integration.ShiftIntegrationTest" time="0.868"/>
  <testcase name="testCreateAndGetShiftAndChangeShiftDate()" classname="ca.mcgill.ecse321.MuseumBackend.integration.ShiftIntegrationTest" time="1.967"/>
  <testcase name="testCreateAndGetShift()" classname="ca.mcgill.ecse321.MuseumBackend.integration.ShiftIntegrationTest" time="1.568"/>
  <system-out><![CDATA[2022-12-05 22:38:01.157  INFO 63818 --- [    Test worker] .b.t.c.SpringBootTestContextBootstrapper : Neither @ContextConfiguration nor @ContextHierarchy found for test class [ca.mcgill.ecse321.MuseumBackend.integration.ShiftIntegrationTest], using SpringBootContextLoader
2022-12-05 22:38:01.157  INFO 63818 --- [    Test worker] o.s.t.c.support.AbstractContextLoader    : Could not detect default resource locations for test class [ca.mcgill.ecse321.MuseumBackend.integration.ShiftIntegrationTest]: no resource found for suffixes {-context.xml, Context.groovy}.
2022-12-05 22:38:01.157  INFO 63818 --- [    Test worker] t.c.s.AnnotationConfigContextLoaderUtils : Could not detect default configuration classes for test class [ca.mcgill.ecse321.MuseumBackend.integration.ShiftIntegrationTest]: ShiftIntegrationTest does not declare any static, non-private, non-final, nested classes annotated with @Configuration.
2022-12-05 22:38:01.158  INFO 63818 --- [    Test worker] .b.t.c.SpringBootTestContextBootstrapper : Found @SpringBootConfiguration ca.mcgill.ecse321.MuseumBackend.MuseumBackendApplication for test class ca.mcgill.ecse321.MuseumBackend.integration.ShiftIntegrationTest
2022-12-05 22:38:01.159  INFO 63818 --- [    Test worker] .b.t.c.SpringBootTestContextBootstrapper : Loaded default TestExecutionListener class names from location [META-INF/spring.factories]: [org.springframework.boot.test.autoconfigure.restdocs.RestDocsTestExecutionListener, org.springframework.boot.test.autoconfigure.web.client.MockRestServiceServerResetTestExecutionListener, org.springframework.boot.test.autoconfigure.web.servlet.MockMvcPrintOnlyOnFailureTestExecutionListener, org.springframework.boot.test.autoconfigure.web.servlet.WebDriverTestExecutionListener, org.springframework.boot.test.autoconfigure.webservices.client.MockWebServiceServerTestExecutionListener, org.springframework.boot.test.mock.mockito.MockitoTestExecutionListener, org.springframework.boot.test.mock.mockito.ResetMocksTestExecutionListener, org.springframework.test.context.web.ServletTestExecutionListener, org.springframework.test.context.support.DirtiesContextBeforeModesTestExecutionListener, org.springframework.test.context.event.ApplicationEventsTestExecutionListener, org.springframework.test.context.support.DependencyInjectionTestExecutionListener, org.springframework.test.context.support.DirtiesContextTestExecutionListener, org.springframework.test.context.transaction.TransactionalTestExecutionListener, org.springframework.test.context.jdbc.SqlScriptsTestExecutionListener, org.springframework.test.context.event.EventPublishingTestExecutionListener]
2022-12-05 22:38:01.160  INFO 63818 --- [    Test worker] .b.t.c.SpringBootTestContextBootstrapper : Using TestExecutionListeners: [org.springframework.test.context.web.ServletTestExecutionListener@22b012bb, org.springframework.test.context.support.DirtiesContextBeforeModesTestExecutionListener@981379d, org.springframework.test.context.event.ApplicationEventsTestExecutionListener@7da91d88, org.springframework.boot.test.mock.mockito.MockitoTestExecutionListener@7d7309cb, org.springframework.boot.test.autoconfigure.SpringBootDependencyInjectionTestExecutionListener@5f74e914, org.springframework.test.context.support.DirtiesContextTestExecutionListener@5fc900b8, org.springframework.test.context.transaction.TransactionalTestExecutionListener@6a390394, org.springframework.test.context.jdbc.SqlScriptsTestExecutionListener@fe16249, org.springframework.test.context.event.EventPublishingTestExecutionListener@772506e8, org.springframework.boot.test.autoconfigure.restdocs.RestDocsTestExecutionListener@607e0474, org.springframework.boot.test.autoconfigure.web.client.MockRestServiceServerResetTestExecutionListener@42f99e4c, org.springframework.boot.test.autoconfigure.web.servlet.MockMvcPrintOnlyOnFailureTestExecutionListener@468e4f70, org.springframework.boot.test.autoconfigure.web.servlet.WebDriverTestExecutionListener@19c3030f, org.springframework.boot.test.autoconfigure.webservices.client.MockWebServiceServerTestExecutionListener@98ee9e7, org.springframework.boot.test.mock.mockito.ResetMocksTestExecutionListener@70b0d64]
]]></system-out>
  <system-err><![CDATA[]]></system-err>
</testsuite>
