<?xml version="1.0" encoding="UTF-8"?>
<testsuite name="ca.mcgill.ecse321.MuseumBackend.integration.TicketIntegrationTests" tests="17" skipped="0" failures="0" errors="0" timestamp="2022-12-03T21:14:32" hostname="samuel-gp66leopard10ug" time="11.149">
  <properties/>
  <testcase name="testReplaceTicket2()" classname="ca.mcgill.ecse321.MuseumBackend.integration.TicketIntegrationTests" time="0.225"/>
  <testcase name="testReplaceInvalidTicket2()" classname="ca.mcgill.ecse321.MuseumBackend.integration.TicketIntegrationTests" time="0.01"/>
  <testcase name="cancelTicket()" classname="ca.mcgill.ecse321.MuseumBackend.integration.TicketIntegrationTests" time="1.862"/>
  <testcase name="purchaseInvalidTicket()" classname="ca.mcgill.ecse321.MuseumBackend.integration.TicketIntegrationTests" time="1.211"/>
  <testcase name="testReplaceTicket()" classname="ca.mcgill.ecse321.MuseumBackend.integration.TicketIntegrationTests" time="0.442"/>
  <testcase name="testCreateInvalidTicket()" classname="ca.mcgill.ecse321.MuseumBackend.integration.TicketIntegrationTests" time="0.009"/>
  <testcase name="testGetInvalidTicketById()" classname="ca.mcgill.ecse321.MuseumBackend.integration.TicketIntegrationTests" time="0.01"/>
  <testcase name="purchaseInvalidTicket2()" classname="ca.mcgill.ecse321.MuseumBackend.integration.TicketIntegrationTests" time="1.818"/>
  <testcase name="purchaseAndBrowseTickets()" classname="ca.mcgill.ecse321.MuseumBackend.integration.TicketIntegrationTests" time="2.772"/>
  <testcase name="purchaseTicketMissingCustomer()" classname="ca.mcgill.ecse321.MuseumBackend.integration.TicketIntegrationTests" time="0.332"/>
  <testcase name="testCreateInvalidTicket2()" classname="ca.mcgill.ecse321.MuseumBackend.integration.TicketIntegrationTests" time="0.009"/>
  <testcase name="testCreateAndGetTicket()" classname="ca.mcgill.ecse321.MuseumBackend.integration.TicketIntegrationTests" time="0.132"/>
  <testcase name="testDeleteTicket()" classname="ca.mcgill.ecse321.MuseumBackend.integration.TicketIntegrationTests" time="0.19"/>
  <testcase name="testReplaceInvalidTicket()" classname="ca.mcgill.ecse321.MuseumBackend.integration.TicketIntegrationTests" time="0.009"/>
  <testcase name="testGetAllTickets()" classname="ca.mcgill.ecse321.MuseumBackend.integration.TicketIntegrationTests" time="0.022"/>
  <testcase name="cancelTicketWrongCustomer()" classname="ca.mcgill.ecse321.MuseumBackend.integration.TicketIntegrationTests" time="1.279"/>
  <testcase name="cancelTicketTooLate()" classname="ca.mcgill.ecse321.MuseumBackend.integration.TicketIntegrationTests" time="0.808"/>
  <system-out><![CDATA[2022-12-03 16:14:32.350  INFO 49970 --- [    Test worker] .b.t.c.SpringBootTestContextBootstrapper : Neither @ContextConfiguration nor @ContextHierarchy found for test class [ca.mcgill.ecse321.MuseumBackend.integration.TicketIntegrationTests], using SpringBootContextLoader
2022-12-03 16:14:32.351  INFO 49970 --- [    Test worker] o.s.t.c.support.AbstractContextLoader    : Could not detect default resource locations for test class [ca.mcgill.ecse321.MuseumBackend.integration.TicketIntegrationTests]: no resource found for suffixes {-context.xml, Context.groovy}.
2022-12-03 16:14:32.351  INFO 49970 --- [    Test worker] t.c.s.AnnotationConfigContextLoaderUtils : Could not detect default configuration classes for test class [ca.mcgill.ecse321.MuseumBackend.integration.TicketIntegrationTests]: TicketIntegrationTests does not declare any static, non-private, non-final, nested classes annotated with @Configuration.
2022-12-03 16:14:32.351  INFO 49970 --- [    Test worker] .b.t.c.SpringBootTestContextBootstrapper : Found @SpringBootConfiguration ca.mcgill.ecse321.MuseumBackend.MuseumBackendApplication for test class ca.mcgill.ecse321.MuseumBackend.integration.TicketIntegrationTests
2022-12-03 16:14:32.352  INFO 49970 --- [    Test worker] .b.t.c.SpringBootTestContextBootstrapper : Loaded default TestExecutionListener class names from location [META-INF/spring.factories]: [org.springframework.boot.test.autoconfigure.restdocs.RestDocsTestExecutionListener, org.springframework.boot.test.autoconfigure.web.client.MockRestServiceServerResetTestExecutionListener, org.springframework.boot.test.autoconfigure.web.servlet.MockMvcPrintOnlyOnFailureTestExecutionListener, org.springframework.boot.test.autoconfigure.web.servlet.WebDriverTestExecutionListener, org.springframework.boot.test.autoconfigure.webservices.client.MockWebServiceServerTestExecutionListener, org.springframework.boot.test.mock.mockito.MockitoTestExecutionListener, org.springframework.boot.test.mock.mockito.ResetMocksTestExecutionListener, org.springframework.test.context.web.ServletTestExecutionListener, org.springframework.test.context.support.DirtiesContextBeforeModesTestExecutionListener, org.springframework.test.context.event.ApplicationEventsTestExecutionListener, org.springframework.test.context.support.DependencyInjectionTestExecutionListener, org.springframework.test.context.support.DirtiesContextTestExecutionListener, org.springframework.test.context.transaction.TransactionalTestExecutionListener, org.springframework.test.context.jdbc.SqlScriptsTestExecutionListener, org.springframework.test.context.event.EventPublishingTestExecutionListener]
2022-12-03 16:14:32.352  INFO 49970 --- [    Test worker] .b.t.c.SpringBootTestContextBootstrapper : Using TestExecutionListeners: [org.springframework.test.context.web.ServletTestExecutionListener@6828768a, org.springframework.test.context.support.DirtiesContextBeforeModesTestExecutionListener@7147d4e9, org.springframework.test.context.event.ApplicationEventsTestExecutionListener@1f759cbf, org.springframework.boot.test.mock.mockito.MockitoTestExecutionListener@4a39d0fc, org.springframework.boot.test.autoconfigure.SpringBootDependencyInjectionTestExecutionListener@618e6317, org.springframework.test.context.support.DirtiesContextTestExecutionListener@2e211353, org.springframework.test.context.transaction.TransactionalTestExecutionListener@1d82e24c, org.springframework.test.context.jdbc.SqlScriptsTestExecutionListener@19b86f30, org.springframework.test.context.event.EventPublishingTestExecutionListener@b3c31cb, org.springframework.boot.test.autoconfigure.restdocs.RestDocsTestExecutionListener@2da11074, org.springframework.boot.test.autoconfigure.web.client.MockRestServiceServerResetTestExecutionListener@273b170e, org.springframework.boot.test.autoconfigure.web.servlet.MockMvcPrintOnlyOnFailureTestExecutionListener@7da02d36, org.springframework.boot.test.autoconfigure.web.servlet.WebDriverTestExecutionListener@1778e920, org.springframework.boot.test.autoconfigure.webservices.client.MockWebServiceServerTestExecutionListener@32ff690b, org.springframework.boot.test.mock.mockito.ResetMocksTestExecutionListener@4d038b3d]
]]></system-out>
  <system-err><![CDATA[]]></system-err>
</testsuite>
