<?xml version="1.0" encoding="UTF-8"?>
<testsuite name="ca.mcgill.ecse321.MuseumBackend.repository.StorageRepositoryTests" tests="2" skipped="0" failures="0" errors="0" timestamp="2022-12-06T03:08:27" hostname="MacBook-Air-de-Qi.local" time="0.14">
  <properties/>
  <testcase name="testPersistAndLoadStorage()" classname="ca.mcgill.ecse321.MuseumBackend.repository.StorageRepositoryTests" time="0.04"/>
  <testcase name="testRoomToArtworkReference()" classname="ca.mcgill.ecse321.MuseumBackend.repository.StorageRepositoryTests" time="0.099"/>
  <system-out><![CDATA[2022-12-05 22:08:27.061  INFO 39074 --- [    Test worker] .b.t.c.SpringBootTestContextBootstrapper : Neither @ContextConfiguration nor @ContextHierarchy found for test class [ca.mcgill.ecse321.MuseumBackend.repository.StorageRepositoryTests], using SpringBootContextLoader
2022-12-05 22:08:27.062  INFO 39074 --- [    Test worker] o.s.t.c.support.AbstractContextLoader    : Could not detect default resource locations for test class [ca.mcgill.ecse321.MuseumBackend.repository.StorageRepositoryTests]: no resource found for suffixes {-context.xml, Context.groovy}.
2022-12-05 22:08:27.062  INFO 39074 --- [    Test worker] t.c.s.AnnotationConfigContextLoaderUtils : Could not detect default configuration classes for test class [ca.mcgill.ecse321.MuseumBackend.repository.StorageRepositoryTests]: StorageRepositoryTests does not declare any static, non-private, non-final, nested classes annotated with @Configuration.
2022-12-05 22:08:27.064  INFO 39074 --- [    Test worker] .b.t.c.SpringBootTestContextBootstrapper : Found @SpringBootConfiguration ca.mcgill.ecse321.MuseumBackend.MuseumBackendApplication for test class ca.mcgill.ecse321.MuseumBackend.repository.StorageRepositoryTests
2022-12-05 22:08:27.066  INFO 39074 --- [    Test worker] .b.t.c.SpringBootTestContextBootstrapper : Loaded default TestExecutionListener class names from location [META-INF/spring.factories]: [org.springframework.boot.test.autoconfigure.restdocs.RestDocsTestExecutionListener, org.springframework.boot.test.autoconfigure.web.client.MockRestServiceServerResetTestExecutionListener, org.springframework.boot.test.autoconfigure.web.servlet.MockMvcPrintOnlyOnFailureTestExecutionListener, org.springframework.boot.test.autoconfigure.web.servlet.WebDriverTestExecutionListener, org.springframework.boot.test.autoconfigure.webservices.client.MockWebServiceServerTestExecutionListener, org.springframework.boot.test.mock.mockito.MockitoTestExecutionListener, org.springframework.boot.test.mock.mockito.ResetMocksTestExecutionListener, org.springframework.test.context.web.ServletTestExecutionListener, org.springframework.test.context.support.DirtiesContextBeforeModesTestExecutionListener, org.springframework.test.context.event.ApplicationEventsTestExecutionListener, org.springframework.test.context.support.DependencyInjectionTestExecutionListener, org.springframework.test.context.support.DirtiesContextTestExecutionListener, org.springframework.test.context.transaction.TransactionalTestExecutionListener, org.springframework.test.context.jdbc.SqlScriptsTestExecutionListener, org.springframework.test.context.event.EventPublishingTestExecutionListener]
2022-12-05 22:08:27.067  INFO 39074 --- [    Test worker] .b.t.c.SpringBootTestContextBootstrapper : Using TestExecutionListeners: [org.springframework.test.context.web.ServletTestExecutionListener@3ba45698, org.springframework.test.context.support.DirtiesContextBeforeModesTestExecutionListener@4e32cdc6, org.springframework.test.context.event.ApplicationEventsTestExecutionListener@ce23250, org.springframework.boot.test.mock.mockito.MockitoTestExecutionListener@206c2f1b, org.springframework.boot.test.autoconfigure.SpringBootDependencyInjectionTestExecutionListener@39e5bd18, org.springframework.test.context.support.DirtiesContextTestExecutionListener@61611b1f, org.springframework.test.context.transaction.TransactionalTestExecutionListener@7c0cc5d1, org.springframework.test.context.jdbc.SqlScriptsTestExecutionListener@3dd939bc, org.springframework.test.context.event.EventPublishingTestExecutionListener@29c04e62, org.springframework.boot.test.autoconfigure.restdocs.RestDocsTestExecutionListener@409011a6, org.springframework.boot.test.autoconfigure.web.client.MockRestServiceServerResetTestExecutionListener@5a286628, org.springframework.boot.test.autoconfigure.web.servlet.MockMvcPrintOnlyOnFailureTestExecutionListener@2ec8a008, org.springframework.boot.test.autoconfigure.web.servlet.WebDriverTestExecutionListener@55058ed, org.springframework.boot.test.autoconfigure.webservices.client.MockWebServiceServerTestExecutionListener@450d74c0, org.springframework.boot.test.mock.mockito.ResetMocksTestExecutionListener@5c0d536f]
]]></system-out>
  <system-err><![CDATA[]]></system-err>
</testsuite>
