<?xml version="1.0" encoding="UTF-8"?>
<testsuite name="ca.mcgill.ecse321.MuseumBackend.repository.CustomerRepositoryTests" tests="2" skipped="0" failures="0" errors="0" timestamp="2022-12-06T03:38:26" hostname="samuel-gp66leopard10ug" time="0.464">
  <properties/>
  <testcase name="testPersistAndLoadCustomer()" classname="ca.mcgill.ecse321.MuseumBackend.repository.CustomerRepositoryTests" time="0.015"/>
  <testcase name="testCustomerToPersonReference()" classname="ca.mcgill.ecse321.MuseumBackend.repository.CustomerRepositoryTests" time="0.448"/>
  <system-out><![CDATA[2022-12-05 22:38:26.410  INFO 63818 --- [    Test worker] .b.t.c.SpringBootTestContextBootstrapper : Neither @ContextConfiguration nor @ContextHierarchy found for test class [ca.mcgill.ecse321.MuseumBackend.repository.CustomerRepositoryTests], using SpringBootContextLoader
2022-12-05 22:38:26.411  INFO 63818 --- [    Test worker] o.s.t.c.support.AbstractContextLoader    : Could not detect default resource locations for test class [ca.mcgill.ecse321.MuseumBackend.repository.CustomerRepositoryTests]: no resource found for suffixes {-context.xml, Context.groovy}.
2022-12-05 22:38:26.411  INFO 63818 --- [    Test worker] t.c.s.AnnotationConfigContextLoaderUtils : Could not detect default configuration classes for test class [ca.mcgill.ecse321.MuseumBackend.repository.CustomerRepositoryTests]: CustomerRepositoryTests does not declare any static, non-private, non-final, nested classes annotated with @Configuration.
2022-12-05 22:38:26.411  INFO 63818 --- [    Test worker] .b.t.c.SpringBootTestContextBootstrapper : Found @SpringBootConfiguration ca.mcgill.ecse321.MuseumBackend.MuseumBackendApplication for test class ca.mcgill.ecse321.MuseumBackend.repository.CustomerRepositoryTests
2022-12-05 22:38:26.412  INFO 63818 --- [    Test worker] .b.t.c.SpringBootTestContextBootstrapper : Loaded default TestExecutionListener class names from location [META-INF/spring.factories]: [org.springframework.boot.test.autoconfigure.restdocs.RestDocsTestExecutionListener, org.springframework.boot.test.autoconfigure.web.client.MockRestServiceServerResetTestExecutionListener, org.springframework.boot.test.autoconfigure.web.servlet.MockMvcPrintOnlyOnFailureTestExecutionListener, org.springframework.boot.test.autoconfigure.web.servlet.WebDriverTestExecutionListener, org.springframework.boot.test.autoconfigure.webservices.client.MockWebServiceServerTestExecutionListener, org.springframework.boot.test.mock.mockito.MockitoTestExecutionListener, org.springframework.boot.test.mock.mockito.ResetMocksTestExecutionListener, org.springframework.test.context.web.ServletTestExecutionListener, org.springframework.test.context.support.DirtiesContextBeforeModesTestExecutionListener, org.springframework.test.context.event.ApplicationEventsTestExecutionListener, org.springframework.test.context.support.DependencyInjectionTestExecutionListener, org.springframework.test.context.support.DirtiesContextTestExecutionListener, org.springframework.test.context.transaction.TransactionalTestExecutionListener, org.springframework.test.context.jdbc.SqlScriptsTestExecutionListener, org.springframework.test.context.event.EventPublishingTestExecutionListener]
2022-12-05 22:38:26.412  INFO 63818 --- [    Test worker] .b.t.c.SpringBootTestContextBootstrapper : Using TestExecutionListeners: [org.springframework.test.context.web.ServletTestExecutionListener@70a350fa, org.springframework.test.context.support.DirtiesContextBeforeModesTestExecutionListener@608c52c0, org.springframework.test.context.event.ApplicationEventsTestExecutionListener@3a83e9bf, org.springframework.boot.test.mock.mockito.MockitoTestExecutionListener@c46e26c, org.springframework.boot.test.autoconfigure.SpringBootDependencyInjectionTestExecutionListener@6608579e, org.springframework.test.context.support.DirtiesContextTestExecutionListener@641003cd, org.springframework.test.context.transaction.TransactionalTestExecutionListener@41fbc0e1, org.springframework.test.context.jdbc.SqlScriptsTestExecutionListener@7a150f30, org.springframework.test.context.event.EventPublishingTestExecutionListener@5e05134b, org.springframework.boot.test.autoconfigure.restdocs.RestDocsTestExecutionListener@3a6f6d2d, org.springframework.boot.test.autoconfigure.web.client.MockRestServiceServerResetTestExecutionListener@258c4e49, org.springframework.boot.test.autoconfigure.web.servlet.MockMvcPrintOnlyOnFailureTestExecutionListener@7732b947, org.springframework.boot.test.autoconfigure.web.servlet.WebDriverTestExecutionListener@15b63a1, org.springframework.boot.test.autoconfigure.webservices.client.MockWebServiceServerTestExecutionListener@409c70a2, org.springframework.boot.test.mock.mockito.ResetMocksTestExecutionListener@7a580fe]
]]></system-out>
  <system-err><![CDATA[]]></system-err>
</testsuite>
