<?xml version="1.0" encoding="UTF-8"?>
<testsuite name="ca.mcgill.ecse321.MuseumBackend.repository.CustomerRepositoryTests" tests="2" skipped="0" failures="0" errors="0" timestamp="2022-12-03T18:45:36" hostname="MacBook-Air-de-Qi.local" time="0.198">
  <properties/>
  <testcase name="testPersistAndLoadCustomer()" classname="ca.mcgill.ecse321.MuseumBackend.repository.CustomerRepositoryTests" time="0.049"/>
  <testcase name="testCustomerToPersonReference()" classname="ca.mcgill.ecse321.MuseumBackend.repository.CustomerRepositoryTests" time="0.148"/>
  <system-out><![CDATA[2022-12-03 13:45:36.888  INFO 23514 --- [    Test worker] .b.t.c.SpringBootTestContextBootstrapper : Neither @ContextConfiguration nor @ContextHierarchy found for test class [ca.mcgill.ecse321.MuseumBackend.repository.CustomerRepositoryTests], using SpringBootContextLoader
2022-12-03 13:45:36.889  INFO 23514 --- [    Test worker] o.s.t.c.support.AbstractContextLoader    : Could not detect default resource locations for test class [ca.mcgill.ecse321.MuseumBackend.repository.CustomerRepositoryTests]: no resource found for suffixes {-context.xml, Context.groovy}.
2022-12-03 13:45:36.889  INFO 23514 --- [    Test worker] t.c.s.AnnotationConfigContextLoaderUtils : Could not detect default configuration classes for test class [ca.mcgill.ecse321.MuseumBackend.repository.CustomerRepositoryTests]: CustomerRepositoryTests does not declare any static, non-private, non-final, nested classes annotated with @Configuration.
2022-12-03 13:45:36.891  INFO 23514 --- [    Test worker] .b.t.c.SpringBootTestContextBootstrapper : Found @SpringBootConfiguration ca.mcgill.ecse321.MuseumBackend.MuseumBackendApplication for test class ca.mcgill.ecse321.MuseumBackend.repository.CustomerRepositoryTests
2022-12-03 13:45:36.893  INFO 23514 --- [    Test worker] .b.t.c.SpringBootTestContextBootstrapper : Loaded default TestExecutionListener class names from location [META-INF/spring.factories]: [org.springframework.boot.test.autoconfigure.restdocs.RestDocsTestExecutionListener, org.springframework.boot.test.autoconfigure.web.client.MockRestServiceServerResetTestExecutionListener, org.springframework.boot.test.autoconfigure.web.servlet.MockMvcPrintOnlyOnFailureTestExecutionListener, org.springframework.boot.test.autoconfigure.web.servlet.WebDriverTestExecutionListener, org.springframework.boot.test.autoconfigure.webservices.client.MockWebServiceServerTestExecutionListener, org.springframework.boot.test.mock.mockito.MockitoTestExecutionListener, org.springframework.boot.test.mock.mockito.ResetMocksTestExecutionListener, org.springframework.test.context.web.ServletTestExecutionListener, org.springframework.test.context.support.DirtiesContextBeforeModesTestExecutionListener, org.springframework.test.context.event.ApplicationEventsTestExecutionListener, org.springframework.test.context.support.DependencyInjectionTestExecutionListener, org.springframework.test.context.support.DirtiesContextTestExecutionListener, org.springframework.test.context.transaction.TransactionalTestExecutionListener, org.springframework.test.context.jdbc.SqlScriptsTestExecutionListener, org.springframework.test.context.event.EventPublishingTestExecutionListener]
2022-12-03 13:45:36.893  INFO 23514 --- [    Test worker] .b.t.c.SpringBootTestContextBootstrapper : Using TestExecutionListeners: [org.springframework.test.context.web.ServletTestExecutionListener@9eb7e21, org.springframework.test.context.support.DirtiesContextBeforeModesTestExecutionListener@794790c4, org.springframework.test.context.event.ApplicationEventsTestExecutionListener@1c62cf40, org.springframework.boot.test.mock.mockito.MockitoTestExecutionListener@65bff8ce, org.springframework.boot.test.autoconfigure.SpringBootDependencyInjectionTestExecutionListener@3777882e, org.springframework.test.context.support.DirtiesContextTestExecutionListener@72f3ffb4, org.springframework.test.context.transaction.TransactionalTestExecutionListener@78e12665, org.springframework.test.context.jdbc.SqlScriptsTestExecutionListener@6282d83f, org.springframework.test.context.event.EventPublishingTestExecutionListener@693f1ab9, org.springframework.boot.test.autoconfigure.restdocs.RestDocsTestExecutionListener@4dc5675, org.springframework.boot.test.autoconfigure.web.client.MockRestServiceServerResetTestExecutionListener@757f8a85, org.springframework.boot.test.autoconfigure.web.servlet.MockMvcPrintOnlyOnFailureTestExecutionListener@148e735, org.springframework.boot.test.autoconfigure.web.servlet.WebDriverTestExecutionListener@10b3df77, org.springframework.boot.test.autoconfigure.webservices.client.MockWebServiceServerTestExecutionListener@763a4cea, org.springframework.boot.test.mock.mockito.ResetMocksTestExecutionListener@7f98db0a]
]]></system-out>
  <system-err><![CDATA[]]></system-err>
</testsuite>
