<?xml version="1.0" encoding="UTF-8"?>
<testsuite name="ca.mcgill.ecse321.MuseumBackend.service.ArtworkServiceTests" tests="5" skipped="0" failures="0" errors="0" timestamp="2022-12-06T03:08:27" hostname="MacBook-Air-de-Qi.local" time="0.394">
  <properties/>
  <testcase name="testMoveArtwork()" classname="ca.mcgill.ecse321.MuseumBackend.service.ArtworkServiceTests" time="0.37"/>
  <testcase name="testCreateArtwork()" classname="ca.mcgill.ecse321.MuseumBackend.service.ArtworkServiceTests" time="0.009"/>
  <testcase name="testGetArtById()" classname="ca.mcgill.ecse321.MuseumBackend.service.ArtworkServiceTests" time="0.004"/>
  <testcase name="testUpdateFields()" classname="ca.mcgill.ecse321.MuseumBackend.service.ArtworkServiceTests" time="0.004"/>
  <testcase name="testDeleteArtwork()" classname="ca.mcgill.ecse321.MuseumBackend.service.ArtworkServiceTests" time="0.004"/>
  <system-out><![CDATA[]]></system-out>
  <system-err><![CDATA[]]></system-err>
</testsuite>
