<?xml version="1.0" encoding="UTF-8"?>
<testsuite name="ca.mcgill.ecse321.MuseumBackend.integration.ArtworkIntegrationTest" tests="11" skipped="0" failures="0" errors="0" timestamp="2022-12-03T18:45:24" hostname="MacBook-Air-de-Qi.local" time="4.001">
  <properties/>
  <testcase name="testUpdateArtworkWithInvalidRequest2()" classname="ca.mcgill.ecse321.MuseumBackend.integration.ArtworkIntegrationTest" time="1.551"/>
  <testcase name="testMoveArtwork()" classname="ca.mcgill.ecse321.MuseumBackend.integration.ArtworkIntegrationTest" time="0.434"/>
  <testcase name="testGetAllArtworksOnDisplay()" classname="ca.mcgill.ecse321.MuseumBackend.integration.ArtworkIntegrationTest" time="0.502"/>
  <testcase name="testUpdateArtwork()" classname="ca.mcgill.ecse321.MuseumBackend.integration.ArtworkIntegrationTest" time="0.297"/>
  <testcase name="testGetAllArtworksOnStorage()" classname="ca.mcgill.ecse321.MuseumBackend.integration.ArtworkIntegrationTest" time="0.264"/>
  <testcase name="testGetAndCreateArtwork()" classname="ca.mcgill.ecse321.MuseumBackend.integration.ArtworkIntegrationTest" time="0.188"/>
  <testcase name="testDeleteArtwork()" classname="ca.mcgill.ecse321.MuseumBackend.integration.ArtworkIntegrationTest" time="0.158"/>
  <testcase name="testGetNonExistingArtwork()" classname="ca.mcgill.ecse321.MuseumBackend.integration.ArtworkIntegrationTest" time="0.052"/>
  <testcase name="testGetAllArtworks()" classname="ca.mcgill.ecse321.MuseumBackend.integration.ArtworkIntegrationTest" time="0.228"/>
  <testcase name="testUpdateArtworkWithInvalidRequest()" classname="ca.mcgill.ecse321.MuseumBackend.integration.ArtworkIntegrationTest" time="0.104"/>
  <testcase name="testGetAllArtworksByRoomId()" classname="ca.mcgill.ecse321.MuseumBackend.integration.ArtworkIntegrationTest" time="0.21"/>
  <system-out><![CDATA[2022-12-03 13:45:19.898  INFO 23514 --- [    Test worker] .b.t.c.SpringBootTestContextBootstrapper : Neither @ContextConfiguration nor @ContextHierarchy found for test class [ca.mcgill.ecse321.MuseumBackend.integration.ArtworkIntegrationTest], using SpringBootContextLoader
2022-12-03 13:45:19.900  INFO 23514 --- [    Test worker] o.s.t.c.support.AbstractContextLoader    : Could not detect default resource locations for test class [ca.mcgill.ecse321.MuseumBackend.integration.ArtworkIntegrationTest]: no resource found for suffixes {-context.xml, Context.groovy}.
2022-12-03 13:45:19.901  INFO 23514 --- [    Test worker] t.c.s.AnnotationConfigContextLoaderUtils : Could not detect default configuration classes for test class [ca.mcgill.ecse321.MuseumBackend.integration.ArtworkIntegrationTest]: ArtworkIntegrationTest does not declare any static, non-private, non-final, nested classes annotated with @Configuration.
2022-12-03 13:45:19.921  INFO 23514 --- [    Test worker] .b.t.c.SpringBootTestContextBootstrapper : Found @SpringBootConfiguration ca.mcgill.ecse321.MuseumBackend.MuseumBackendApplication for test class ca.mcgill.ecse321.MuseumBackend.integration.ArtworkIntegrationTest
2022-12-03 13:45:19.925  INFO 23514 --- [    Test worker] .b.t.c.SpringBootTestContextBootstrapper : Loaded default TestExecutionListener class names from location [META-INF/spring.factories]: [org.springframework.boot.test.autoconfigure.restdocs.RestDocsTestExecutionListener, org.springframework.boot.test.autoconfigure.web.client.MockRestServiceServerResetTestExecutionListener, org.springframework.boot.test.autoconfigure.web.servlet.MockMvcPrintOnlyOnFailureTestExecutionListener, org.springframework.boot.test.autoconfigure.web.servlet.WebDriverTestExecutionListener, org.springframework.boot.test.autoconfigure.webservices.client.MockWebServiceServerTestExecutionListener, org.springframework.boot.test.mock.mockito.MockitoTestExecutionListener, org.springframework.boot.test.mock.mockito.ResetMocksTestExecutionListener, org.springframework.test.context.web.ServletTestExecutionListener, org.springframework.test.context.support.DirtiesContextBeforeModesTestExecutionListener, org.springframework.test.context.event.ApplicationEventsTestExecutionListener, org.springframework.test.context.support.DependencyInjectionTestExecutionListener, org.springframework.test.context.support.DirtiesContextTestExecutionListener, org.springframework.test.context.transaction.TransactionalTestExecutionListener, org.springframework.test.context.jdbc.SqlScriptsTestExecutionListener, org.springframework.test.context.event.EventPublishingTestExecutionListener]
2022-12-03 13:45:19.926  INFO 23514 --- [    Test worker] .b.t.c.SpringBootTestContextBootstrapper : Using TestExecutionListeners: [org.springframework.test.context.web.ServletTestExecutionListener@462d239a, org.springframework.test.context.support.DirtiesContextBeforeModesTestExecutionListener@7a6fcf93, org.springframework.test.context.event.ApplicationEventsTestExecutionListener@129a09d9, org.springframework.boot.test.mock.mockito.MockitoTestExecutionListener@3e3d3cd0, org.springframework.boot.test.autoconfigure.SpringBootDependencyInjectionTestExecutionListener@1123f97e, org.springframework.test.context.support.DirtiesContextTestExecutionListener@15b4bf9e, org.springframework.test.context.transaction.TransactionalTestExecutionListener@5722b830, org.springframework.test.context.jdbc.SqlScriptsTestExecutionListener@2ec5b8, org.springframework.test.context.event.EventPublishingTestExecutionListener@ec824ca, org.springframework.boot.test.autoconfigure.restdocs.RestDocsTestExecutionListener@3eb022c2, org.springframework.boot.test.autoconfigure.web.client.MockRestServiceServerResetTestExecutionListener@7c91fe1c, org.springframework.boot.test.autoconfigure.web.servlet.MockMvcPrintOnlyOnFailureTestExecutionListener@ae4e733, org.springframework.boot.test.autoconfigure.web.servlet.WebDriverTestExecutionListener@45456cd1, org.springframework.boot.test.autoconfigure.webservices.client.MockWebServiceServerTestExecutionListener@7a5ce089, org.springframework.boot.test.mock.mockito.ResetMocksTestExecutionListener@94e90c0]

  .   ____          _            __ _ _
 /\\ / ___'_ __ _ _(_)_ __  __ _ \ \ \ \
( ( )\___ | '_ | '_| | '_ \/ _` | \ \ \ \
 \\/  ___)| |_)| | | | | || (_| |  ) ) ) )
  '  |____| .__|_| |_|_| |_\__, | / / / /
 =========|_|==============|___/=/_/_/_/
 :: Spring Boot ::                (v2.7.5)

2022-12-03 13:45:19.995  INFO 23514 --- [    Test worker] c.m.e.M.i.ArtworkIntegrationTest         : Starting ArtworkIntegrationTest using Java 17.0.1 on MacBook-Air-de-Qi.local with PID 23514 (started by qi in /Users/qi/Documents/GitHub/project-group-15F22)
2022-12-03 13:45:19.995  INFO 23514 --- [    Test worker] c.m.e.M.i.ArtworkIntegrationTest         : No active profile set, falling back to 1 default profile: "default"
2022-12-03 13:45:20.353  INFO 23514 --- [    Test worker] .s.d.r.c.RepositoryConfigurationDelegate : Bootstrapping Spring Data JPA repositories in DEFAULT mode.
2022-12-03 13:45:20.407  INFO 23514 --- [    Test worker] .s.d.r.c.RepositoryConfigurationDelegate : Finished Spring Data repository scanning in 53 ms. Found 12 JPA repository interfaces.
2022-12-03 13:45:21.062  INFO 23514 --- [    Test worker] o.s.b.w.embedded.tomcat.TomcatWebServer  : Tomcat initialized with port(s): 0 (http)
2022-12-03 13:45:21.095  INFO 23514 --- [    Test worker] o.apache.catalina.core.StandardService   : Starting service [Tomcat]
2022-12-03 13:45:21.096  INFO 23514 --- [    Test worker] org.apache.catalina.core.StandardEngine  : Starting Servlet engine: [Apache Tomcat/9.0.68]
2022-12-03 13:45:21.492  INFO 23514 --- [    Test worker] o.a.c.c.C.[Tomcat].[localhost].[/]       : Initializing Spring embedded WebApplicationContext
2022-12-03 13:45:21.492  INFO 23514 --- [    Test worker] w.s.c.ServletWebServerApplicationContext : Root WebApplicationContext: initialization completed in 1493 ms
2022-12-03 13:45:21.861  INFO 23514 --- [    Test worker] o.hibernate.jpa.internal.util.LogHelper  : HHH000204: Processing PersistenceUnitInfo [name: default]
2022-12-03 13:45:21.876  INFO 23514 --- [    Test worker] com.zaxxer.hikari.HikariDataSource       : HikariPool-2 - Starting...
2022-12-03 13:45:21.941  INFO 23514 --- [    Test worker] com.zaxxer.hikari.HikariDataSource       : HikariPool-2 - Start completed.
2022-12-03 13:45:21.942  INFO 23514 --- [    Test worker] org.hibernate.dialect.Dialect            : HHH000400: Using dialect: org.hibernate.dialect.PostgreSQL10Dialect
2022-12-03 13:45:23.056  INFO 23514 --- [    Test worker] o.h.e.t.j.p.i.JtaPlatformInitiator       : HHH000490: Using JtaPlatform implementation: [org.hibernate.engine.transaction.jta.platform.internal.NoJtaPlatform]
2022-12-03 13:45:23.056  INFO 23514 --- [    Test worker] j.LocalContainerEntityManagerFactoryBean : Initialized JPA EntityManagerFactory for persistence unit 'default'
2022-12-03 13:45:23.512  WARN 23514 --- [    Test worker] JpaBaseConfiguration$JpaWebConfiguration : spring.jpa.open-in-view is enabled by default. Therefore, database queries may be performed during view rendering. Explicitly configure spring.jpa.open-in-view to disable this warning
2022-12-03 13:45:24.029  INFO 23514 --- [    Test worker] o.s.b.w.embedded.tomcat.TomcatWebServer  : Tomcat started on port(s): 52898 (http) with context path ''
2022-12-03 13:45:24.035  INFO 23514 --- [    Test worker] c.m.e.M.i.ArtworkIntegrationTest         : Started ArtworkIntegrationTest in 4.105 seconds (JVM running for 21.128)
2022-12-03 13:45:24.989  INFO 23514 --- [o-auto-1-exec-1] o.a.c.c.C.[Tomcat].[localhost].[/]       : Initializing Spring DispatcherServlet 'dispatcherServlet'
2022-12-03 13:45:24.990  INFO 23514 --- [o-auto-1-exec-1] o.s.web.servlet.DispatcherServlet        : Initializing Servlet 'dispatcherServlet'
2022-12-03 13:45:24.992  INFO 23514 --- [o-auto-1-exec-1] o.s.web.servlet.DispatcherServlet        : Completed initialization in 2 ms
]]></system-out>
  <system-err><![CDATA[]]></system-err>
</testsuite>
