<?xml version="1.0" encoding="UTF-8"?>
<testsuite name="ca.mcgill.ecse321.MuseumBackend.repository.LoanRepositoryTests" tests="2" skipped="0" failures="0" errors="0" timestamp="2022-12-06T03:08:26" hostname="MacBook-Air-de-Qi.local" time="0.133">
  <properties/>
  <testcase name="testPersistAndLoadLoan()" classname="ca.mcgill.ecse321.MuseumBackend.repository.LoanRepositoryTests" time="0.036"/>
  <testcase name="testLoanToArtworkReference()" classname="ca.mcgill.ecse321.MuseumBackend.repository.LoanRepositoryTests" time="0.095"/>
  <system-out><![CDATA[2022-12-05 22:08:26.522  INFO 39074 --- [    Test worker] .b.t.c.SpringBootTestContextBootstrapper : Neither @ContextConfiguration nor @ContextHierarchy found for test class [ca.mcgill.ecse321.MuseumBackend.repository.LoanRepositoryTests], using SpringBootContextLoader
2022-12-05 22:08:26.522  INFO 39074 --- [    Test worker] o.s.t.c.support.AbstractContextLoader    : Could not detect default resource locations for test class [ca.mcgill.ecse321.MuseumBackend.repository.LoanRepositoryTests]: no resource found for suffixes {-context.xml, Context.groovy}.
2022-12-05 22:08:26.523  INFO 39074 --- [    Test worker] t.c.s.AnnotationConfigContextLoaderUtils : Could not detect default configuration classes for test class [ca.mcgill.ecse321.MuseumBackend.repository.LoanRepositoryTests]: LoanRepositoryTests does not declare any static, non-private, non-final, nested classes annotated with @Configuration.
2022-12-05 22:08:26.527  INFO 39074 --- [    Test worker] .b.t.c.SpringBootTestContextBootstrapper : Found @SpringBootConfiguration ca.mcgill.ecse321.MuseumBackend.MuseumBackendApplication for test class ca.mcgill.ecse321.MuseumBackend.repository.LoanRepositoryTests
2022-12-05 22:08:26.528  INFO 39074 --- [    Test worker] .b.t.c.SpringBootTestContextBootstrapper : Loaded default TestExecutionListener class names from location [META-INF/spring.factories]: [org.springframework.boot.test.autoconfigure.restdocs.RestDocsTestExecutionListener, org.springframework.boot.test.autoconfigure.web.client.MockRestServiceServerResetTestExecutionListener, org.springframework.boot.test.autoconfigure.web.servlet.MockMvcPrintOnlyOnFailureTestExecutionListener, org.springframework.boot.test.autoconfigure.web.servlet.WebDriverTestExecutionListener, org.springframework.boot.test.autoconfigure.webservices.client.MockWebServiceServerTestExecutionListener, org.springframework.boot.test.mock.mockito.MockitoTestExecutionListener, org.springframework.boot.test.mock.mockito.ResetMocksTestExecutionListener, org.springframework.test.context.web.ServletTestExecutionListener, org.springframework.test.context.support.DirtiesContextBeforeModesTestExecutionListener, org.springframework.test.context.event.ApplicationEventsTestExecutionListener, org.springframework.test.context.support.DependencyInjectionTestExecutionListener, org.springframework.test.context.support.DirtiesContextTestExecutionListener, org.springframework.test.context.transaction.TransactionalTestExecutionListener, org.springframework.test.context.jdbc.SqlScriptsTestExecutionListener, org.springframework.test.context.event.EventPublishingTestExecutionListener]
2022-12-05 22:08:26.532  INFO 39074 --- [    Test worker] .b.t.c.SpringBootTestContextBootstrapper : Using TestExecutionListeners: [org.springframework.test.context.web.ServletTestExecutionListener@35a10a89, org.springframework.test.context.support.DirtiesContextBeforeModesTestExecutionListener@113ebc60, org.springframework.test.context.event.ApplicationEventsTestExecutionListener@7af60b5d, org.springframework.boot.test.mock.mockito.MockitoTestExecutionListener@ef7156f, org.springframework.boot.test.autoconfigure.SpringBootDependencyInjectionTestExecutionListener@33bfa37a, org.springframework.test.context.support.DirtiesContextTestExecutionListener@5786d4d1, org.springframework.test.context.transaction.TransactionalTestExecutionListener@1d60919f, org.springframework.test.context.jdbc.SqlScriptsTestExecutionListener@2b8aa331, org.springframework.test.context.event.EventPublishingTestExecutionListener@65606149, org.springframework.boot.test.autoconfigure.restdocs.RestDocsTestExecutionListener@4210168, org.springframework.boot.test.autoconfigure.web.client.MockRestServiceServerResetTestExecutionListener@1dd4941a, org.springframework.boot.test.autoconfigure.web.servlet.MockMvcPrintOnlyOnFailureTestExecutionListener@63b93fba, org.springframework.boot.test.autoconfigure.web.servlet.WebDriverTestExecutionListener@53570ad, org.springframework.boot.test.autoconfigure.webservices.client.MockWebServiceServerTestExecutionListener@9930b22, org.springframework.boot.test.mock.mockito.ResetMocksTestExecutionListener@30de3a4e]
]]></system-out>
  <system-err><![CDATA[]]></system-err>
</testsuite>
