<?xml version="1.0" encoding="UTF-8"?>
<testsuite name="ca.mcgill.ecse321.MuseumBackend.MuseumBackendApplicationTests" tests="1" skipped="0" failures="0" errors="0" timestamp="2022-12-06T03:08:07" hostname="MacBook-Air-de-Qi.local" time="0.346">
  <properties/>
  <testcase name="contextLoads()" classname="ca.mcgill.ecse321.MuseumBackend.MuseumBackendApplicationTests" time="0.346"/>
  <system-out><![CDATA[22:07:54.836 [Test worker] DEBUG org.springframework.test.context.BootstrapUtils - Instantiating CacheAwareContextLoaderDelegate from class [org.springframework.test.context.cache.DefaultCacheAwareContextLoaderDelegate]
22:07:54.880 [Test worker] DEBUG org.springframework.test.context.BootstrapUtils - Instantiating BootstrapContext using constructor [public org.springframework.test.context.support.DefaultBootstrapContext(java.lang.Class,org.springframework.test.context.CacheAwareContextLoaderDelegate)]
22:07:55.013 [Test worker] DEBUG org.springframework.test.context.BootstrapUtils - Instantiating TestContextBootstrapper for test class [ca.mcgill.ecse321.MuseumBackend.MuseumBackendApplicationTests] from class [org.springframework.boot.test.context.SpringBootTestContextBootstrapper]
22:07:55.051 [Test worker] INFO org.springframework.boot.test.context.SpringBootTestContextBootstrapper - Neither @ContextConfiguration nor @ContextHierarchy found for test class [ca.mcgill.ecse321.MuseumBackend.MuseumBackendApplicationTests], using SpringBootContextLoader
22:07:55.067 [Test worker] DEBUG org.springframework.test.context.support.AbstractContextLoader - Did not detect default resource location for test class [ca.mcgill.ecse321.MuseumBackend.MuseumBackendApplicationTests]: class path resource [ca/mcgill/ecse321/MuseumBackend/MuseumBackendApplicationTests-context.xml] does not exist
22:07:55.068 [Test worker] DEBUG org.springframework.test.context.support.AbstractContextLoader - Did not detect default resource location for test class [ca.mcgill.ecse321.MuseumBackend.MuseumBackendApplicationTests]: class path resource [ca/mcgill/ecse321/MuseumBackend/MuseumBackendApplicationTestsContext.groovy] does not exist
22:07:55.069 [Test worker] INFO org.springframework.test.context.support.AbstractContextLoader - Could not detect default resource locations for test class [ca.mcgill.ecse321.MuseumBackend.MuseumBackendApplicationTests]: no resource found for suffixes {-context.xml, Context.groovy}.
22:07:55.071 [Test worker] INFO org.springframework.test.context.support.AnnotationConfigContextLoaderUtils - Could not detect default configuration classes for test class [ca.mcgill.ecse321.MuseumBackend.MuseumBackendApplicationTests]: MuseumBackendApplicationTests does not declare any static, non-private, non-final, nested classes annotated with @Configuration.
22:07:55.189 [Test worker] DEBUG org.springframework.test.context.support.ActiveProfilesUtils - Could not find an 'annotation declaring class' for annotation type [org.springframework.test.context.ActiveProfiles] and class [ca.mcgill.ecse321.MuseumBackend.MuseumBackendApplicationTests]
22:07:55.438 [Test worker] DEBUG org.springframework.context.annotation.ClassPathScanningCandidateComponentProvider - Identified candidate component class: file [/Users/qi/Documents/GitHub/project-group-15F22/build/classes/java/main/ca/mcgill/ecse321/MuseumBackend/MuseumBackendApplication.class]
22:07:55.440 [Test worker] INFO org.springframework.boot.test.context.SpringBootTestContextBootstrapper - Found @SpringBootConfiguration ca.mcgill.ecse321.MuseumBackend.MuseumBackendApplication for test class ca.mcgill.ecse321.MuseumBackend.MuseumBackendApplicationTests
22:07:55.749 [Test worker] DEBUG org.springframework.boot.test.context.SpringBootTestContextBootstrapper - @TestExecutionListeners is not present for class [ca.mcgill.ecse321.MuseumBackend.MuseumBackendApplicationTests]: using defaults.
22:07:55.751 [Test worker] INFO org.springframework.boot.test.context.SpringBootTestContextBootstrapper - Loaded default TestExecutionListener class names from location [META-INF/spring.factories]: [org.springframework.boot.test.autoconfigure.restdocs.RestDocsTestExecutionListener, org.springframework.boot.test.autoconfigure.web.client.MockRestServiceServerResetTestExecutionListener, org.springframework.boot.test.autoconfigure.web.servlet.MockMvcPrintOnlyOnFailureTestExecutionListener, org.springframework.boot.test.autoconfigure.web.servlet.WebDriverTestExecutionListener, org.springframework.boot.test.autoconfigure.webservices.client.MockWebServiceServerTestExecutionListener, org.springframework.boot.test.mock.mockito.MockitoTestExecutionListener, org.springframework.boot.test.mock.mockito.ResetMocksTestExecutionListener, org.springframework.test.context.web.ServletTestExecutionListener, org.springframework.test.context.support.DirtiesContextBeforeModesTestExecutionListener, org.springframework.test.context.event.ApplicationEventsTestExecutionListener, org.springframework.test.context.support.DependencyInjectionTestExecutionListener, org.springframework.test.context.support.DirtiesContextTestExecutionListener, org.springframework.test.context.transaction.TransactionalTestExecutionListener, org.springframework.test.context.jdbc.SqlScriptsTestExecutionListener, org.springframework.test.context.event.EventPublishingTestExecutionListener]
22:07:55.811 [Test worker] INFO org.springframework.boot.test.context.SpringBootTestContextBootstrapper - Using TestExecutionListeners: [org.springframework.test.context.web.ServletTestExecutionListener@3d0cac1f, org.springframework.test.context.support.DirtiesContextBeforeModesTestExecutionListener@3e8b3b79, org.springframework.test.context.event.ApplicationEventsTestExecutionListener@d257579, org.springframework.boot.test.mock.mockito.MockitoTestExecutionListener@518ddd3b, org.springframework.boot.test.autoconfigure.SpringBootDependencyInjectionTestExecutionListener@939ff41, org.springframework.test.context.support.DirtiesContextTestExecutionListener@6e0e5dec, org.springframework.test.context.transaction.TransactionalTestExecutionListener@48a663e9, org.springframework.test.context.jdbc.SqlScriptsTestExecutionListener@777d0bc3, org.springframework.test.context.event.EventPublishingTestExecutionListener@3178219a, org.springframework.boot.test.autoconfigure.restdocs.RestDocsTestExecutionListener@2d85fb64, org.springframework.boot.test.autoconfigure.web.client.MockRestServiceServerResetTestExecutionListener@56476c16, org.springframework.boot.test.autoconfigure.web.servlet.MockMvcPrintOnlyOnFailureTestExecutionListener@497b560e, org.springframework.boot.test.autoconfigure.web.servlet.WebDriverTestExecutionListener@39ffda4a, org.springframework.boot.test.autoconfigure.webservices.client.MockWebServiceServerTestExecutionListener@3ba348ca, org.springframework.boot.test.mock.mockito.ResetMocksTestExecutionListener@56e9a474]
22:07:55.823 [Test worker] DEBUG org.springframework.test.context.support.AbstractDirtiesContextTestExecutionListener - Before test class: context [DefaultTestContext@609e57da testClass = MuseumBackendApplicationTests, testInstance = [null], testMethod = [null], testException = [null], mergedContextConfiguration = [WebMergedContextConfiguration@56dd6efa testClass = MuseumBackendApplicationTests, locations = '{}', classes = '{class ca.mcgill.ecse321.MuseumBackend.MuseumBackendApplication}', contextInitializerClasses = '[]', activeProfiles = '{}', propertySourceLocations = '{}', propertySourceProperties = '{org.springframework.boot.test.context.SpringBootTestContextBootstrapper=true}', contextCustomizers = set[org.springframework.boot.test.autoconfigure.actuate.metrics.MetricsExportContextCustomizerFactory$DisableMetricExportContextCustomizer@5ff90645, org.springframework.boot.test.autoconfigure.properties.PropertyMappingContextCustomizer@0, org.springframework.boot.test.autoconfigure.web.servlet.WebDriverContextCustomizerFactory$Customizer@732c9b5c, org.springframework.boot.test.context.filter.ExcludeFilterContextCustomizer@670ce331, org.springframework.boot.test.json.DuplicateJsonObjectContextCustomizerFactory$DuplicateJsonObjectContextCustomizer@39e43310, org.springframework.boot.test.mock.mockito.MockitoContextCustomizer@0, org.springframework.boot.test.web.client.TestRestTemplateContextCustomizer@4da9f723, org.springframework.boot.test.context.SpringBootTestArgs@1, org.springframework.boot.test.context.SpringBootTestWebEnvironment@1eb6749b], resourceBasePath = 'src/main/webapp', contextLoader = 'org.springframework.boot.test.context.SpringBootContextLoader', parent = [null]], attributes = map['org.springframework.test.context.web.ServletTestExecutionListener.activateListener' -> true]], class annotated with @DirtiesContext [false] with mode [null].

  .   ____          _            __ _ _
 /\\ / ___'_ __ _ _(_)_ __  __ _ \ \ \ \
( ( )\___ | '_ | '_| | '_ \/ _` | \ \ \ \
 \\/  ___)| |_)| | | | | || (_| |  ) ) ) )
  '  |____| .__|_| |_|_| |_\__, | / / / /
 =========|_|==============|___/=/_/_/_/
 :: Spring Boot ::                (v2.7.5)

2022-12-05 22:07:56.624  INFO 39074 --- [    Test worker] c.m.e.M.MuseumBackendApplicationTests    : Starting MuseumBackendApplicationTests using Java 17.0.1 on MacBook-Air-de-Qi.local with PID 39074 (started by qi in /Users/qi/Documents/GitHub/project-group-15F22)
2022-12-05 22:07:56.626  INFO 39074 --- [    Test worker] c.m.e.M.MuseumBackendApplicationTests    : No active profile set, falling back to 1 default profile: "default"
2022-12-05 22:07:58.543  INFO 39074 --- [    Test worker] .s.d.r.c.RepositoryConfigurationDelegate : Bootstrapping Spring Data JPA repositories in DEFAULT mode.
2022-12-05 22:07:58.690  INFO 39074 --- [    Test worker] .s.d.r.c.RepositoryConfigurationDelegate : Finished Spring Data repository scanning in 120 ms. Found 12 JPA repository interfaces.
2022-12-05 22:07:59.688  INFO 39074 --- [    Test worker] com.zaxxer.hikari.HikariDataSource       : HikariPool-1 - Starting...
2022-12-05 22:08:00.281  INFO 39074 --- [    Test worker] com.zaxxer.hikari.HikariDataSource       : HikariPool-1 - Start completed.
2022-12-05 22:08:00.537  INFO 39074 --- [    Test worker] o.hibernate.jpa.internal.util.LogHelper  : HHH000204: Processing PersistenceUnitInfo [name: default]
2022-12-05 22:08:00.714  INFO 39074 --- [    Test worker] org.hibernate.Version                    : HHH000412: Hibernate ORM core version 5.6.12.Final
2022-12-05 22:08:01.183  INFO 39074 --- [    Test worker] o.hibernate.annotations.common.Version   : HCANN000001: Hibernate Commons Annotations {5.1.2.Final}
2022-12-05 22:08:01.584  INFO 39074 --- [    Test worker] org.hibernate.dialect.Dialect            : HHH000400: Using dialect: org.hibernate.dialect.PostgreSQL10Dialect
2022-12-05 22:08:03.918  WARN 39074 --- [    Test worker] o.h.engine.jdbc.spi.SqlExceptionHelper   : SQL Warning Code: 0, SQLState: 00000
2022-12-05 22:08:03.918  WARN 39074 --- [    Test worker] o.h.engine.jdbc.spi.SqlExceptionHelper   : relation "admin" does not exist, skipping
2022-12-05 22:08:03.920  WARN 39074 --- [    Test worker] o.h.engine.jdbc.spi.SqlExceptionHelper   : SQL Warning Code: 0, SQLState: 00000
2022-12-05 22:08:03.920  WARN 39074 --- [    Test worker] o.h.engine.jdbc.spi.SqlExceptionHelper   : relation "artwork" does not exist, skipping
2022-12-05 22:08:03.922  WARN 39074 --- [    Test worker] o.h.engine.jdbc.spi.SqlExceptionHelper   : SQL Warning Code: 0, SQLState: 00000
2022-12-05 22:08:03.922  WARN 39074 --- [    Test worker] o.h.engine.jdbc.spi.SqlExceptionHelper   : relation "artwork_loans" does not exist, skipping
2022-12-05 22:08:03.948  WARN 39074 --- [    Test worker] o.h.engine.jdbc.spi.SqlExceptionHelper   : SQL Warning Code: 0, SQLState: 00000
2022-12-05 22:08:03.948  WARN 39074 --- [    Test worker] o.h.engine.jdbc.spi.SqlExceptionHelper   : relation "artwork_loans" does not exist, skipping
2022-12-05 22:08:03.949  WARN 39074 --- [    Test worker] o.h.engine.jdbc.spi.SqlExceptionHelper   : SQL Warning Code: 0, SQLState: 00000
2022-12-05 22:08:03.950  WARN 39074 --- [    Test worker] o.h.engine.jdbc.spi.SqlExceptionHelper   : relation "customer" does not exist, skipping
2022-12-05 22:08:03.951  WARN 39074 --- [    Test worker] o.h.engine.jdbc.spi.SqlExceptionHelper   : SQL Warning Code: 0, SQLState: 00000
2022-12-05 22:08:03.951  WARN 39074 --- [    Test worker] o.h.engine.jdbc.spi.SqlExceptionHelper   : relation "customer_loans" does not exist, skipping
2022-12-05 22:08:03.953  WARN 39074 --- [    Test worker] o.h.engine.jdbc.spi.SqlExceptionHelper   : SQL Warning Code: 0, SQLState: 00000
2022-12-05 22:08:03.953  WARN 39074 --- [    Test worker] o.h.engine.jdbc.spi.SqlExceptionHelper   : relation "customer_loans" does not exist, skipping
2022-12-05 22:08:03.955  WARN 39074 --- [    Test worker] o.h.engine.jdbc.spi.SqlExceptionHelper   : SQL Warning Code: 0, SQLState: 00000
2022-12-05 22:08:03.955  WARN 39074 --- [    Test worker] o.h.engine.jdbc.spi.SqlExceptionHelper   : relation "customer_tickets" does not exist, skipping
2022-12-05 22:08:03.956  WARN 39074 --- [    Test worker] o.h.engine.jdbc.spi.SqlExceptionHelper   : SQL Warning Code: 0, SQLState: 00000
2022-12-05 22:08:03.956  WARN 39074 --- [    Test worker] o.h.engine.jdbc.spi.SqlExceptionHelper   : relation "customer_tickets" does not exist, skipping
2022-12-05 22:08:03.957  WARN 39074 --- [    Test worker] o.h.engine.jdbc.spi.SqlExceptionHelper   : SQL Warning Code: 0, SQLState: 00000
2022-12-05 22:08:03.958  WARN 39074 --- [    Test worker] o.h.engine.jdbc.spi.SqlExceptionHelper   : relation "display" does not exist, skipping
2022-12-05 22:08:03.959  WARN 39074 --- [    Test worker] o.h.engine.jdbc.spi.SqlExceptionHelper   : SQL Warning Code: 0, SQLState: 00000
2022-12-05 22:08:03.959  WARN 39074 --- [    Test worker] o.h.engine.jdbc.spi.SqlExceptionHelper   : relation "employee" does not exist, skipping
2022-12-05 22:08:03.960  WARN 39074 --- [    Test worker] o.h.engine.jdbc.spi.SqlExceptionHelper   : SQL Warning Code: 0, SQLState: 00000
2022-12-05 22:08:03.961  WARN 39074 --- [    Test worker] o.h.engine.jdbc.spi.SqlExceptionHelper   : relation "employee_shifts" does not exist, skipping
2022-12-05 22:08:03.963  WARN 39074 --- [    Test worker] o.h.engine.jdbc.spi.SqlExceptionHelper   : SQL Warning Code: 0, SQLState: 00000
2022-12-05 22:08:03.963  WARN 39074 --- [    Test worker] o.h.engine.jdbc.spi.SqlExceptionHelper   : relation "employee_shifts" does not exist, skipping
2022-12-05 22:08:03.964  WARN 39074 --- [    Test worker] o.h.engine.jdbc.spi.SqlExceptionHelper   : SQL Warning Code: 0, SQLState: 00000
2022-12-05 22:08:03.965  WARN 39074 --- [    Test worker] o.h.engine.jdbc.spi.SqlExceptionHelper   : relation "loan" does not exist, skipping
2022-12-05 22:08:03.966  WARN 39074 --- [    Test worker] o.h.engine.jdbc.spi.SqlExceptionHelper   : SQL Warning Code: 0, SQLState: 00000
2022-12-05 22:08:03.966  WARN 39074 --- [    Test worker] o.h.engine.jdbc.spi.SqlExceptionHelper   : relation "loan" does not exist, skipping
2022-12-05 22:08:03.967  WARN 39074 --- [    Test worker] o.h.engine.jdbc.spi.SqlExceptionHelper   : SQL Warning Code: 0, SQLState: 00000
2022-12-05 22:08:03.968  WARN 39074 --- [    Test worker] o.h.engine.jdbc.spi.SqlExceptionHelper   : relation "loan" does not exist, skipping
2022-12-05 22:08:03.970  WARN 39074 --- [    Test worker] o.h.engine.jdbc.spi.SqlExceptionHelper   : SQL Warning Code: 0, SQLState: 00000
2022-12-05 22:08:03.970  WARN 39074 --- [    Test worker] o.h.engine.jdbc.spi.SqlExceptionHelper   : relation "museum_artworks" does not exist, skipping
2022-12-05 22:08:03.971  WARN 39074 --- [    Test worker] o.h.engine.jdbc.spi.SqlExceptionHelper   : SQL Warning Code: 0, SQLState: 00000
2022-12-05 22:08:03.972  WARN 39074 --- [    Test worker] o.h.engine.jdbc.spi.SqlExceptionHelper   : relation "museum_artworks" does not exist, skipping
2022-12-05 22:08:03.998  WARN 39074 --- [    Test worker] o.h.engine.jdbc.spi.SqlExceptionHelper   : SQL Warning Code: 0, SQLState: 00000
2022-12-05 22:08:03.998  WARN 39074 --- [    Test worker] o.h.engine.jdbc.spi.SqlExceptionHelper   : relation "museum_loans" does not exist, skipping
2022-12-05 22:08:04.000  WARN 39074 --- [    Test worker] o.h.engine.jdbc.spi.SqlExceptionHelper   : SQL Warning Code: 0, SQLState: 00000
2022-12-05 22:08:04.000  WARN 39074 --- [    Test worker] o.h.engine.jdbc.spi.SqlExceptionHelper   : relation "museum_loans" does not exist, skipping
2022-12-05 22:08:04.001  WARN 39074 --- [    Test worker] o.h.engine.jdbc.spi.SqlExceptionHelper   : SQL Warning Code: 0, SQLState: 00000
2022-12-05 22:08:04.002  WARN 39074 --- [    Test worker] o.h.engine.jdbc.spi.SqlExceptionHelper   : relation "museum_persons" does not exist, skipping
2022-12-05 22:08:04.003  WARN 39074 --- [    Test worker] o.h.engine.jdbc.spi.SqlExceptionHelper   : SQL Warning Code: 0, SQLState: 00000
2022-12-05 22:08:04.003  WARN 39074 --- [    Test worker] o.h.engine.jdbc.spi.SqlExceptionHelper   : relation "museum_persons" does not exist, skipping
2022-12-05 22:08:04.004  WARN 39074 --- [    Test worker] o.h.engine.jdbc.spi.SqlExceptionHelper   : SQL Warning Code: 0, SQLState: 00000
2022-12-05 22:08:04.005  WARN 39074 --- [    Test worker] o.h.engine.jdbc.spi.SqlExceptionHelper   : relation "museum_rooms" does not exist, skipping
2022-12-05 22:08:04.006  WARN 39074 --- [    Test worker] o.h.engine.jdbc.spi.SqlExceptionHelper   : SQL Warning Code: 0, SQLState: 00000
2022-12-05 22:08:04.006  WARN 39074 --- [    Test worker] o.h.engine.jdbc.spi.SqlExceptionHelper   : relation "museum_shifts" does not exist, skipping
2022-12-05 22:08:04.007  WARN 39074 --- [    Test worker] o.h.engine.jdbc.spi.SqlExceptionHelper   : SQL Warning Code: 0, SQLState: 00000
2022-12-05 22:08:04.008  WARN 39074 --- [    Test worker] o.h.engine.jdbc.spi.SqlExceptionHelper   : relation "museum_shifts" does not exist, skipping
2022-12-05 22:08:04.009  WARN 39074 --- [    Test worker] o.h.engine.jdbc.spi.SqlExceptionHelper   : SQL Warning Code: 0, SQLState: 00000
2022-12-05 22:08:04.009  WARN 39074 --- [    Test worker] o.h.engine.jdbc.spi.SqlExceptionHelper   : relation "museum_tickets" does not exist, skipping
2022-12-05 22:08:04.010  WARN 39074 --- [    Test worker] o.h.engine.jdbc.spi.SqlExceptionHelper   : SQL Warning Code: 0, SQLState: 00000
2022-12-05 22:08:04.010  WARN 39074 --- [    Test worker] o.h.engine.jdbc.spi.SqlExceptionHelper   : relation "museum_tickets" does not exist, skipping
2022-12-05 22:08:04.011  WARN 39074 --- [    Test worker] o.h.engine.jdbc.spi.SqlExceptionHelper   : SQL Warning Code: 0, SQLState: 00000
2022-12-05 22:08:04.012  WARN 39074 --- [    Test worker] o.h.engine.jdbc.spi.SqlExceptionHelper   : relation "person" does not exist, skipping
2022-12-05 22:08:04.013  WARN 39074 --- [    Test worker] o.h.engine.jdbc.spi.SqlExceptionHelper   : SQL Warning Code: 0, SQLState: 00000
2022-12-05 22:08:04.013  WARN 39074 --- [    Test worker] o.h.engine.jdbc.spi.SqlExceptionHelper   : relation "person_person_roles" does not exist, skipping
2022-12-05 22:08:04.014  WARN 39074 --- [    Test worker] o.h.engine.jdbc.spi.SqlExceptionHelper   : SQL Warning Code: 0, SQLState: 00000
2022-12-05 22:08:04.015  WARN 39074 --- [    Test worker] o.h.engine.jdbc.spi.SqlExceptionHelper   : relation "room_artworks" does not exist, skipping
2022-12-05 22:08:04.016  WARN 39074 --- [    Test worker] o.h.engine.jdbc.spi.SqlExceptionHelper   : SQL Warning Code: 0, SQLState: 00000
2022-12-05 22:08:04.016  WARN 39074 --- [    Test worker] o.h.engine.jdbc.spi.SqlExceptionHelper   : relation "shift" does not exist, skipping
2022-12-05 22:08:04.017  WARN 39074 --- [    Test worker] o.h.engine.jdbc.spi.SqlExceptionHelper   : SQL Warning Code: 0, SQLState: 00000
2022-12-05 22:08:04.017  WARN 39074 --- [    Test worker] o.h.engine.jdbc.spi.SqlExceptionHelper   : relation "shift_employees" does not exist, skipping
2022-12-05 22:08:04.018  WARN 39074 --- [    Test worker] o.h.engine.jdbc.spi.SqlExceptionHelper   : SQL Warning Code: 0, SQLState: 00000
2022-12-05 22:08:04.018  WARN 39074 --- [    Test worker] o.h.engine.jdbc.spi.SqlExceptionHelper   : relation "shift_employees" does not exist, skipping
2022-12-05 22:08:04.019  WARN 39074 --- [    Test worker] o.h.engine.jdbc.spi.SqlExceptionHelper   : SQL Warning Code: 0, SQLState: 00000
2022-12-05 22:08:04.019  WARN 39074 --- [    Test worker] o.h.engine.jdbc.spi.SqlExceptionHelper   : relation "storage" does not exist, skipping
2022-12-05 22:08:04.020  WARN 39074 --- [    Test worker] o.h.engine.jdbc.spi.SqlExceptionHelper   : SQL Warning Code: 0, SQLState: 00000
2022-12-05 22:08:04.020  WARN 39074 --- [    Test worker] o.h.engine.jdbc.spi.SqlExceptionHelper   : relation "ticket" does not exist, skipping
2022-12-05 22:08:04.021  WARN 39074 --- [    Test worker] o.h.engine.jdbc.spi.SqlExceptionHelper   : SQL Warning Code: 0, SQLState: 00000
2022-12-05 22:08:04.021  WARN 39074 --- [    Test worker] o.h.engine.jdbc.spi.SqlExceptionHelper   : relation "ticket" does not exist, skipping
2022-12-05 22:08:04.022  WARN 39074 --- [    Test worker] o.h.engine.jdbc.spi.SqlExceptionHelper   : SQL Warning Code: 0, SQLState: 00000
2022-12-05 22:08:04.023  WARN 39074 --- [    Test worker] o.h.engine.jdbc.spi.SqlExceptionHelper   : table "admin" does not exist, skipping
2022-12-05 22:08:04.048  WARN 39074 --- [    Test worker] o.h.engine.jdbc.spi.SqlExceptionHelper   : SQL Warning Code: 0, SQLState: 00000
2022-12-05 22:08:04.048  WARN 39074 --- [    Test worker] o.h.engine.jdbc.spi.SqlExceptionHelper   : table "artwork" does not exist, skipping
2022-12-05 22:08:04.049  WARN 39074 --- [    Test worker] o.h.engine.jdbc.spi.SqlExceptionHelper   : SQL Warning Code: 0, SQLState: 00000
2022-12-05 22:08:04.050  WARN 39074 --- [    Test worker] o.h.engine.jdbc.spi.SqlExceptionHelper   : table "artwork_loans" does not exist, skipping
2022-12-05 22:08:04.051  WARN 39074 --- [    Test worker] o.h.engine.jdbc.spi.SqlExceptionHelper   : SQL Warning Code: 0, SQLState: 00000
2022-12-05 22:08:04.051  WARN 39074 --- [    Test worker] o.h.engine.jdbc.spi.SqlExceptionHelper   : table "customer" does not exist, skipping
2022-12-05 22:08:04.052  WARN 39074 --- [    Test worker] o.h.engine.jdbc.spi.SqlExceptionHelper   : SQL Warning Code: 0, SQLState: 00000
2022-12-05 22:08:04.052  WARN 39074 --- [    Test worker] o.h.engine.jdbc.spi.SqlExceptionHelper   : table "customer_loans" does not exist, skipping
2022-12-05 22:08:04.053  WARN 39074 --- [    Test worker] o.h.engine.jdbc.spi.SqlExceptionHelper   : SQL Warning Code: 0, SQLState: 00000
2022-12-05 22:08:04.053  WARN 39074 --- [    Test worker] o.h.engine.jdbc.spi.SqlExceptionHelper   : table "customer_tickets" does not exist, skipping
2022-12-05 22:08:04.054  WARN 39074 --- [    Test worker] o.h.engine.jdbc.spi.SqlExceptionHelper   : SQL Warning Code: 0, SQLState: 00000
2022-12-05 22:08:04.054  WARN 39074 --- [    Test worker] o.h.engine.jdbc.spi.SqlExceptionHelper   : table "display" does not exist, skipping
2022-12-05 22:08:04.055  WARN 39074 --- [    Test worker] o.h.engine.jdbc.spi.SqlExceptionHelper   : SQL Warning Code: 0, SQLState: 00000
2022-12-05 22:08:04.055  WARN 39074 --- [    Test worker] o.h.engine.jdbc.spi.SqlExceptionHelper   : table "employee" does not exist, skipping
2022-12-05 22:08:04.056  WARN 39074 --- [    Test worker] o.h.engine.jdbc.spi.SqlExceptionHelper   : SQL Warning Code: 0, SQLState: 00000
2022-12-05 22:08:04.057  WARN 39074 --- [    Test worker] o.h.engine.jdbc.spi.SqlExceptionHelper   : table "employee_shifts" does not exist, skipping
2022-12-05 22:08:04.058  WARN 39074 --- [    Test worker] o.h.engine.jdbc.spi.SqlExceptionHelper   : SQL Warning Code: 0, SQLState: 00000
2022-12-05 22:08:04.058  WARN 39074 --- [    Test worker] o.h.engine.jdbc.spi.SqlExceptionHelper   : table "loan" does not exist, skipping
2022-12-05 22:08:04.059  WARN 39074 --- [    Test worker] o.h.engine.jdbc.spi.SqlExceptionHelper   : SQL Warning Code: 0, SQLState: 00000
2022-12-05 22:08:04.059  WARN 39074 --- [    Test worker] o.h.engine.jdbc.spi.SqlExceptionHelper   : table "museum" does not exist, skipping
2022-12-05 22:08:04.060  WARN 39074 --- [    Test worker] o.h.engine.jdbc.spi.SqlExceptionHelper   : SQL Warning Code: 0, SQLState: 00000
2022-12-05 22:08:04.061  WARN 39074 --- [    Test worker] o.h.engine.jdbc.spi.SqlExceptionHelper   : table "museum_artworks" does not exist, skipping
2022-12-05 22:08:04.062  WARN 39074 --- [    Test worker] o.h.engine.jdbc.spi.SqlExceptionHelper   : SQL Warning Code: 0, SQLState: 00000
2022-12-05 22:08:04.063  WARN 39074 --- [    Test worker] o.h.engine.jdbc.spi.SqlExceptionHelper   : table "museum_loans" does not exist, skipping
2022-12-05 22:08:04.064  WARN 39074 --- [    Test worker] o.h.engine.jdbc.spi.SqlExceptionHelper   : SQL Warning Code: 0, SQLState: 00000
2022-12-05 22:08:04.065  WARN 39074 --- [    Test worker] o.h.engine.jdbc.spi.SqlExceptionHelper   : table "museum_persons" does not exist, skipping
2022-12-05 22:08:04.066  WARN 39074 --- [    Test worker] o.h.engine.jdbc.spi.SqlExceptionHelper   : SQL Warning Code: 0, SQLState: 00000
2022-12-05 22:08:04.066  WARN 39074 --- [    Test worker] o.h.engine.jdbc.spi.SqlExceptionHelper   : table "museum_rooms" does not exist, skipping
2022-12-05 22:08:04.067  WARN 39074 --- [    Test worker] o.h.engine.jdbc.spi.SqlExceptionHelper   : SQL Warning Code: 0, SQLState: 00000
2022-12-05 22:08:04.068  WARN 39074 --- [    Test worker] o.h.engine.jdbc.spi.SqlExceptionHelper   : table "museum_shifts" does not exist, skipping
2022-12-05 22:08:04.069  WARN 39074 --- [    Test worker] o.h.engine.jdbc.spi.SqlExceptionHelper   : SQL Warning Code: 0, SQLState: 00000
2022-12-05 22:08:04.070  WARN 39074 --- [    Test worker] o.h.engine.jdbc.spi.SqlExceptionHelper   : table "museum_tickets" does not exist, skipping
2022-12-05 22:08:04.071  WARN 39074 --- [    Test worker] o.h.engine.jdbc.spi.SqlExceptionHelper   : SQL Warning Code: 0, SQLState: 00000
2022-12-05 22:08:04.071  WARN 39074 --- [    Test worker] o.h.engine.jdbc.spi.SqlExceptionHelper   : table "person" does not exist, skipping
2022-12-05 22:08:04.072  WARN 39074 --- [    Test worker] o.h.engine.jdbc.spi.SqlExceptionHelper   : SQL Warning Code: 0, SQLState: 00000
2022-12-05 22:08:04.073  WARN 39074 --- [    Test worker] o.h.engine.jdbc.spi.SqlExceptionHelper   : table "person_person_roles" does not exist, skipping
2022-12-05 22:08:04.099  WARN 39074 --- [    Test worker] o.h.engine.jdbc.spi.SqlExceptionHelper   : SQL Warning Code: 0, SQLState: 00000
2022-12-05 22:08:04.099  WARN 39074 --- [    Test worker] o.h.engine.jdbc.spi.SqlExceptionHelper   : table "room_artworks" does not exist, skipping
2022-12-05 22:08:04.101  WARN 39074 --- [    Test worker] o.h.engine.jdbc.spi.SqlExceptionHelper   : SQL Warning Code: 0, SQLState: 00000
2022-12-05 22:08:04.101  WARN 39074 --- [    Test worker] o.h.engine.jdbc.spi.SqlExceptionHelper   : table "shift" does not exist, skipping
2022-12-05 22:08:04.102  WARN 39074 --- [    Test worker] o.h.engine.jdbc.spi.SqlExceptionHelper   : SQL Warning Code: 0, SQLState: 00000
2022-12-05 22:08:04.102  WARN 39074 --- [    Test worker] o.h.engine.jdbc.spi.SqlExceptionHelper   : table "shift_employees" does not exist, skipping
2022-12-05 22:08:04.103  WARN 39074 --- [    Test worker] o.h.engine.jdbc.spi.SqlExceptionHelper   : SQL Warning Code: 0, SQLState: 00000
2022-12-05 22:08:04.103  WARN 39074 --- [    Test worker] o.h.engine.jdbc.spi.SqlExceptionHelper   : table "storage" does not exist, skipping
2022-12-05 22:08:04.104  WARN 39074 --- [    Test worker] o.h.engine.jdbc.spi.SqlExceptionHelper   : SQL Warning Code: 0, SQLState: 00000
2022-12-05 22:08:04.104  WARN 39074 --- [    Test worker] o.h.engine.jdbc.spi.SqlExceptionHelper   : table "ticket" does not exist, skipping
2022-12-05 22:08:04.105  WARN 39074 --- [    Test worker] o.h.engine.jdbc.spi.SqlExceptionHelper   : SQL Warning Code: 0, SQLState: 00000
2022-12-05 22:08:04.106  WARN 39074 --- [    Test worker] o.h.engine.jdbc.spi.SqlExceptionHelper   : sequence "hibernate_sequence" does not exist, skipping
2022-12-05 22:08:04.630  INFO 39074 --- [    Test worker] o.h.e.t.j.p.i.JtaPlatformInitiator       : HHH000490: Using JtaPlatform implementation: [org.hibernate.engine.transaction.jta.platform.internal.NoJtaPlatform]
2022-12-05 22:08:04.659  INFO 39074 --- [    Test worker] j.LocalContainerEntityManagerFactoryBean : Initialized JPA EntityManagerFactory for persistence unit 'default'
2022-12-05 22:08:06.578  WARN 39074 --- [    Test worker] JpaBaseConfiguration$JpaWebConfiguration : spring.jpa.open-in-view is enabled by default. Therefore, database queries may be performed during view rendering. Explicitly configure spring.jpa.open-in-view to disable this warning
2022-12-05 22:08:07.764  INFO 39074 --- [    Test worker] c.m.e.M.MuseumBackendApplicationTests    : Started MuseumBackendApplicationTests in 11.83 seconds (JVM running for 15.562)
]]></system-out>
  <system-err><![CDATA[]]></system-err>
</testsuite>
