<?xml version="1.0" encoding="UTF-8"?>
<testsuite name="ca.mcgill.ecse321.MuseumBackend.repository.ShiftRepositoryTests" tests="1" skipped="0" failures="0" errors="0" timestamp="2022-12-04T21:23:30" hostname="samuel-gp66leopard10ug" time="1.631">
  <properties/>
  <testcase name="testPersistAndLoadTicket()" classname="ca.mcgill.ecse321.MuseumBackend.repository.ShiftRepositoryTests" time="1.631"/>
  <system-out><![CDATA[2022-12-04 16:23:30.782  INFO 180689 --- [    Test worker] .b.t.c.SpringBootTestContextBootstrapper : Neither @ContextConfiguration nor @ContextHierarchy found for test class [ca.mcgill.ecse321.MuseumBackend.repository.ShiftRepositoryTests], using SpringBootContextLoader
2022-12-04 16:23:30.782  INFO 180689 --- [    Test worker] o.s.t.c.support.AbstractContextLoader    : Could not detect default resource locations for test class [ca.mcgill.ecse321.MuseumBackend.repository.ShiftRepositoryTests]: no resource found for suffixes {-context.xml, Context.groovy}.
2022-12-04 16:23:30.782  INFO 180689 --- [    Test worker] t.c.s.AnnotationConfigContextLoaderUtils : Could not detect default configuration classes for test class [ca.mcgill.ecse321.MuseumBackend.repository.ShiftRepositoryTests]: ShiftRepositoryTests does not declare any static, non-private, non-final, nested classes annotated with @Configuration.
2022-12-04 16:23:30.783  INFO 180689 --- [    Test worker] .b.t.c.SpringBootTestContextBootstrapper : Found @SpringBootConfiguration ca.mcgill.ecse321.MuseumBackend.MuseumBackendApplication for test class ca.mcgill.ecse321.MuseumBackend.repository.ShiftRepositoryTests
2022-12-04 16:23:30.784  INFO 180689 --- [    Test worker] .b.t.c.SpringBootTestContextBootstrapper : Loaded default TestExecutionListener class names from location [META-INF/spring.factories]: [org.springframework.boot.test.autoconfigure.restdocs.RestDocsTestExecutionListener, org.springframework.boot.test.autoconfigure.web.client.MockRestServiceServerResetTestExecutionListener, org.springframework.boot.test.autoconfigure.web.servlet.MockMvcPrintOnlyOnFailureTestExecutionListener, org.springframework.boot.test.autoconfigure.web.servlet.WebDriverTestExecutionListener, org.springframework.boot.test.autoconfigure.webservices.client.MockWebServiceServerTestExecutionListener, org.springframework.boot.test.mock.mockito.MockitoTestExecutionListener, org.springframework.boot.test.mock.mockito.ResetMocksTestExecutionListener, org.springframework.test.context.web.ServletTestExecutionListener, org.springframework.test.context.support.DirtiesContextBeforeModesTestExecutionListener, org.springframework.test.context.event.ApplicationEventsTestExecutionListener, org.springframework.test.context.support.DependencyInjectionTestExecutionListener, org.springframework.test.context.support.DirtiesContextTestExecutionListener, org.springframework.test.context.transaction.TransactionalTestExecutionListener, org.springframework.test.context.jdbc.SqlScriptsTestExecutionListener, org.springframework.test.context.event.EventPublishingTestExecutionListener]
2022-12-04 16:23:30.784  INFO 180689 --- [    Test worker] .b.t.c.SpringBootTestContextBootstrapper : Using TestExecutionListeners: [org.springframework.test.context.web.ServletTestExecutionListener@4cf6bf0, org.springframework.test.context.support.DirtiesContextBeforeModesTestExecutionListener@3ca1bfcc, org.springframework.test.context.event.ApplicationEventsTestExecutionListener@5a77dbb3, org.springframework.boot.test.mock.mockito.MockitoTestExecutionListener@428454cb, org.springframework.boot.test.autoconfigure.SpringBootDependencyInjectionTestExecutionListener@3d6b3780, org.springframework.test.context.support.DirtiesContextTestExecutionListener@c85a03e, org.springframework.test.context.transaction.TransactionalTestExecutionListener@68cb485e, org.springframework.test.context.jdbc.SqlScriptsTestExecutionListener@8097b80, org.springframework.test.context.event.EventPublishingTestExecutionListener@6c3a9a36, org.springframework.boot.test.autoconfigure.restdocs.RestDocsTestExecutionListener@4d9f53df, org.springframework.boot.test.autoconfigure.web.client.MockRestServiceServerResetTestExecutionListener@7fa47b8a, org.springframework.boot.test.autoconfigure.web.servlet.MockMvcPrintOnlyOnFailureTestExecutionListener@3c32da85, org.springframework.boot.test.autoconfigure.web.servlet.WebDriverTestExecutionListener@4e11c1f, org.springframework.boot.test.autoconfigure.webservices.client.MockWebServiceServerTestExecutionListener@33d7b6f7, org.springframework.boot.test.mock.mockito.ResetMocksTestExecutionListener@6ff3e32c]
]]></system-out>
  <system-err><![CDATA[]]></system-err>
</testsuite>
