<?xml version="1.0" encoding="UTF-8"?>
<testsuite name="ca.mcgill.ecse321.MuseumBackend.integration.LoanIntegrationTest" tests="5" skipped="0" failures="0" errors="0" timestamp="2022-12-03T21:14:08" hostname="samuel-gp66leopard10ug" time="4.401">
  <properties/>
  <testcase name="testCreateandDeleteLoan()" classname="ca.mcgill.ecse321.MuseumBackend.integration.LoanIntegrationTest" time="0.732"/>
  <testcase name="testCreateandDenyLoan()" classname="ca.mcgill.ecse321.MuseumBackend.integration.LoanIntegrationTest" time="0.977"/>
  <testcase name="testCreateAndApproveLoan()" classname="ca.mcgill.ecse321.MuseumBackend.integration.LoanIntegrationTest" time="1.0"/>
  <testcase name="testGetAndCreateLoan()" classname="ca.mcgill.ecse321.MuseumBackend.integration.LoanIntegrationTest" time="0.771"/>
  <testcase name="testCreateAndreturnArtworkandEndLoan()" classname="ca.mcgill.ecse321.MuseumBackend.integration.LoanIntegrationTest" time="0.918"/>
  <system-out><![CDATA[2022-12-03 16:14:08.979  INFO 49970 --- [    Test worker] .b.t.c.SpringBootTestContextBootstrapper : Neither @ContextConfiguration nor @ContextHierarchy found for test class [ca.mcgill.ecse321.MuseumBackend.integration.LoanIntegrationTest], using SpringBootContextLoader
2022-12-03 16:14:08.980  INFO 49970 --- [    Test worker] o.s.t.c.support.AbstractContextLoader    : Could not detect default resource locations for test class [ca.mcgill.ecse321.MuseumBackend.integration.LoanIntegrationTest]: no resource found for suffixes {-context.xml, Context.groovy}.
2022-12-03 16:14:08.980  INFO 49970 --- [    Test worker] t.c.s.AnnotationConfigContextLoaderUtils : Could not detect default configuration classes for test class [ca.mcgill.ecse321.MuseumBackend.integration.LoanIntegrationTest]: LoanIntegrationTest does not declare any static, non-private, non-final, nested classes annotated with @Configuration.
2022-12-03 16:14:08.981  INFO 49970 --- [    Test worker] .b.t.c.SpringBootTestContextBootstrapper : Found @SpringBootConfiguration ca.mcgill.ecse321.MuseumBackend.MuseumBackendApplication for test class ca.mcgill.ecse321.MuseumBackend.integration.LoanIntegrationTest
2022-12-03 16:14:08.981  INFO 49970 --- [    Test worker] .b.t.c.SpringBootTestContextBootstrapper : Loaded default TestExecutionListener class names from location [META-INF/spring.factories]: [org.springframework.boot.test.autoconfigure.restdocs.RestDocsTestExecutionListener, org.springframework.boot.test.autoconfigure.web.client.MockRestServiceServerResetTestExecutionListener, org.springframework.boot.test.autoconfigure.web.servlet.MockMvcPrintOnlyOnFailureTestExecutionListener, org.springframework.boot.test.autoconfigure.web.servlet.WebDriverTestExecutionListener, org.springframework.boot.test.autoconfigure.webservices.client.MockWebServiceServerTestExecutionListener, org.springframework.boot.test.mock.mockito.MockitoTestExecutionListener, org.springframework.boot.test.mock.mockito.ResetMocksTestExecutionListener, org.springframework.test.context.web.ServletTestExecutionListener, org.springframework.test.context.support.DirtiesContextBeforeModesTestExecutionListener, org.springframework.test.context.event.ApplicationEventsTestExecutionListener, org.springframework.test.context.support.DependencyInjectionTestExecutionListener, org.springframework.test.context.support.DirtiesContextTestExecutionListener, org.springframework.test.context.transaction.TransactionalTestExecutionListener, org.springframework.test.context.jdbc.SqlScriptsTestExecutionListener, org.springframework.test.context.event.EventPublishingTestExecutionListener]
2022-12-03 16:14:08.981  INFO 49970 --- [    Test worker] .b.t.c.SpringBootTestContextBootstrapper : Using TestExecutionListeners: [org.springframework.test.context.web.ServletTestExecutionListener@5555496b, org.springframework.test.context.support.DirtiesContextBeforeModesTestExecutionListener@56160a76, org.springframework.test.context.event.ApplicationEventsTestExecutionListener@262d5fd8, org.springframework.boot.test.mock.mockito.MockitoTestExecutionListener@b737455, org.springframework.boot.test.autoconfigure.SpringBootDependencyInjectionTestExecutionListener@74126a41, org.springframework.test.context.support.DirtiesContextTestExecutionListener@12318b0f, org.springframework.test.context.transaction.TransactionalTestExecutionListener@5e2ed50e, org.springframework.test.context.jdbc.SqlScriptsTestExecutionListener@4eefd342, org.springframework.test.context.event.EventPublishingTestExecutionListener@29c8f8bc, org.springframework.boot.test.autoconfigure.restdocs.RestDocsTestExecutionListener@37bf6779, org.springframework.boot.test.autoconfigure.web.client.MockRestServiceServerResetTestExecutionListener@1f114225, org.springframework.boot.test.autoconfigure.web.servlet.MockMvcPrintOnlyOnFailureTestExecutionListener@2f54f746, org.springframework.boot.test.autoconfigure.web.servlet.WebDriverTestExecutionListener@4137e708, org.springframework.boot.test.autoconfigure.webservices.client.MockWebServiceServerTestExecutionListener@d7fc4f8, org.springframework.boot.test.mock.mockito.ResetMocksTestExecutionListener@18eabf18]
ca.mcgill.ecse321.MuseumBackend.model.Loan@62147da6[rentalFee:2.5,numOfDays:3,loanId:45]
  startDate=2015-03-31
  endDate=2015-04-29
  status=Requested
  museum = 3630bce
  customer = 5f5ab738
  artwork = 42dba77eHEY GUYS ITS ME AGAI
reach here
ca.mcgill.ecse321.MuseumBackend.model.Loan@62147da6[rentalFee:2.5,numOfDays:3,loanId:45]
  startDate=2015-03-31
  endDate=2015-04-29
  status=Requested
  museum = null
  customer = null
  artwork = nullTHIS IS LNE IN CONTROLLER
Requested
Alex is a stupid bitch
we got here yay
ca.mcgill.ecse321.MuseumBackend.model.Loan@2c7f6cdd[rentalFee:2.5,numOfDays:3,loanId:49]
  startDate=2015-03-31
  endDate=2015-04-29
  status=Denied
  museum = 3e4c9d79
  customer = 6df4945b
  artwork = 69821d10HEY GUYS ITS ME AGAI
reach here
ca.mcgill.ecse321.MuseumBackend.model.Loan@2c7f6cdd[rentalFee:2.5,numOfDays:3,loanId:49]
  startDate=2015-03-31
  endDate=2015-04-29
  status=Denied
  museum = null
  customer = null
  artwork = nullTHIS IS LNE IN CONTROLLER
ca.mcgill.ecse321.MuseumBackend.model.Artwork@3b98d122[isLoanable:true,value:0.0,artworkId:51,artworkName:null]
  museum = f79f17b
  room = nullTHIS IS WRONG
ca.mcgill.ecse321.MuseumBackend.model.Loan@b16096b[rentalFee:2.5,numOfDays:3,loanId:53]
  startDate=2015-03-31
  endDate=2015-04-29
  status=Approved
  museum = 49097874
  customer = 2f0d70de
  artwork = 726f7a03HEY GUYS ITS ME AGAI
reach here
ca.mcgill.ecse321.MuseumBackend.model.Loan@b16096b[rentalFee:2.5,numOfDays:3,loanId:53]
  startDate=2015-03-31
  endDate=2015-04-29
  status=Approved
  museum = null
  customer = null
  artwork = nullTHIS IS LNE IN CONTROLLER
ca.mcgill.ecse321.MuseumBackend.model.Loan@1a453782[rentalFee:2.5,numOfDays:3,loanId:57]
  startDate=2015-03-31
  endDate=2015-04-29
  status=Requested
  museum = 2c54cb98
  customer = 20955cec
  artwork = 1f9e16ceHEY GUYS ITS ME AGAI
reach here
ca.mcgill.ecse321.MuseumBackend.model.Loan@1a453782[rentalFee:2.5,numOfDays:3,loanId:57]
  startDate=2015-03-31
  endDate=2015-04-29
  status=Requested
  museum = null
  customer = null
  artwork = nullTHIS IS LNE IN CONTROLLER
61WHAT
ca.mcgill.ecse321.MuseumBackend.model.Loan@1232f491[rentalFee:2.5,numOfDays:3,loanId:61]
  startDate=2015-03-31
  endDate=2015-04-29
  status=Returned
  museum = 5b99f995
  customer = 3edd5593
  artwork = 5e0a08b9HEY GUYS ITS ME AGAI
reach here
ca.mcgill.ecse321.MuseumBackend.model.Loan@1232f491[rentalFee:2.5,numOfDays:3,loanId:61]
  startDate=2015-03-31
  endDate=2015-04-29
  status=Returned
  museum = null
  customer = null
  artwork = nullTHIS IS LNE IN CONTROLLER
]]></system-out>
  <system-err><![CDATA[]]></system-err>
</testsuite>
