<?xml version="1.0" encoding="UTF-8"?>
<testsuite name="ca.mcgill.ecse321.MuseumBackend.integration.ShiftIntegrationTest" tests="6" skipped="0" failures="0" errors="0" timestamp="2022-12-03T18:45:31" hostname="MacBook-Air-de-Qi.local" time="1.846">
  <properties/>
  <testcase name="testCreateAndGetShiftAndRemoveEmployeeFromShift()" classname="ca.mcgill.ecse321.MuseumBackend.integration.ShiftIntegrationTest" time="0.547"/>
  <testcase name="testCreateAndGetShiftAndCreateAndGetEmployees()" classname="ca.mcgill.ecse321.MuseumBackend.integration.ShiftIntegrationTest" time="0.659"/>
  <testcase name="testCreateAndGetShiftAndAddEmployeeToShift()" classname="ca.mcgill.ecse321.MuseumBackend.integration.ShiftIntegrationTest" time="0.276"/>
  <testcase name="testCreateGetAndDeleteShift()" classname="ca.mcgill.ecse321.MuseumBackend.integration.ShiftIntegrationTest" time="0.111"/>
  <testcase name="testCreateAndGetShiftAndChangeShiftDate()" classname="ca.mcgill.ecse321.MuseumBackend.integration.ShiftIntegrationTest" time="0.152"/>
  <testcase name="testCreateAndGetShift()" classname="ca.mcgill.ecse321.MuseumBackend.integration.ShiftIntegrationTest" time="0.095"/>
  <system-out><![CDATA[2022-12-03 13:45:31.888  INFO 23514 --- [    Test worker] .b.t.c.SpringBootTestContextBootstrapper : Neither @ContextConfiguration nor @ContextHierarchy found for test class [ca.mcgill.ecse321.MuseumBackend.integration.ShiftIntegrationTest], using SpringBootContextLoader
2022-12-03 13:45:31.889  INFO 23514 --- [    Test worker] o.s.t.c.support.AbstractContextLoader    : Could not detect default resource locations for test class [ca.mcgill.ecse321.MuseumBackend.integration.ShiftIntegrationTest]: no resource found for suffixes {-context.xml, Context.groovy}.
2022-12-03 13:45:31.889  INFO 23514 --- [    Test worker] t.c.s.AnnotationConfigContextLoaderUtils : Could not detect default configuration classes for test class [ca.mcgill.ecse321.MuseumBackend.integration.ShiftIntegrationTest]: ShiftIntegrationTest does not declare any static, non-private, non-final, nested classes annotated with @Configuration.
2022-12-03 13:45:31.892  INFO 23514 --- [    Test worker] .b.t.c.SpringBootTestContextBootstrapper : Found @SpringBootConfiguration ca.mcgill.ecse321.MuseumBackend.MuseumBackendApplication for test class ca.mcgill.ecse321.MuseumBackend.integration.ShiftIntegrationTest
2022-12-03 13:45:31.893  INFO 23514 --- [    Test worker] .b.t.c.SpringBootTestContextBootstrapper : Loaded default TestExecutionListener class names from location [META-INF/spring.factories]: [org.springframework.boot.test.autoconfigure.restdocs.RestDocsTestExecutionListener, org.springframework.boot.test.autoconfigure.web.client.MockRestServiceServerResetTestExecutionListener, org.springframework.boot.test.autoconfigure.web.servlet.MockMvcPrintOnlyOnFailureTestExecutionListener, org.springframework.boot.test.autoconfigure.web.servlet.WebDriverTestExecutionListener, org.springframework.boot.test.autoconfigure.webservices.client.MockWebServiceServerTestExecutionListener, org.springframework.boot.test.mock.mockito.MockitoTestExecutionListener, org.springframework.boot.test.mock.mockito.ResetMocksTestExecutionListener, org.springframework.test.context.web.ServletTestExecutionListener, org.springframework.test.context.support.DirtiesContextBeforeModesTestExecutionListener, org.springframework.test.context.event.ApplicationEventsTestExecutionListener, org.springframework.test.context.support.DependencyInjectionTestExecutionListener, org.springframework.test.context.support.DirtiesContextTestExecutionListener, org.springframework.test.context.transaction.TransactionalTestExecutionListener, org.springframework.test.context.jdbc.SqlScriptsTestExecutionListener, org.springframework.test.context.event.EventPublishingTestExecutionListener]
2022-12-03 13:45:31.894  INFO 23514 --- [    Test worker] .b.t.c.SpringBootTestContextBootstrapper : Using TestExecutionListeners: [org.springframework.test.context.web.ServletTestExecutionListener@3e191f92, org.springframework.test.context.support.DirtiesContextBeforeModesTestExecutionListener@1e20b943, org.springframework.test.context.event.ApplicationEventsTestExecutionListener@7e16576, org.springframework.boot.test.mock.mockito.MockitoTestExecutionListener@7f547f44, org.springframework.boot.test.autoconfigure.SpringBootDependencyInjectionTestExecutionListener@9470ab3, org.springframework.test.context.support.DirtiesContextTestExecutionListener@12364079, org.springframework.test.context.transaction.TransactionalTestExecutionListener@1ef04d9c, org.springframework.test.context.jdbc.SqlScriptsTestExecutionListener@4202af59, org.springframework.test.context.event.EventPublishingTestExecutionListener@73213738, org.springframework.boot.test.autoconfigure.restdocs.RestDocsTestExecutionListener@533494ad, org.springframework.boot.test.autoconfigure.web.client.MockRestServiceServerResetTestExecutionListener@4fb4bffa, org.springframework.boot.test.autoconfigure.web.servlet.MockMvcPrintOnlyOnFailureTestExecutionListener@181bb932, org.springframework.boot.test.autoconfigure.web.servlet.WebDriverTestExecutionListener@6279d5fe, org.springframework.boot.test.autoconfigure.webservices.client.MockWebServiceServerTestExecutionListener@159fa4e0, org.springframework.boot.test.mock.mockito.ResetMocksTestExecutionListener@7fbe92c6]
]]></system-out>
  <system-err><![CDATA[]]></system-err>
</testsuite>
