<?xml version="1.0" encoding="UTF-8"?>
<testsuite name="ca.mcgill.ecse321.MuseumBackend.integration.ArtworkIntegrationTest" tests="11" skipped="0" failures="0" errors="0" timestamp="2022-12-06T03:37:44" hostname="samuel-gp66leopard10ug" time="8.332">
  <properties/>
  <testcase name="testUpdateArtworkWithInvalidRequest2()" classname="ca.mcgill.ecse321.MuseumBackend.integration.ArtworkIntegrationTest" time="1.21"/>
  <testcase name="testMoveArtwork()" classname="ca.mcgill.ecse321.MuseumBackend.integration.ArtworkIntegrationTest" time="0.756"/>
  <testcase name="testGetAllArtworksOnDisplay()" classname="ca.mcgill.ecse321.MuseumBackend.integration.ArtworkIntegrationTest" time="1.046"/>
  <testcase name="testUpdateArtwork()" classname="ca.mcgill.ecse321.MuseumBackend.integration.ArtworkIntegrationTest" time="0.746"/>
  <testcase name="testGetAllArtworksOnStorage()" classname="ca.mcgill.ecse321.MuseumBackend.integration.ArtworkIntegrationTest" time="1.05"/>
  <testcase name="testGetAndCreateArtwork()" classname="ca.mcgill.ecse321.MuseumBackend.integration.ArtworkIntegrationTest" time="0.703"/>
  <testcase name="testDeleteArtwork()" classname="ca.mcgill.ecse321.MuseumBackend.integration.ArtworkIntegrationTest" time="0.374"/>
  <testcase name="testGetNonExistingArtwork()" classname="ca.mcgill.ecse321.MuseumBackend.integration.ArtworkIntegrationTest" time="0.011"/>
  <testcase name="testGetAllArtworks()" classname="ca.mcgill.ecse321.MuseumBackend.integration.ArtworkIntegrationTest" time="0.734"/>
  <testcase name="testUpdateArtworkWithInvalidRequest()" classname="ca.mcgill.ecse321.MuseumBackend.integration.ArtworkIntegrationTest" time="0.689"/>
  <testcase name="testGetAllArtworksByRoomId()" classname="ca.mcgill.ecse321.MuseumBackend.integration.ArtworkIntegrationTest" time="1.009"/>
  <system-out><![CDATA[2022-12-05 22:37:43.226  INFO 63818 --- [    Test worker] .b.t.c.SpringBootTestContextBootstrapper : Neither @ContextConfiguration nor @ContextHierarchy found for test class [ca.mcgill.ecse321.MuseumBackend.integration.ArtworkIntegrationTest], using SpringBootContextLoader
2022-12-05 22:37:43.227  INFO 63818 --- [    Test worker] o.s.t.c.support.AbstractContextLoader    : Could not detect default resource locations for test class [ca.mcgill.ecse321.MuseumBackend.integration.ArtworkIntegrationTest]: no resource found for suffixes {-context.xml, Context.groovy}.
2022-12-05 22:37:43.227  INFO 63818 --- [    Test worker] t.c.s.AnnotationConfigContextLoaderUtils : Could not detect default configuration classes for test class [ca.mcgill.ecse321.MuseumBackend.integration.ArtworkIntegrationTest]: ArtworkIntegrationTest does not declare any static, non-private, non-final, nested classes annotated with @Configuration.
2022-12-05 22:37:43.233  INFO 63818 --- [    Test worker] .b.t.c.SpringBootTestContextBootstrapper : Found @SpringBootConfiguration ca.mcgill.ecse321.MuseumBackend.MuseumBackendApplication for test class ca.mcgill.ecse321.MuseumBackend.integration.ArtworkIntegrationTest
2022-12-05 22:37:43.234  INFO 63818 --- [    Test worker] .b.t.c.SpringBootTestContextBootstrapper : Loaded default TestExecutionListener class names from location [META-INF/spring.factories]: [org.springframework.boot.test.autoconfigure.restdocs.RestDocsTestExecutionListener, org.springframework.boot.test.autoconfigure.web.client.MockRestServiceServerResetTestExecutionListener, org.springframework.boot.test.autoconfigure.web.servlet.MockMvcPrintOnlyOnFailureTestExecutionListener, org.springframework.boot.test.autoconfigure.web.servlet.WebDriverTestExecutionListener, org.springframework.boot.test.autoconfigure.webservices.client.MockWebServiceServerTestExecutionListener, org.springframework.boot.test.mock.mockito.MockitoTestExecutionListener, org.springframework.boot.test.mock.mockito.ResetMocksTestExecutionListener, org.springframework.test.context.web.ServletTestExecutionListener, org.springframework.test.context.support.DirtiesContextBeforeModesTestExecutionListener, org.springframework.test.context.event.ApplicationEventsTestExecutionListener, org.springframework.test.context.support.DependencyInjectionTestExecutionListener, org.springframework.test.context.support.DirtiesContextTestExecutionListener, org.springframework.test.context.transaction.TransactionalTestExecutionListener, org.springframework.test.context.jdbc.SqlScriptsTestExecutionListener, org.springframework.test.context.event.EventPublishingTestExecutionListener]
2022-12-05 22:37:43.235  INFO 63818 --- [    Test worker] .b.t.c.SpringBootTestContextBootstrapper : Using TestExecutionListeners: [org.springframework.test.context.web.ServletTestExecutionListener@75ad0ea9, org.springframework.test.context.support.DirtiesContextBeforeModesTestExecutionListener@281a0671, org.springframework.test.context.event.ApplicationEventsTestExecutionListener@6330474a, org.springframework.boot.test.mock.mockito.MockitoTestExecutionListener@e1bfdc3, org.springframework.boot.test.autoconfigure.SpringBootDependencyInjectionTestExecutionListener@13de62ef, org.springframework.test.context.support.DirtiesContextTestExecutionListener@6b0fc76b, org.springframework.test.context.transaction.TransactionalTestExecutionListener@ae4c757, org.springframework.test.context.jdbc.SqlScriptsTestExecutionListener@5bc0d62d, org.springframework.test.context.event.EventPublishingTestExecutionListener@3be91ea0, org.springframework.boot.test.autoconfigure.restdocs.RestDocsTestExecutionListener@2e48b229, org.springframework.boot.test.autoconfigure.web.client.MockRestServiceServerResetTestExecutionListener@2ba06c8, org.springframework.boot.test.autoconfigure.web.servlet.MockMvcPrintOnlyOnFailureTestExecutionListener@5f16d90c, org.springframework.boot.test.autoconfigure.web.servlet.WebDriverTestExecutionListener@2c79d050, org.springframework.boot.test.autoconfigure.webservices.client.MockWebServiceServerTestExecutionListener@474bf60c, org.springframework.boot.test.mock.mockito.ResetMocksTestExecutionListener@1595246b]

  .   ____          _            __ _ _
 /\\ / ___'_ __ _ _(_)_ __  __ _ \ \ \ \
( ( )\___ | '_ | '_| | '_ \/ _` | \ \ \ \
 \\/  ___)| |_)| | | | | || (_| |  ) ) ) )
  '  |____| .__|_| |_|_| |_\__, | / / / /
 =========|_|==============|___/=/_/_/_/
 :: Spring Boot ::                (v2.7.5)

2022-12-05 22:37:43.259  INFO 63818 --- [    Test worker] c.m.e.M.i.ArtworkIntegrationTest         : Starting ArtworkIntegrationTest using Java 19.0.1 on samuel-gp66leopard10ug with PID 63818 (started by coldstuff1 in /home/coldstuff1/Desktop/School/ECSE 321/Museum/project-group-15)
2022-12-05 22:37:43.259  INFO 63818 --- [    Test worker] c.m.e.M.i.ArtworkIntegrationTest         : No active profile set, falling back to 1 default profile: "default"
2022-12-05 22:37:43.380  INFO 63818 --- [    Test worker] .s.d.r.c.RepositoryConfigurationDelegate : Bootstrapping Spring Data JPA repositories in DEFAULT mode.
2022-12-05 22:37:43.394  INFO 63818 --- [    Test worker] .s.d.r.c.RepositoryConfigurationDelegate : Finished Spring Data repository scanning in 12 ms. Found 12 JPA repository interfaces.
2022-12-05 22:37:43.569  INFO 63818 --- [    Test worker] o.s.b.w.embedded.tomcat.TomcatWebServer  : Tomcat initialized with port(s): 0 (http)
2022-12-05 22:37:43.579  INFO 63818 --- [    Test worker] o.apache.catalina.core.StandardService   : Starting service [Tomcat]
2022-12-05 22:37:43.579  INFO 63818 --- [    Test worker] org.apache.catalina.core.StandardEngine  : Starting Servlet engine: [Apache Tomcat/9.0.68]
2022-12-05 22:37:43.663  INFO 63818 --- [    Test worker] o.a.c.c.C.[Tomcat].[localhost].[/]       : Initializing Spring embedded WebApplicationContext
2022-12-05 22:37:43.664  INFO 63818 --- [    Test worker] w.s.c.ServletWebServerApplicationContext : Root WebApplicationContext: initialization completed in 404 ms
2022-12-05 22:37:43.734  INFO 63818 --- [    Test worker] com.zaxxer.hikari.HikariDataSource       : HikariPool-2 - Starting...
2022-12-05 22:37:43.738  INFO 63818 --- [    Test worker] com.zaxxer.hikari.HikariDataSource       : HikariPool-2 - Start completed.
2022-12-05 22:37:43.754  INFO 63818 --- [    Test worker] o.hibernate.jpa.internal.util.LogHelper  : HHH000204: Processing PersistenceUnitInfo [name: default]
2022-12-05 22:37:43.757  INFO 63818 --- [    Test worker] org.hibernate.dialect.Dialect            : HHH000400: Using dialect: org.hibernate.dialect.PostgreSQL10Dialect
2022-12-05 22:37:44.211  INFO 63818 --- [    Test worker] o.h.e.t.j.p.i.JtaPlatformInitiator       : HHH000490: Using JtaPlatform implementation: [org.hibernate.engine.transaction.jta.platform.internal.NoJtaPlatform]
2022-12-05 22:37:44.211  INFO 63818 --- [    Test worker] j.LocalContainerEntityManagerFactoryBean : Initialized JPA EntityManagerFactory for persistence unit 'default'
2022-12-05 22:37:44.361  WARN 63818 --- [    Test worker] JpaBaseConfiguration$JpaWebConfiguration : spring.jpa.open-in-view is enabled by default. Therefore, database queries may be performed during view rendering. Explicitly configure spring.jpa.open-in-view to disable this warning
2022-12-05 22:37:44.522  INFO 63818 --- [    Test worker] o.s.b.w.embedded.tomcat.TomcatWebServer  : Tomcat started on port(s): 34395 (http) with context path ''
2022-12-05 22:37:44.524  INFO 63818 --- [    Test worker] c.m.e.M.i.ArtworkIntegrationTest         : Started ArtworkIntegrationTest in 1.287 seconds (JVM running for 7.061)
2022-12-05 22:37:44.859  INFO 63818 --- [o-auto-1-exec-1] o.a.c.c.C.[Tomcat].[localhost].[/]       : Initializing Spring DispatcherServlet 'dispatcherServlet'
2022-12-05 22:37:44.859  INFO 63818 --- [o-auto-1-exec-1] o.s.web.servlet.DispatcherServlet        : Initializing Servlet 'dispatcherServlet'
2022-12-05 22:37:44.860  INFO 63818 --- [o-auto-1-exec-1] o.s.web.servlet.DispatcherServlet        : Completed initialization in 1 ms
]]></system-out>
  <system-err><![CDATA[]]></system-err>
</testsuite>
