<?xml version="1.0" encoding="UTF-8"?>
<testsuite name="ca.mcgill.ecse321.MuseumBackend.repository.CustomerRepositoryTests" tests="2" skipped="0" failures="0" errors="0" timestamp="2022-12-06T03:08:26" hostname="MacBook-Air-de-Qi.local" time="0.209">
  <properties/>
  <testcase name="testPersistAndLoadCustomer()" classname="ca.mcgill.ecse321.MuseumBackend.repository.CustomerRepositoryTests" time="0.056"/>
  <testcase name="testCustomerToPersonReference()" classname="ca.mcgill.ecse321.MuseumBackend.repository.CustomerRepositoryTests" time="0.152"/>
  <system-out><![CDATA[2022-12-05 22:08:26.001  INFO 39074 --- [    Test worker] .b.t.c.SpringBootTestContextBootstrapper : Neither @ContextConfiguration nor @ContextHierarchy found for test class [ca.mcgill.ecse321.MuseumBackend.repository.CustomerRepositoryTests], using SpringBootContextLoader
2022-12-05 22:08:26.002  INFO 39074 --- [    Test worker] o.s.t.c.support.AbstractContextLoader    : Could not detect default resource locations for test class [ca.mcgill.ecse321.MuseumBackend.repository.CustomerRepositoryTests]: no resource found for suffixes {-context.xml, Context.groovy}.
2022-12-05 22:08:26.002  INFO 39074 --- [    Test worker] t.c.s.AnnotationConfigContextLoaderUtils : Could not detect default configuration classes for test class [ca.mcgill.ecse321.MuseumBackend.repository.CustomerRepositoryTests]: CustomerRepositoryTests does not declare any static, non-private, non-final, nested classes annotated with @Configuration.
2022-12-05 22:08:26.003  INFO 39074 --- [    Test worker] .b.t.c.SpringBootTestContextBootstrapper : Found @SpringBootConfiguration ca.mcgill.ecse321.MuseumBackend.MuseumBackendApplication for test class ca.mcgill.ecse321.MuseumBackend.repository.CustomerRepositoryTests
2022-12-05 22:08:26.005  INFO 39074 --- [    Test worker] .b.t.c.SpringBootTestContextBootstrapper : Loaded default TestExecutionListener class names from location [META-INF/spring.factories]: [org.springframework.boot.test.autoconfigure.restdocs.RestDocsTestExecutionListener, org.springframework.boot.test.autoconfigure.web.client.MockRestServiceServerResetTestExecutionListener, org.springframework.boot.test.autoconfigure.web.servlet.MockMvcPrintOnlyOnFailureTestExecutionListener, org.springframework.boot.test.autoconfigure.web.servlet.WebDriverTestExecutionListener, org.springframework.boot.test.autoconfigure.webservices.client.MockWebServiceServerTestExecutionListener, org.springframework.boot.test.mock.mockito.MockitoTestExecutionListener, org.springframework.boot.test.mock.mockito.ResetMocksTestExecutionListener, org.springframework.test.context.web.ServletTestExecutionListener, org.springframework.test.context.support.DirtiesContextBeforeModesTestExecutionListener, org.springframework.test.context.event.ApplicationEventsTestExecutionListener, org.springframework.test.context.support.DependencyInjectionTestExecutionListener, org.springframework.test.context.support.DirtiesContextTestExecutionListener, org.springframework.test.context.transaction.TransactionalTestExecutionListener, org.springframework.test.context.jdbc.SqlScriptsTestExecutionListener, org.springframework.test.context.event.EventPublishingTestExecutionListener]
2022-12-05 22:08:26.005  INFO 39074 --- [    Test worker] .b.t.c.SpringBootTestContextBootstrapper : Using TestExecutionListeners: [org.springframework.test.context.web.ServletTestExecutionListener@4f13aa50, org.springframework.test.context.support.DirtiesContextBeforeModesTestExecutionListener@35ae35ac, org.springframework.test.context.event.ApplicationEventsTestExecutionListener@41034c9, org.springframework.boot.test.mock.mockito.MockitoTestExecutionListener@2b74723f, org.springframework.boot.test.autoconfigure.SpringBootDependencyInjectionTestExecutionListener@79671c2b, org.springframework.test.context.support.DirtiesContextTestExecutionListener@3da045fe, org.springframework.test.context.transaction.TransactionalTestExecutionListener@381398ff, org.springframework.test.context.jdbc.SqlScriptsTestExecutionListener@307ee048, org.springframework.test.context.event.EventPublishingTestExecutionListener@71b92428, org.springframework.boot.test.autoconfigure.restdocs.RestDocsTestExecutionListener@4e891054, org.springframework.boot.test.autoconfigure.web.client.MockRestServiceServerResetTestExecutionListener@6a79bd1a, org.springframework.boot.test.autoconfigure.web.servlet.MockMvcPrintOnlyOnFailureTestExecutionListener@2dc27cbd, org.springframework.boot.test.autoconfigure.web.servlet.WebDriverTestExecutionListener@15e28549, org.springframework.boot.test.autoconfigure.webservices.client.MockWebServiceServerTestExecutionListener@136f2c11, org.springframework.boot.test.mock.mockito.ResetMocksTestExecutionListener@34d9d20b]
]]></system-out>
  <system-err><![CDATA[]]></system-err>
</testsuite>
