<?xml version="1.0" encoding="UTF-8"?>
<testsuite name="ca.mcgill.ecse321.MuseumBackend.service.TestPersonService" tests="4" skipped="0" failures="0" errors="0" timestamp="2022-12-03T18:45:39" hostname="MacBook-Air-de-Qi.local" time="0.011">
  <properties/>
  <testcase name="testCreatePerson()" classname="ca.mcgill.ecse321.MuseumBackend.service.TestPersonService" time="0.002"/>
  <testcase name="testFindPersonByEmail()" classname="ca.mcgill.ecse321.MuseumBackend.service.TestPersonService" time="0.002"/>
  <testcase name="testChangePersonName()" classname="ca.mcgill.ecse321.MuseumBackend.service.TestPersonService" time="0.002"/>
  <testcase name="testChangePersonPassword()" classname="ca.mcgill.ecse321.MuseumBackend.service.TestPersonService" time="0.002"/>
  <system-out><![CDATA[]]></system-out>
  <system-err><![CDATA[]]></system-err>
</testsuite>
