<?xml version="1.0" encoding="UTF-8"?>
<testsuite name="ca.mcgill.ecse321.MuseumBackend.service.TestEmployeeService" tests="8" skipped="0" failures="0" errors="0" timestamp="2022-12-03T21:14:46" hostname="samuel-gp66leopard10ug" time="0.035">
  <properties/>
  <testcase name="testInvalidFireEmployee()" classname="ca.mcgill.ecse321.MuseumBackend.service.TestEmployeeService" time="0.016"/>
  <testcase name="testInvalidCreateEmployeeForMissingPerson()" classname="ca.mcgill.ecse321.MuseumBackend.service.TestEmployeeService" time="0.002"/>
  <testcase name="testGetEmployeeById()" classname="ca.mcgill.ecse321.MuseumBackend.service.TestEmployeeService" time="0.002"/>
  <testcase name="testFireEmployee()" classname="ca.mcgill.ecse321.MuseumBackend.service.TestEmployeeService" time="0.003"/>
  <testcase name="testInvalidCreateExistingEmployee()" classname="ca.mcgill.ecse321.MuseumBackend.service.TestEmployeeService" time="0.003"/>
  <testcase name="testCreateEmployee()" classname="ca.mcgill.ecse321.MuseumBackend.service.TestEmployeeService" time="0.002"/>
  <testcase name="testGetAllEmployees()" classname="ca.mcgill.ecse321.MuseumBackend.service.TestEmployeeService" time="0.002"/>
  <testcase name="testGetEmployeeByInvalidId()" classname="ca.mcgill.ecse321.MuseumBackend.service.TestEmployeeService" time="0.002"/>
  <system-out><![CDATA[]]></system-out>
  <system-err><![CDATA[]]></system-err>
</testsuite>
