<?xml version="1.0" encoding="UTF-8"?>
<testsuite name="ca.mcgill.ecse321.MuseumBackend.repository.ArtworkRepositoryTests" tests="1" skipped="0" failures="0" errors="0" timestamp="2022-12-06T03:08:25" hostname="MacBook-Air-de-Qi.local" time="0.167">
  <properties/>
  <testcase name="testPersistAndLoadArtwork()" classname="ca.mcgill.ecse321.MuseumBackend.repository.ArtworkRepositoryTests" time="0.167"/>
  <system-out><![CDATA[2022-12-05 22:08:25.822  INFO 39074 --- [    Test worker] .b.t.c.SpringBootTestContextBootstrapper : Neither @ContextConfiguration nor @ContextHierarchy found for test class [ca.mcgill.ecse321.MuseumBackend.repository.ArtworkRepositoryTests], using SpringBootContextLoader
2022-12-05 22:08:25.823  INFO 39074 --- [    Test worker] o.s.t.c.support.AbstractContextLoader    : Could not detect default resource locations for test class [ca.mcgill.ecse321.MuseumBackend.repository.ArtworkRepositoryTests]: no resource found for suffixes {-context.xml, Context.groovy}.
2022-12-05 22:08:25.824  INFO 39074 --- [    Test worker] t.c.s.AnnotationConfigContextLoaderUtils : Could not detect default configuration classes for test class [ca.mcgill.ecse321.MuseumBackend.repository.ArtworkRepositoryTests]: ArtworkRepositoryTests does not declare any static, non-private, non-final, nested classes annotated with @Configuration.
2022-12-05 22:08:25.825  INFO 39074 --- [    Test worker] .b.t.c.SpringBootTestContextBootstrapper : Found @SpringBootConfiguration ca.mcgill.ecse321.MuseumBackend.MuseumBackendApplication for test class ca.mcgill.ecse321.MuseumBackend.repository.ArtworkRepositoryTests
2022-12-05 22:08:25.827  INFO 39074 --- [    Test worker] .b.t.c.SpringBootTestContextBootstrapper : Loaded default TestExecutionListener class names from location [META-INF/spring.factories]: [org.springframework.boot.test.autoconfigure.restdocs.RestDocsTestExecutionListener, org.springframework.boot.test.autoconfigure.web.client.MockRestServiceServerResetTestExecutionListener, org.springframework.boot.test.autoconfigure.web.servlet.MockMvcPrintOnlyOnFailureTestExecutionListener, org.springframework.boot.test.autoconfigure.web.servlet.WebDriverTestExecutionListener, org.springframework.boot.test.autoconfigure.webservices.client.MockWebServiceServerTestExecutionListener, org.springframework.boot.test.mock.mockito.MockitoTestExecutionListener, org.springframework.boot.test.mock.mockito.ResetMocksTestExecutionListener, org.springframework.test.context.web.ServletTestExecutionListener, org.springframework.test.context.support.DirtiesContextBeforeModesTestExecutionListener, org.springframework.test.context.event.ApplicationEventsTestExecutionListener, org.springframework.test.context.support.DependencyInjectionTestExecutionListener, org.springframework.test.context.support.DirtiesContextTestExecutionListener, org.springframework.test.context.transaction.TransactionalTestExecutionListener, org.springframework.test.context.jdbc.SqlScriptsTestExecutionListener, org.springframework.test.context.event.EventPublishingTestExecutionListener]
2022-12-05 22:08:25.827  INFO 39074 --- [    Test worker] .b.t.c.SpringBootTestContextBootstrapper : Using TestExecutionListeners: [org.springframework.test.context.web.ServletTestExecutionListener@61205733, org.springframework.test.context.support.DirtiesContextBeforeModesTestExecutionListener@1cdc074b, org.springframework.test.context.event.ApplicationEventsTestExecutionListener@62f80293, org.springframework.boot.test.mock.mockito.MockitoTestExecutionListener@5c8a91ae, org.springframework.boot.test.autoconfigure.SpringBootDependencyInjectionTestExecutionListener@3ff0dcc3, org.springframework.test.context.support.DirtiesContextTestExecutionListener@436a6229, org.springframework.test.context.transaction.TransactionalTestExecutionListener@61241c4d, org.springframework.test.context.jdbc.SqlScriptsTestExecutionListener@69abe626, org.springframework.test.context.event.EventPublishingTestExecutionListener@50043914, org.springframework.boot.test.autoconfigure.restdocs.RestDocsTestExecutionListener@406f7217, org.springframework.boot.test.autoconfigure.web.client.MockRestServiceServerResetTestExecutionListener@168d823, org.springframework.boot.test.autoconfigure.web.servlet.MockMvcPrintOnlyOnFailureTestExecutionListener@37c494fe, org.springframework.boot.test.autoconfigure.web.servlet.WebDriverTestExecutionListener@46f9c78b, org.springframework.boot.test.autoconfigure.webservices.client.MockWebServiceServerTestExecutionListener@7dbdea89, org.springframework.boot.test.mock.mockito.ResetMocksTestExecutionListener@3a538cdd]
]]></system-out>
  <system-err><![CDATA[]]></system-err>
</testsuite>
