<?xml version="1.0" encoding="UTF-8"?>
<testsuite name="ca.mcgill.ecse321.MuseumBackend.repository.LoanRepositoryTests" tests="2" skipped="0" failures="0" errors="0" timestamp="2022-12-04T21:23:25" hostname="samuel-gp66leopard10ug" time="1.536">
  <properties/>
  <testcase name="testPersistAndLoadLoan()" classname="ca.mcgill.ecse321.MuseumBackend.repository.LoanRepositoryTests" time="0.015"/>
  <testcase name="testLoanToArtworkReference()" classname="ca.mcgill.ecse321.MuseumBackend.repository.LoanRepositoryTests" time="1.521"/>
  <system-out><![CDATA[2022-12-04 16:23:25.909  INFO 180689 --- [    Test worker] .b.t.c.SpringBootTestContextBootstrapper : Neither @ContextConfiguration nor @ContextHierarchy found for test class [ca.mcgill.ecse321.MuseumBackend.repository.LoanRepositoryTests], using SpringBootContextLoader
2022-12-04 16:23:25.909  INFO 180689 --- [    Test worker] o.s.t.c.support.AbstractContextLoader    : Could not detect default resource locations for test class [ca.mcgill.ecse321.MuseumBackend.repository.LoanRepositoryTests]: no resource found for suffixes {-context.xml, Context.groovy}.
2022-12-04 16:23:25.909  INFO 180689 --- [    Test worker] t.c.s.AnnotationConfigContextLoaderUtils : Could not detect default configuration classes for test class [ca.mcgill.ecse321.MuseumBackend.repository.LoanRepositoryTests]: LoanRepositoryTests does not declare any static, non-private, non-final, nested classes annotated with @Configuration.
2022-12-04 16:23:25.910  INFO 180689 --- [    Test worker] .b.t.c.SpringBootTestContextBootstrapper : Found @SpringBootConfiguration ca.mcgill.ecse321.MuseumBackend.MuseumBackendApplication for test class ca.mcgill.ecse321.MuseumBackend.repository.LoanRepositoryTests
2022-12-04 16:23:25.911  INFO 180689 --- [    Test worker] .b.t.c.SpringBootTestContextBootstrapper : Loaded default TestExecutionListener class names from location [META-INF/spring.factories]: [org.springframework.boot.test.autoconfigure.restdocs.RestDocsTestExecutionListener, org.springframework.boot.test.autoconfigure.web.client.MockRestServiceServerResetTestExecutionListener, org.springframework.boot.test.autoconfigure.web.servlet.MockMvcPrintOnlyOnFailureTestExecutionListener, org.springframework.boot.test.autoconfigure.web.servlet.WebDriverTestExecutionListener, org.springframework.boot.test.autoconfigure.webservices.client.MockWebServiceServerTestExecutionListener, org.springframework.boot.test.mock.mockito.MockitoTestExecutionListener, org.springframework.boot.test.mock.mockito.ResetMocksTestExecutionListener, org.springframework.test.context.web.ServletTestExecutionListener, org.springframework.test.context.support.DirtiesContextBeforeModesTestExecutionListener, org.springframework.test.context.event.ApplicationEventsTestExecutionListener, org.springframework.test.context.support.DependencyInjectionTestExecutionListener, org.springframework.test.context.support.DirtiesContextTestExecutionListener, org.springframework.test.context.transaction.TransactionalTestExecutionListener, org.springframework.test.context.jdbc.SqlScriptsTestExecutionListener, org.springframework.test.context.event.EventPublishingTestExecutionListener]
2022-12-04 16:23:25.911  INFO 180689 --- [    Test worker] .b.t.c.SpringBootTestContextBootstrapper : Using TestExecutionListeners: [org.springframework.test.context.web.ServletTestExecutionListener@297e2a40, org.springframework.test.context.support.DirtiesContextBeforeModesTestExecutionListener@56b6d87c, org.springframework.test.context.event.ApplicationEventsTestExecutionListener@7eadcc5b, org.springframework.boot.test.mock.mockito.MockitoTestExecutionListener@2c1750c0, org.springframework.boot.test.autoconfigure.SpringBootDependencyInjectionTestExecutionListener@74635328, org.springframework.test.context.support.DirtiesContextTestExecutionListener@147610e0, org.springframework.test.context.transaction.TransactionalTestExecutionListener@4a9c921, org.springframework.test.context.jdbc.SqlScriptsTestExecutionListener@12ae0824, org.springframework.test.context.event.EventPublishingTestExecutionListener@7c3af34a, org.springframework.boot.test.autoconfigure.restdocs.RestDocsTestExecutionListener@586f0d3d, org.springframework.boot.test.autoconfigure.web.client.MockRestServiceServerResetTestExecutionListener@12c527d0, org.springframework.boot.test.autoconfigure.web.servlet.MockMvcPrintOnlyOnFailureTestExecutionListener@70c8e284, org.springframework.boot.test.autoconfigure.web.servlet.WebDriverTestExecutionListener@5b43ff74, org.springframework.boot.test.autoconfigure.webservices.client.MockWebServiceServerTestExecutionListener@7b6507c4, org.springframework.boot.test.mock.mockito.ResetMocksTestExecutionListener@40a544df]
]]></system-out>
  <system-err><![CDATA[]]></system-err>
</testsuite>
