<?xml version="1.0" encoding="UTF-8"?>
<testsuite name="ca.mcgill.ecse321.MuseumBackend.repository.LoanRepositoryTests" tests="2" skipped="0" failures="0" errors="0" timestamp="2022-12-03T18:45:37" hostname="MacBook-Air-de-Qi.local" time="0.139">
  <properties/>
  <testcase name="testPersistAndLoadLoan()" classname="ca.mcgill.ecse321.MuseumBackend.repository.LoanRepositoryTests" time="0.044"/>
  <testcase name="testLoanToArtworkReference()" classname="ca.mcgill.ecse321.MuseumBackend.repository.LoanRepositoryTests" time="0.094"/>
  <system-out><![CDATA[2022-12-03 13:45:37.436  INFO 23514 --- [    Test worker] .b.t.c.SpringBootTestContextBootstrapper : Neither @ContextConfiguration nor @ContextHierarchy found for test class [ca.mcgill.ecse321.MuseumBackend.repository.LoanRepositoryTests], using SpringBootContextLoader
2022-12-03 13:45:37.437  INFO 23514 --- [    Test worker] o.s.t.c.support.AbstractContextLoader    : Could not detect default resource locations for test class [ca.mcgill.ecse321.MuseumBackend.repository.LoanRepositoryTests]: no resource found for suffixes {-context.xml, Context.groovy}.
2022-12-03 13:45:37.437  INFO 23514 --- [    Test worker] t.c.s.AnnotationConfigContextLoaderUtils : Could not detect default configuration classes for test class [ca.mcgill.ecse321.MuseumBackend.repository.LoanRepositoryTests]: LoanRepositoryTests does not declare any static, non-private, non-final, nested classes annotated with @Configuration.
2022-12-03 13:45:37.441  INFO 23514 --- [    Test worker] .b.t.c.SpringBootTestContextBootstrapper : Found @SpringBootConfiguration ca.mcgill.ecse321.MuseumBackend.MuseumBackendApplication for test class ca.mcgill.ecse321.MuseumBackend.repository.LoanRepositoryTests
2022-12-03 13:45:37.443  INFO 23514 --- [    Test worker] .b.t.c.SpringBootTestContextBootstrapper : Loaded default TestExecutionListener class names from location [META-INF/spring.factories]: [org.springframework.boot.test.autoconfigure.restdocs.RestDocsTestExecutionListener, org.springframework.boot.test.autoconfigure.web.client.MockRestServiceServerResetTestExecutionListener, org.springframework.boot.test.autoconfigure.web.servlet.MockMvcPrintOnlyOnFailureTestExecutionListener, org.springframework.boot.test.autoconfigure.web.servlet.WebDriverTestExecutionListener, org.springframework.boot.test.autoconfigure.webservices.client.MockWebServiceServerTestExecutionListener, org.springframework.boot.test.mock.mockito.MockitoTestExecutionListener, org.springframework.boot.test.mock.mockito.ResetMocksTestExecutionListener, org.springframework.test.context.web.ServletTestExecutionListener, org.springframework.test.context.support.DirtiesContextBeforeModesTestExecutionListener, org.springframework.test.context.event.ApplicationEventsTestExecutionListener, org.springframework.test.context.support.DependencyInjectionTestExecutionListener, org.springframework.test.context.support.DirtiesContextTestExecutionListener, org.springframework.test.context.transaction.TransactionalTestExecutionListener, org.springframework.test.context.jdbc.SqlScriptsTestExecutionListener, org.springframework.test.context.event.EventPublishingTestExecutionListener]
2022-12-03 13:45:37.446  INFO 23514 --- [    Test worker] .b.t.c.SpringBootTestContextBootstrapper : Using TestExecutionListeners: [org.springframework.test.context.web.ServletTestExecutionListener@683b88a4, org.springframework.test.context.support.DirtiesContextBeforeModesTestExecutionListener@4bc18798, org.springframework.test.context.event.ApplicationEventsTestExecutionListener@68e73d7f, org.springframework.boot.test.mock.mockito.MockitoTestExecutionListener@1ef4fbfc, org.springframework.boot.test.autoconfigure.SpringBootDependencyInjectionTestExecutionListener@2a3e2e2e, org.springframework.test.context.support.DirtiesContextTestExecutionListener@6d8481b6, org.springframework.test.context.transaction.TransactionalTestExecutionListener@3c5955bc, org.springframework.test.context.jdbc.SqlScriptsTestExecutionListener@5cb62d0, org.springframework.test.context.event.EventPublishingTestExecutionListener@5edf6319, org.springframework.boot.test.autoconfigure.restdocs.RestDocsTestExecutionListener@179fc045, org.springframework.boot.test.autoconfigure.web.client.MockRestServiceServerResetTestExecutionListener@619d83bf, org.springframework.boot.test.autoconfigure.web.servlet.MockMvcPrintOnlyOnFailureTestExecutionListener@3f9ea0be, org.springframework.boot.test.autoconfigure.web.servlet.WebDriverTestExecutionListener@1a7ccbff, org.springframework.boot.test.autoconfigure.webservices.client.MockWebServiceServerTestExecutionListener@7308bd1d, org.springframework.boot.test.mock.mockito.ResetMocksTestExecutionListener@7e8558b8]
]]></system-out>
  <system-err><![CDATA[]]></system-err>
</testsuite>
