<?xml version="1.0" encoding="UTF-8"?>
<testsuite name="ca.mcgill.ecse321.MuseumBackend.repository.ArtworkRepositoryTests" tests="1" skipped="0" failures="0" errors="0" timestamp="2022-12-04T21:23:14" hostname="samuel-gp66leopard10ug" time="3.238">
  <properties/>
  <testcase name="testPersistAndLoadArtwork()" classname="ca.mcgill.ecse321.MuseumBackend.repository.ArtworkRepositoryTests" time="3.238"/>
  <system-out><![CDATA[2022-12-04 16:23:14.829  INFO 180689 --- [    Test worker] .b.t.c.SpringBootTestContextBootstrapper : Neither @ContextConfiguration nor @ContextHierarchy found for test class [ca.mcgill.ecse321.MuseumBackend.repository.ArtworkRepositoryTests], using SpringBootContextLoader
2022-12-04 16:23:14.829  INFO 180689 --- [    Test worker] o.s.t.c.support.AbstractContextLoader    : Could not detect default resource locations for test class [ca.mcgill.ecse321.MuseumBackend.repository.ArtworkRepositoryTests]: no resource found for suffixes {-context.xml, Context.groovy}.
2022-12-04 16:23:14.829  INFO 180689 --- [    Test worker] t.c.s.AnnotationConfigContextLoaderUtils : Could not detect default configuration classes for test class [ca.mcgill.ecse321.MuseumBackend.repository.ArtworkRepositoryTests]: ArtworkRepositoryTests does not declare any static, non-private, non-final, nested classes annotated with @Configuration.
2022-12-04 16:23:14.830  INFO 180689 --- [    Test worker] .b.t.c.SpringBootTestContextBootstrapper : Found @SpringBootConfiguration ca.mcgill.ecse321.MuseumBackend.MuseumBackendApplication for test class ca.mcgill.ecse321.MuseumBackend.repository.ArtworkRepositoryTests
2022-12-04 16:23:14.830  INFO 180689 --- [    Test worker] .b.t.c.SpringBootTestContextBootstrapper : Loaded default TestExecutionListener class names from location [META-INF/spring.factories]: [org.springframework.boot.test.autoconfigure.restdocs.RestDocsTestExecutionListener, org.springframework.boot.test.autoconfigure.web.client.MockRestServiceServerResetTestExecutionListener, org.springframework.boot.test.autoconfigure.web.servlet.MockMvcPrintOnlyOnFailureTestExecutionListener, org.springframework.boot.test.autoconfigure.web.servlet.WebDriverTestExecutionListener, org.springframework.boot.test.autoconfigure.webservices.client.MockWebServiceServerTestExecutionListener, org.springframework.boot.test.mock.mockito.MockitoTestExecutionListener, org.springframework.boot.test.mock.mockito.ResetMocksTestExecutionListener, org.springframework.test.context.web.ServletTestExecutionListener, org.springframework.test.context.support.DirtiesContextBeforeModesTestExecutionListener, org.springframework.test.context.event.ApplicationEventsTestExecutionListener, org.springframework.test.context.support.DependencyInjectionTestExecutionListener, org.springframework.test.context.support.DirtiesContextTestExecutionListener, org.springframework.test.context.transaction.TransactionalTestExecutionListener, org.springframework.test.context.jdbc.SqlScriptsTestExecutionListener, org.springframework.test.context.event.EventPublishingTestExecutionListener]
2022-12-04 16:23:14.830  INFO 180689 --- [    Test worker] .b.t.c.SpringBootTestContextBootstrapper : Using TestExecutionListeners: [org.springframework.test.context.web.ServletTestExecutionListener@70540307, org.springframework.test.context.support.DirtiesContextBeforeModesTestExecutionListener@3e3975da, org.springframework.test.context.event.ApplicationEventsTestExecutionListener@55537e43, org.springframework.boot.test.mock.mockito.MockitoTestExecutionListener@26a9560d, org.springframework.boot.test.autoconfigure.SpringBootDependencyInjectionTestExecutionListener@76b525e4, org.springframework.test.context.support.DirtiesContextTestExecutionListener@357194d, org.springframework.test.context.transaction.TransactionalTestExecutionListener@4d38de02, org.springframework.test.context.jdbc.SqlScriptsTestExecutionListener@214de096, org.springframework.test.context.event.EventPublishingTestExecutionListener@7e086b5e, org.springframework.boot.test.autoconfigure.restdocs.RestDocsTestExecutionListener@452e88a3, org.springframework.boot.test.autoconfigure.web.client.MockRestServiceServerResetTestExecutionListener@4eed96ca, org.springframework.boot.test.autoconfigure.web.servlet.MockMvcPrintOnlyOnFailureTestExecutionListener@6a96d1, org.springframework.boot.test.autoconfigure.web.servlet.WebDriverTestExecutionListener@3d055f19, org.springframework.boot.test.autoconfigure.webservices.client.MockWebServiceServerTestExecutionListener@cdfa38a, org.springframework.boot.test.mock.mockito.ResetMocksTestExecutionListener@2e262f1d]
]]></system-out>
  <system-err><![CDATA[]]></system-err>
</testsuite>
