<?xml version="1.0" encoding="UTF-8"?>
<testsuite name="ca.mcgill.ecse321.MuseumBackend.repository.CustomerRepositoryTests" tests="2" skipped="0" failures="0" errors="0" timestamp="2022-12-03T21:14:44" hostname="samuel-gp66leopard10ug" time="0.429">
  <properties/>
  <testcase name="testPersistAndLoadCustomer()" classname="ca.mcgill.ecse321.MuseumBackend.repository.CustomerRepositoryTests" time="0.016"/>
  <testcase name="testCustomerToPersonReference()" classname="ca.mcgill.ecse321.MuseumBackend.repository.CustomerRepositoryTests" time="0.412"/>
  <system-out><![CDATA[2022-12-03 16:14:44.278  INFO 49970 --- [    Test worker] .b.t.c.SpringBootTestContextBootstrapper : Neither @ContextConfiguration nor @ContextHierarchy found for test class [ca.mcgill.ecse321.MuseumBackend.repository.CustomerRepositoryTests], using SpringBootContextLoader
2022-12-03 16:14:44.279  INFO 49970 --- [    Test worker] o.s.t.c.support.AbstractContextLoader    : Could not detect default resource locations for test class [ca.mcgill.ecse321.MuseumBackend.repository.CustomerRepositoryTests]: no resource found for suffixes {-context.xml, Context.groovy}.
2022-12-03 16:14:44.279  INFO 49970 --- [    Test worker] t.c.s.AnnotationConfigContextLoaderUtils : Could not detect default configuration classes for test class [ca.mcgill.ecse321.MuseumBackend.repository.CustomerRepositoryTests]: CustomerRepositoryTests does not declare any static, non-private, non-final, nested classes annotated with @Configuration.
2022-12-03 16:14:44.280  INFO 49970 --- [    Test worker] .b.t.c.SpringBootTestContextBootstrapper : Found @SpringBootConfiguration ca.mcgill.ecse321.MuseumBackend.MuseumBackendApplication for test class ca.mcgill.ecse321.MuseumBackend.repository.CustomerRepositoryTests
2022-12-03 16:14:44.281  INFO 49970 --- [    Test worker] .b.t.c.SpringBootTestContextBootstrapper : Loaded default TestExecutionListener class names from location [META-INF/spring.factories]: [org.springframework.boot.test.autoconfigure.restdocs.RestDocsTestExecutionListener, org.springframework.boot.test.autoconfigure.web.client.MockRestServiceServerResetTestExecutionListener, org.springframework.boot.test.autoconfigure.web.servlet.MockMvcPrintOnlyOnFailureTestExecutionListener, org.springframework.boot.test.autoconfigure.web.servlet.WebDriverTestExecutionListener, org.springframework.boot.test.autoconfigure.webservices.client.MockWebServiceServerTestExecutionListener, org.springframework.boot.test.mock.mockito.MockitoTestExecutionListener, org.springframework.boot.test.mock.mockito.ResetMocksTestExecutionListener, org.springframework.test.context.web.ServletTestExecutionListener, org.springframework.test.context.support.DirtiesContextBeforeModesTestExecutionListener, org.springframework.test.context.event.ApplicationEventsTestExecutionListener, org.springframework.test.context.support.DependencyInjectionTestExecutionListener, org.springframework.test.context.support.DirtiesContextTestExecutionListener, org.springframework.test.context.transaction.TransactionalTestExecutionListener, org.springframework.test.context.jdbc.SqlScriptsTestExecutionListener, org.springframework.test.context.event.EventPublishingTestExecutionListener]
2022-12-03 16:14:44.281  INFO 49970 --- [    Test worker] .b.t.c.SpringBootTestContextBootstrapper : Using TestExecutionListeners: [org.springframework.test.context.web.ServletTestExecutionListener@1a8f870a, org.springframework.test.context.support.DirtiesContextBeforeModesTestExecutionListener@74c8c549, org.springframework.test.context.event.ApplicationEventsTestExecutionListener@1eb7ca95, org.springframework.boot.test.mock.mockito.MockitoTestExecutionListener@7f635a90, org.springframework.boot.test.autoconfigure.SpringBootDependencyInjectionTestExecutionListener@19b225a1, org.springframework.test.context.support.DirtiesContextTestExecutionListener@2be25953, org.springframework.test.context.transaction.TransactionalTestExecutionListener@b21ddd8, org.springframework.test.context.jdbc.SqlScriptsTestExecutionListener@6e73b1f6, org.springframework.test.context.event.EventPublishingTestExecutionListener@66e41eb4, org.springframework.boot.test.autoconfigure.restdocs.RestDocsTestExecutionListener@5ff5ebfa, org.springframework.boot.test.autoconfigure.web.client.MockRestServiceServerResetTestExecutionListener@5a3f22c1, org.springframework.boot.test.autoconfigure.web.servlet.MockMvcPrintOnlyOnFailureTestExecutionListener@29b0c471, org.springframework.boot.test.autoconfigure.web.servlet.WebDriverTestExecutionListener@6f677e4d, org.springframework.boot.test.autoconfigure.webservices.client.MockWebServiceServerTestExecutionListener@1fbde260, org.springframework.boot.test.mock.mockito.ResetMocksTestExecutionListener@3cb7e27c]
]]></system-out>
  <system-err><![CDATA[]]></system-err>
</testsuite>
