<?xml version="1.0" encoding="UTF-8"?>
<testsuite name="ca.mcgill.ecse321.MuseumBackend.repository.AdminRepositoryTests" tests="2" skipped="0" failures="0" errors="0" timestamp="2022-12-03T21:14:43" hostname="samuel-gp66leopard10ug" time="0.422">
  <properties/>
  <testcase name="testPersistAndLoadAdmin()" classname="ca.mcgill.ecse321.MuseumBackend.repository.AdminRepositoryTests" time="0.014"/>
  <testcase name="testAdminToPersonReference()" classname="ca.mcgill.ecse321.MuseumBackend.repository.AdminRepositoryTests" time="0.407"/>
  <system-out><![CDATA[2022-12-03 16:14:43.504  INFO 49970 --- [    Test worker] .b.t.c.SpringBootTestContextBootstrapper : Neither @ContextConfiguration nor @ContextHierarchy found for test class [ca.mcgill.ecse321.MuseumBackend.repository.AdminRepositoryTests], using SpringBootContextLoader
2022-12-03 16:14:43.504  INFO 49970 --- [    Test worker] o.s.t.c.support.AbstractContextLoader    : Could not detect default resource locations for test class [ca.mcgill.ecse321.MuseumBackend.repository.AdminRepositoryTests]: no resource found for suffixes {-context.xml, Context.groovy}.
2022-12-03 16:14:43.505  INFO 49970 --- [    Test worker] t.c.s.AnnotationConfigContextLoaderUtils : Could not detect default configuration classes for test class [ca.mcgill.ecse321.MuseumBackend.repository.AdminRepositoryTests]: AdminRepositoryTests does not declare any static, non-private, non-final, nested classes annotated with @Configuration.
2022-12-03 16:14:43.510  INFO 49970 --- [    Test worker] .b.t.c.SpringBootTestContextBootstrapper : Found @SpringBootConfiguration ca.mcgill.ecse321.MuseumBackend.MuseumBackendApplication for test class ca.mcgill.ecse321.MuseumBackend.repository.AdminRepositoryTests
2022-12-03 16:14:43.510  INFO 49970 --- [    Test worker] .b.t.c.SpringBootTestContextBootstrapper : Loaded default TestExecutionListener class names from location [META-INF/spring.factories]: [org.springframework.boot.test.autoconfigure.restdocs.RestDocsTestExecutionListener, org.springframework.boot.test.autoconfigure.web.client.MockRestServiceServerResetTestExecutionListener, org.springframework.boot.test.autoconfigure.web.servlet.MockMvcPrintOnlyOnFailureTestExecutionListener, org.springframework.boot.test.autoconfigure.web.servlet.WebDriverTestExecutionListener, org.springframework.boot.test.autoconfigure.webservices.client.MockWebServiceServerTestExecutionListener, org.springframework.boot.test.mock.mockito.MockitoTestExecutionListener, org.springframework.boot.test.mock.mockito.ResetMocksTestExecutionListener, org.springframework.test.context.web.ServletTestExecutionListener, org.springframework.test.context.support.DirtiesContextBeforeModesTestExecutionListener, org.springframework.test.context.event.ApplicationEventsTestExecutionListener, org.springframework.test.context.support.DependencyInjectionTestExecutionListener, org.springframework.test.context.support.DirtiesContextTestExecutionListener, org.springframework.test.context.transaction.TransactionalTestExecutionListener, org.springframework.test.context.jdbc.SqlScriptsTestExecutionListener, org.springframework.test.context.event.EventPublishingTestExecutionListener]
2022-12-03 16:14:43.511  INFO 49970 --- [    Test worker] .b.t.c.SpringBootTestContextBootstrapper : Using TestExecutionListeners: [org.springframework.test.context.web.ServletTestExecutionListener@629b5953, org.springframework.test.context.support.DirtiesContextBeforeModesTestExecutionListener@7a99e01b, org.springframework.test.context.event.ApplicationEventsTestExecutionListener@44a1949b, org.springframework.boot.test.mock.mockito.MockitoTestExecutionListener@3579f1d0, org.springframework.boot.test.autoconfigure.SpringBootDependencyInjectionTestExecutionListener@d9067ed, org.springframework.test.context.support.DirtiesContextTestExecutionListener@383cd77c, org.springframework.test.context.transaction.TransactionalTestExecutionListener@707189ac, org.springframework.test.context.jdbc.SqlScriptsTestExecutionListener@a7c1103, org.springframework.test.context.event.EventPublishingTestExecutionListener@4ddb0ae, org.springframework.boot.test.autoconfigure.restdocs.RestDocsTestExecutionListener@5a04007e, org.springframework.boot.test.autoconfigure.web.client.MockRestServiceServerResetTestExecutionListener@2644de7b, org.springframework.boot.test.autoconfigure.web.servlet.MockMvcPrintOnlyOnFailureTestExecutionListener@4c5a27b9, org.springframework.boot.test.autoconfigure.web.servlet.WebDriverTestExecutionListener@25eba65c, org.springframework.boot.test.autoconfigure.webservices.client.MockWebServiceServerTestExecutionListener@5f96556f, org.springframework.boot.test.mock.mockito.ResetMocksTestExecutionListener@5f21efe0]
]]></system-out>
  <system-err><![CDATA[]]></system-err>
</testsuite>
