<?xml version="1.0" encoding="UTF-8"?>
<testsuite name="ca.mcgill.ecse321.MuseumBackend.repository.PersonRepositoryTests" tests="2" skipped="0" failures="0" errors="0" timestamp="2022-12-03T21:14:45" hostname="samuel-gp66leopard10ug" time="0.225">
  <properties/>
  <testcase name="testPersonAssociations()" classname="ca.mcgill.ecse321.MuseumBackend.repository.PersonRepositoryTests" time="0.216"/>
  <testcase name="testPersonPersistAndLoad()" classname="ca.mcgill.ecse321.MuseumBackend.repository.PersonRepositoryTests" time="0.008"/>
  <system-out><![CDATA[2022-12-03 16:14:45.542  INFO 49970 --- [    Test worker] .b.t.c.SpringBootTestContextBootstrapper : Neither @ContextConfiguration nor @ContextHierarchy found for test class [ca.mcgill.ecse321.MuseumBackend.repository.PersonRepositoryTests], using SpringBootContextLoader
2022-12-03 16:14:45.543  INFO 49970 --- [    Test worker] o.s.t.c.support.AbstractContextLoader    : Could not detect default resource locations for test class [ca.mcgill.ecse321.MuseumBackend.repository.PersonRepositoryTests]: no resource found for suffixes {-context.xml, Context.groovy}.
2022-12-03 16:14:45.543  INFO 49970 --- [    Test worker] t.c.s.AnnotationConfigContextLoaderUtils : Could not detect default configuration classes for test class [ca.mcgill.ecse321.MuseumBackend.repository.PersonRepositoryTests]: PersonRepositoryTests does not declare any static, non-private, non-final, nested classes annotated with @Configuration.
2022-12-03 16:14:45.544  INFO 49970 --- [    Test worker] .b.t.c.SpringBootTestContextBootstrapper : Found @SpringBootConfiguration ca.mcgill.ecse321.MuseumBackend.MuseumBackendApplication for test class ca.mcgill.ecse321.MuseumBackend.repository.PersonRepositoryTests
2022-12-03 16:14:45.544  INFO 49970 --- [    Test worker] .b.t.c.SpringBootTestContextBootstrapper : Loaded default TestExecutionListener class names from location [META-INF/spring.factories]: [org.springframework.boot.test.autoconfigure.restdocs.RestDocsTestExecutionListener, org.springframework.boot.test.autoconfigure.web.client.MockRestServiceServerResetTestExecutionListener, org.springframework.boot.test.autoconfigure.web.servlet.MockMvcPrintOnlyOnFailureTestExecutionListener, org.springframework.boot.test.autoconfigure.web.servlet.WebDriverTestExecutionListener, org.springframework.boot.test.autoconfigure.webservices.client.MockWebServiceServerTestExecutionListener, org.springframework.boot.test.mock.mockito.MockitoTestExecutionListener, org.springframework.boot.test.mock.mockito.ResetMocksTestExecutionListener, org.springframework.test.context.web.ServletTestExecutionListener, org.springframework.test.context.support.DirtiesContextBeforeModesTestExecutionListener, org.springframework.test.context.event.ApplicationEventsTestExecutionListener, org.springframework.test.context.support.DependencyInjectionTestExecutionListener, org.springframework.test.context.support.DirtiesContextTestExecutionListener, org.springframework.test.context.transaction.TransactionalTestExecutionListener, org.springframework.test.context.jdbc.SqlScriptsTestExecutionListener, org.springframework.test.context.event.EventPublishingTestExecutionListener]
2022-12-03 16:14:45.544  INFO 49970 --- [    Test worker] .b.t.c.SpringBootTestContextBootstrapper : Using TestExecutionListeners: [org.springframework.test.context.web.ServletTestExecutionListener@669fd65c, org.springframework.test.context.support.DirtiesContextBeforeModesTestExecutionListener@1c9d4ac1, org.springframework.test.context.event.ApplicationEventsTestExecutionListener@195fe8b5, org.springframework.boot.test.mock.mockito.MockitoTestExecutionListener@1c553585, org.springframework.boot.test.autoconfigure.SpringBootDependencyInjectionTestExecutionListener@4e02d65, org.springframework.test.context.support.DirtiesContextTestExecutionListener@72ddb47a, org.springframework.test.context.transaction.TransactionalTestExecutionListener@1421e0d4, org.springframework.test.context.jdbc.SqlScriptsTestExecutionListener@216d16c8, org.springframework.test.context.event.EventPublishingTestExecutionListener@24639c85, org.springframework.boot.test.autoconfigure.restdocs.RestDocsTestExecutionListener@3b829217, org.springframework.boot.test.autoconfigure.web.client.MockRestServiceServerResetTestExecutionListener@203ef2f3, org.springframework.boot.test.autoconfigure.web.servlet.MockMvcPrintOnlyOnFailureTestExecutionListener@69ac6b6a, org.springframework.boot.test.autoconfigure.web.servlet.WebDriverTestExecutionListener@5193456e, org.springframework.boot.test.autoconfigure.webservices.client.MockWebServiceServerTestExecutionListener@7eae7761, org.springframework.boot.test.mock.mockito.ResetMocksTestExecutionListener@2950bb2d]
]]></system-out>
  <system-err><![CDATA[]]></system-err>
</testsuite>
