<?xml version="1.0" encoding="UTF-8"?>
<testsuite name="ca.mcgill.ecse321.MuseumBackend.repository.TicketRepositoryTests" tests="1" skipped="0" failures="0" errors="0" timestamp="2022-12-04T21:23:34" hostname="samuel-gp66leopard10ug" time="3.513">
  <properties/>
  <testcase name="testPersistAndLoadTicketPlusReferences()" classname="ca.mcgill.ecse321.MuseumBackend.repository.TicketRepositoryTests" time="3.513"/>
  <system-out><![CDATA[2022-12-04 16:23:34.264  INFO 180689 --- [    Test worker] .b.t.c.SpringBootTestContextBootstrapper : Neither @ContextConfiguration nor @ContextHierarchy found for test class [ca.mcgill.ecse321.MuseumBackend.repository.TicketRepositoryTests], using SpringBootContextLoader
2022-12-04 16:23:34.264  INFO 180689 --- [    Test worker] o.s.t.c.support.AbstractContextLoader    : Could not detect default resource locations for test class [ca.mcgill.ecse321.MuseumBackend.repository.TicketRepositoryTests]: no resource found for suffixes {-context.xml, Context.groovy}.
2022-12-04 16:23:34.264  INFO 180689 --- [    Test worker] t.c.s.AnnotationConfigContextLoaderUtils : Could not detect default configuration classes for test class [ca.mcgill.ecse321.MuseumBackend.repository.TicketRepositoryTests]: TicketRepositoryTests does not declare any static, non-private, non-final, nested classes annotated with @Configuration.
2022-12-04 16:23:34.265  INFO 180689 --- [    Test worker] .b.t.c.SpringBootTestContextBootstrapper : Found @SpringBootConfiguration ca.mcgill.ecse321.MuseumBackend.MuseumBackendApplication for test class ca.mcgill.ecse321.MuseumBackend.repository.TicketRepositoryTests
2022-12-04 16:23:34.265  INFO 180689 --- [    Test worker] .b.t.c.SpringBootTestContextBootstrapper : Loaded default TestExecutionListener class names from location [META-INF/spring.factories]: [org.springframework.boot.test.autoconfigure.restdocs.RestDocsTestExecutionListener, org.springframework.boot.test.autoconfigure.web.client.MockRestServiceServerResetTestExecutionListener, org.springframework.boot.test.autoconfigure.web.servlet.MockMvcPrintOnlyOnFailureTestExecutionListener, org.springframework.boot.test.autoconfigure.web.servlet.WebDriverTestExecutionListener, org.springframework.boot.test.autoconfigure.webservices.client.MockWebServiceServerTestExecutionListener, org.springframework.boot.test.mock.mockito.MockitoTestExecutionListener, org.springframework.boot.test.mock.mockito.ResetMocksTestExecutionListener, org.springframework.test.context.web.ServletTestExecutionListener, org.springframework.test.context.support.DirtiesContextBeforeModesTestExecutionListener, org.springframework.test.context.event.ApplicationEventsTestExecutionListener, org.springframework.test.context.support.DependencyInjectionTestExecutionListener, org.springframework.test.context.support.DirtiesContextTestExecutionListener, org.springframework.test.context.transaction.TransactionalTestExecutionListener, org.springframework.test.context.jdbc.SqlScriptsTestExecutionListener, org.springframework.test.context.event.EventPublishingTestExecutionListener]
2022-12-04 16:23:34.265  INFO 180689 --- [    Test worker] .b.t.c.SpringBootTestContextBootstrapper : Using TestExecutionListeners: [org.springframework.test.context.web.ServletTestExecutionListener@351e85fe, org.springframework.test.context.support.DirtiesContextBeforeModesTestExecutionListener@287857c3, org.springframework.test.context.event.ApplicationEventsTestExecutionListener@517cee55, org.springframework.boot.test.mock.mockito.MockitoTestExecutionListener@21ffc1c9, org.springframework.boot.test.autoconfigure.SpringBootDependencyInjectionTestExecutionListener@600f817d, org.springframework.test.context.support.DirtiesContextTestExecutionListener@a2314f0, org.springframework.test.context.transaction.TransactionalTestExecutionListener@3c9b5da7, org.springframework.test.context.jdbc.SqlScriptsTestExecutionListener@63b53274, org.springframework.test.context.event.EventPublishingTestExecutionListener@7f2d5316, org.springframework.boot.test.autoconfigure.restdocs.RestDocsTestExecutionListener@6dbb5c97, org.springframework.boot.test.autoconfigure.web.client.MockRestServiceServerResetTestExecutionListener@bab52e2, org.springframework.boot.test.autoconfigure.web.servlet.MockMvcPrintOnlyOnFailureTestExecutionListener@4147f771, org.springframework.boot.test.autoconfigure.web.servlet.WebDriverTestExecutionListener@5467a9ac, org.springframework.boot.test.autoconfigure.webservices.client.MockWebServiceServerTestExecutionListener@630f0853, org.springframework.boot.test.mock.mockito.ResetMocksTestExecutionListener@32e26a92]
]]></system-out>
  <system-err><![CDATA[]]></system-err>
</testsuite>
