<?xml version="1.0" encoding="UTF-8"?>
<testsuite name="ca.mcgill.ecse321.MuseumBackend.repository.DisplayRepositoryTests" tests="2" skipped="0" failures="0" errors="0" timestamp="2022-12-03T21:14:44" hostname="samuel-gp66leopard10ug" time="0.033">
  <properties/>
  <testcase name="testRoomToArtworkReference()" classname="ca.mcgill.ecse321.MuseumBackend.repository.DisplayRepositoryTests" time="0.024"/>
  <testcase name="testPersistAndLoadDisplay()" classname="ca.mcgill.ecse321.MuseumBackend.repository.DisplayRepositoryTests" time="0.008"/>
  <system-out><![CDATA[2022-12-03 16:14:44.712  INFO 49970 --- [    Test worker] .b.t.c.SpringBootTestContextBootstrapper : Neither @ContextConfiguration nor @ContextHierarchy found for test class [ca.mcgill.ecse321.MuseumBackend.repository.DisplayRepositoryTests], using SpringBootContextLoader
2022-12-03 16:14:44.713  INFO 49970 --- [    Test worker] o.s.t.c.support.AbstractContextLoader    : Could not detect default resource locations for test class [ca.mcgill.ecse321.MuseumBackend.repository.DisplayRepositoryTests]: no resource found for suffixes {-context.xml, Context.groovy}.
2022-12-03 16:14:44.713  INFO 49970 --- [    Test worker] t.c.s.AnnotationConfigContextLoaderUtils : Could not detect default configuration classes for test class [ca.mcgill.ecse321.MuseumBackend.repository.DisplayRepositoryTests]: DisplayRepositoryTests does not declare any static, non-private, non-final, nested classes annotated with @Configuration.
2022-12-03 16:14:44.713  INFO 49970 --- [    Test worker] .b.t.c.SpringBootTestContextBootstrapper : Found @SpringBootConfiguration ca.mcgill.ecse321.MuseumBackend.MuseumBackendApplication for test class ca.mcgill.ecse321.MuseumBackend.repository.DisplayRepositoryTests
2022-12-03 16:14:44.714  INFO 49970 --- [    Test worker] .b.t.c.SpringBootTestContextBootstrapper : Loaded default TestExecutionListener class names from location [META-INF/spring.factories]: [org.springframework.boot.test.autoconfigure.restdocs.RestDocsTestExecutionListener, org.springframework.boot.test.autoconfigure.web.client.MockRestServiceServerResetTestExecutionListener, org.springframework.boot.test.autoconfigure.web.servlet.MockMvcPrintOnlyOnFailureTestExecutionListener, org.springframework.boot.test.autoconfigure.web.servlet.WebDriverTestExecutionListener, org.springframework.boot.test.autoconfigure.webservices.client.MockWebServiceServerTestExecutionListener, org.springframework.boot.test.mock.mockito.MockitoTestExecutionListener, org.springframework.boot.test.mock.mockito.ResetMocksTestExecutionListener, org.springframework.test.context.web.ServletTestExecutionListener, org.springframework.test.context.support.DirtiesContextBeforeModesTestExecutionListener, org.springframework.test.context.event.ApplicationEventsTestExecutionListener, org.springframework.test.context.support.DependencyInjectionTestExecutionListener, org.springframework.test.context.support.DirtiesContextTestExecutionListener, org.springframework.test.context.transaction.TransactionalTestExecutionListener, org.springframework.test.context.jdbc.SqlScriptsTestExecutionListener, org.springframework.test.context.event.EventPublishingTestExecutionListener]
2022-12-03 16:14:44.714  INFO 49970 --- [    Test worker] .b.t.c.SpringBootTestContextBootstrapper : Using TestExecutionListeners: [org.springframework.test.context.web.ServletTestExecutionListener@32443b59, org.springframework.test.context.support.DirtiesContextBeforeModesTestExecutionListener@76111797, org.springframework.test.context.event.ApplicationEventsTestExecutionListener@304cc1dd, org.springframework.boot.test.mock.mockito.MockitoTestExecutionListener@2ee9814f, org.springframework.boot.test.autoconfigure.SpringBootDependencyInjectionTestExecutionListener@3d64f938, org.springframework.test.context.support.DirtiesContextTestExecutionListener@4337ecac, org.springframework.test.context.transaction.TransactionalTestExecutionListener@15a38f3e, org.springframework.test.context.jdbc.SqlScriptsTestExecutionListener@77a2873c, org.springframework.test.context.event.EventPublishingTestExecutionListener@6d951dc9, org.springframework.boot.test.autoconfigure.restdocs.RestDocsTestExecutionListener@113bde5b, org.springframework.boot.test.autoconfigure.web.client.MockRestServiceServerResetTestExecutionListener@1868793d, org.springframework.boot.test.autoconfigure.web.servlet.MockMvcPrintOnlyOnFailureTestExecutionListener@7b90966b, org.springframework.boot.test.autoconfigure.web.servlet.WebDriverTestExecutionListener@3eaea785, org.springframework.boot.test.autoconfigure.webservices.client.MockWebServiceServerTestExecutionListener@71a87f0d, org.springframework.boot.test.mock.mockito.ResetMocksTestExecutionListener@2ad24194]
]]></system-out>
  <system-err><![CDATA[]]></system-err>
</testsuite>
