<?xml version="1.0" encoding="UTF-8"?>
<testsuite name="ca.mcgill.ecse321.MuseumBackend.repository.LoanRepositoryTests" tests="2" skipped="0" failures="0" errors="0" timestamp="2022-12-03T21:14:45" hostname="samuel-gp66leopard10ug" time="0.04">
  <properties/>
  <testcase name="testPersistAndLoadLoan()" classname="ca.mcgill.ecse321.MuseumBackend.repository.LoanRepositoryTests" time="0.016"/>
  <testcase name="testLoanToArtworkReference()" classname="ca.mcgill.ecse321.MuseumBackend.repository.LoanRepositoryTests" time="0.023"/>
  <system-out><![CDATA[2022-12-03 16:14:45.178  INFO 49970 --- [    Test worker] .b.t.c.SpringBootTestContextBootstrapper : Neither @ContextConfiguration nor @ContextHierarchy found for test class [ca.mcgill.ecse321.MuseumBackend.repository.LoanRepositoryTests], using SpringBootContextLoader
2022-12-03 16:14:45.178  INFO 49970 --- [    Test worker] o.s.t.c.support.AbstractContextLoader    : Could not detect default resource locations for test class [ca.mcgill.ecse321.MuseumBackend.repository.LoanRepositoryTests]: no resource found for suffixes {-context.xml, Context.groovy}.
2022-12-03 16:14:45.178  INFO 49970 --- [    Test worker] t.c.s.AnnotationConfigContextLoaderUtils : Could not detect default configuration classes for test class [ca.mcgill.ecse321.MuseumBackend.repository.LoanRepositoryTests]: LoanRepositoryTests does not declare any static, non-private, non-final, nested classes annotated with @Configuration.
2022-12-03 16:14:45.178  INFO 49970 --- [    Test worker] .b.t.c.SpringBootTestContextBootstrapper : Found @SpringBootConfiguration ca.mcgill.ecse321.MuseumBackend.MuseumBackendApplication for test class ca.mcgill.ecse321.MuseumBackend.repository.LoanRepositoryTests
2022-12-03 16:14:45.179  INFO 49970 --- [    Test worker] .b.t.c.SpringBootTestContextBootstrapper : Loaded default TestExecutionListener class names from location [META-INF/spring.factories]: [org.springframework.boot.test.autoconfigure.restdocs.RestDocsTestExecutionListener, org.springframework.boot.test.autoconfigure.web.client.MockRestServiceServerResetTestExecutionListener, org.springframework.boot.test.autoconfigure.web.servlet.MockMvcPrintOnlyOnFailureTestExecutionListener, org.springframework.boot.test.autoconfigure.web.servlet.WebDriverTestExecutionListener, org.springframework.boot.test.autoconfigure.webservices.client.MockWebServiceServerTestExecutionListener, org.springframework.boot.test.mock.mockito.MockitoTestExecutionListener, org.springframework.boot.test.mock.mockito.ResetMocksTestExecutionListener, org.springframework.test.context.web.ServletTestExecutionListener, org.springframework.test.context.support.DirtiesContextBeforeModesTestExecutionListener, org.springframework.test.context.event.ApplicationEventsTestExecutionListener, org.springframework.test.context.support.DependencyInjectionTestExecutionListener, org.springframework.test.context.support.DirtiesContextTestExecutionListener, org.springframework.test.context.transaction.TransactionalTestExecutionListener, org.springframework.test.context.jdbc.SqlScriptsTestExecutionListener, org.springframework.test.context.event.EventPublishingTestExecutionListener]
2022-12-03 16:14:45.179  INFO 49970 --- [    Test worker] .b.t.c.SpringBootTestContextBootstrapper : Using TestExecutionListeners: [org.springframework.test.context.web.ServletTestExecutionListener@3710778a, org.springframework.test.context.support.DirtiesContextBeforeModesTestExecutionListener@2d7b092d, org.springframework.test.context.event.ApplicationEventsTestExecutionListener@cbcba73, org.springframework.boot.test.mock.mockito.MockitoTestExecutionListener@5d4088ed, org.springframework.boot.test.autoconfigure.SpringBootDependencyInjectionTestExecutionListener@695818e8, org.springframework.test.context.support.DirtiesContextTestExecutionListener@1c1f468f, org.springframework.test.context.transaction.TransactionalTestExecutionListener@7519085d, org.springframework.test.context.jdbc.SqlScriptsTestExecutionListener@2cc7e1f3, org.springframework.test.context.event.EventPublishingTestExecutionListener@5f133db, org.springframework.boot.test.autoconfigure.restdocs.RestDocsTestExecutionListener@633c26d4, org.springframework.boot.test.autoconfigure.web.client.MockRestServiceServerResetTestExecutionListener@5eda810e, org.springframework.boot.test.autoconfigure.web.servlet.MockMvcPrintOnlyOnFailureTestExecutionListener@4d813b5f, org.springframework.boot.test.autoconfigure.web.servlet.WebDriverTestExecutionListener@4162a6df, org.springframework.boot.test.autoconfigure.webservices.client.MockWebServiceServerTestExecutionListener@436a22a1, org.springframework.boot.test.mock.mockito.ResetMocksTestExecutionListener@49320933]
]]></system-out>
  <system-err><![CDATA[]]></system-err>
</testsuite>
