<?xml version="1.0" encoding="UTF-8"?>
<testsuite name="ca.mcgill.ecse321.MuseumBackend.integration.TicketIntegrationTests" tests="17" skipped="0" failures="0" errors="0" timestamp="2022-12-04T21:22:21" hostname="samuel-gp66leopard10ug" time="50.549">
  <properties/>
  <testcase name="testReplaceTicket2()" classname="ca.mcgill.ecse321.MuseumBackend.integration.TicketIntegrationTests" time="0.337"/>
  <testcase name="testReplaceInvalidTicket2()" classname="ca.mcgill.ecse321.MuseumBackend.integration.TicketIntegrationTests" time="0.012"/>
  <testcase name="cancelTicket()" classname="ca.mcgill.ecse321.MuseumBackend.integration.TicketIntegrationTests" time="5.903"/>
  <testcase name="purchaseInvalidTicket()" classname="ca.mcgill.ecse321.MuseumBackend.integration.TicketIntegrationTests" time="3.621"/>
  <testcase name="testReplaceTicket()" classname="ca.mcgill.ecse321.MuseumBackend.integration.TicketIntegrationTests" time="0.02"/>
  <testcase name="testCreateInvalidTicket()" classname="ca.mcgill.ecse321.MuseumBackend.integration.TicketIntegrationTests" time="0.009"/>
  <testcase name="testGetInvalidTicketById()" classname="ca.mcgill.ecse321.MuseumBackend.integration.TicketIntegrationTests" time="0.009"/>
  <testcase name="purchaseInvalidTicket2()" classname="ca.mcgill.ecse321.MuseumBackend.integration.TicketIntegrationTests" time="4.253"/>
  <testcase name="purchaseAndBrowseTickets()" classname="ca.mcgill.ecse321.MuseumBackend.integration.TicketIntegrationTests" time="17.635"/>
  <testcase name="purchaseTicketMissingCustomer()" classname="ca.mcgill.ecse321.MuseumBackend.integration.TicketIntegrationTests" time="0.012"/>
  <testcase name="testCreateInvalidTicket2()" classname="ca.mcgill.ecse321.MuseumBackend.integration.TicketIntegrationTests" time="0.008"/>
  <testcase name="testCreateAndGetTicket()" classname="ca.mcgill.ecse321.MuseumBackend.integration.TicketIntegrationTests" time="0.014"/>
  <testcase name="testDeleteTicket()" classname="ca.mcgill.ecse321.MuseumBackend.integration.TicketIntegrationTests" time="0.017"/>
  <testcase name="testReplaceInvalidTicket()" classname="ca.mcgill.ecse321.MuseumBackend.integration.TicketIntegrationTests" time="0.007"/>
  <testcase name="testGetAllTickets()" classname="ca.mcgill.ecse321.MuseumBackend.integration.TicketIntegrationTests" time="0.019"/>
  <testcase name="cancelTicketWrongCustomer()" classname="ca.mcgill.ecse321.MuseumBackend.integration.TicketIntegrationTests" time="11.435"/>
  <testcase name="cancelTicketTooLate()" classname="ca.mcgill.ecse321.MuseumBackend.integration.TicketIntegrationTests" time="7.23"/>
  <system-out><![CDATA[2022-12-04 16:22:21.025  INFO 180689 --- [    Test worker] .b.t.c.SpringBootTestContextBootstrapper : Neither @ContextConfiguration nor @ContextHierarchy found for test class [ca.mcgill.ecse321.MuseumBackend.integration.TicketIntegrationTests], using SpringBootContextLoader
2022-12-04 16:22:21.025  INFO 180689 --- [    Test worker] o.s.t.c.support.AbstractContextLoader    : Could not detect default resource locations for test class [ca.mcgill.ecse321.MuseumBackend.integration.TicketIntegrationTests]: no resource found for suffixes {-context.xml, Context.groovy}.
2022-12-04 16:22:21.025  INFO 180689 --- [    Test worker] t.c.s.AnnotationConfigContextLoaderUtils : Could not detect default configuration classes for test class [ca.mcgill.ecse321.MuseumBackend.integration.TicketIntegrationTests]: TicketIntegrationTests does not declare any static, non-private, non-final, nested classes annotated with @Configuration.
2022-12-04 16:22:21.026  INFO 180689 --- [    Test worker] .b.t.c.SpringBootTestContextBootstrapper : Found @SpringBootConfiguration ca.mcgill.ecse321.MuseumBackend.MuseumBackendApplication for test class ca.mcgill.ecse321.MuseumBackend.integration.TicketIntegrationTests
2022-12-04 16:22:21.027  INFO 180689 --- [    Test worker] .b.t.c.SpringBootTestContextBootstrapper : Loaded default TestExecutionListener class names from location [META-INF/spring.factories]: [org.springframework.boot.test.autoconfigure.restdocs.RestDocsTestExecutionListener, org.springframework.boot.test.autoconfigure.web.client.MockRestServiceServerResetTestExecutionListener, org.springframework.boot.test.autoconfigure.web.servlet.MockMvcPrintOnlyOnFailureTestExecutionListener, org.springframework.boot.test.autoconfigure.web.servlet.WebDriverTestExecutionListener, org.springframework.boot.test.autoconfigure.webservices.client.MockWebServiceServerTestExecutionListener, org.springframework.boot.test.mock.mockito.MockitoTestExecutionListener, org.springframework.boot.test.mock.mockito.ResetMocksTestExecutionListener, org.springframework.test.context.web.ServletTestExecutionListener, org.springframework.test.context.support.DirtiesContextBeforeModesTestExecutionListener, org.springframework.test.context.event.ApplicationEventsTestExecutionListener, org.springframework.test.context.support.DependencyInjectionTestExecutionListener, org.springframework.test.context.support.DirtiesContextTestExecutionListener, org.springframework.test.context.transaction.TransactionalTestExecutionListener, org.springframework.test.context.jdbc.SqlScriptsTestExecutionListener, org.springframework.test.context.event.EventPublishingTestExecutionListener]
2022-12-04 16:22:21.027  INFO 180689 --- [    Test worker] .b.t.c.SpringBootTestContextBootstrapper : Using TestExecutionListeners: [org.springframework.test.context.web.ServletTestExecutionListener@702b0e5f, org.springframework.test.context.support.DirtiesContextBeforeModesTestExecutionListener@1562ea4d, org.springframework.test.context.event.ApplicationEventsTestExecutionListener@1fa9c71a, org.springframework.boot.test.mock.mockito.MockitoTestExecutionListener@62684421, org.springframework.boot.test.autoconfigure.SpringBootDependencyInjectionTestExecutionListener@4a99e7c5, org.springframework.test.context.support.DirtiesContextTestExecutionListener@48ab4c59, org.springframework.test.context.transaction.TransactionalTestExecutionListener@19ebd341, org.springframework.test.context.jdbc.SqlScriptsTestExecutionListener@3982d511, org.springframework.test.context.event.EventPublishingTestExecutionListener@3c20ba2b, org.springframework.boot.test.autoconfigure.restdocs.RestDocsTestExecutionListener@2e7bf072, org.springframework.boot.test.autoconfigure.web.client.MockRestServiceServerResetTestExecutionListener@694d4f27, org.springframework.boot.test.autoconfigure.web.servlet.MockMvcPrintOnlyOnFailureTestExecutionListener@46482542, org.springframework.boot.test.autoconfigure.web.servlet.WebDriverTestExecutionListener@7f802e42, org.springframework.boot.test.autoconfigure.webservices.client.MockWebServiceServerTestExecutionListener@e09a9a0, org.springframework.boot.test.mock.mockito.ResetMocksTestExecutionListener@dbefb31]
]]></system-out>
  <system-err><![CDATA[]]></system-err>
</testsuite>
