<?xml version="1.0" encoding="UTF-8"?>
<testsuite name="ca.mcgill.ecse321.MuseumBackend.service.TestCustomerService" tests="8" skipped="0" failures="0" errors="0" timestamp="2022-12-06T03:08:28" hostname="MacBook-Air-de-Qi.local" time="0.034">
  <properties/>
  <testcase name="testInvalidCreateCustomerForMissingPerson()" classname="ca.mcgill.ecse321.MuseumBackend.service.TestCustomerService" time="0.004"/>
  <testcase name="testGetCustomerById()" classname="ca.mcgill.ecse321.MuseumBackend.service.TestCustomerService" time="0.003"/>
  <testcase name="testGetCustomerByInvalidId()" classname="ca.mcgill.ecse321.MuseumBackend.service.TestCustomerService" time="0.004"/>
  <testcase name="testGetAllCustomers()" classname="ca.mcgill.ecse321.MuseumBackend.service.TestCustomerService" time="0.003"/>
  <testcase name="testInvalidCreateExistingCustomer()" classname="ca.mcgill.ecse321.MuseumBackend.service.TestCustomerService" time="0.003"/>
  <testcase name="testCreateCustomer()" classname="ca.mcgill.ecse321.MuseumBackend.service.TestCustomerService" time="0.004"/>
  <testcase name="testInvalidDeleteCustomer()" classname="ca.mcgill.ecse321.MuseumBackend.service.TestCustomerService" time="0.003"/>
  <testcase name="testDeleteCustomer()" classname="ca.mcgill.ecse321.MuseumBackend.service.TestCustomerService" time="0.003"/>
  <system-out><![CDATA[]]></system-out>
  <system-err><![CDATA[]]></system-err>
</testsuite>
