<?xml version="1.0" encoding="UTF-8"?>
<testsuite name="ca.mcgill.ecse321.MuseumBackend.integration.LoanIntegrationTest" tests="5" skipped="0" failures="0" errors="0" timestamp="2022-12-03T18:45:28" hostname="MacBook-Air-de-Qi.local" time="2.291">
  <properties/>
  <testcase name="testCreateandDeleteLoan()" classname="ca.mcgill.ecse321.MuseumBackend.integration.LoanIntegrationTest" time="0.631"/>
  <testcase name="testCreateandDenyLoan()" classname="ca.mcgill.ecse321.MuseumBackend.integration.LoanIntegrationTest" time="0.746"/>
  <testcase name="testCreateAndApproveLoan()" classname="ca.mcgill.ecse321.MuseumBackend.integration.LoanIntegrationTest" time="0.446"/>
  <testcase name="testGetAndCreateLoan()" classname="ca.mcgill.ecse321.MuseumBackend.integration.LoanIntegrationTest" time="0.21"/>
  <testcase name="testCreateAndreturnArtworkandEndLoan()" classname="ca.mcgill.ecse321.MuseumBackend.integration.LoanIntegrationTest" time="0.252"/>
  <system-out><![CDATA[2022-12-03 13:45:28.052  INFO 23514 --- [    Test worker] .b.t.c.SpringBootTestContextBootstrapper : Neither @ContextConfiguration nor @ContextHierarchy found for test class [ca.mcgill.ecse321.MuseumBackend.integration.LoanIntegrationTest], using SpringBootContextLoader
2022-12-03 13:45:28.053  INFO 23514 --- [    Test worker] o.s.t.c.support.AbstractContextLoader    : Could not detect default resource locations for test class [ca.mcgill.ecse321.MuseumBackend.integration.LoanIntegrationTest]: no resource found for suffixes {-context.xml, Context.groovy}.
2022-12-03 13:45:28.054  INFO 23514 --- [    Test worker] t.c.s.AnnotationConfigContextLoaderUtils : Could not detect default configuration classes for test class [ca.mcgill.ecse321.MuseumBackend.integration.LoanIntegrationTest]: LoanIntegrationTest does not declare any static, non-private, non-final, nested classes annotated with @Configuration.
2022-12-03 13:45:28.056  INFO 23514 --- [    Test worker] .b.t.c.SpringBootTestContextBootstrapper : Found @SpringBootConfiguration ca.mcgill.ecse321.MuseumBackend.MuseumBackendApplication for test class ca.mcgill.ecse321.MuseumBackend.integration.LoanIntegrationTest
2022-12-03 13:45:28.057  INFO 23514 --- [    Test worker] .b.t.c.SpringBootTestContextBootstrapper : Loaded default TestExecutionListener class names from location [META-INF/spring.factories]: [org.springframework.boot.test.autoconfigure.restdocs.RestDocsTestExecutionListener, org.springframework.boot.test.autoconfigure.web.client.MockRestServiceServerResetTestExecutionListener, org.springframework.boot.test.autoconfigure.web.servlet.MockMvcPrintOnlyOnFailureTestExecutionListener, org.springframework.boot.test.autoconfigure.web.servlet.WebDriverTestExecutionListener, org.springframework.boot.test.autoconfigure.webservices.client.MockWebServiceServerTestExecutionListener, org.springframework.boot.test.mock.mockito.MockitoTestExecutionListener, org.springframework.boot.test.mock.mockito.ResetMocksTestExecutionListener, org.springframework.test.context.web.ServletTestExecutionListener, org.springframework.test.context.support.DirtiesContextBeforeModesTestExecutionListener, org.springframework.test.context.event.ApplicationEventsTestExecutionListener, org.springframework.test.context.support.DependencyInjectionTestExecutionListener, org.springframework.test.context.support.DirtiesContextTestExecutionListener, org.springframework.test.context.transaction.TransactionalTestExecutionListener, org.springframework.test.context.jdbc.SqlScriptsTestExecutionListener, org.springframework.test.context.event.EventPublishingTestExecutionListener]
2022-12-03 13:45:28.058  INFO 23514 --- [    Test worker] .b.t.c.SpringBootTestContextBootstrapper : Using TestExecutionListeners: [org.springframework.test.context.web.ServletTestExecutionListener@7326bbec, org.springframework.test.context.support.DirtiesContextBeforeModesTestExecutionListener@3556ba6d, org.springframework.test.context.event.ApplicationEventsTestExecutionListener@2c10d5a, org.springframework.boot.test.mock.mockito.MockitoTestExecutionListener@5211c50c, org.springframework.boot.test.autoconfigure.SpringBootDependencyInjectionTestExecutionListener@142eed79, org.springframework.test.context.support.DirtiesContextTestExecutionListener@14aba843, org.springframework.test.context.transaction.TransactionalTestExecutionListener@1e8acc51, org.springframework.test.context.jdbc.SqlScriptsTestExecutionListener@426f5329, org.springframework.test.context.event.EventPublishingTestExecutionListener@21c92b38, org.springframework.boot.test.autoconfigure.restdocs.RestDocsTestExecutionListener@68e976f2, org.springframework.boot.test.autoconfigure.web.client.MockRestServiceServerResetTestExecutionListener@2049c7fa, org.springframework.boot.test.autoconfigure.web.servlet.MockMvcPrintOnlyOnFailureTestExecutionListener@18073ec1, org.springframework.boot.test.autoconfigure.web.servlet.WebDriverTestExecutionListener@70ff4612, org.springframework.boot.test.autoconfigure.webservices.client.MockWebServiceServerTestExecutionListener@5302f019, org.springframework.boot.test.mock.mockito.ResetMocksTestExecutionListener@3d9a8b94]
ca.mcgill.ecse321.MuseumBackend.model.Loan@94fdea7[rentalFee:2.5,numOfDays:3,loanId:45]
  startDate=2015-03-31
  endDate=2015-04-29
  status=Requested
  museum = 51b8418
  customer = 652b0361
  artwork = 7256d613HEY GUYS ITS ME AGAI
reach here
ca.mcgill.ecse321.MuseumBackend.model.Loan@94fdea7[rentalFee:2.5,numOfDays:3,loanId:45]
  startDate=2015-03-31
  endDate=2015-04-29
  status=Requested
  museum = null
  customer = null
  artwork = nullTHIS IS LNE IN CONTROLLER
Requested
Alex is a stupid bitch
we got here yay
ca.mcgill.ecse321.MuseumBackend.model.Loan@709184e3[rentalFee:2.5,numOfDays:3,loanId:49]
  startDate=2015-03-31
  endDate=2015-04-29
  status=Denied
  museum = 65f7afa4
  customer = 3e3e4f45
  artwork = 193d86fcHEY GUYS ITS ME AGAI
reach here
ca.mcgill.ecse321.MuseumBackend.model.Loan@709184e3[rentalFee:2.5,numOfDays:3,loanId:49]
  startDate=2015-03-31
  endDate=2015-04-29
  status=Denied
  museum = null
  customer = null
  artwork = nullTHIS IS LNE IN CONTROLLER
ca.mcgill.ecse321.MuseumBackend.model.Artwork@7e656d24[isLoanable:true,value:0.0,artworkId:51,artworkName:null]
  museum = f0aaa8e
  room = nullTHIS IS WRONG
ca.mcgill.ecse321.MuseumBackend.model.Loan@42b5a89a[rentalFee:2.5,numOfDays:3,loanId:53]
  startDate=2015-03-31
  endDate=2015-04-29
  status=Approved
  museum = 7dceead
  customer = 55b713f3
  artwork = 68c26a57HEY GUYS ITS ME AGAI
reach here
ca.mcgill.ecse321.MuseumBackend.model.Loan@42b5a89a[rentalFee:2.5,numOfDays:3,loanId:53]
  startDate=2015-03-31
  endDate=2015-04-29
  status=Approved
  museum = null
  customer = null
  artwork = nullTHIS IS LNE IN CONTROLLER
ca.mcgill.ecse321.MuseumBackend.model.Loan@3b493d94[rentalFee:2.5,numOfDays:3,loanId:57]
  startDate=2015-03-31
  endDate=2015-04-29
  status=Requested
  museum = bf08caf
  customer = 222cfff5
  artwork = 7927ab82HEY GUYS ITS ME AGAI
reach here
ca.mcgill.ecse321.MuseumBackend.model.Loan@3b493d94[rentalFee:2.5,numOfDays:3,loanId:57]
  startDate=2015-03-31
  endDate=2015-04-29
  status=Requested
  museum = null
  customer = null
  artwork = nullTHIS IS LNE IN CONTROLLER
61WHAT
ca.mcgill.ecse321.MuseumBackend.model.Loan@5b0ec364[rentalFee:2.5,numOfDays:3,loanId:61]
  startDate=2015-03-31
  endDate=2015-04-29
  status=Returned
  museum = 7f52a7c2
  customer = 7669963f
  artwork = 526a5b08HEY GUYS ITS ME AGAI
reach here
ca.mcgill.ecse321.MuseumBackend.model.Loan@5b0ec364[rentalFee:2.5,numOfDays:3,loanId:61]
  startDate=2015-03-31
  endDate=2015-04-29
  status=Returned
  museum = null
  customer = null
  artwork = nullTHIS IS LNE IN CONTROLLER
]]></system-out>
  <system-err><![CDATA[]]></system-err>
</testsuite>
