<?xml version="1.0" encoding="UTF-8"?>
<testsuite name="ca.mcgill.ecse321.MuseumBackend.integration.TestCustomerIntegration" tests="7" skipped="0" failures="0" errors="0" timestamp="2022-12-04T21:22:09" hostname="samuel-gp66leopard10ug" time="1.969">
  <properties/>
  <testcase name="testGetTicketsForCustomer()" classname="ca.mcgill.ecse321.MuseumBackend.integration.TestCustomerIntegration" time="0.447"/>
  <testcase name="testGetLoansForCustomer()" classname="ca.mcgill.ecse321.MuseumBackend.integration.TestCustomerIntegration" time="0.421"/>
  <testcase name="testCreateInvalidCustomer()" classname="ca.mcgill.ecse321.MuseumBackend.integration.TestCustomerIntegration" time="0.011"/>
  <testcase name="testGetAllCustomers()" classname="ca.mcgill.ecse321.MuseumBackend.integration.TestCustomerIntegration" time="0.442"/>
  <testcase name="testGetInvalidCustomer()" classname="ca.mcgill.ecse321.MuseumBackend.integration.TestCustomerIntegration" time="0.009"/>
  <testcase name="testDeleteCustomer()" classname="ca.mcgill.ecse321.MuseumBackend.integration.TestCustomerIntegration" time="0.413"/>
  <testcase name="testCreateAndGetCustomer()" classname="ca.mcgill.ecse321.MuseumBackend.integration.TestCustomerIntegration" time="0.222"/>
  <system-out><![CDATA[2022-12-04 16:22:09.573  INFO 180689 --- [    Test worker] .b.t.c.SpringBootTestContextBootstrapper : Neither @ContextConfiguration nor @ContextHierarchy found for test class [ca.mcgill.ecse321.MuseumBackend.integration.TestCustomerIntegration], using SpringBootContextLoader
2022-12-04 16:22:09.573  INFO 180689 --- [    Test worker] o.s.t.c.support.AbstractContextLoader    : Could not detect default resource locations for test class [ca.mcgill.ecse321.MuseumBackend.integration.TestCustomerIntegration]: no resource found for suffixes {-context.xml, Context.groovy}.
2022-12-04 16:22:09.573  INFO 180689 --- [    Test worker] t.c.s.AnnotationConfigContextLoaderUtils : Could not detect default configuration classes for test class [ca.mcgill.ecse321.MuseumBackend.integration.TestCustomerIntegration]: TestCustomerIntegration does not declare any static, non-private, non-final, nested classes annotated with @Configuration.
2022-12-04 16:22:09.574  INFO 180689 --- [    Test worker] .b.t.c.SpringBootTestContextBootstrapper : Found @SpringBootConfiguration ca.mcgill.ecse321.MuseumBackend.MuseumBackendApplication for test class ca.mcgill.ecse321.MuseumBackend.integration.TestCustomerIntegration
2022-12-04 16:22:09.574  INFO 180689 --- [    Test worker] .b.t.c.SpringBootTestContextBootstrapper : Loaded default TestExecutionListener class names from location [META-INF/spring.factories]: [org.springframework.boot.test.autoconfigure.restdocs.RestDocsTestExecutionListener, org.springframework.boot.test.autoconfigure.web.client.MockRestServiceServerResetTestExecutionListener, org.springframework.boot.test.autoconfigure.web.servlet.MockMvcPrintOnlyOnFailureTestExecutionListener, org.springframework.boot.test.autoconfigure.web.servlet.WebDriverTestExecutionListener, org.springframework.boot.test.autoconfigure.webservices.client.MockWebServiceServerTestExecutionListener, org.springframework.boot.test.mock.mockito.MockitoTestExecutionListener, org.springframework.boot.test.mock.mockito.ResetMocksTestExecutionListener, org.springframework.test.context.web.ServletTestExecutionListener, org.springframework.test.context.support.DirtiesContextBeforeModesTestExecutionListener, org.springframework.test.context.event.ApplicationEventsTestExecutionListener, org.springframework.test.context.support.DependencyInjectionTestExecutionListener, org.springframework.test.context.support.DirtiesContextTestExecutionListener, org.springframework.test.context.transaction.TransactionalTestExecutionListener, org.springframework.test.context.jdbc.SqlScriptsTestExecutionListener, org.springframework.test.context.event.EventPublishingTestExecutionListener]
2022-12-04 16:22:09.575  INFO 180689 --- [    Test worker] .b.t.c.SpringBootTestContextBootstrapper : Using TestExecutionListeners: [org.springframework.test.context.web.ServletTestExecutionListener@55064b55, org.springframework.test.context.support.DirtiesContextBeforeModesTestExecutionListener@d769d91, org.springframework.test.context.event.ApplicationEventsTestExecutionListener@2ca7bd1b, org.springframework.boot.test.mock.mockito.MockitoTestExecutionListener@5fed3cc3, org.springframework.boot.test.autoconfigure.SpringBootDependencyInjectionTestExecutionListener@38d69888, org.springframework.test.context.support.DirtiesContextTestExecutionListener@1750016, org.springframework.test.context.transaction.TransactionalTestExecutionListener@102b3a46, org.springframework.test.context.jdbc.SqlScriptsTestExecutionListener@269607a4, org.springframework.test.context.event.EventPublishingTestExecutionListener@2a88c926, org.springframework.boot.test.autoconfigure.restdocs.RestDocsTestExecutionListener@3d409d1, org.springframework.boot.test.autoconfigure.web.client.MockRestServiceServerResetTestExecutionListener@4ae4fae7, org.springframework.boot.test.autoconfigure.web.servlet.MockMvcPrintOnlyOnFailureTestExecutionListener@5cd96f38, org.springframework.boot.test.autoconfigure.web.servlet.WebDriverTestExecutionListener@30745c7c, org.springframework.boot.test.autoconfigure.webservices.client.MockWebServiceServerTestExecutionListener@134d4122, org.springframework.boot.test.mock.mockito.ResetMocksTestExecutionListener@7e93a26e]
]]></system-out>
  <system-err><![CDATA[]]></system-err>
</testsuite>
