<?xml version="1.0" encoding="UTF-8"?>
<testsuite name="ca.mcgill.ecse321.MuseumBackend.repository.AdminRepositoryTests" tests="2" skipped="0" failures="0" errors="0" timestamp="2022-12-04T21:23:11" hostname="samuel-gp66leopard10ug" time="3.243">
  <properties/>
  <testcase name="testPersistAndLoadAdmin()" classname="ca.mcgill.ecse321.MuseumBackend.repository.AdminRepositoryTests" time="0.013"/>
  <testcase name="testAdminToPersonReference()" classname="ca.mcgill.ecse321.MuseumBackend.repository.AdminRepositoryTests" time="3.23"/>
  <system-out><![CDATA[2022-12-04 16:23:11.578  INFO 180689 --- [    Test worker] .b.t.c.SpringBootTestContextBootstrapper : Neither @ContextConfiguration nor @ContextHierarchy found for test class [ca.mcgill.ecse321.MuseumBackend.repository.AdminRepositoryTests], using SpringBootContextLoader
2022-12-04 16:23:11.579  INFO 180689 --- [    Test worker] o.s.t.c.support.AbstractContextLoader    : Could not detect default resource locations for test class [ca.mcgill.ecse321.MuseumBackend.repository.AdminRepositoryTests]: no resource found for suffixes {-context.xml, Context.groovy}.
2022-12-04 16:23:11.579  INFO 180689 --- [    Test worker] t.c.s.AnnotationConfigContextLoaderUtils : Could not detect default configuration classes for test class [ca.mcgill.ecse321.MuseumBackend.repository.AdminRepositoryTests]: AdminRepositoryTests does not declare any static, non-private, non-final, nested classes annotated with @Configuration.
2022-12-04 16:23:11.583  INFO 180689 --- [    Test worker] .b.t.c.SpringBootTestContextBootstrapper : Found @SpringBootConfiguration ca.mcgill.ecse321.MuseumBackend.MuseumBackendApplication for test class ca.mcgill.ecse321.MuseumBackend.repository.AdminRepositoryTests
2022-12-04 16:23:11.584  INFO 180689 --- [    Test worker] .b.t.c.SpringBootTestContextBootstrapper : Loaded default TestExecutionListener class names from location [META-INF/spring.factories]: [org.springframework.boot.test.autoconfigure.restdocs.RestDocsTestExecutionListener, org.springframework.boot.test.autoconfigure.web.client.MockRestServiceServerResetTestExecutionListener, org.springframework.boot.test.autoconfigure.web.servlet.MockMvcPrintOnlyOnFailureTestExecutionListener, org.springframework.boot.test.autoconfigure.web.servlet.WebDriverTestExecutionListener, org.springframework.boot.test.autoconfigure.webservices.client.MockWebServiceServerTestExecutionListener, org.springframework.boot.test.mock.mockito.MockitoTestExecutionListener, org.springframework.boot.test.mock.mockito.ResetMocksTestExecutionListener, org.springframework.test.context.web.ServletTestExecutionListener, org.springframework.test.context.support.DirtiesContextBeforeModesTestExecutionListener, org.springframework.test.context.event.ApplicationEventsTestExecutionListener, org.springframework.test.context.support.DependencyInjectionTestExecutionListener, org.springframework.test.context.support.DirtiesContextTestExecutionListener, org.springframework.test.context.transaction.TransactionalTestExecutionListener, org.springframework.test.context.jdbc.SqlScriptsTestExecutionListener, org.springframework.test.context.event.EventPublishingTestExecutionListener]
2022-12-04 16:23:11.584  INFO 180689 --- [    Test worker] .b.t.c.SpringBootTestContextBootstrapper : Using TestExecutionListeners: [org.springframework.test.context.web.ServletTestExecutionListener@1fbde260, org.springframework.test.context.support.DirtiesContextBeforeModesTestExecutionListener@3cb7e27c, org.springframework.test.context.event.ApplicationEventsTestExecutionListener@130b3ad7, org.springframework.boot.test.mock.mockito.MockitoTestExecutionListener@47cabbed, org.springframework.boot.test.autoconfigure.SpringBootDependencyInjectionTestExecutionListener@3794ff96, org.springframework.test.context.support.DirtiesContextTestExecutionListener@34b34f1a, org.springframework.test.context.transaction.TransactionalTestExecutionListener@7e2416d9, org.springframework.test.context.jdbc.SqlScriptsTestExecutionListener@6c23df23, org.springframework.test.context.event.EventPublishingTestExecutionListener@7c5bf57e, org.springframework.boot.test.autoconfigure.restdocs.RestDocsTestExecutionListener@523eae70, org.springframework.boot.test.autoconfigure.web.client.MockRestServiceServerResetTestExecutionListener@cf2f830, org.springframework.boot.test.autoconfigure.web.servlet.MockMvcPrintOnlyOnFailureTestExecutionListener@7e5af44a, org.springframework.boot.test.autoconfigure.web.servlet.WebDriverTestExecutionListener@5d091efa, org.springframework.boot.test.autoconfigure.webservices.client.MockWebServiceServerTestExecutionListener@7a637605, org.springframework.boot.test.mock.mockito.ResetMocksTestExecutionListener@614b3201]
]]></system-out>
  <system-err><![CDATA[]]></system-err>
</testsuite>
