<?xml version="1.0" encoding="UTF-8"?>
<testsuite name="ca.mcgill.ecse321.MuseumBackend.integration.ArtworkIntegrationTest" tests="11" skipped="0" failures="0" errors="0" timestamp="2022-12-06T03:08:12" hostname="MacBook-Air-de-Qi.local" time="4.383">
  <properties/>
  <testcase name="testUpdateArtworkWithInvalidRequest2()" classname="ca.mcgill.ecse321.MuseumBackend.integration.ArtworkIntegrationTest" time="1.579"/>
  <testcase name="testMoveArtwork()" classname="ca.mcgill.ecse321.MuseumBackend.integration.ArtworkIntegrationTest" time="0.459"/>
  <testcase name="testGetAllArtworksOnDisplay()" classname="ca.mcgill.ecse321.MuseumBackend.integration.ArtworkIntegrationTest" time="0.536"/>
  <testcase name="testUpdateArtwork()" classname="ca.mcgill.ecse321.MuseumBackend.integration.ArtworkIntegrationTest" time="0.261"/>
  <testcase name="testGetAllArtworksOnStorage()" classname="ca.mcgill.ecse321.MuseumBackend.integration.ArtworkIntegrationTest" time="0.341"/>
  <testcase name="testGetAndCreateArtwork()" classname="ca.mcgill.ecse321.MuseumBackend.integration.ArtworkIntegrationTest" time="0.164"/>
  <testcase name="testDeleteArtwork()" classname="ca.mcgill.ecse321.MuseumBackend.integration.ArtworkIntegrationTest" time="0.2"/>
  <testcase name="testGetNonExistingArtwork()" classname="ca.mcgill.ecse321.MuseumBackend.integration.ArtworkIntegrationTest" time="0.05"/>
  <testcase name="testGetAllArtworks()" classname="ca.mcgill.ecse321.MuseumBackend.integration.ArtworkIntegrationTest" time="0.289"/>
  <testcase name="testUpdateArtworkWithInvalidRequest()" classname="ca.mcgill.ecse321.MuseumBackend.integration.ArtworkIntegrationTest" time="0.184"/>
  <testcase name="testGetAllArtworksByRoomId()" classname="ca.mcgill.ecse321.MuseumBackend.integration.ArtworkIntegrationTest" time="0.304"/>
  <system-out><![CDATA[2022-12-05 22:08:08.161  INFO 39074 --- [    Test worker] .b.t.c.SpringBootTestContextBootstrapper : Neither @ContextConfiguration nor @ContextHierarchy found for test class [ca.mcgill.ecse321.MuseumBackend.integration.ArtworkIntegrationTest], using SpringBootContextLoader
2022-12-05 22:08:08.163  INFO 39074 --- [    Test worker] o.s.t.c.support.AbstractContextLoader    : Could not detect default resource locations for test class [ca.mcgill.ecse321.MuseumBackend.integration.ArtworkIntegrationTest]: no resource found for suffixes {-context.xml, Context.groovy}.
2022-12-05 22:08:08.164  INFO 39074 --- [    Test worker] t.c.s.AnnotationConfigContextLoaderUtils : Could not detect default configuration classes for test class [ca.mcgill.ecse321.MuseumBackend.integration.ArtworkIntegrationTest]: ArtworkIntegrationTest does not declare any static, non-private, non-final, nested classes annotated with @Configuration.
2022-12-05 22:08:08.191  INFO 39074 --- [    Test worker] .b.t.c.SpringBootTestContextBootstrapper : Found @SpringBootConfiguration ca.mcgill.ecse321.MuseumBackend.MuseumBackendApplication for test class ca.mcgill.ecse321.MuseumBackend.integration.ArtworkIntegrationTest
2022-12-05 22:08:08.194  INFO 39074 --- [    Test worker] .b.t.c.SpringBootTestContextBootstrapper : Loaded default TestExecutionListener class names from location [META-INF/spring.factories]: [org.springframework.boot.test.autoconfigure.restdocs.RestDocsTestExecutionListener, org.springframework.boot.test.autoconfigure.web.client.MockRestServiceServerResetTestExecutionListener, org.springframework.boot.test.autoconfigure.web.servlet.MockMvcPrintOnlyOnFailureTestExecutionListener, org.springframework.boot.test.autoconfigure.web.servlet.WebDriverTestExecutionListener, org.springframework.boot.test.autoconfigure.webservices.client.MockWebServiceServerTestExecutionListener, org.springframework.boot.test.mock.mockito.MockitoTestExecutionListener, org.springframework.boot.test.mock.mockito.ResetMocksTestExecutionListener, org.springframework.test.context.web.ServletTestExecutionListener, org.springframework.test.context.support.DirtiesContextBeforeModesTestExecutionListener, org.springframework.test.context.event.ApplicationEventsTestExecutionListener, org.springframework.test.context.support.DependencyInjectionTestExecutionListener, org.springframework.test.context.support.DirtiesContextTestExecutionListener, org.springframework.test.context.transaction.TransactionalTestExecutionListener, org.springframework.test.context.jdbc.SqlScriptsTestExecutionListener, org.springframework.test.context.event.EventPublishingTestExecutionListener]
2022-12-05 22:08:08.195  INFO 39074 --- [    Test worker] .b.t.c.SpringBootTestContextBootstrapper : Using TestExecutionListeners: [org.springframework.test.context.web.ServletTestExecutionListener@d03ed5d, org.springframework.test.context.support.DirtiesContextBeforeModesTestExecutionListener@3d452ced, org.springframework.test.context.event.ApplicationEventsTestExecutionListener@2948e554, org.springframework.boot.test.mock.mockito.MockitoTestExecutionListener@471c2da5, org.springframework.boot.test.autoconfigure.SpringBootDependencyInjectionTestExecutionListener@5567591e, org.springframework.test.context.support.DirtiesContextTestExecutionListener@4151251b, org.springframework.test.context.transaction.TransactionalTestExecutionListener@2f5d1a20, org.springframework.test.context.jdbc.SqlScriptsTestExecutionListener@90a7b6b, org.springframework.test.context.event.EventPublishingTestExecutionListener@664a6cfd, org.springframework.boot.test.autoconfigure.restdocs.RestDocsTestExecutionListener@2e7be4d2, org.springframework.boot.test.autoconfigure.web.client.MockRestServiceServerResetTestExecutionListener@69b07727, org.springframework.boot.test.autoconfigure.web.servlet.MockMvcPrintOnlyOnFailureTestExecutionListener@33bb8859, org.springframework.boot.test.autoconfigure.web.servlet.WebDriverTestExecutionListener@6a33757, org.springframework.boot.test.autoconfigure.webservices.client.MockWebServiceServerTestExecutionListener@770f0e25, org.springframework.boot.test.mock.mockito.ResetMocksTestExecutionListener@1dec46ac]

  .   ____          _            __ _ _
 /\\ / ___'_ __ _ _(_)_ __  __ _ \ \ \ \
( ( )\___ | '_ | '_| | '_ \/ _` | \ \ \ \
 \\/  ___)| |_)| | | | | || (_| |  ) ) ) )
  '  |____| .__|_| |_|_| |_\__, | / / / /
 =========|_|==============|___/=/_/_/_/
 :: Spring Boot ::                (v2.7.5)

2022-12-05 22:08:08.249  INFO 39074 --- [    Test worker] c.m.e.M.i.ArtworkIntegrationTest         : Starting ArtworkIntegrationTest using Java 17.0.1 on MacBook-Air-de-Qi.local with PID 39074 (started by qi in /Users/qi/Documents/GitHub/project-group-15F22)
2022-12-05 22:08:08.250  INFO 39074 --- [    Test worker] c.m.e.M.i.ArtworkIntegrationTest         : No active profile set, falling back to 1 default profile: "default"
2022-12-05 22:08:08.551  INFO 39074 --- [    Test worker] .s.d.r.c.RepositoryConfigurationDelegate : Bootstrapping Spring Data JPA repositories in DEFAULT mode.
2022-12-05 22:08:08.584  INFO 39074 --- [    Test worker] .s.d.r.c.RepositoryConfigurationDelegate : Finished Spring Data repository scanning in 32 ms. Found 12 JPA repository interfaces.
2022-12-05 22:08:09.204  INFO 39074 --- [    Test worker] o.s.b.w.embedded.tomcat.TomcatWebServer  : Tomcat initialized with port(s): 0 (http)
2022-12-05 22:08:09.236  INFO 39074 --- [    Test worker] o.apache.catalina.core.StandardService   : Starting service [Tomcat]
2022-12-05 22:08:09.237  INFO 39074 --- [    Test worker] org.apache.catalina.core.StandardEngine  : Starting Servlet engine: [Apache Tomcat/9.0.68]
2022-12-05 22:08:09.508  INFO 39074 --- [    Test worker] o.a.c.c.C.[Tomcat].[localhost].[/]       : Initializing Spring embedded WebApplicationContext
2022-12-05 22:08:09.509  INFO 39074 --- [    Test worker] w.s.c.ServletWebServerApplicationContext : Root WebApplicationContext: initialization completed in 1255 ms
2022-12-05 22:08:09.765  INFO 39074 --- [    Test worker] com.zaxxer.hikari.HikariDataSource       : HikariPool-2 - Starting...
2022-12-05 22:08:09.821  INFO 39074 --- [    Test worker] com.zaxxer.hikari.HikariDataSource       : HikariPool-2 - Start completed.
2022-12-05 22:08:09.884  INFO 39074 --- [    Test worker] o.hibernate.jpa.internal.util.LogHelper  : HHH000204: Processing PersistenceUnitInfo [name: default]
2022-12-05 22:08:09.895  INFO 39074 --- [    Test worker] org.hibernate.dialect.Dialect            : HHH000400: Using dialect: org.hibernate.dialect.PostgreSQL10Dialect
2022-12-05 22:08:11.214  INFO 39074 --- [    Test worker] o.h.e.t.j.p.i.JtaPlatformInitiator       : HHH000490: Using JtaPlatform implementation: [org.hibernate.engine.transaction.jta.platform.internal.NoJtaPlatform]
2022-12-05 22:08:11.215  INFO 39074 --- [    Test worker] j.LocalContainerEntityManagerFactoryBean : Initialized JPA EntityManagerFactory for persistence unit 'default'
2022-12-05 22:08:11.723  WARN 39074 --- [    Test worker] JpaBaseConfiguration$JpaWebConfiguration : spring.jpa.open-in-view is enabled by default. Therefore, database queries may be performed during view rendering. Explicitly configure spring.jpa.open-in-view to disable this warning
2022-12-05 22:08:12.204  INFO 39074 --- [    Test worker] o.s.b.w.embedded.tomcat.TomcatWebServer  : Tomcat started on port(s): 57755 (http) with context path ''
2022-12-05 22:08:12.212  INFO 39074 --- [    Test worker] c.m.e.M.i.ArtworkIntegrationTest         : Started ArtworkIntegrationTest in 4.013 seconds (JVM running for 20.01)
2022-12-05 22:08:13.158  INFO 39074 --- [o-auto-1-exec-1] o.a.c.c.C.[Tomcat].[localhost].[/]       : Initializing Spring DispatcherServlet 'dispatcherServlet'
2022-12-05 22:08:13.158  INFO 39074 --- [o-auto-1-exec-1] o.s.web.servlet.DispatcherServlet        : Initializing Servlet 'dispatcherServlet'
2022-12-05 22:08:13.160  INFO 39074 --- [o-auto-1-exec-1] o.s.web.servlet.DispatcherServlet        : Completed initialization in 2 ms
]]></system-out>
  <system-err><![CDATA[]]></system-err>
</testsuite>
