<?xml version="1.0" encoding="UTF-8"?>
<testsuite name="ca.mcgill.ecse321.MuseumBackend.integration.TicketIntegrationTests" tests="17" skipped="0" failures="0" errors="0" timestamp="2022-12-06T03:38:20" hostname="samuel-gp66leopard10ug" time="5.242">
  <properties/>
  <testcase name="testReplaceTicket2()" classname="ca.mcgill.ecse321.MuseumBackend.integration.TicketIntegrationTests" time="0.028"/>
  <testcase name="testReplaceInvalidTicket2()" classname="ca.mcgill.ecse321.MuseumBackend.integration.TicketIntegrationTests" time="0.011"/>
  <testcase name="cancelTicket()" classname="ca.mcgill.ecse321.MuseumBackend.integration.TicketIntegrationTests" time="0.709"/>
  <testcase name="purchaseInvalidTicket()" classname="ca.mcgill.ecse321.MuseumBackend.integration.TicketIntegrationTests" time="0.233"/>
  <testcase name="testReplaceTicket()" classname="ca.mcgill.ecse321.MuseumBackend.integration.TicketIntegrationTests" time="0.018"/>
  <testcase name="testCreateInvalidTicket()" classname="ca.mcgill.ecse321.MuseumBackend.integration.TicketIntegrationTests" time="0.008"/>
  <testcase name="testGetInvalidTicketById()" classname="ca.mcgill.ecse321.MuseumBackend.integration.TicketIntegrationTests" time="0.008"/>
  <testcase name="purchaseInvalidTicket2()" classname="ca.mcgill.ecse321.MuseumBackend.integration.TicketIntegrationTests" time="0.193"/>
  <testcase name="purchaseAndBrowseTickets()" classname="ca.mcgill.ecse321.MuseumBackend.integration.TicketIntegrationTests" time="1.674"/>
  <testcase name="purchaseTicketMissingCustomer()" classname="ca.mcgill.ecse321.MuseumBackend.integration.TicketIntegrationTests" time="0.023"/>
  <testcase name="testCreateInvalidTicket2()" classname="ca.mcgill.ecse321.MuseumBackend.integration.TicketIntegrationTests" time="0.009"/>
  <testcase name="testCreateAndGetTicket()" classname="ca.mcgill.ecse321.MuseumBackend.integration.TicketIntegrationTests" time="0.017"/>
  <testcase name="testDeleteTicket()" classname="ca.mcgill.ecse321.MuseumBackend.integration.TicketIntegrationTests" time="0.021"/>
  <testcase name="testReplaceInvalidTicket()" classname="ca.mcgill.ecse321.MuseumBackend.integration.TicketIntegrationTests" time="0.01"/>
  <testcase name="testGetAllTickets()" classname="ca.mcgill.ecse321.MuseumBackend.integration.TicketIntegrationTests" time="0.024"/>
  <testcase name="cancelTicketWrongCustomer()" classname="ca.mcgill.ecse321.MuseumBackend.integration.TicketIntegrationTests" time="1.376"/>
  <testcase name="cancelTicketTooLate()" classname="ca.mcgill.ecse321.MuseumBackend.integration.TicketIntegrationTests" time="0.869"/>
  <system-out><![CDATA[2022-12-05 22:38:20.218  INFO 63818 --- [    Test worker] .b.t.c.SpringBootTestContextBootstrapper : Neither @ContextConfiguration nor @ContextHierarchy found for test class [ca.mcgill.ecse321.MuseumBackend.integration.TicketIntegrationTests], using SpringBootContextLoader
2022-12-05 22:38:20.219  INFO 63818 --- [    Test worker] o.s.t.c.support.AbstractContextLoader    : Could not detect default resource locations for test class [ca.mcgill.ecse321.MuseumBackend.integration.TicketIntegrationTests]: no resource found for suffixes {-context.xml, Context.groovy}.
2022-12-05 22:38:20.219  INFO 63818 --- [    Test worker] t.c.s.AnnotationConfigContextLoaderUtils : Could not detect default configuration classes for test class [ca.mcgill.ecse321.MuseumBackend.integration.TicketIntegrationTests]: TicketIntegrationTests does not declare any static, non-private, non-final, nested classes annotated with @Configuration.
2022-12-05 22:38:20.219  INFO 63818 --- [    Test worker] .b.t.c.SpringBootTestContextBootstrapper : Found @SpringBootConfiguration ca.mcgill.ecse321.MuseumBackend.MuseumBackendApplication for test class ca.mcgill.ecse321.MuseumBackend.integration.TicketIntegrationTests
2022-12-05 22:38:20.220  INFO 63818 --- [    Test worker] .b.t.c.SpringBootTestContextBootstrapper : Loaded default TestExecutionListener class names from location [META-INF/spring.factories]: [org.springframework.boot.test.autoconfigure.restdocs.RestDocsTestExecutionListener, org.springframework.boot.test.autoconfigure.web.client.MockRestServiceServerResetTestExecutionListener, org.springframework.boot.test.autoconfigure.web.servlet.MockMvcPrintOnlyOnFailureTestExecutionListener, org.springframework.boot.test.autoconfigure.web.servlet.WebDriverTestExecutionListener, org.springframework.boot.test.autoconfigure.webservices.client.MockWebServiceServerTestExecutionListener, org.springframework.boot.test.mock.mockito.MockitoTestExecutionListener, org.springframework.boot.test.mock.mockito.ResetMocksTestExecutionListener, org.springframework.test.context.web.ServletTestExecutionListener, org.springframework.test.context.support.DirtiesContextBeforeModesTestExecutionListener, org.springframework.test.context.event.ApplicationEventsTestExecutionListener, org.springframework.test.context.support.DependencyInjectionTestExecutionListener, org.springframework.test.context.support.DirtiesContextTestExecutionListener, org.springframework.test.context.transaction.TransactionalTestExecutionListener, org.springframework.test.context.jdbc.SqlScriptsTestExecutionListener, org.springframework.test.context.event.EventPublishingTestExecutionListener]
2022-12-05 22:38:20.220  INFO 63818 --- [    Test worker] .b.t.c.SpringBootTestContextBootstrapper : Using TestExecutionListeners: [org.springframework.test.context.web.ServletTestExecutionListener@4ac5f0bc, org.springframework.test.context.support.DirtiesContextBeforeModesTestExecutionListener@5d248012, org.springframework.test.context.event.ApplicationEventsTestExecutionListener@9eb7e21, org.springframework.boot.test.mock.mockito.MockitoTestExecutionListener@794790c4, org.springframework.boot.test.autoconfigure.SpringBootDependencyInjectionTestExecutionListener@1c62cf40, org.springframework.test.context.support.DirtiesContextTestExecutionListener@65bff8ce, org.springframework.test.context.transaction.TransactionalTestExecutionListener@3777882e, org.springframework.test.context.jdbc.SqlScriptsTestExecutionListener@72f3ffb4, org.springframework.test.context.event.EventPublishingTestExecutionListener@78e12665, org.springframework.boot.test.autoconfigure.restdocs.RestDocsTestExecutionListener@6282d83f, org.springframework.boot.test.autoconfigure.web.client.MockRestServiceServerResetTestExecutionListener@693f1ab9, org.springframework.boot.test.autoconfigure.web.servlet.MockMvcPrintOnlyOnFailureTestExecutionListener@4dc5675, org.springframework.boot.test.autoconfigure.web.servlet.WebDriverTestExecutionListener@757f8a85, org.springframework.boot.test.autoconfigure.webservices.client.MockWebServiceServerTestExecutionListener@148e735, org.springframework.boot.test.mock.mockito.ResetMocksTestExecutionListener@10b3df77]
2022-12-05 22:38:23.120 ERROR 63818 --- [o-auto-1-exec-2] o.a.c.c.C.[.[.[/].[dispatcherServlet]    : Servlet.service() for servlet [dispatcherServlet] in context with path [] threw exception [Request processing failed; nested exception is java.lang.NullPointerException: Cannot invoke "java.lang.Integer.intValue()" because the return value of "ca.mcgill.ecse321.MuseumBackend.dto.IdRequestDto.getId()" is null] with root cause

java.lang.NullPointerException: Cannot invoke "java.lang.Integer.intValue()" because the return value of "ca.mcgill.ecse321.MuseumBackend.dto.IdRequestDto.getId()" is null
	at ca.mcgill.ecse321.MuseumBackend.controller.TicketController.purchaseTicket(TicketController.java:88) ~[main/:na]
	at java.base/jdk.internal.reflect.DirectMethodHandleAccessor.invoke(DirectMethodHandleAccessor.java:104) ~[na:na]
	at java.base/java.lang.reflect.Method.invoke(Method.java:578) ~[na:na]
	at org.springframework.web.method.support.InvocableHandlerMethod.doInvoke(InvocableHandlerMethod.java:205) ~[spring-web-5.3.23.jar:5.3.23]
	at org.springframework.web.method.support.InvocableHandlerMethod.invokeForRequest(InvocableHandlerMethod.java:150) ~[spring-web-5.3.23.jar:5.3.23]
	at org.springframework.web.servlet.mvc.method.annotation.ServletInvocableHandlerMethod.invokeAndHandle(ServletInvocableHandlerMethod.java:117) ~[spring-webmvc-5.3.23.jar:5.3.23]
	at org.springframework.web.servlet.mvc.method.annotation.RequestMappingHandlerAdapter.invokeHandlerMethod(RequestMappingHandlerAdapter.java:895) ~[spring-webmvc-5.3.23.jar:5.3.23]
	at org.springframework.web.servlet.mvc.method.annotation.RequestMappingHandlerAdapter.handleInternal(RequestMappingHandlerAdapter.java:808) ~[spring-webmvc-5.3.23.jar:5.3.23]
	at org.springframework.web.servlet.mvc.method.AbstractHandlerMethodAdapter.handle(AbstractHandlerMethodAdapter.java:87) ~[spring-webmvc-5.3.23.jar:5.3.23]
	at org.springframework.web.servlet.DispatcherServlet.doDispatch(DispatcherServlet.java:1071) ~[spring-webmvc-5.3.23.jar:5.3.23]
	at org.springframework.web.servlet.DispatcherServlet.doService(DispatcherServlet.java:964) ~[spring-webmvc-5.3.23.jar:5.3.23]
	at org.springframework.web.servlet.FrameworkServlet.processRequest(FrameworkServlet.java:1006) ~[spring-webmvc-5.3.23.jar:5.3.23]
	at org.springframework.web.servlet.FrameworkServlet.doPost(FrameworkServlet.java:909) ~[spring-webmvc-5.3.23.jar:5.3.23]
	at javax.servlet.http.HttpServlet.service(HttpServlet.java:696) ~[tomcat-embed-core-9.0.68.jar:4.0.FR]
	at org.springframework.web.servlet.FrameworkServlet.service(FrameworkServlet.java:883) ~[spring-webmvc-5.3.23.jar:5.3.23]
	at javax.servlet.http.HttpServlet.service(HttpServlet.java:779) ~[tomcat-embed-core-9.0.68.jar:4.0.FR]
	at org.apache.catalina.core.ApplicationFilterChain.internalDoFilter(ApplicationFilterChain.java:227) ~[tomcat-embed-core-9.0.68.jar:9.0.68]
	at org.apache.catalina.core.ApplicationFilterChain.doFilter(ApplicationFilterChain.java:162) ~[tomcat-embed-core-9.0.68.jar:9.0.68]
	at org.apache.tomcat.websocket.server.WsFilter.doFilter(WsFilter.java:53) ~[tomcat-embed-websocket-9.0.68.jar:9.0.68]
	at org.apache.catalina.core.ApplicationFilterChain.internalDoFilter(ApplicationFilterChain.java:189) ~[tomcat-embed-core-9.0.68.jar:9.0.68]
	at org.apache.catalina.core.ApplicationFilterChain.doFilter(ApplicationFilterChain.java:162) ~[tomcat-embed-core-9.0.68.jar:9.0.68]
	at org.springframework.web.filter.RequestContextFilter.doFilterInternal(RequestContextFilter.java:100) ~[spring-web-5.3.23.jar:5.3.23]
	at org.springframework.web.filter.OncePerRequestFilter.doFilter(OncePerRequestFilter.java:117) ~[spring-web-5.3.23.jar:5.3.23]
	at org.apache.catalina.core.ApplicationFilterChain.internalDoFilter(ApplicationFilterChain.java:189) ~[tomcat-embed-core-9.0.68.jar:9.0.68]
	at org.apache.catalina.core.ApplicationFilterChain.doFilter(ApplicationFilterChain.java:162) ~[tomcat-embed-core-9.0.68.jar:9.0.68]
	at org.springframework.web.filter.FormContentFilter.doFilterInternal(FormContentFilter.java:93) ~[spring-web-5.3.23.jar:5.3.23]
	at org.springframework.web.filter.OncePerRequestFilter.doFilter(OncePerRequestFilter.java:117) ~[spring-web-5.3.23.jar:5.3.23]
	at org.apache.catalina.core.ApplicationFilterChain.internalDoFilter(ApplicationFilterChain.java:189) ~[tomcat-embed-core-9.0.68.jar:9.0.68]
	at org.apache.catalina.core.ApplicationFilterChain.doFilter(ApplicationFilterChain.java:162) ~[tomcat-embed-core-9.0.68.jar:9.0.68]
	at org.springframework.web.filter.CharacterEncodingFilter.doFilterInternal(CharacterEncodingFilter.java:201) ~[spring-web-5.3.23.jar:5.3.23]
	at org.springframework.web.filter.OncePerRequestFilter.doFilter(OncePerRequestFilter.java:117) ~[spring-web-5.3.23.jar:5.3.23]
	at org.apache.catalina.core.ApplicationFilterChain.internalDoFilter(ApplicationFilterChain.java:189) ~[tomcat-embed-core-9.0.68.jar:9.0.68]
	at org.apache.catalina.core.ApplicationFilterChain.doFilter(ApplicationFilterChain.java:162) ~[tomcat-embed-core-9.0.68.jar:9.0.68]
	at org.apache.catalina.core.StandardWrapperValve.invoke(StandardWrapperValve.java:197) ~[tomcat-embed-core-9.0.68.jar:9.0.68]
	at org.apache.catalina.core.StandardContextValve.invoke(StandardContextValve.java:97) ~[tomcat-embed-core-9.0.68.jar:9.0.68]
	at org.apache.catalina.authenticator.AuthenticatorBase.invoke(AuthenticatorBase.java:541) ~[tomcat-embed-core-9.0.68.jar:9.0.68]
	at org.apache.catalina.core.StandardHostValve.invoke(StandardHostValve.java:135) ~[tomcat-embed-core-9.0.68.jar:9.0.68]
	at org.apache.catalina.valves.ErrorReportValve.invoke(ErrorReportValve.java:92) ~[tomcat-embed-core-9.0.68.jar:9.0.68]
	at org.apache.catalina.core.StandardEngineValve.invoke(StandardEngineValve.java:78) ~[tomcat-embed-core-9.0.68.jar:9.0.68]
	at org.apache.catalina.connector.CoyoteAdapter.service(CoyoteAdapter.java:360) ~[tomcat-embed-core-9.0.68.jar:9.0.68]
	at org.apache.coyote.http11.Http11Processor.service(Http11Processor.java:399) ~[tomcat-embed-core-9.0.68.jar:9.0.68]
	at org.apache.coyote.AbstractProcessorLight.process(AbstractProcessorLight.java:65) ~[tomcat-embed-core-9.0.68.jar:9.0.68]
	at org.apache.coyote.AbstractProtocol$ConnectionHandler.process(AbstractProtocol.java:893) ~[tomcat-embed-core-9.0.68.jar:9.0.68]
	at org.apache.tomcat.util.net.NioEndpoint$SocketProcessor.doRun(NioEndpoint.java:1789) ~[tomcat-embed-core-9.0.68.jar:9.0.68]
	at org.apache.tomcat.util.net.SocketProcessorBase.run(SocketProcessorBase.java:49) ~[tomcat-embed-core-9.0.68.jar:9.0.68]
	at org.apache.tomcat.util.threads.ThreadPoolExecutor.runWorker(ThreadPoolExecutor.java:1191) ~[tomcat-embed-core-9.0.68.jar:9.0.68]
	at org.apache.tomcat.util.threads.ThreadPoolExecutor$Worker.run(ThreadPoolExecutor.java:659) ~[tomcat-embed-core-9.0.68.jar:9.0.68]
	at org.apache.tomcat.util.threads.TaskThread$WrappingRunnable.run(TaskThread.java:61) ~[tomcat-embed-core-9.0.68.jar:9.0.68]
	at java.base/java.lang.Thread.run(Thread.java:1589) ~[na:na]

]]></system-out>
  <system-err><![CDATA[]]></system-err>
</testsuite>
