<?xml version="1.0" encoding="UTF-8"?>
<testsuite name="ca.mcgill.ecse321.MuseumBackend.repository.AdminRepositoryTests" tests="2" skipped="0" failures="0" errors="0" timestamp="2022-12-06T03:38:25" hostname="samuel-gp66leopard10ug" time="0.469">
  <properties/>
  <testcase name="testPersistAndLoadAdmin()" classname="ca.mcgill.ecse321.MuseumBackend.repository.AdminRepositoryTests" time="0.014"/>
  <testcase name="testAdminToPersonReference()" classname="ca.mcgill.ecse321.MuseumBackend.repository.AdminRepositoryTests" time="0.454"/>
  <system-out><![CDATA[2022-12-05 22:38:25.467  INFO 63818 --- [    Test worker] .b.t.c.SpringBootTestContextBootstrapper : Neither @ContextConfiguration nor @ContextHierarchy found for test class [ca.mcgill.ecse321.MuseumBackend.repository.AdminRepositoryTests], using SpringBootContextLoader
2022-12-05 22:38:25.467  INFO 63818 --- [    Test worker] o.s.t.c.support.AbstractContextLoader    : Could not detect default resource locations for test class [ca.mcgill.ecse321.MuseumBackend.repository.AdminRepositoryTests]: no resource found for suffixes {-context.xml, Context.groovy}.
2022-12-05 22:38:25.468  INFO 63818 --- [    Test worker] t.c.s.AnnotationConfigContextLoaderUtils : Could not detect default configuration classes for test class [ca.mcgill.ecse321.MuseumBackend.repository.AdminRepositoryTests]: AdminRepositoryTests does not declare any static, non-private, non-final, nested classes annotated with @Configuration.
2022-12-05 22:38:25.471  INFO 63818 --- [    Test worker] .b.t.c.SpringBootTestContextBootstrapper : Found @SpringBootConfiguration ca.mcgill.ecse321.MuseumBackend.MuseumBackendApplication for test class ca.mcgill.ecse321.MuseumBackend.repository.AdminRepositoryTests
2022-12-05 22:38:25.472  INFO 63818 --- [    Test worker] .b.t.c.SpringBootTestContextBootstrapper : Loaded default TestExecutionListener class names from location [META-INF/spring.factories]: [org.springframework.boot.test.autoconfigure.restdocs.RestDocsTestExecutionListener, org.springframework.boot.test.autoconfigure.web.client.MockRestServiceServerResetTestExecutionListener, org.springframework.boot.test.autoconfigure.web.servlet.MockMvcPrintOnlyOnFailureTestExecutionListener, org.springframework.boot.test.autoconfigure.web.servlet.WebDriverTestExecutionListener, org.springframework.boot.test.autoconfigure.webservices.client.MockWebServiceServerTestExecutionListener, org.springframework.boot.test.mock.mockito.MockitoTestExecutionListener, org.springframework.boot.test.mock.mockito.ResetMocksTestExecutionListener, org.springframework.test.context.web.ServletTestExecutionListener, org.springframework.test.context.support.DirtiesContextBeforeModesTestExecutionListener, org.springframework.test.context.event.ApplicationEventsTestExecutionListener, org.springframework.test.context.support.DependencyInjectionTestExecutionListener, org.springframework.test.context.support.DirtiesContextTestExecutionListener, org.springframework.test.context.transaction.TransactionalTestExecutionListener, org.springframework.test.context.jdbc.SqlScriptsTestExecutionListener, org.springframework.test.context.event.EventPublishingTestExecutionListener]
2022-12-05 22:38:25.472  INFO 63818 --- [    Test worker] .b.t.c.SpringBootTestContextBootstrapper : Using TestExecutionListeners: [org.springframework.test.context.web.ServletTestExecutionListener@34b666f3, org.springframework.test.context.support.DirtiesContextBeforeModesTestExecutionListener@17346f8b, org.springframework.test.context.event.ApplicationEventsTestExecutionListener@14d27207, org.springframework.boot.test.mock.mockito.MockitoTestExecutionListener@1e0c6c36, org.springframework.boot.test.autoconfigure.SpringBootDependencyInjectionTestExecutionListener@198a10fa, org.springframework.test.context.support.DirtiesContextTestExecutionListener@2d766c77, org.springframework.test.context.transaction.TransactionalTestExecutionListener@2a337194, org.springframework.test.context.jdbc.SqlScriptsTestExecutionListener@5723d538, org.springframework.test.context.event.EventPublishingTestExecutionListener@1e6702e6, org.springframework.boot.test.autoconfigure.restdocs.RestDocsTestExecutionListener@6cd089, org.springframework.boot.test.autoconfigure.web.client.MockRestServiceServerResetTestExecutionListener@31e2aec1, org.springframework.boot.test.autoconfigure.web.servlet.MockMvcPrintOnlyOnFailureTestExecutionListener@78a127d0, org.springframework.boot.test.autoconfigure.web.servlet.WebDriverTestExecutionListener@5e776a10, org.springframework.boot.test.autoconfigure.webservices.client.MockWebServiceServerTestExecutionListener@387901cf, org.springframework.boot.test.mock.mockito.ResetMocksTestExecutionListener@1c4934a7]
]]></system-out>
  <system-err><![CDATA[]]></system-err>
</testsuite>
