<?xml version="1.0" encoding="UTF-8"?>
<testsuite name="ca.mcgill.ecse321.MuseumBackend.integration.TestCustomerIntegration" tests="7" skipped="0" failures="0" errors="0" timestamp="2022-12-06T03:08:22" hostname="MacBook-Air-de-Qi.local" time="0.802">
  <properties/>
  <testcase name="testGetTicketsForCustomer()" classname="ca.mcgill.ecse321.MuseumBackend.integration.TestCustomerIntegration" time="0.246"/>
  <testcase name="testGetLoansForCustomer()" classname="ca.mcgill.ecse321.MuseumBackend.integration.TestCustomerIntegration" time="0.15"/>
  <testcase name="testCreateInvalidCustomer()" classname="ca.mcgill.ecse321.MuseumBackend.integration.TestCustomerIntegration" time="0.043"/>
  <testcase name="testGetAllCustomers()" classname="ca.mcgill.ecse321.MuseumBackend.integration.TestCustomerIntegration" time="0.111"/>
  <testcase name="testGetInvalidCustomer()" classname="ca.mcgill.ecse321.MuseumBackend.integration.TestCustomerIntegration" time="0.04"/>
  <testcase name="testDeleteCustomer()" classname="ca.mcgill.ecse321.MuseumBackend.integration.TestCustomerIntegration" time="0.142"/>
  <testcase name="testCreateAndGetCustomer()" classname="ca.mcgill.ecse321.MuseumBackend.integration.TestCustomerIntegration" time="0.063"/>
  <system-out><![CDATA[2022-12-05 22:08:22.752  INFO 39074 --- [    Test worker] .b.t.c.SpringBootTestContextBootstrapper : Neither @ContextConfiguration nor @ContextHierarchy found for test class [ca.mcgill.ecse321.MuseumBackend.integration.TestCustomerIntegration], using SpringBootContextLoader
2022-12-05 22:08:22.753  INFO 39074 --- [    Test worker] o.s.t.c.support.AbstractContextLoader    : Could not detect default resource locations for test class [ca.mcgill.ecse321.MuseumBackend.integration.TestCustomerIntegration]: no resource found for suffixes {-context.xml, Context.groovy}.
2022-12-05 22:08:22.753  INFO 39074 --- [    Test worker] t.c.s.AnnotationConfigContextLoaderUtils : Could not detect default configuration classes for test class [ca.mcgill.ecse321.MuseumBackend.integration.TestCustomerIntegration]: TestCustomerIntegration does not declare any static, non-private, non-final, nested classes annotated with @Configuration.
2022-12-05 22:08:22.755  INFO 39074 --- [    Test worker] .b.t.c.SpringBootTestContextBootstrapper : Found @SpringBootConfiguration ca.mcgill.ecse321.MuseumBackend.MuseumBackendApplication for test class ca.mcgill.ecse321.MuseumBackend.integration.TestCustomerIntegration
2022-12-05 22:08:22.757  INFO 39074 --- [    Test worker] .b.t.c.SpringBootTestContextBootstrapper : Loaded default TestExecutionListener class names from location [META-INF/spring.factories]: [org.springframework.boot.test.autoconfigure.restdocs.RestDocsTestExecutionListener, org.springframework.boot.test.autoconfigure.web.client.MockRestServiceServerResetTestExecutionListener, org.springframework.boot.test.autoconfigure.web.servlet.MockMvcPrintOnlyOnFailureTestExecutionListener, org.springframework.boot.test.autoconfigure.web.servlet.WebDriverTestExecutionListener, org.springframework.boot.test.autoconfigure.webservices.client.MockWebServiceServerTestExecutionListener, org.springframework.boot.test.mock.mockito.MockitoTestExecutionListener, org.springframework.boot.test.mock.mockito.ResetMocksTestExecutionListener, org.springframework.test.context.web.ServletTestExecutionListener, org.springframework.test.context.support.DirtiesContextBeforeModesTestExecutionListener, org.springframework.test.context.event.ApplicationEventsTestExecutionListener, org.springframework.test.context.support.DependencyInjectionTestExecutionListener, org.springframework.test.context.support.DirtiesContextTestExecutionListener, org.springframework.test.context.transaction.TransactionalTestExecutionListener, org.springframework.test.context.jdbc.SqlScriptsTestExecutionListener, org.springframework.test.context.event.EventPublishingTestExecutionListener]
2022-12-05 22:08:22.757  INFO 39074 --- [    Test worker] .b.t.c.SpringBootTestContextBootstrapper : Using TestExecutionListeners: [org.springframework.test.context.web.ServletTestExecutionListener@d21057e, org.springframework.test.context.support.DirtiesContextBeforeModesTestExecutionListener@31ab7614, org.springframework.test.context.event.ApplicationEventsTestExecutionListener@24bab3d8, org.springframework.boot.test.mock.mockito.MockitoTestExecutionListener@7fb44edb, org.springframework.boot.test.autoconfigure.SpringBootDependencyInjectionTestExecutionListener@7a3bbea6, org.springframework.test.context.support.DirtiesContextTestExecutionListener@104a6c23, org.springframework.test.context.transaction.TransactionalTestExecutionListener@619f2981, org.springframework.test.context.jdbc.SqlScriptsTestExecutionListener@3c8071ff, org.springframework.test.context.event.EventPublishingTestExecutionListener@1b692647, org.springframework.boot.test.autoconfigure.restdocs.RestDocsTestExecutionListener@58816a7d, org.springframework.boot.test.autoconfigure.web.client.MockRestServiceServerResetTestExecutionListener@40ca93cd, org.springframework.boot.test.autoconfigure.web.servlet.MockMvcPrintOnlyOnFailureTestExecutionListener@7f7a0da2, org.springframework.boot.test.autoconfigure.web.servlet.WebDriverTestExecutionListener@2df34714, org.springframework.boot.test.autoconfigure.webservices.client.MockWebServiceServerTestExecutionListener@7e720255, org.springframework.boot.test.mock.mockito.ResetMocksTestExecutionListener@6ab2b2ad]
]]></system-out>
  <system-err><![CDATA[]]></system-err>
</testsuite>
