<?xml version="1.0" encoding="UTF-8"?>
<testsuite name="ca.mcgill.ecse321.MuseumBackend.repository.ArtworkRepositoryTests" tests="1" skipped="0" failures="0" errors="0" timestamp="2022-12-03T21:14:43" hostname="samuel-gp66leopard10ug" time="0.337">
  <properties/>
  <testcase name="testPersistAndLoadArtwork()" classname="ca.mcgill.ecse321.MuseumBackend.repository.ArtworkRepositoryTests" time="0.337"/>
  <system-out><![CDATA[2022-12-03 16:14:43.935  INFO 49970 --- [    Test worker] .b.t.c.SpringBootTestContextBootstrapper : Neither @ContextConfiguration nor @ContextHierarchy found for test class [ca.mcgill.ecse321.MuseumBackend.repository.ArtworkRepositoryTests], using SpringBootContextLoader
2022-12-03 16:14:43.936  INFO 49970 --- [    Test worker] o.s.t.c.support.AbstractContextLoader    : Could not detect default resource locations for test class [ca.mcgill.ecse321.MuseumBackend.repository.ArtworkRepositoryTests]: no resource found for suffixes {-context.xml, Context.groovy}.
2022-12-03 16:14:43.936  INFO 49970 --- [    Test worker] t.c.s.AnnotationConfigContextLoaderUtils : Could not detect default configuration classes for test class [ca.mcgill.ecse321.MuseumBackend.repository.ArtworkRepositoryTests]: ArtworkRepositoryTests does not declare any static, non-private, non-final, nested classes annotated with @Configuration.
2022-12-03 16:14:43.937  INFO 49970 --- [    Test worker] .b.t.c.SpringBootTestContextBootstrapper : Found @SpringBootConfiguration ca.mcgill.ecse321.MuseumBackend.MuseumBackendApplication for test class ca.mcgill.ecse321.MuseumBackend.repository.ArtworkRepositoryTests
2022-12-03 16:14:43.938  INFO 49970 --- [    Test worker] .b.t.c.SpringBootTestContextBootstrapper : Loaded default TestExecutionListener class names from location [META-INF/spring.factories]: [org.springframework.boot.test.autoconfigure.restdocs.RestDocsTestExecutionListener, org.springframework.boot.test.autoconfigure.web.client.MockRestServiceServerResetTestExecutionListener, org.springframework.boot.test.autoconfigure.web.servlet.MockMvcPrintOnlyOnFailureTestExecutionListener, org.springframework.boot.test.autoconfigure.web.servlet.WebDriverTestExecutionListener, org.springframework.boot.test.autoconfigure.webservices.client.MockWebServiceServerTestExecutionListener, org.springframework.boot.test.mock.mockito.MockitoTestExecutionListener, org.springframework.boot.test.mock.mockito.ResetMocksTestExecutionListener, org.springframework.test.context.web.ServletTestExecutionListener, org.springframework.test.context.support.DirtiesContextBeforeModesTestExecutionListener, org.springframework.test.context.event.ApplicationEventsTestExecutionListener, org.springframework.test.context.support.DependencyInjectionTestExecutionListener, org.springframework.test.context.support.DirtiesContextTestExecutionListener, org.springframework.test.context.transaction.TransactionalTestExecutionListener, org.springframework.test.context.jdbc.SqlScriptsTestExecutionListener, org.springframework.test.context.event.EventPublishingTestExecutionListener]
2022-12-03 16:14:43.938  INFO 49970 --- [    Test worker] .b.t.c.SpringBootTestContextBootstrapper : Using TestExecutionListeners: [org.springframework.test.context.web.ServletTestExecutionListener@7150e165, org.springframework.test.context.support.DirtiesContextBeforeModesTestExecutionListener@db1abeb, org.springframework.test.context.event.ApplicationEventsTestExecutionListener@56bb48fb, org.springframework.boot.test.mock.mockito.MockitoTestExecutionListener@17526708, org.springframework.boot.test.autoconfigure.SpringBootDependencyInjectionTestExecutionListener@61fff74e, org.springframework.test.context.support.DirtiesContextTestExecutionListener@6111f669, org.springframework.test.context.transaction.TransactionalTestExecutionListener@6de18620, org.springframework.test.context.jdbc.SqlScriptsTestExecutionListener@690fd6b3, org.springframework.test.context.event.EventPublishingTestExecutionListener@7754195b, org.springframework.boot.test.autoconfigure.restdocs.RestDocsTestExecutionListener@19980b66, org.springframework.boot.test.autoconfigure.web.client.MockRestServiceServerResetTestExecutionListener@78a95ef3, org.springframework.boot.test.autoconfigure.web.servlet.MockMvcPrintOnlyOnFailureTestExecutionListener@6f04b51b, org.springframework.boot.test.autoconfigure.web.servlet.WebDriverTestExecutionListener@384df761, org.springframework.boot.test.autoconfigure.webservices.client.MockWebServiceServerTestExecutionListener@61570835, org.springframework.boot.test.mock.mockito.ResetMocksTestExecutionListener@53bb8c2a]
]]></system-out>
  <system-err><![CDATA[]]></system-err>
</testsuite>
