<?xml version="1.0" encoding="UTF-8"?>
<testsuite name="ca.mcgill.ecse321.MuseumBackend.integration.TestEmployeeIntegration" tests="5" skipped="0" failures="0" errors="0" timestamp="2022-12-06T03:38:19" hostname="samuel-gp66leopard10ug" time="0.998">
  <properties/>
  <testcase name="testCreateAndGetEmployee()" classname="ca.mcgill.ecse321.MuseumBackend.integration.TestEmployeeIntegration" time="0.195"/>
  <testcase name="testFireEmployee()" classname="ca.mcgill.ecse321.MuseumBackend.integration.TestEmployeeIntegration" time="0.392"/>
  <testcase name="testCreateInvalidEmployee()" classname="ca.mcgill.ecse321.MuseumBackend.integration.TestEmployeeIntegration" time="0.008"/>
  <testcase name="testGetAllEmployees()" classname="ca.mcgill.ecse321.MuseumBackend.integration.TestEmployeeIntegration" time="0.393"/>
  <testcase name="testGetInvalidEmployee()" classname="ca.mcgill.ecse321.MuseumBackend.integration.TestEmployeeIntegration" time="0.008"/>
  <system-out><![CDATA[2022-12-05 22:38:19.216  INFO 63818 --- [    Test worker] .b.t.c.SpringBootTestContextBootstrapper : Neither @ContextConfiguration nor @ContextHierarchy found for test class [ca.mcgill.ecse321.MuseumBackend.integration.TestEmployeeIntegration], using SpringBootContextLoader
2022-12-05 22:38:19.216  INFO 63818 --- [    Test worker] o.s.t.c.support.AbstractContextLoader    : Could not detect default resource locations for test class [ca.mcgill.ecse321.MuseumBackend.integration.TestEmployeeIntegration]: no resource found for suffixes {-context.xml, Context.groovy}.
2022-12-05 22:38:19.216  INFO 63818 --- [    Test worker] t.c.s.AnnotationConfigContextLoaderUtils : Could not detect default configuration classes for test class [ca.mcgill.ecse321.MuseumBackend.integration.TestEmployeeIntegration]: TestEmployeeIntegration does not declare any static, non-private, non-final, nested classes annotated with @Configuration.
2022-12-05 22:38:19.217  INFO 63818 --- [    Test worker] .b.t.c.SpringBootTestContextBootstrapper : Found @SpringBootConfiguration ca.mcgill.ecse321.MuseumBackend.MuseumBackendApplication for test class ca.mcgill.ecse321.MuseumBackend.integration.TestEmployeeIntegration
2022-12-05 22:38:19.218  INFO 63818 --- [    Test worker] .b.t.c.SpringBootTestContextBootstrapper : Loaded default TestExecutionListener class names from location [META-INF/spring.factories]: [org.springframework.boot.test.autoconfigure.restdocs.RestDocsTestExecutionListener, org.springframework.boot.test.autoconfigure.web.client.MockRestServiceServerResetTestExecutionListener, org.springframework.boot.test.autoconfigure.web.servlet.MockMvcPrintOnlyOnFailureTestExecutionListener, org.springframework.boot.test.autoconfigure.web.servlet.WebDriverTestExecutionListener, org.springframework.boot.test.autoconfigure.webservices.client.MockWebServiceServerTestExecutionListener, org.springframework.boot.test.mock.mockito.MockitoTestExecutionListener, org.springframework.boot.test.mock.mockito.ResetMocksTestExecutionListener, org.springframework.test.context.web.ServletTestExecutionListener, org.springframework.test.context.support.DirtiesContextBeforeModesTestExecutionListener, org.springframework.test.context.event.ApplicationEventsTestExecutionListener, org.springframework.test.context.support.DependencyInjectionTestExecutionListener, org.springframework.test.context.support.DirtiesContextTestExecutionListener, org.springframework.test.context.transaction.TransactionalTestExecutionListener, org.springframework.test.context.jdbc.SqlScriptsTestExecutionListener, org.springframework.test.context.event.EventPublishingTestExecutionListener]
2022-12-05 22:38:19.218  INFO 63818 --- [    Test worker] .b.t.c.SpringBootTestContextBootstrapper : Using TestExecutionListeners: [org.springframework.test.context.web.ServletTestExecutionListener@7b84d4e7, org.springframework.test.context.support.DirtiesContextBeforeModesTestExecutionListener@3cea3f19, org.springframework.test.context.event.ApplicationEventsTestExecutionListener@6f108023, org.springframework.boot.test.mock.mockito.MockitoTestExecutionListener@699f817d, org.springframework.boot.test.autoconfigure.SpringBootDependencyInjectionTestExecutionListener@34614345, org.springframework.test.context.support.DirtiesContextTestExecutionListener@591eb027, org.springframework.test.context.transaction.TransactionalTestExecutionListener@326422bf, org.springframework.test.context.jdbc.SqlScriptsTestExecutionListener@2765c9e7, org.springframework.test.context.event.EventPublishingTestExecutionListener@19a0dd25, org.springframework.boot.test.autoconfigure.restdocs.RestDocsTestExecutionListener@3513d9be, org.springframework.boot.test.autoconfigure.web.client.MockRestServiceServerResetTestExecutionListener@26f16479, org.springframework.boot.test.autoconfigure.web.servlet.MockMvcPrintOnlyOnFailureTestExecutionListener@2fd2bbb1, org.springframework.boot.test.autoconfigure.web.servlet.WebDriverTestExecutionListener@3004029b, org.springframework.boot.test.autoconfigure.webservices.client.MockWebServiceServerTestExecutionListener@1bf1e30c, org.springframework.boot.test.mock.mockito.ResetMocksTestExecutionListener@368e8ea7]
]]></system-out>
  <system-err><![CDATA[]]></system-err>
</testsuite>
