<?xml version="1.0" encoding="UTF-8"?>
<testsuite name="ca.mcgill.ecse321.MuseumBackend.integration.TestEmployeeIntegration" tests="5" skipped="0" failures="0" errors="0" timestamp="2022-12-04T21:22:11" hostname="samuel-gp66leopard10ug" time="9.473">
  <properties/>
  <testcase name="testCreateAndGetEmployee()" classname="ca.mcgill.ecse321.MuseumBackend.integration.TestEmployeeIntegration" time="0.247"/>
  <testcase name="testFireEmployee()" classname="ca.mcgill.ecse321.MuseumBackend.integration.TestEmployeeIntegration" time="4.968"/>
  <testcase name="testCreateInvalidEmployee()" classname="ca.mcgill.ecse321.MuseumBackend.integration.TestEmployeeIntegration" time="0.011"/>
  <testcase name="testGetAllEmployees()" classname="ca.mcgill.ecse321.MuseumBackend.integration.TestEmployeeIntegration" time="4.238"/>
  <testcase name="testGetInvalidEmployee()" classname="ca.mcgill.ecse321.MuseumBackend.integration.TestEmployeeIntegration" time="0.008"/>
  <system-out><![CDATA[2022-12-04 16:22:11.546  INFO 180689 --- [    Test worker] .b.t.c.SpringBootTestContextBootstrapper : Neither @ContextConfiguration nor @ContextHierarchy found for test class [ca.mcgill.ecse321.MuseumBackend.integration.TestEmployeeIntegration], using SpringBootContextLoader
2022-12-04 16:22:11.547  INFO 180689 --- [    Test worker] o.s.t.c.support.AbstractContextLoader    : Could not detect default resource locations for test class [ca.mcgill.ecse321.MuseumBackend.integration.TestEmployeeIntegration]: no resource found for suffixes {-context.xml, Context.groovy}.
2022-12-04 16:22:11.547  INFO 180689 --- [    Test worker] t.c.s.AnnotationConfigContextLoaderUtils : Could not detect default configuration classes for test class [ca.mcgill.ecse321.MuseumBackend.integration.TestEmployeeIntegration]: TestEmployeeIntegration does not declare any static, non-private, non-final, nested classes annotated with @Configuration.
2022-12-04 16:22:11.548  INFO 180689 --- [    Test worker] .b.t.c.SpringBootTestContextBootstrapper : Found @SpringBootConfiguration ca.mcgill.ecse321.MuseumBackend.MuseumBackendApplication for test class ca.mcgill.ecse321.MuseumBackend.integration.TestEmployeeIntegration
2022-12-04 16:22:11.548  INFO 180689 --- [    Test worker] .b.t.c.SpringBootTestContextBootstrapper : Loaded default TestExecutionListener class names from location [META-INF/spring.factories]: [org.springframework.boot.test.autoconfigure.restdocs.RestDocsTestExecutionListener, org.springframework.boot.test.autoconfigure.web.client.MockRestServiceServerResetTestExecutionListener, org.springframework.boot.test.autoconfigure.web.servlet.MockMvcPrintOnlyOnFailureTestExecutionListener, org.springframework.boot.test.autoconfigure.web.servlet.WebDriverTestExecutionListener, org.springframework.boot.test.autoconfigure.webservices.client.MockWebServiceServerTestExecutionListener, org.springframework.boot.test.mock.mockito.MockitoTestExecutionListener, org.springframework.boot.test.mock.mockito.ResetMocksTestExecutionListener, org.springframework.test.context.web.ServletTestExecutionListener, org.springframework.test.context.support.DirtiesContextBeforeModesTestExecutionListener, org.springframework.test.context.event.ApplicationEventsTestExecutionListener, org.springframework.test.context.support.DependencyInjectionTestExecutionListener, org.springframework.test.context.support.DirtiesContextTestExecutionListener, org.springframework.test.context.transaction.TransactionalTestExecutionListener, org.springframework.test.context.jdbc.SqlScriptsTestExecutionListener, org.springframework.test.context.event.EventPublishingTestExecutionListener]
2022-12-04 16:22:11.548  INFO 180689 --- [    Test worker] .b.t.c.SpringBootTestContextBootstrapper : Using TestExecutionListeners: [org.springframework.test.context.web.ServletTestExecutionListener@46c39644, org.springframework.test.context.support.DirtiesContextBeforeModesTestExecutionListener@4bb29d09, org.springframework.test.context.event.ApplicationEventsTestExecutionListener@15808d95, org.springframework.boot.test.mock.mockito.MockitoTestExecutionListener@9b150b1, org.springframework.boot.test.autoconfigure.SpringBootDependencyInjectionTestExecutionListener@531a8675, org.springframework.test.context.support.DirtiesContextTestExecutionListener@c1f03ca, org.springframework.test.context.transaction.TransactionalTestExecutionListener@1de2cbf9, org.springframework.test.context.jdbc.SqlScriptsTestExecutionListener@1ed5242c, org.springframework.test.context.event.EventPublishingTestExecutionListener@197b20ad, org.springframework.boot.test.autoconfigure.restdocs.RestDocsTestExecutionListener@6d8e611b, org.springframework.boot.test.autoconfigure.web.client.MockRestServiceServerResetTestExecutionListener@6638d250, org.springframework.boot.test.autoconfigure.web.servlet.MockMvcPrintOnlyOnFailureTestExecutionListener@517b6eff, org.springframework.boot.test.autoconfigure.web.servlet.WebDriverTestExecutionListener@11454235, org.springframework.boot.test.autoconfigure.webservices.client.MockWebServiceServerTestExecutionListener@fdd6fbf, org.springframework.boot.test.mock.mockito.ResetMocksTestExecutionListener@2fd78646]
]]></system-out>
  <system-err><![CDATA[]]></system-err>
</testsuite>
