<?xml version="1.0" encoding="UTF-8"?>
<testsuite name="ca.mcgill.ecse321.MuseumBackend.repository.PersonRepositoryTests" tests="2" skipped="0" failures="0" errors="0" timestamp="2022-12-06T03:38:27" hostname="samuel-gp66leopard10ug" time="0.257">
  <properties/>
  <testcase name="testPersonAssociations()" classname="ca.mcgill.ecse321.MuseumBackend.repository.PersonRepositoryTests" time="0.232"/>
  <testcase name="testPersonPersistAndLoad()" classname="ca.mcgill.ecse321.MuseumBackend.repository.PersonRepositoryTests" time="0.023"/>
  <system-out><![CDATA[2022-12-05 22:38:27.614  INFO 63818 --- [    Test worker] .b.t.c.SpringBootTestContextBootstrapper : Neither @ContextConfiguration nor @ContextHierarchy found for test class [ca.mcgill.ecse321.MuseumBackend.repository.PersonRepositoryTests], using SpringBootContextLoader
2022-12-05 22:38:27.615  INFO 63818 --- [    Test worker] o.s.t.c.support.AbstractContextLoader    : Could not detect default resource locations for test class [ca.mcgill.ecse321.MuseumBackend.repository.PersonRepositoryTests]: no resource found for suffixes {-context.xml, Context.groovy}.
2022-12-05 22:38:27.615  INFO 63818 --- [    Test worker] t.c.s.AnnotationConfigContextLoaderUtils : Could not detect default configuration classes for test class [ca.mcgill.ecse321.MuseumBackend.repository.PersonRepositoryTests]: PersonRepositoryTests does not declare any static, non-private, non-final, nested classes annotated with @Configuration.
2022-12-05 22:38:27.615  INFO 63818 --- [    Test worker] .b.t.c.SpringBootTestContextBootstrapper : Found @SpringBootConfiguration ca.mcgill.ecse321.MuseumBackend.MuseumBackendApplication for test class ca.mcgill.ecse321.MuseumBackend.repository.PersonRepositoryTests
2022-12-05 22:38:27.616  INFO 63818 --- [    Test worker] .b.t.c.SpringBootTestContextBootstrapper : Loaded default TestExecutionListener class names from location [META-INF/spring.factories]: [org.springframework.boot.test.autoconfigure.restdocs.RestDocsTestExecutionListener, org.springframework.boot.test.autoconfigure.web.client.MockRestServiceServerResetTestExecutionListener, org.springframework.boot.test.autoconfigure.web.servlet.MockMvcPrintOnlyOnFailureTestExecutionListener, org.springframework.boot.test.autoconfigure.web.servlet.WebDriverTestExecutionListener, org.springframework.boot.test.autoconfigure.webservices.client.MockWebServiceServerTestExecutionListener, org.springframework.boot.test.mock.mockito.MockitoTestExecutionListener, org.springframework.boot.test.mock.mockito.ResetMocksTestExecutionListener, org.springframework.test.context.web.ServletTestExecutionListener, org.springframework.test.context.support.DirtiesContextBeforeModesTestExecutionListener, org.springframework.test.context.event.ApplicationEventsTestExecutionListener, org.springframework.test.context.support.DependencyInjectionTestExecutionListener, org.springframework.test.context.support.DirtiesContextTestExecutionListener, org.springframework.test.context.transaction.TransactionalTestExecutionListener, org.springframework.test.context.jdbc.SqlScriptsTestExecutionListener, org.springframework.test.context.event.EventPublishingTestExecutionListener]
2022-12-05 22:38:27.616  INFO 63818 --- [    Test worker] .b.t.c.SpringBootTestContextBootstrapper : Using TestExecutionListeners: [org.springframework.test.context.web.ServletTestExecutionListener@360b325b, org.springframework.test.context.support.DirtiesContextBeforeModesTestExecutionListener@42eb186e, org.springframework.test.context.event.ApplicationEventsTestExecutionListener@2de7b1a9, org.springframework.boot.test.mock.mockito.MockitoTestExecutionListener@24fa96f5, org.springframework.boot.test.autoconfigure.SpringBootDependencyInjectionTestExecutionListener@4b0cf1db, org.springframework.test.context.support.DirtiesContextTestExecutionListener@51bea8bc, org.springframework.test.context.transaction.TransactionalTestExecutionListener@414431db, org.springframework.test.context.jdbc.SqlScriptsTestExecutionListener@31795a38, org.springframework.test.context.event.EventPublishingTestExecutionListener@1d57e7e5, org.springframework.boot.test.autoconfigure.restdocs.RestDocsTestExecutionListener@390857bb, org.springframework.boot.test.autoconfigure.web.client.MockRestServiceServerResetTestExecutionListener@592263a8, org.springframework.boot.test.autoconfigure.web.servlet.MockMvcPrintOnlyOnFailureTestExecutionListener@22f15a2e, org.springframework.boot.test.autoconfigure.web.servlet.WebDriverTestExecutionListener@3bf95a, org.springframework.boot.test.autoconfigure.webservices.client.MockWebServiceServerTestExecutionListener@7b75d369, org.springframework.boot.test.mock.mockito.ResetMocksTestExecutionListener@3100c08c]
]]></system-out>
  <system-err><![CDATA[]]></system-err>
</testsuite>
