<?xml version="1.0" encoding="UTF-8"?>
<testsuite name="ca.mcgill.ecse321.MuseumBackend.integration.RoomIntegrationTest" tests="2" skipped="0" failures="0" errors="0" timestamp="2022-12-03T21:14:17" hostname="samuel-gp66leopard10ug" time="0.901">
  <properties/>
  <testcase name="testGetAndCreateDisplay()" classname="ca.mcgill.ecse321.MuseumBackend.integration.RoomIntegrationTest" time="0.437"/>
  <testcase name="testGetAndCreateStorage()" classname="ca.mcgill.ecse321.MuseumBackend.integration.RoomIntegrationTest" time="0.464"/>
  <system-out><![CDATA[2022-12-03 16:14:17.396  INFO 49970 --- [    Test worker] .b.t.c.SpringBootTestContextBootstrapper : Neither @ContextConfiguration nor @ContextHierarchy found for test class [ca.mcgill.ecse321.MuseumBackend.integration.RoomIntegrationTest], using SpringBootContextLoader
2022-12-03 16:14:17.396  INFO 49970 --- [    Test worker] o.s.t.c.support.AbstractContextLoader    : Could not detect default resource locations for test class [ca.mcgill.ecse321.MuseumBackend.integration.RoomIntegrationTest]: no resource found for suffixes {-context.xml, Context.groovy}.
2022-12-03 16:14:17.396  INFO 49970 --- [    Test worker] t.c.s.AnnotationConfigContextLoaderUtils : Could not detect default configuration classes for test class [ca.mcgill.ecse321.MuseumBackend.integration.RoomIntegrationTest]: RoomIntegrationTest does not declare any static, non-private, non-final, nested classes annotated with @Configuration.
2022-12-03 16:14:17.397  INFO 49970 --- [    Test worker] .b.t.c.SpringBootTestContextBootstrapper : Found @SpringBootConfiguration ca.mcgill.ecse321.MuseumBackend.MuseumBackendApplication for test class ca.mcgill.ecse321.MuseumBackend.integration.RoomIntegrationTest
2022-12-03 16:14:17.398  INFO 49970 --- [    Test worker] .b.t.c.SpringBootTestContextBootstrapper : Loaded default TestExecutionListener class names from location [META-INF/spring.factories]: [org.springframework.boot.test.autoconfigure.restdocs.RestDocsTestExecutionListener, org.springframework.boot.test.autoconfigure.web.client.MockRestServiceServerResetTestExecutionListener, org.springframework.boot.test.autoconfigure.web.servlet.MockMvcPrintOnlyOnFailureTestExecutionListener, org.springframework.boot.test.autoconfigure.web.servlet.WebDriverTestExecutionListener, org.springframework.boot.test.autoconfigure.webservices.client.MockWebServiceServerTestExecutionListener, org.springframework.boot.test.mock.mockito.MockitoTestExecutionListener, org.springframework.boot.test.mock.mockito.ResetMocksTestExecutionListener, org.springframework.test.context.web.ServletTestExecutionListener, org.springframework.test.context.support.DirtiesContextBeforeModesTestExecutionListener, org.springframework.test.context.event.ApplicationEventsTestExecutionListener, org.springframework.test.context.support.DependencyInjectionTestExecutionListener, org.springframework.test.context.support.DirtiesContextTestExecutionListener, org.springframework.test.context.transaction.TransactionalTestExecutionListener, org.springframework.test.context.jdbc.SqlScriptsTestExecutionListener, org.springframework.test.context.event.EventPublishingTestExecutionListener]
2022-12-03 16:14:17.398  INFO 49970 --- [    Test worker] .b.t.c.SpringBootTestContextBootstrapper : Using TestExecutionListeners: [org.springframework.test.context.web.ServletTestExecutionListener@60ae1183, org.springframework.test.context.support.DirtiesContextBeforeModesTestExecutionListener@1662b02a, org.springframework.test.context.event.ApplicationEventsTestExecutionListener@4f8e00a0, org.springframework.boot.test.mock.mockito.MockitoTestExecutionListener@490acdea, org.springframework.boot.test.autoconfigure.SpringBootDependencyInjectionTestExecutionListener@59b8ff41, org.springframework.test.context.support.DirtiesContextTestExecutionListener@5a58f7bc, org.springframework.test.context.transaction.TransactionalTestExecutionListener@65ec7757, org.springframework.test.context.jdbc.SqlScriptsTestExecutionListener@7a16839d, org.springframework.test.context.event.EventPublishingTestExecutionListener@64ca2969, org.springframework.boot.test.autoconfigure.restdocs.RestDocsTestExecutionListener@79b2d75b, org.springframework.boot.test.autoconfigure.web.client.MockRestServiceServerResetTestExecutionListener@7fe251f5, org.springframework.boot.test.autoconfigure.web.servlet.MockMvcPrintOnlyOnFailureTestExecutionListener@31a62fff, org.springframework.boot.test.autoconfigure.web.servlet.WebDriverTestExecutionListener@412d9c3, org.springframework.boot.test.autoconfigure.webservices.client.MockWebServiceServerTestExecutionListener@6b75ce15, org.springframework.boot.test.mock.mockito.ResetMocksTestExecutionListener@6f54777]
]]></system-out>
  <system-err><![CDATA[]]></system-err>
</testsuite>
