<?xml version="1.0" encoding="UTF-8"?>
<testsuite name="ca.mcgill.ecse321.MuseumBackend.integration.TestEmployeeIntegration" tests="5" skipped="0" failures="0" errors="0" timestamp="2022-12-03T21:14:30" hostname="samuel-gp66leopard10ug" time="2.036">
  <properties/>
  <testcase name="testCreateAndGetEmployee()" classname="ca.mcgill.ecse321.MuseumBackend.integration.TestEmployeeIntegration" time="0.252"/>
  <testcase name="testFireEmployee()" classname="ca.mcgill.ecse321.MuseumBackend.integration.TestEmployeeIntegration" time="0.912"/>
  <testcase name="testCreateInvalidEmployee()" classname="ca.mcgill.ecse321.MuseumBackend.integration.TestEmployeeIntegration" time="0.011"/>
  <testcase name="testGetAllEmployees()" classname="ca.mcgill.ecse321.MuseumBackend.integration.TestEmployeeIntegration" time="0.85"/>
  <testcase name="testGetInvalidEmployee()" classname="ca.mcgill.ecse321.MuseumBackend.integration.TestEmployeeIntegration" time="0.009"/>
  <system-out><![CDATA[2022-12-03 16:14:30.310  INFO 49970 --- [    Test worker] .b.t.c.SpringBootTestContextBootstrapper : Neither @ContextConfiguration nor @ContextHierarchy found for test class [ca.mcgill.ecse321.MuseumBackend.integration.TestEmployeeIntegration], using SpringBootContextLoader
2022-12-03 16:14:30.310  INFO 49970 --- [    Test worker] o.s.t.c.support.AbstractContextLoader    : Could not detect default resource locations for test class [ca.mcgill.ecse321.MuseumBackend.integration.TestEmployeeIntegration]: no resource found for suffixes {-context.xml, Context.groovy}.
2022-12-03 16:14:30.311  INFO 49970 --- [    Test worker] t.c.s.AnnotationConfigContextLoaderUtils : Could not detect default configuration classes for test class [ca.mcgill.ecse321.MuseumBackend.integration.TestEmployeeIntegration]: TestEmployeeIntegration does not declare any static, non-private, non-final, nested classes annotated with @Configuration.
2022-12-03 16:14:30.311  INFO 49970 --- [    Test worker] .b.t.c.SpringBootTestContextBootstrapper : Found @SpringBootConfiguration ca.mcgill.ecse321.MuseumBackend.MuseumBackendApplication for test class ca.mcgill.ecse321.MuseumBackend.integration.TestEmployeeIntegration
2022-12-03 16:14:30.312  INFO 49970 --- [    Test worker] .b.t.c.SpringBootTestContextBootstrapper : Loaded default TestExecutionListener class names from location [META-INF/spring.factories]: [org.springframework.boot.test.autoconfigure.restdocs.RestDocsTestExecutionListener, org.springframework.boot.test.autoconfigure.web.client.MockRestServiceServerResetTestExecutionListener, org.springframework.boot.test.autoconfigure.web.servlet.MockMvcPrintOnlyOnFailureTestExecutionListener, org.springframework.boot.test.autoconfigure.web.servlet.WebDriverTestExecutionListener, org.springframework.boot.test.autoconfigure.webservices.client.MockWebServiceServerTestExecutionListener, org.springframework.boot.test.mock.mockito.MockitoTestExecutionListener, org.springframework.boot.test.mock.mockito.ResetMocksTestExecutionListener, org.springframework.test.context.web.ServletTestExecutionListener, org.springframework.test.context.support.DirtiesContextBeforeModesTestExecutionListener, org.springframework.test.context.event.ApplicationEventsTestExecutionListener, org.springframework.test.context.support.DependencyInjectionTestExecutionListener, org.springframework.test.context.support.DirtiesContextTestExecutionListener, org.springframework.test.context.transaction.TransactionalTestExecutionListener, org.springframework.test.context.jdbc.SqlScriptsTestExecutionListener, org.springframework.test.context.event.EventPublishingTestExecutionListener]
2022-12-03 16:14:30.312  INFO 49970 --- [    Test worker] .b.t.c.SpringBootTestContextBootstrapper : Using TestExecutionListeners: [org.springframework.test.context.web.ServletTestExecutionListener@6ca3ecea, org.springframework.test.context.support.DirtiesContextBeforeModesTestExecutionListener@44ec6a4b, org.springframework.test.context.event.ApplicationEventsTestExecutionListener@81f00d8, org.springframework.boot.test.mock.mockito.MockitoTestExecutionListener@1ef3c545, org.springframework.boot.test.autoconfigure.SpringBootDependencyInjectionTestExecutionListener@6d44becd, org.springframework.test.context.support.DirtiesContextTestExecutionListener@4add3f1c, org.springframework.test.context.transaction.TransactionalTestExecutionListener@3a34ef5f, org.springframework.test.context.jdbc.SqlScriptsTestExecutionListener@3a6dccb1, org.springframework.test.context.event.EventPublishingTestExecutionListener@7297afe7, org.springframework.boot.test.autoconfigure.restdocs.RestDocsTestExecutionListener@51115b76, org.springframework.boot.test.autoconfigure.web.client.MockRestServiceServerResetTestExecutionListener@4c42181c, org.springframework.boot.test.autoconfigure.web.servlet.MockMvcPrintOnlyOnFailureTestExecutionListener@181e4d61, org.springframework.boot.test.autoconfigure.web.servlet.WebDriverTestExecutionListener@57392112, org.springframework.boot.test.autoconfigure.webservices.client.MockWebServiceServerTestExecutionListener@ca80a68, org.springframework.boot.test.mock.mockito.ResetMocksTestExecutionListener@50f67119]
]]></system-out>
  <system-err><![CDATA[]]></system-err>
</testsuite>
