<?xml version="1.0" encoding="UTF-8"?>
<testsuite name="ca.mcgill.ecse321.MuseumBackend.repository.ShiftRepositoryTests" tests="1" skipped="0" failures="0" errors="0" timestamp="2022-12-03T21:14:45" hostname="samuel-gp66leopard10ug" time="0.198">
  <properties/>
  <testcase name="testPersistAndLoadTicket()" classname="ca.mcgill.ecse321.MuseumBackend.repository.ShiftRepositoryTests" time="0.198"/>
  <system-out><![CDATA[2022-12-03 16:14:45.772  INFO 49970 --- [    Test worker] .b.t.c.SpringBootTestContextBootstrapper : Neither @ContextConfiguration nor @ContextHierarchy found for test class [ca.mcgill.ecse321.MuseumBackend.repository.ShiftRepositoryTests], using SpringBootContextLoader
2022-12-03 16:14:45.774  INFO 49970 --- [    Test worker] o.s.t.c.support.AbstractContextLoader    : Could not detect default resource locations for test class [ca.mcgill.ecse321.MuseumBackend.repository.ShiftRepositoryTests]: no resource found for suffixes {-context.xml, Context.groovy}.
2022-12-03 16:14:45.774  INFO 49970 --- [    Test worker] t.c.s.AnnotationConfigContextLoaderUtils : Could not detect default configuration classes for test class [ca.mcgill.ecse321.MuseumBackend.repository.ShiftRepositoryTests]: ShiftRepositoryTests does not declare any static, non-private, non-final, nested classes annotated with @Configuration.
2022-12-03 16:14:45.774  INFO 49970 --- [    Test worker] .b.t.c.SpringBootTestContextBootstrapper : Found @SpringBootConfiguration ca.mcgill.ecse321.MuseumBackend.MuseumBackendApplication for test class ca.mcgill.ecse321.MuseumBackend.repository.ShiftRepositoryTests
2022-12-03 16:14:45.775  INFO 49970 --- [    Test worker] .b.t.c.SpringBootTestContextBootstrapper : Loaded default TestExecutionListener class names from location [META-INF/spring.factories]: [org.springframework.boot.test.autoconfigure.restdocs.RestDocsTestExecutionListener, org.springframework.boot.test.autoconfigure.web.client.MockRestServiceServerResetTestExecutionListener, org.springframework.boot.test.autoconfigure.web.servlet.MockMvcPrintOnlyOnFailureTestExecutionListener, org.springframework.boot.test.autoconfigure.web.servlet.WebDriverTestExecutionListener, org.springframework.boot.test.autoconfigure.webservices.client.MockWebServiceServerTestExecutionListener, org.springframework.boot.test.mock.mockito.MockitoTestExecutionListener, org.springframework.boot.test.mock.mockito.ResetMocksTestExecutionListener, org.springframework.test.context.web.ServletTestExecutionListener, org.springframework.test.context.support.DirtiesContextBeforeModesTestExecutionListener, org.springframework.test.context.event.ApplicationEventsTestExecutionListener, org.springframework.test.context.support.DependencyInjectionTestExecutionListener, org.springframework.test.context.support.DirtiesContextTestExecutionListener, org.springframework.test.context.transaction.TransactionalTestExecutionListener, org.springframework.test.context.jdbc.SqlScriptsTestExecutionListener, org.springframework.test.context.event.EventPublishingTestExecutionListener]
2022-12-03 16:14:45.775  INFO 49970 --- [    Test worker] .b.t.c.SpringBootTestContextBootstrapper : Using TestExecutionListeners: [org.springframework.test.context.web.ServletTestExecutionListener@369dac1f, org.springframework.test.context.support.DirtiesContextBeforeModesTestExecutionListener@1a64dd2e, org.springframework.test.context.event.ApplicationEventsTestExecutionListener@1b5dc7c5, org.springframework.boot.test.mock.mockito.MockitoTestExecutionListener@5cb3c434, org.springframework.boot.test.autoconfigure.SpringBootDependencyInjectionTestExecutionListener@79576e9, org.springframework.test.context.support.DirtiesContextTestExecutionListener@3ba45698, org.springframework.test.context.transaction.TransactionalTestExecutionListener@4e32cdc6, org.springframework.test.context.jdbc.SqlScriptsTestExecutionListener@ce23250, org.springframework.test.context.event.EventPublishingTestExecutionListener@206c2f1b, org.springframework.boot.test.autoconfigure.restdocs.RestDocsTestExecutionListener@39e5bd18, org.springframework.boot.test.autoconfigure.web.client.MockRestServiceServerResetTestExecutionListener@61611b1f, org.springframework.boot.test.autoconfigure.web.servlet.MockMvcPrintOnlyOnFailureTestExecutionListener@7c0cc5d1, org.springframework.boot.test.autoconfigure.web.servlet.WebDriverTestExecutionListener@3dd939bc, org.springframework.boot.test.autoconfigure.webservices.client.MockWebServiceServerTestExecutionListener@29c04e62, org.springframework.boot.test.mock.mockito.ResetMocksTestExecutionListener@409011a6]
]]></system-out>
  <system-err><![CDATA[]]></system-err>
</testsuite>
