<?xml version="1.0" encoding="UTF-8"?>
<testsuite name="ca.mcgill.ecse321.MuseumBackend.repository.StorageRepositoryTests" tests="2" skipped="0" failures="0" errors="0" timestamp="2022-12-06T03:38:28" hostname="samuel-gp66leopard10ug" time="0.037">
  <properties/>
  <testcase name="testPersistAndLoadStorage()" classname="ca.mcgill.ecse321.MuseumBackend.repository.StorageRepositoryTests" time="0.012"/>
  <testcase name="testRoomToArtworkReference()" classname="ca.mcgill.ecse321.MuseumBackend.repository.StorageRepositoryTests" time="0.025"/>
  <system-out><![CDATA[2022-12-05 22:38:28.086  INFO 63818 --- [    Test worker] .b.t.c.SpringBootTestContextBootstrapper : Neither @ContextConfiguration nor @ContextHierarchy found for test class [ca.mcgill.ecse321.MuseumBackend.repository.StorageRepositoryTests], using SpringBootContextLoader
2022-12-05 22:38:28.086  INFO 63818 --- [    Test worker] o.s.t.c.support.AbstractContextLoader    : Could not detect default resource locations for test class [ca.mcgill.ecse321.MuseumBackend.repository.StorageRepositoryTests]: no resource found for suffixes {-context.xml, Context.groovy}.
2022-12-05 22:38:28.086  INFO 63818 --- [    Test worker] t.c.s.AnnotationConfigContextLoaderUtils : Could not detect default configuration classes for test class [ca.mcgill.ecse321.MuseumBackend.repository.StorageRepositoryTests]: StorageRepositoryTests does not declare any static, non-private, non-final, nested classes annotated with @Configuration.
2022-12-05 22:38:28.089  INFO 63818 --- [    Test worker] .b.t.c.SpringBootTestContextBootstrapper : Found @SpringBootConfiguration ca.mcgill.ecse321.MuseumBackend.MuseumBackendApplication for test class ca.mcgill.ecse321.MuseumBackend.repository.StorageRepositoryTests
2022-12-05 22:38:28.090  INFO 63818 --- [    Test worker] .b.t.c.SpringBootTestContextBootstrapper : Loaded default TestExecutionListener class names from location [META-INF/spring.factories]: [org.springframework.boot.test.autoconfigure.restdocs.RestDocsTestExecutionListener, org.springframework.boot.test.autoconfigure.web.client.MockRestServiceServerResetTestExecutionListener, org.springframework.boot.test.autoconfigure.web.servlet.MockMvcPrintOnlyOnFailureTestExecutionListener, org.springframework.boot.test.autoconfigure.web.servlet.WebDriverTestExecutionListener, org.springframework.boot.test.autoconfigure.webservices.client.MockWebServiceServerTestExecutionListener, org.springframework.boot.test.mock.mockito.MockitoTestExecutionListener, org.springframework.boot.test.mock.mockito.ResetMocksTestExecutionListener, org.springframework.test.context.web.ServletTestExecutionListener, org.springframework.test.context.support.DirtiesContextBeforeModesTestExecutionListener, org.springframework.test.context.event.ApplicationEventsTestExecutionListener, org.springframework.test.context.support.DependencyInjectionTestExecutionListener, org.springframework.test.context.support.DirtiesContextTestExecutionListener, org.springframework.test.context.transaction.TransactionalTestExecutionListener, org.springframework.test.context.jdbc.SqlScriptsTestExecutionListener, org.springframework.test.context.event.EventPublishingTestExecutionListener]
2022-12-05 22:38:28.091  INFO 63818 --- [    Test worker] .b.t.c.SpringBootTestContextBootstrapper : Using TestExecutionListeners: [org.springframework.test.context.web.ServletTestExecutionListener@1c2af03e, org.springframework.test.context.support.DirtiesContextBeforeModesTestExecutionListener@69d1227f, org.springframework.test.context.event.ApplicationEventsTestExecutionListener@1b3a95c1, org.springframework.boot.test.mock.mockito.MockitoTestExecutionListener@65f2a574, org.springframework.boot.test.autoconfigure.SpringBootDependencyInjectionTestExecutionListener@2e1212f4, org.springframework.test.context.support.DirtiesContextTestExecutionListener@4e301f93, org.springframework.test.context.transaction.TransactionalTestExecutionListener@1eb1f09, org.springframework.test.context.jdbc.SqlScriptsTestExecutionListener@7142c345, org.springframework.test.context.event.EventPublishingTestExecutionListener@4ff9fa2b, org.springframework.boot.test.autoconfigure.restdocs.RestDocsTestExecutionListener@1fbb8c0, org.springframework.boot.test.autoconfigure.web.client.MockRestServiceServerResetTestExecutionListener@58b1eca1, org.springframework.boot.test.autoconfigure.web.servlet.MockMvcPrintOnlyOnFailureTestExecutionListener@3f8e4419, org.springframework.boot.test.autoconfigure.web.servlet.WebDriverTestExecutionListener@3f26d961, org.springframework.boot.test.autoconfigure.webservices.client.MockWebServiceServerTestExecutionListener@63475bfd, org.springframework.boot.test.mock.mockito.ResetMocksTestExecutionListener@34c467d0]
]]></system-out>
  <system-err><![CDATA[]]></system-err>
</testsuite>
