<?xml version="1.0" encoding="UTF-8"?>
<testsuite name="ca.mcgill.ecse321.MuseumBackend.repository.StorageRepositoryTests" tests="2" skipped="0" failures="0" errors="0" timestamp="2022-12-03T21:14:45" hostname="samuel-gp66leopard10ug" time="0.035">
  <properties/>
  <testcase name="testPersistAndLoadStorage()" classname="ca.mcgill.ecse321.MuseumBackend.repository.StorageRepositoryTests" time="0.011"/>
  <testcase name="testRoomToArtworkReference()" classname="ca.mcgill.ecse321.MuseumBackend.repository.StorageRepositoryTests" time="0.023"/>
  <system-out><![CDATA[2022-12-03 16:14:45.974  INFO 49970 --- [    Test worker] .b.t.c.SpringBootTestContextBootstrapper : Neither @ContextConfiguration nor @ContextHierarchy found for test class [ca.mcgill.ecse321.MuseumBackend.repository.StorageRepositoryTests], using SpringBootContextLoader
2022-12-03 16:14:45.975  INFO 49970 --- [    Test worker] o.s.t.c.support.AbstractContextLoader    : Could not detect default resource locations for test class [ca.mcgill.ecse321.MuseumBackend.repository.StorageRepositoryTests]: no resource found for suffixes {-context.xml, Context.groovy}.
2022-12-03 16:14:45.975  INFO 49970 --- [    Test worker] t.c.s.AnnotationConfigContextLoaderUtils : Could not detect default configuration classes for test class [ca.mcgill.ecse321.MuseumBackend.repository.StorageRepositoryTests]: StorageRepositoryTests does not declare any static, non-private, non-final, nested classes annotated with @Configuration.
2022-12-03 16:14:45.976  INFO 49970 --- [    Test worker] .b.t.c.SpringBootTestContextBootstrapper : Found @SpringBootConfiguration ca.mcgill.ecse321.MuseumBackend.MuseumBackendApplication for test class ca.mcgill.ecse321.MuseumBackend.repository.StorageRepositoryTests
2022-12-03 16:14:45.977  INFO 49970 --- [    Test worker] .b.t.c.SpringBootTestContextBootstrapper : Loaded default TestExecutionListener class names from location [META-INF/spring.factories]: [org.springframework.boot.test.autoconfigure.restdocs.RestDocsTestExecutionListener, org.springframework.boot.test.autoconfigure.web.client.MockRestServiceServerResetTestExecutionListener, org.springframework.boot.test.autoconfigure.web.servlet.MockMvcPrintOnlyOnFailureTestExecutionListener, org.springframework.boot.test.autoconfigure.web.servlet.WebDriverTestExecutionListener, org.springframework.boot.test.autoconfigure.webservices.client.MockWebServiceServerTestExecutionListener, org.springframework.boot.test.mock.mockito.MockitoTestExecutionListener, org.springframework.boot.test.mock.mockito.ResetMocksTestExecutionListener, org.springframework.test.context.web.ServletTestExecutionListener, org.springframework.test.context.support.DirtiesContextBeforeModesTestExecutionListener, org.springframework.test.context.event.ApplicationEventsTestExecutionListener, org.springframework.test.context.support.DependencyInjectionTestExecutionListener, org.springframework.test.context.support.DirtiesContextTestExecutionListener, org.springframework.test.context.transaction.TransactionalTestExecutionListener, org.springframework.test.context.jdbc.SqlScriptsTestExecutionListener, org.springframework.test.context.event.EventPublishingTestExecutionListener]
2022-12-03 16:14:45.978  INFO 49970 --- [    Test worker] .b.t.c.SpringBootTestContextBootstrapper : Using TestExecutionListeners: [org.springframework.test.context.web.ServletTestExecutionListener@32101b44, org.springframework.test.context.support.DirtiesContextBeforeModesTestExecutionListener@67a31d12, org.springframework.test.context.event.ApplicationEventsTestExecutionListener@2fe59e91, org.springframework.boot.test.mock.mockito.MockitoTestExecutionListener@643d8f02, org.springframework.boot.test.autoconfigure.SpringBootDependencyInjectionTestExecutionListener@56c562fa, org.springframework.test.context.support.DirtiesContextTestExecutionListener@2971bebd, org.springframework.test.context.transaction.TransactionalTestExecutionListener@2a63bc14, org.springframework.test.context.jdbc.SqlScriptsTestExecutionListener@222e63c5, org.springframework.test.context.event.EventPublishingTestExecutionListener@5f0107c8, org.springframework.boot.test.autoconfigure.restdocs.RestDocsTestExecutionListener@7b21cec3, org.springframework.boot.test.autoconfigure.web.client.MockRestServiceServerResetTestExecutionListener@4c955eaf, org.springframework.boot.test.autoconfigure.web.servlet.MockMvcPrintOnlyOnFailureTestExecutionListener@1df42cb3, org.springframework.boot.test.autoconfigure.web.servlet.WebDriverTestExecutionListener@4a1c5782, org.springframework.boot.test.autoconfigure.webservices.client.MockWebServiceServerTestExecutionListener@3f3ecfd4, org.springframework.boot.test.mock.mockito.ResetMocksTestExecutionListener@59b89eba]
]]></system-out>
  <system-err><![CDATA[]]></system-err>
</testsuite>
