<?xml version="1.0" encoding="UTF-8"?>
<testsuite name="ca.mcgill.ecse321.MuseumBackend.repository.TicketRepositoryTests" tests="1" skipped="0" failures="0" errors="0" timestamp="2022-12-06T03:38:28" hostname="samuel-gp66leopard10ug" time="0.3">
  <properties/>
  <testcase name="testPersistAndLoadTicketPlusReferences()" classname="ca.mcgill.ecse321.MuseumBackend.repository.TicketRepositoryTests" time="0.3"/>
  <system-out><![CDATA[2022-12-05 22:38:28.129  INFO 63818 --- [    Test worker] .b.t.c.SpringBootTestContextBootstrapper : Neither @ContextConfiguration nor @ContextHierarchy found for test class [ca.mcgill.ecse321.MuseumBackend.repository.TicketRepositoryTests], using SpringBootContextLoader
2022-12-05 22:38:28.130  INFO 63818 --- [    Test worker] o.s.t.c.support.AbstractContextLoader    : Could not detect default resource locations for test class [ca.mcgill.ecse321.MuseumBackend.repository.TicketRepositoryTests]: no resource found for suffixes {-context.xml, Context.groovy}.
2022-12-05 22:38:28.130  INFO 63818 --- [    Test worker] t.c.s.AnnotationConfigContextLoaderUtils : Could not detect default configuration classes for test class [ca.mcgill.ecse321.MuseumBackend.repository.TicketRepositoryTests]: TicketRepositoryTests does not declare any static, non-private, non-final, nested classes annotated with @Configuration.
2022-12-05 22:38:28.130  INFO 63818 --- [    Test worker] .b.t.c.SpringBootTestContextBootstrapper : Found @SpringBootConfiguration ca.mcgill.ecse321.MuseumBackend.MuseumBackendApplication for test class ca.mcgill.ecse321.MuseumBackend.repository.TicketRepositoryTests
2022-12-05 22:38:28.131  INFO 63818 --- [    Test worker] .b.t.c.SpringBootTestContextBootstrapper : Loaded default TestExecutionListener class names from location [META-INF/spring.factories]: [org.springframework.boot.test.autoconfigure.restdocs.RestDocsTestExecutionListener, org.springframework.boot.test.autoconfigure.web.client.MockRestServiceServerResetTestExecutionListener, org.springframework.boot.test.autoconfigure.web.servlet.MockMvcPrintOnlyOnFailureTestExecutionListener, org.springframework.boot.test.autoconfigure.web.servlet.WebDriverTestExecutionListener, org.springframework.boot.test.autoconfigure.webservices.client.MockWebServiceServerTestExecutionListener, org.springframework.boot.test.mock.mockito.MockitoTestExecutionListener, org.springframework.boot.test.mock.mockito.ResetMocksTestExecutionListener, org.springframework.test.context.web.ServletTestExecutionListener, org.springframework.test.context.support.DirtiesContextBeforeModesTestExecutionListener, org.springframework.test.context.event.ApplicationEventsTestExecutionListener, org.springframework.test.context.support.DependencyInjectionTestExecutionListener, org.springframework.test.context.support.DirtiesContextTestExecutionListener, org.springframework.test.context.transaction.TransactionalTestExecutionListener, org.springframework.test.context.jdbc.SqlScriptsTestExecutionListener, org.springframework.test.context.event.EventPublishingTestExecutionListener]
2022-12-05 22:38:28.131  INFO 63818 --- [    Test worker] .b.t.c.SpringBootTestContextBootstrapper : Using TestExecutionListeners: [org.springframework.test.context.web.ServletTestExecutionListener@16a5dd26, org.springframework.test.context.support.DirtiesContextBeforeModesTestExecutionListener@f277db9, org.springframework.test.context.event.ApplicationEventsTestExecutionListener@3100abf, org.springframework.boot.test.mock.mockito.MockitoTestExecutionListener@423c8b7e, org.springframework.boot.test.autoconfigure.SpringBootDependencyInjectionTestExecutionListener@7a4822f2, org.springframework.test.context.support.DirtiesContextTestExecutionListener@4e3652b7, org.springframework.test.context.transaction.TransactionalTestExecutionListener@4d70fc3c, org.springframework.test.context.jdbc.SqlScriptsTestExecutionListener@6bb1f997, org.springframework.test.context.event.EventPublishingTestExecutionListener@50d519a1, org.springframework.boot.test.autoconfigure.restdocs.RestDocsTestExecutionListener@2c0a5ae6, org.springframework.boot.test.autoconfigure.web.client.MockRestServiceServerResetTestExecutionListener@66d1d247, org.springframework.boot.test.autoconfigure.web.servlet.MockMvcPrintOnlyOnFailureTestExecutionListener@248e24b, org.springframework.boot.test.autoconfigure.web.servlet.WebDriverTestExecutionListener@7aa8fbb2, org.springframework.boot.test.autoconfigure.webservices.client.MockWebServiceServerTestExecutionListener@40b436b, org.springframework.boot.test.mock.mockito.ResetMocksTestExecutionListener@6ca0ea47]
]]></system-out>
  <system-err><![CDATA[]]></system-err>
</testsuite>
