<?xml version="1.0" encoding="UTF-8"?>
<testsuite name="ca.mcgill.ecse321.MuseumBackend.integration.LoanIntegrationTest" tests="5" skipped="0" failures="0" errors="0" timestamp="2022-12-06T03:37:52" hostname="samuel-gp66leopard10ug" time="3.953">
  <properties/>
  <testcase name="testCreateandDeleteLoan()" classname="ca.mcgill.ecse321.MuseumBackend.integration.LoanIntegrationTest" time="0.66"/>
  <testcase name="testCreateandDenyLoan()" classname="ca.mcgill.ecse321.MuseumBackend.integration.LoanIntegrationTest" time="0.885"/>
  <testcase name="testCreateAndApproveLoan()" classname="ca.mcgill.ecse321.MuseumBackend.integration.LoanIntegrationTest" time="0.882"/>
  <testcase name="testGetAndCreateLoan()" classname="ca.mcgill.ecse321.MuseumBackend.integration.LoanIntegrationTest" time="0.668"/>
  <testcase name="testCreateAndreturnArtworkandEndLoan()" classname="ca.mcgill.ecse321.MuseumBackend.integration.LoanIntegrationTest" time="0.856"/>
  <system-out><![CDATA[2022-12-05 22:37:52.862  INFO 63818 --- [    Test worker] .b.t.c.SpringBootTestContextBootstrapper : Neither @ContextConfiguration nor @ContextHierarchy found for test class [ca.mcgill.ecse321.MuseumBackend.integration.LoanIntegrationTest], using SpringBootContextLoader
2022-12-05 22:37:52.862  INFO 63818 --- [    Test worker] o.s.t.c.support.AbstractContextLoader    : Could not detect default resource locations for test class [ca.mcgill.ecse321.MuseumBackend.integration.LoanIntegrationTest]: no resource found for suffixes {-context.xml, Context.groovy}.
2022-12-05 22:37:52.862  INFO 63818 --- [    Test worker] t.c.s.AnnotationConfigContextLoaderUtils : Could not detect default configuration classes for test class [ca.mcgill.ecse321.MuseumBackend.integration.LoanIntegrationTest]: LoanIntegrationTest does not declare any static, non-private, non-final, nested classes annotated with @Configuration.
2022-12-05 22:37:52.863  INFO 63818 --- [    Test worker] .b.t.c.SpringBootTestContextBootstrapper : Found @SpringBootConfiguration ca.mcgill.ecse321.MuseumBackend.MuseumBackendApplication for test class ca.mcgill.ecse321.MuseumBackend.integration.LoanIntegrationTest
2022-12-05 22:37:52.864  INFO 63818 --- [    Test worker] .b.t.c.SpringBootTestContextBootstrapper : Loaded default TestExecutionListener class names from location [META-INF/spring.factories]: [org.springframework.boot.test.autoconfigure.restdocs.RestDocsTestExecutionListener, org.springframework.boot.test.autoconfigure.web.client.MockRestServiceServerResetTestExecutionListener, org.springframework.boot.test.autoconfigure.web.servlet.MockMvcPrintOnlyOnFailureTestExecutionListener, org.springframework.boot.test.autoconfigure.web.servlet.WebDriverTestExecutionListener, org.springframework.boot.test.autoconfigure.webservices.client.MockWebServiceServerTestExecutionListener, org.springframework.boot.test.mock.mockito.MockitoTestExecutionListener, org.springframework.boot.test.mock.mockito.ResetMocksTestExecutionListener, org.springframework.test.context.web.ServletTestExecutionListener, org.springframework.test.context.support.DirtiesContextBeforeModesTestExecutionListener, org.springframework.test.context.event.ApplicationEventsTestExecutionListener, org.springframework.test.context.support.DependencyInjectionTestExecutionListener, org.springframework.test.context.support.DirtiesContextTestExecutionListener, org.springframework.test.context.transaction.TransactionalTestExecutionListener, org.springframework.test.context.jdbc.SqlScriptsTestExecutionListener, org.springframework.test.context.event.EventPublishingTestExecutionListener]
2022-12-05 22:37:52.864  INFO 63818 --- [    Test worker] .b.t.c.SpringBootTestContextBootstrapper : Using TestExecutionListeners: [org.springframework.test.context.web.ServletTestExecutionListener@70b2109c, org.springframework.test.context.support.DirtiesContextBeforeModesTestExecutionListener@3c727194, org.springframework.test.context.event.ApplicationEventsTestExecutionListener@5e3feaa1, org.springframework.boot.test.mock.mockito.MockitoTestExecutionListener@7cd7433a, org.springframework.boot.test.autoconfigure.SpringBootDependencyInjectionTestExecutionListener@1c019acc, org.springframework.test.context.support.DirtiesContextTestExecutionListener@3350b609, org.springframework.test.context.transaction.TransactionalTestExecutionListener@121b2820, org.springframework.test.context.jdbc.SqlScriptsTestExecutionListener@549367ca, org.springframework.test.context.event.EventPublishingTestExecutionListener@4454506e, org.springframework.boot.test.autoconfigure.restdocs.RestDocsTestExecutionListener@72825613, org.springframework.boot.test.autoconfigure.web.client.MockRestServiceServerResetTestExecutionListener@39933a4b, org.springframework.boot.test.autoconfigure.web.servlet.MockMvcPrintOnlyOnFailureTestExecutionListener@7671b784, org.springframework.boot.test.autoconfigure.web.servlet.WebDriverTestExecutionListener@10c05e04, org.springframework.boot.test.autoconfigure.webservices.client.MockWebServiceServerTestExecutionListener@7012b0c1, org.springframework.boot.test.mock.mockito.ResetMocksTestExecutionListener@50739dea]
ca.mcgill.ecse321.MuseumBackend.model.Loan@4aa3b6b2[rentalFee:2.5,numOfDays:3,loanId:45]
  startDate=2015-03-31T08:00
  endDate=2015-04-29T08:00
  status=Requested
  museum = 453562de
  customer = 7c8097e7
  artwork = 12745004HEY GUYS ITS ME AGAI
reach here
ca.mcgill.ecse321.MuseumBackend.model.Loan@4aa3b6b2[rentalFee:2.5,numOfDays:3,loanId:45]
  startDate=2015-03-31T08:00
  endDate=2015-04-29T08:00
  status=Requested
  museum = null
  customer = null
  artwork = nullTHIS IS LNE IN CONTROLLER
Requested
Alex is a stupid bitch
we got here yay
ca.mcgill.ecse321.MuseumBackend.model.Loan@7120b109[rentalFee:2.5,numOfDays:3,loanId:49]
  startDate=2015-03-31T08:00
  endDate=2015-04-29T08:00
  status=Denied
  museum = 4ca80248
  customer = 7118ab5b
  artwork = 387454b6HEY GUYS ITS ME AGAI
reach here
ca.mcgill.ecse321.MuseumBackend.model.Loan@7120b109[rentalFee:2.5,numOfDays:3,loanId:49]
  startDate=2015-03-31T08:00
  endDate=2015-04-29T08:00
  status=Denied
  museum = null
  customer = null
  artwork = nullTHIS IS LNE IN CONTROLLER
ca.mcgill.ecse321.MuseumBackend.model.Artwork@17df59cc[isLoanable:true,value:0.0,artworkId:51,artworkName:null]
  museum = 180413c8
  room = nullTHIS IS WRONG
ca.mcgill.ecse321.MuseumBackend.model.Loan@44fb9507[rentalFee:2.5,numOfDays:3,loanId:53]
  startDate=2015-03-31T08:00
  endDate=2015-04-29T08:00
  status=Approved
  museum = 123a6522
  customer = 4a078758
  artwork = af19ad6HEY GUYS ITS ME AGAI
reach here
ca.mcgill.ecse321.MuseumBackend.model.Loan@44fb9507[rentalFee:2.5,numOfDays:3,loanId:53]
  startDate=2015-03-31T08:00
  endDate=2015-04-29T08:00
  status=Approved
  museum = null
  customer = null
  artwork = nullTHIS IS LNE IN CONTROLLER
ca.mcgill.ecse321.MuseumBackend.model.Loan@39607e64[rentalFee:2.5,numOfDays:3,loanId:57]
  startDate=2015-03-31T08:00
  endDate=2015-04-29T08:00
  status=Requested
  museum = 3f8339fb
  customer = 2f4ec7c6
  artwork = 5aae474HEY GUYS ITS ME AGAI
reach here
ca.mcgill.ecse321.MuseumBackend.model.Loan@39607e64[rentalFee:2.5,numOfDays:3,loanId:57]
  startDate=2015-03-31T08:00
  endDate=2015-04-29T08:00
  status=Requested
  museum = null
  customer = null
  artwork = nullTHIS IS LNE IN CONTROLLER
61WHAT
ca.mcgill.ecse321.MuseumBackend.model.Loan@7dc3fa5d[rentalFee:2.5,numOfDays:3,loanId:61]
  startDate=2015-03-31T08:00
  endDate=2015-04-29T08:00
  status=Returned
  museum = 65661656
  customer = d1255cd
  artwork = 71505fbHEY GUYS ITS ME AGAI
reach here
ca.mcgill.ecse321.MuseumBackend.model.Loan@7dc3fa5d[rentalFee:2.5,numOfDays:3,loanId:61]
  startDate=2015-03-31T08:00
  endDate=2015-04-29T08:00
  status=Returned
  museum = null
  customer = null
  artwork = nullTHIS IS LNE IN CONTROLLER
]]></system-out>
  <system-err><![CDATA[]]></system-err>
</testsuite>
