<?xml version="1.0" encoding="UTF-8"?>
<testsuite name="ca.mcgill.ecse321.MuseumBackend.integration.TestAdminIntegration" tests="3" skipped="0" failures="0" errors="0" timestamp="2022-12-03T21:14:27" hostname="samuel-gp66leopard10ug" time="0.48">
  <properties/>
  <testcase name="testCreateAndGetAndDeleteAdmin()" classname="ca.mcgill.ecse321.MuseumBackend.integration.TestAdminIntegration" time="0.46"/>
  <testcase name="testCreateInvalidAdmin()" classname="ca.mcgill.ecse321.MuseumBackend.integration.TestAdminIntegration" time="0.01"/>
  <testcase name="testGetInvalidAdmin()" classname="ca.mcgill.ecse321.MuseumBackend.integration.TestAdminIntegration" time="0.009"/>
  <system-out><![CDATA[2022-12-03 16:14:27.653  INFO 49970 --- [    Test worker] .b.t.c.SpringBootTestContextBootstrapper : Neither @ContextConfiguration nor @ContextHierarchy found for test class [ca.mcgill.ecse321.MuseumBackend.integration.TestAdminIntegration], using SpringBootContextLoader
2022-12-03 16:14:27.653  INFO 49970 --- [    Test worker] o.s.t.c.support.AbstractContextLoader    : Could not detect default resource locations for test class [ca.mcgill.ecse321.MuseumBackend.integration.TestAdminIntegration]: no resource found for suffixes {-context.xml, Context.groovy}.
2022-12-03 16:14:27.654  INFO 49970 --- [    Test worker] t.c.s.AnnotationConfigContextLoaderUtils : Could not detect default configuration classes for test class [ca.mcgill.ecse321.MuseumBackend.integration.TestAdminIntegration]: TestAdminIntegration does not declare any static, non-private, non-final, nested classes annotated with @Configuration.
2022-12-03 16:14:27.654  INFO 49970 --- [    Test worker] .b.t.c.SpringBootTestContextBootstrapper : Found @SpringBootConfiguration ca.mcgill.ecse321.MuseumBackend.MuseumBackendApplication for test class ca.mcgill.ecse321.MuseumBackend.integration.TestAdminIntegration
2022-12-03 16:14:27.655  INFO 49970 --- [    Test worker] .b.t.c.SpringBootTestContextBootstrapper : Loaded default TestExecutionListener class names from location [META-INF/spring.factories]: [org.springframework.boot.test.autoconfigure.restdocs.RestDocsTestExecutionListener, org.springframework.boot.test.autoconfigure.web.client.MockRestServiceServerResetTestExecutionListener, org.springframework.boot.test.autoconfigure.web.servlet.MockMvcPrintOnlyOnFailureTestExecutionListener, org.springframework.boot.test.autoconfigure.web.servlet.WebDriverTestExecutionListener, org.springframework.boot.test.autoconfigure.webservices.client.MockWebServiceServerTestExecutionListener, org.springframework.boot.test.mock.mockito.MockitoTestExecutionListener, org.springframework.boot.test.mock.mockito.ResetMocksTestExecutionListener, org.springframework.test.context.web.ServletTestExecutionListener, org.springframework.test.context.support.DirtiesContextBeforeModesTestExecutionListener, org.springframework.test.context.event.ApplicationEventsTestExecutionListener, org.springframework.test.context.support.DependencyInjectionTestExecutionListener, org.springframework.test.context.support.DirtiesContextTestExecutionListener, org.springframework.test.context.transaction.TransactionalTestExecutionListener, org.springframework.test.context.jdbc.SqlScriptsTestExecutionListener, org.springframework.test.context.event.EventPublishingTestExecutionListener]
2022-12-03 16:14:27.655  INFO 49970 --- [    Test worker] .b.t.c.SpringBootTestContextBootstrapper : Using TestExecutionListeners: [org.springframework.test.context.web.ServletTestExecutionListener@7cbd373e, org.springframework.test.context.support.DirtiesContextBeforeModesTestExecutionListener@78346c38, org.springframework.test.context.event.ApplicationEventsTestExecutionListener@d21057e, org.springframework.boot.test.mock.mockito.MockitoTestExecutionListener@31ab7614, org.springframework.boot.test.autoconfigure.SpringBootDependencyInjectionTestExecutionListener@24bab3d8, org.springframework.test.context.support.DirtiesContextTestExecutionListener@7fb44edb, org.springframework.test.context.transaction.TransactionalTestExecutionListener@7a3bbea6, org.springframework.test.context.jdbc.SqlScriptsTestExecutionListener@104a6c23, org.springframework.test.context.event.EventPublishingTestExecutionListener@619f2981, org.springframework.boot.test.autoconfigure.restdocs.RestDocsTestExecutionListener@3c8071ff, org.springframework.boot.test.autoconfigure.web.client.MockRestServiceServerResetTestExecutionListener@1b692647, org.springframework.boot.test.autoconfigure.web.servlet.MockMvcPrintOnlyOnFailureTestExecutionListener@58816a7d, org.springframework.boot.test.autoconfigure.web.servlet.WebDriverTestExecutionListener@40ca93cd, org.springframework.boot.test.autoconfigure.webservices.client.MockWebServiceServerTestExecutionListener@7f7a0da2, org.springframework.boot.test.mock.mockito.ResetMocksTestExecutionListener@2df34714]
]]></system-out>
  <system-err><![CDATA[]]></system-err>
</testsuite>
