<?xml version="1.0" encoding="UTF-8"?>
<testsuite name="ca.mcgill.ecse321.MuseumBackend.repository.DisplayRepositoryTests" tests="2" skipped="0" failures="0" errors="0" timestamp="2022-12-03T18:45:37" hostname="MacBook-Air-de-Qi.local" time="0.137">
  <properties/>
  <testcase name="testRoomToArtworkReference()" classname="ca.mcgill.ecse321.MuseumBackend.repository.DisplayRepositoryTests" time="0.095"/>
  <testcase name="testPersistAndLoadDisplay()" classname="ca.mcgill.ecse321.MuseumBackend.repository.DisplayRepositoryTests" time="0.041"/>
  <system-out><![CDATA[2022-12-03 13:45:37.095  INFO 23514 --- [    Test worker] .b.t.c.SpringBootTestContextBootstrapper : Neither @ContextConfiguration nor @ContextHierarchy found for test class [ca.mcgill.ecse321.MuseumBackend.repository.DisplayRepositoryTests], using SpringBootContextLoader
2022-12-03 13:45:37.096  INFO 23514 --- [    Test worker] o.s.t.c.support.AbstractContextLoader    : Could not detect default resource locations for test class [ca.mcgill.ecse321.MuseumBackend.repository.DisplayRepositoryTests]: no resource found for suffixes {-context.xml, Context.groovy}.
2022-12-03 13:45:37.096  INFO 23514 --- [    Test worker] t.c.s.AnnotationConfigContextLoaderUtils : Could not detect default configuration classes for test class [ca.mcgill.ecse321.MuseumBackend.repository.DisplayRepositoryTests]: DisplayRepositoryTests does not declare any static, non-private, non-final, nested classes annotated with @Configuration.
2022-12-03 13:45:37.097  INFO 23514 --- [    Test worker] .b.t.c.SpringBootTestContextBootstrapper : Found @SpringBootConfiguration ca.mcgill.ecse321.MuseumBackend.MuseumBackendApplication for test class ca.mcgill.ecse321.MuseumBackend.repository.DisplayRepositoryTests
2022-12-03 13:45:37.098  INFO 23514 --- [    Test worker] .b.t.c.SpringBootTestContextBootstrapper : Loaded default TestExecutionListener class names from location [META-INF/spring.factories]: [org.springframework.boot.test.autoconfigure.restdocs.RestDocsTestExecutionListener, org.springframework.boot.test.autoconfigure.web.client.MockRestServiceServerResetTestExecutionListener, org.springframework.boot.test.autoconfigure.web.servlet.MockMvcPrintOnlyOnFailureTestExecutionListener, org.springframework.boot.test.autoconfigure.web.servlet.WebDriverTestExecutionListener, org.springframework.boot.test.autoconfigure.webservices.client.MockWebServiceServerTestExecutionListener, org.springframework.boot.test.mock.mockito.MockitoTestExecutionListener, org.springframework.boot.test.mock.mockito.ResetMocksTestExecutionListener, org.springframework.test.context.web.ServletTestExecutionListener, org.springframework.test.context.support.DirtiesContextBeforeModesTestExecutionListener, org.springframework.test.context.event.ApplicationEventsTestExecutionListener, org.springframework.test.context.support.DependencyInjectionTestExecutionListener, org.springframework.test.context.support.DirtiesContextTestExecutionListener, org.springframework.test.context.transaction.TransactionalTestExecutionListener, org.springframework.test.context.jdbc.SqlScriptsTestExecutionListener, org.springframework.test.context.event.EventPublishingTestExecutionListener]
2022-12-03 13:45:37.098  INFO 23514 --- [    Test worker] .b.t.c.SpringBootTestContextBootstrapper : Using TestExecutionListeners: [org.springframework.test.context.web.ServletTestExecutionListener@5df061a0, org.springframework.test.context.support.DirtiesContextBeforeModesTestExecutionListener@4685d329, org.springframework.test.context.event.ApplicationEventsTestExecutionListener@437fd988, org.springframework.boot.test.mock.mockito.MockitoTestExecutionListener@23ffc566, org.springframework.boot.test.autoconfigure.SpringBootDependencyInjectionTestExecutionListener@7ddc5dd8, org.springframework.test.context.support.DirtiesContextTestExecutionListener@1528c5d1, org.springframework.test.context.transaction.TransactionalTestExecutionListener@28a6ed65, org.springframework.test.context.jdbc.SqlScriptsTestExecutionListener@75afc9e2, org.springframework.test.context.event.EventPublishingTestExecutionListener@6a827812, org.springframework.boot.test.autoconfigure.restdocs.RestDocsTestExecutionListener@39d72ede, org.springframework.boot.test.autoconfigure.web.client.MockRestServiceServerResetTestExecutionListener@26053144, org.springframework.boot.test.autoconfigure.web.servlet.MockMvcPrintOnlyOnFailureTestExecutionListener@2d6e1cbf, org.springframework.boot.test.autoconfigure.web.servlet.WebDriverTestExecutionListener@54d5b3e8, org.springframework.boot.test.autoconfigure.webservices.client.MockWebServiceServerTestExecutionListener@5474d672, org.springframework.boot.test.mock.mockito.ResetMocksTestExecutionListener@5b7452a9]
]]></system-out>
  <system-err><![CDATA[]]></system-err>
</testsuite>
