<?xml version="1.0" encoding="UTF-8"?>
<testsuite name="ca.mcgill.ecse321.MuseumBackend.repository.StorageRepositoryTests" tests="2" skipped="0" failures="0" errors="0" timestamp="2022-12-04T21:23:32" hostname="samuel-gp66leopard10ug" time="1.843">
  <properties/>
  <testcase name="testPersistAndLoadStorage()" classname="ca.mcgill.ecse321.MuseumBackend.repository.StorageRepositoryTests" time="0.01"/>
  <testcase name="testRoomToArtworkReference()" classname="ca.mcgill.ecse321.MuseumBackend.repository.StorageRepositoryTests" time="1.833"/>
  <system-out><![CDATA[2022-12-04 16:23:32.417  INFO 180689 --- [    Test worker] .b.t.c.SpringBootTestContextBootstrapper : Neither @ContextConfiguration nor @ContextHierarchy found for test class [ca.mcgill.ecse321.MuseumBackend.repository.StorageRepositoryTests], using SpringBootContextLoader
2022-12-04 16:23:32.417  INFO 180689 --- [    Test worker] o.s.t.c.support.AbstractContextLoader    : Could not detect default resource locations for test class [ca.mcgill.ecse321.MuseumBackend.repository.StorageRepositoryTests]: no resource found for suffixes {-context.xml, Context.groovy}.
2022-12-04 16:23:32.418  INFO 180689 --- [    Test worker] t.c.s.AnnotationConfigContextLoaderUtils : Could not detect default configuration classes for test class [ca.mcgill.ecse321.MuseumBackend.repository.StorageRepositoryTests]: StorageRepositoryTests does not declare any static, non-private, non-final, nested classes annotated with @Configuration.
2022-12-04 16:23:32.418  INFO 180689 --- [    Test worker] .b.t.c.SpringBootTestContextBootstrapper : Found @SpringBootConfiguration ca.mcgill.ecse321.MuseumBackend.MuseumBackendApplication for test class ca.mcgill.ecse321.MuseumBackend.repository.StorageRepositoryTests
2022-12-04 16:23:32.419  INFO 180689 --- [    Test worker] .b.t.c.SpringBootTestContextBootstrapper : Loaded default TestExecutionListener class names from location [META-INF/spring.factories]: [org.springframework.boot.test.autoconfigure.restdocs.RestDocsTestExecutionListener, org.springframework.boot.test.autoconfigure.web.client.MockRestServiceServerResetTestExecutionListener, org.springframework.boot.test.autoconfigure.web.servlet.MockMvcPrintOnlyOnFailureTestExecutionListener, org.springframework.boot.test.autoconfigure.web.servlet.WebDriverTestExecutionListener, org.springframework.boot.test.autoconfigure.webservices.client.MockWebServiceServerTestExecutionListener, org.springframework.boot.test.mock.mockito.MockitoTestExecutionListener, org.springframework.boot.test.mock.mockito.ResetMocksTestExecutionListener, org.springframework.test.context.web.ServletTestExecutionListener, org.springframework.test.context.support.DirtiesContextBeforeModesTestExecutionListener, org.springframework.test.context.event.ApplicationEventsTestExecutionListener, org.springframework.test.context.support.DependencyInjectionTestExecutionListener, org.springframework.test.context.support.DirtiesContextTestExecutionListener, org.springframework.test.context.transaction.TransactionalTestExecutionListener, org.springframework.test.context.jdbc.SqlScriptsTestExecutionListener, org.springframework.test.context.event.EventPublishingTestExecutionListener]
2022-12-04 16:23:32.419  INFO 180689 --- [    Test worker] .b.t.c.SpringBootTestContextBootstrapper : Using TestExecutionListeners: [org.springframework.test.context.web.ServletTestExecutionListener@5c17a97e, org.springframework.test.context.support.DirtiesContextBeforeModesTestExecutionListener@5fbe4ad3, org.springframework.test.context.event.ApplicationEventsTestExecutionListener@5fc2520c, org.springframework.boot.test.mock.mockito.MockitoTestExecutionListener@5b15699b, org.springframework.boot.test.autoconfigure.SpringBootDependencyInjectionTestExecutionListener@3a2877de, org.springframework.test.context.support.DirtiesContextTestExecutionListener@176d5a9a, org.springframework.test.context.transaction.TransactionalTestExecutionListener@5a723849, org.springframework.test.context.jdbc.SqlScriptsTestExecutionListener@2a5bdb2d, org.springframework.test.context.event.EventPublishingTestExecutionListener@5334cf3f, org.springframework.boot.test.autoconfigure.restdocs.RestDocsTestExecutionListener@2ef0e649, org.springframework.boot.test.autoconfigure.web.client.MockRestServiceServerResetTestExecutionListener@658b33ae, org.springframework.boot.test.autoconfigure.web.servlet.MockMvcPrintOnlyOnFailureTestExecutionListener@11fd0e81, org.springframework.boot.test.autoconfigure.web.servlet.WebDriverTestExecutionListener@64c566b6, org.springframework.boot.test.autoconfigure.webservices.client.MockWebServiceServerTestExecutionListener@4d2e16c9, org.springframework.boot.test.mock.mockito.ResetMocksTestExecutionListener@71045a81]
]]></system-out>
  <system-err><![CDATA[]]></system-err>
</testsuite>
