<?xml version="1.0" encoding="UTF-8"?>
<testsuite name="ca.mcgill.ecse321.MuseumBackend.repository.AdminRepositoryTests" tests="2" skipped="0" failures="0" errors="0" timestamp="2022-12-06T03:08:25" hostname="MacBook-Air-de-Qi.local" time="0.222">
  <properties/>
  <testcase name="testPersistAndLoadAdmin()" classname="ca.mcgill.ecse321.MuseumBackend.repository.AdminRepositoryTests" time="0.052"/>
  <testcase name="testAdminToPersonReference()" classname="ca.mcgill.ecse321.MuseumBackend.repository.AdminRepositoryTests" time="0.169"/>
  <system-out><![CDATA[2022-12-05 22:08:25.564  INFO 39074 --- [    Test worker] .b.t.c.SpringBootTestContextBootstrapper : Neither @ContextConfiguration nor @ContextHierarchy found for test class [ca.mcgill.ecse321.MuseumBackend.repository.AdminRepositoryTests], using SpringBootContextLoader
2022-12-05 22:08:25.565  INFO 39074 --- [    Test worker] o.s.t.c.support.AbstractContextLoader    : Could not detect default resource locations for test class [ca.mcgill.ecse321.MuseumBackend.repository.AdminRepositoryTests]: no resource found for suffixes {-context.xml, Context.groovy}.
2022-12-05 22:08:25.565  INFO 39074 --- [    Test worker] t.c.s.AnnotationConfigContextLoaderUtils : Could not detect default configuration classes for test class [ca.mcgill.ecse321.MuseumBackend.repository.AdminRepositoryTests]: AdminRepositoryTests does not declare any static, non-private, non-final, nested classes annotated with @Configuration.
2022-12-05 22:08:25.592  INFO 39074 --- [    Test worker] .b.t.c.SpringBootTestContextBootstrapper : Found @SpringBootConfiguration ca.mcgill.ecse321.MuseumBackend.MuseumBackendApplication for test class ca.mcgill.ecse321.MuseumBackend.repository.AdminRepositoryTests
2022-12-05 22:08:25.593  INFO 39074 --- [    Test worker] .b.t.c.SpringBootTestContextBootstrapper : Loaded default TestExecutionListener class names from location [META-INF/spring.factories]: [org.springframework.boot.test.autoconfigure.restdocs.RestDocsTestExecutionListener, org.springframework.boot.test.autoconfigure.web.client.MockRestServiceServerResetTestExecutionListener, org.springframework.boot.test.autoconfigure.web.servlet.MockMvcPrintOnlyOnFailureTestExecutionListener, org.springframework.boot.test.autoconfigure.web.servlet.WebDriverTestExecutionListener, org.springframework.boot.test.autoconfigure.webservices.client.MockWebServiceServerTestExecutionListener, org.springframework.boot.test.mock.mockito.MockitoTestExecutionListener, org.springframework.boot.test.mock.mockito.ResetMocksTestExecutionListener, org.springframework.test.context.web.ServletTestExecutionListener, org.springframework.test.context.support.DirtiesContextBeforeModesTestExecutionListener, org.springframework.test.context.event.ApplicationEventsTestExecutionListener, org.springframework.test.context.support.DependencyInjectionTestExecutionListener, org.springframework.test.context.support.DirtiesContextTestExecutionListener, org.springframework.test.context.transaction.TransactionalTestExecutionListener, org.springframework.test.context.jdbc.SqlScriptsTestExecutionListener, org.springframework.test.context.event.EventPublishingTestExecutionListener]
2022-12-05 22:08:25.594  INFO 39074 --- [    Test worker] .b.t.c.SpringBootTestContextBootstrapper : Using TestExecutionListeners: [org.springframework.test.context.web.ServletTestExecutionListener@702956a, org.springframework.test.context.support.DirtiesContextBeforeModesTestExecutionListener@4b0f785e, org.springframework.test.context.event.ApplicationEventsTestExecutionListener@cf255b5, org.springframework.boot.test.mock.mockito.MockitoTestExecutionListener@3711c0cf, org.springframework.boot.test.autoconfigure.SpringBootDependencyInjectionTestExecutionListener@242bba82, org.springframework.test.context.support.DirtiesContextTestExecutionListener@1456fbd1, org.springframework.test.context.transaction.TransactionalTestExecutionListener@a974b13, org.springframework.test.context.jdbc.SqlScriptsTestExecutionListener@33b9e536, org.springframework.test.context.event.EventPublishingTestExecutionListener@4a3fb669, org.springframework.boot.test.autoconfigure.restdocs.RestDocsTestExecutionListener@6994448c, org.springframework.boot.test.autoconfigure.web.client.MockRestServiceServerResetTestExecutionListener@59eb557e, org.springframework.boot.test.autoconfigure.web.servlet.MockMvcPrintOnlyOnFailureTestExecutionListener@25878b20, org.springframework.boot.test.autoconfigure.web.servlet.WebDriverTestExecutionListener@12bcfd07, org.springframework.boot.test.autoconfigure.webservices.client.MockWebServiceServerTestExecutionListener@59c77bf8, org.springframework.boot.test.mock.mockito.ResetMocksTestExecutionListener@5a04951b]
]]></system-out>
  <system-err><![CDATA[]]></system-err>
</testsuite>
