<?xml version="1.0" encoding="UTF-8"?>
<testsuite name="ca.mcgill.ecse321.MuseumBackend.integration.RoomIntegrationTest" tests="2" skipped="0" failures="0" errors="0" timestamp="2022-12-04T21:21:59" hostname="samuel-gp66leopard10ug" time="0.82">
  <properties/>
  <testcase name="testGetAndCreateDisplay()" classname="ca.mcgill.ecse321.MuseumBackend.integration.RoomIntegrationTest" time="0.413"/>
  <testcase name="testGetAndCreateStorage()" classname="ca.mcgill.ecse321.MuseumBackend.integration.RoomIntegrationTest" time="0.406"/>
  <system-out><![CDATA[2022-12-04 16:21:59.419  INFO 180689 --- [    Test worker] .b.t.c.SpringBootTestContextBootstrapper : Neither @ContextConfiguration nor @ContextHierarchy found for test class [ca.mcgill.ecse321.MuseumBackend.integration.RoomIntegrationTest], using SpringBootContextLoader
2022-12-04 16:21:59.419  INFO 180689 --- [    Test worker] o.s.t.c.support.AbstractContextLoader    : Could not detect default resource locations for test class [ca.mcgill.ecse321.MuseumBackend.integration.RoomIntegrationTest]: no resource found for suffixes {-context.xml, Context.groovy}.
2022-12-04 16:21:59.419  INFO 180689 --- [    Test worker] t.c.s.AnnotationConfigContextLoaderUtils : Could not detect default configuration classes for test class [ca.mcgill.ecse321.MuseumBackend.integration.RoomIntegrationTest]: RoomIntegrationTest does not declare any static, non-private, non-final, nested classes annotated with @Configuration.
2022-12-04 16:21:59.420  INFO 180689 --- [    Test worker] .b.t.c.SpringBootTestContextBootstrapper : Found @SpringBootConfiguration ca.mcgill.ecse321.MuseumBackend.MuseumBackendApplication for test class ca.mcgill.ecse321.MuseumBackend.integration.RoomIntegrationTest
2022-12-04 16:21:59.421  INFO 180689 --- [    Test worker] .b.t.c.SpringBootTestContextBootstrapper : Loaded default TestExecutionListener class names from location [META-INF/spring.factories]: [org.springframework.boot.test.autoconfigure.restdocs.RestDocsTestExecutionListener, org.springframework.boot.test.autoconfigure.web.client.MockRestServiceServerResetTestExecutionListener, org.springframework.boot.test.autoconfigure.web.servlet.MockMvcPrintOnlyOnFailureTestExecutionListener, org.springframework.boot.test.autoconfigure.web.servlet.WebDriverTestExecutionListener, org.springframework.boot.test.autoconfigure.webservices.client.MockWebServiceServerTestExecutionListener, org.springframework.boot.test.mock.mockito.MockitoTestExecutionListener, org.springframework.boot.test.mock.mockito.ResetMocksTestExecutionListener, org.springframework.test.context.web.ServletTestExecutionListener, org.springframework.test.context.support.DirtiesContextBeforeModesTestExecutionListener, org.springframework.test.context.event.ApplicationEventsTestExecutionListener, org.springframework.test.context.support.DependencyInjectionTestExecutionListener, org.springframework.test.context.support.DirtiesContextTestExecutionListener, org.springframework.test.context.transaction.TransactionalTestExecutionListener, org.springframework.test.context.jdbc.SqlScriptsTestExecutionListener, org.springframework.test.context.event.EventPublishingTestExecutionListener]
2022-12-04 16:21:59.421  INFO 180689 --- [    Test worker] .b.t.c.SpringBootTestContextBootstrapper : Using TestExecutionListeners: [org.springframework.test.context.web.ServletTestExecutionListener@512235a9, org.springframework.test.context.support.DirtiesContextBeforeModesTestExecutionListener@7d401e05, org.springframework.test.context.event.ApplicationEventsTestExecutionListener@1944b06d, org.springframework.boot.test.mock.mockito.MockitoTestExecutionListener@1f8217e7, org.springframework.boot.test.autoconfigure.SpringBootDependencyInjectionTestExecutionListener@5fcde6c3, org.springframework.test.context.support.DirtiesContextTestExecutionListener@22007b09, org.springframework.test.context.transaction.TransactionalTestExecutionListener@1e7b70fc, org.springframework.test.context.jdbc.SqlScriptsTestExecutionListener@114961fb, org.springframework.test.context.event.EventPublishingTestExecutionListener@210266ef, org.springframework.boot.test.autoconfigure.restdocs.RestDocsTestExecutionListener@7b99f5, org.springframework.boot.test.autoconfigure.web.client.MockRestServiceServerResetTestExecutionListener@4542f596, org.springframework.boot.test.autoconfigure.web.servlet.MockMvcPrintOnlyOnFailureTestExecutionListener@1f5e127c, org.springframework.boot.test.autoconfigure.web.servlet.WebDriverTestExecutionListener@2dd92a66, org.springframework.boot.test.autoconfigure.webservices.client.MockWebServiceServerTestExecutionListener@71b1aa19, org.springframework.boot.test.mock.mockito.ResetMocksTestExecutionListener@238d1ffc]
]]></system-out>
  <system-err><![CDATA[]]></system-err>
</testsuite>
