<?xml version="1.0" encoding="UTF-8"?>
<testsuite name="ca.mcgill.ecse321.MuseumBackend.integration.TestCustomerIntegration" tests="7" skipped="0" failures="0" errors="0" timestamp="2022-12-06T03:38:14" hostname="samuel-gp66leopard10ug" time="5.04">
  <properties/>
  <testcase name="testGetTicketsForCustomer()" classname="ca.mcgill.ecse321.MuseumBackend.integration.TestCustomerIntegration" time="1.065"/>
  <testcase name="testGetLoansForCustomer()" classname="ca.mcgill.ecse321.MuseumBackend.integration.TestCustomerIntegration" time="1.75"/>
  <testcase name="testCreateInvalidCustomer()" classname="ca.mcgill.ecse321.MuseumBackend.integration.TestCustomerIntegration" time="0.009"/>
  <testcase name="testGetAllCustomers()" classname="ca.mcgill.ecse321.MuseumBackend.integration.TestCustomerIntegration" time="1.486"/>
  <testcase name="testGetInvalidCustomer()" classname="ca.mcgill.ecse321.MuseumBackend.integration.TestCustomerIntegration" time="0.008"/>
  <testcase name="testDeleteCustomer()" classname="ca.mcgill.ecse321.MuseumBackend.integration.TestCustomerIntegration" time="0.516"/>
  <testcase name="testCreateAndGetCustomer()" classname="ca.mcgill.ecse321.MuseumBackend.integration.TestCustomerIntegration" time="0.203"/>
  <system-out><![CDATA[2022-12-05 22:38:14.170  INFO 63818 --- [    Test worker] .b.t.c.SpringBootTestContextBootstrapper : Neither @ContextConfiguration nor @ContextHierarchy found for test class [ca.mcgill.ecse321.MuseumBackend.integration.TestCustomerIntegration], using SpringBootContextLoader
2022-12-05 22:38:14.170  INFO 63818 --- [    Test worker] o.s.t.c.support.AbstractContextLoader    : Could not detect default resource locations for test class [ca.mcgill.ecse321.MuseumBackend.integration.TestCustomerIntegration]: no resource found for suffixes {-context.xml, Context.groovy}.
2022-12-05 22:38:14.170  INFO 63818 --- [    Test worker] t.c.s.AnnotationConfigContextLoaderUtils : Could not detect default configuration classes for test class [ca.mcgill.ecse321.MuseumBackend.integration.TestCustomerIntegration]: TestCustomerIntegration does not declare any static, non-private, non-final, nested classes annotated with @Configuration.
2022-12-05 22:38:14.171  INFO 63818 --- [    Test worker] .b.t.c.SpringBootTestContextBootstrapper : Found @SpringBootConfiguration ca.mcgill.ecse321.MuseumBackend.MuseumBackendApplication for test class ca.mcgill.ecse321.MuseumBackend.integration.TestCustomerIntegration
2022-12-05 22:38:14.172  INFO 63818 --- [    Test worker] .b.t.c.SpringBootTestContextBootstrapper : Loaded default TestExecutionListener class names from location [META-INF/spring.factories]: [org.springframework.boot.test.autoconfigure.restdocs.RestDocsTestExecutionListener, org.springframework.boot.test.autoconfigure.web.client.MockRestServiceServerResetTestExecutionListener, org.springframework.boot.test.autoconfigure.web.servlet.MockMvcPrintOnlyOnFailureTestExecutionListener, org.springframework.boot.test.autoconfigure.web.servlet.WebDriverTestExecutionListener, org.springframework.boot.test.autoconfigure.webservices.client.MockWebServiceServerTestExecutionListener, org.springframework.boot.test.mock.mockito.MockitoTestExecutionListener, org.springframework.boot.test.mock.mockito.ResetMocksTestExecutionListener, org.springframework.test.context.web.ServletTestExecutionListener, org.springframework.test.context.support.DirtiesContextBeforeModesTestExecutionListener, org.springframework.test.context.event.ApplicationEventsTestExecutionListener, org.springframework.test.context.support.DependencyInjectionTestExecutionListener, org.springframework.test.context.support.DirtiesContextTestExecutionListener, org.springframework.test.context.transaction.TransactionalTestExecutionListener, org.springframework.test.context.jdbc.SqlScriptsTestExecutionListener, org.springframework.test.context.event.EventPublishingTestExecutionListener]
2022-12-05 22:38:14.172  INFO 63818 --- [    Test worker] .b.t.c.SpringBootTestContextBootstrapper : Using TestExecutionListeners: [org.springframework.test.context.web.ServletTestExecutionListener@483f0e14, org.springframework.test.context.support.DirtiesContextBeforeModesTestExecutionListener@405acefa, org.springframework.test.context.event.ApplicationEventsTestExecutionListener@2e0df85f, org.springframework.boot.test.mock.mockito.MockitoTestExecutionListener@7abb8312, org.springframework.boot.test.autoconfigure.SpringBootDependencyInjectionTestExecutionListener@4a447dff, org.springframework.test.context.support.DirtiesContextTestExecutionListener@5c7f4753, org.springframework.test.context.transaction.TransactionalTestExecutionListener@1df18383, org.springframework.test.context.jdbc.SqlScriptsTestExecutionListener@3b74303c, org.springframework.test.context.event.EventPublishingTestExecutionListener@52b61928, org.springframework.boot.test.autoconfigure.restdocs.RestDocsTestExecutionListener@745589f2, org.springframework.boot.test.autoconfigure.web.client.MockRestServiceServerResetTestExecutionListener@6529e160, org.springframework.boot.test.autoconfigure.web.servlet.MockMvcPrintOnlyOnFailureTestExecutionListener@7f46c829, org.springframework.boot.test.autoconfigure.web.servlet.WebDriverTestExecutionListener@1ddbf1b0, org.springframework.boot.test.autoconfigure.webservices.client.MockWebServiceServerTestExecutionListener@4599f1e0, org.springframework.boot.test.mock.mockito.ResetMocksTestExecutionListener@6f913ad2]
]]></system-out>
  <system-err><![CDATA[]]></system-err>
</testsuite>
