<?xml version="1.0" encoding="UTF-8"?>
<testsuite name="ca.mcgill.ecse321.MuseumBackend.integration.RoomIntegrationTest" tests="2" skipped="0" failures="0" errors="0" timestamp="2022-12-06T03:08:19" hostname="MacBook-Air-de-Qi.local" time="0.286">
  <properties/>
  <testcase name="testGetAndCreateDisplay()" classname="ca.mcgill.ecse321.MuseumBackend.integration.RoomIntegrationTest" time="0.14"/>
  <testcase name="testGetAndCreateStorage()" classname="ca.mcgill.ecse321.MuseumBackend.integration.RoomIntegrationTest" time="0.144"/>
  <system-out><![CDATA[2022-12-05 22:08:19.766  INFO 39074 --- [    Test worker] .b.t.c.SpringBootTestContextBootstrapper : Neither @ContextConfiguration nor @ContextHierarchy found for test class [ca.mcgill.ecse321.MuseumBackend.integration.RoomIntegrationTest], using SpringBootContextLoader
2022-12-05 22:08:19.767  INFO 39074 --- [    Test worker] o.s.t.c.support.AbstractContextLoader    : Could not detect default resource locations for test class [ca.mcgill.ecse321.MuseumBackend.integration.RoomIntegrationTest]: no resource found for suffixes {-context.xml, Context.groovy}.
2022-12-05 22:08:19.768  INFO 39074 --- [    Test worker] t.c.s.AnnotationConfigContextLoaderUtils : Could not detect default configuration classes for test class [ca.mcgill.ecse321.MuseumBackend.integration.RoomIntegrationTest]: RoomIntegrationTest does not declare any static, non-private, non-final, nested classes annotated with @Configuration.
2022-12-05 22:08:19.770  INFO 39074 --- [    Test worker] .b.t.c.SpringBootTestContextBootstrapper : Found @SpringBootConfiguration ca.mcgill.ecse321.MuseumBackend.MuseumBackendApplication for test class ca.mcgill.ecse321.MuseumBackend.integration.RoomIntegrationTest
2022-12-05 22:08:19.772  INFO 39074 --- [    Test worker] .b.t.c.SpringBootTestContextBootstrapper : Loaded default TestExecutionListener class names from location [META-INF/spring.factories]: [org.springframework.boot.test.autoconfigure.restdocs.RestDocsTestExecutionListener, org.springframework.boot.test.autoconfigure.web.client.MockRestServiceServerResetTestExecutionListener, org.springframework.boot.test.autoconfigure.web.servlet.MockMvcPrintOnlyOnFailureTestExecutionListener, org.springframework.boot.test.autoconfigure.web.servlet.WebDriverTestExecutionListener, org.springframework.boot.test.autoconfigure.webservices.client.MockWebServiceServerTestExecutionListener, org.springframework.boot.test.mock.mockito.MockitoTestExecutionListener, org.springframework.boot.test.mock.mockito.ResetMocksTestExecutionListener, org.springframework.test.context.web.ServletTestExecutionListener, org.springframework.test.context.support.DirtiesContextBeforeModesTestExecutionListener, org.springframework.test.context.event.ApplicationEventsTestExecutionListener, org.springframework.test.context.support.DependencyInjectionTestExecutionListener, org.springframework.test.context.support.DirtiesContextTestExecutionListener, org.springframework.test.context.transaction.TransactionalTestExecutionListener, org.springframework.test.context.jdbc.SqlScriptsTestExecutionListener, org.springframework.test.context.event.EventPublishingTestExecutionListener]
2022-12-05 22:08:19.773  INFO 39074 --- [    Test worker] .b.t.c.SpringBootTestContextBootstrapper : Using TestExecutionListeners: [org.springframework.test.context.web.ServletTestExecutionListener@12fcb643, org.springframework.test.context.support.DirtiesContextBeforeModesTestExecutionListener@394ffb8, org.springframework.test.context.event.ApplicationEventsTestExecutionListener@710de325, org.springframework.boot.test.mock.mockito.MockitoTestExecutionListener@4dd97f97, org.springframework.boot.test.autoconfigure.SpringBootDependencyInjectionTestExecutionListener@3ae096c1, org.springframework.test.context.support.DirtiesContextTestExecutionListener@1e2dc71a, org.springframework.test.context.transaction.TransactionalTestExecutionListener@a70b31, org.springframework.test.context.jdbc.SqlScriptsTestExecutionListener@604e975, org.springframework.test.context.event.EventPublishingTestExecutionListener@386c31ea, org.springframework.boot.test.autoconfigure.restdocs.RestDocsTestExecutionListener@488924ea, org.springframework.boot.test.autoconfigure.web.client.MockRestServiceServerResetTestExecutionListener@704f5049, org.springframework.boot.test.autoconfigure.web.servlet.MockMvcPrintOnlyOnFailureTestExecutionListener@51a15074, org.springframework.boot.test.autoconfigure.web.servlet.WebDriverTestExecutionListener@89bc8cb, org.springframework.boot.test.autoconfigure.webservices.client.MockWebServiceServerTestExecutionListener@9341346, org.springframework.boot.test.mock.mockito.ResetMocksTestExecutionListener@3f3c731]
]]></system-out>
  <system-err><![CDATA[]]></system-err>
</testsuite>
