<?xml version="1.0" encoding="UTF-8"?>
<testsuite name="ca.mcgill.ecse321.MuseumBackend.integration.RoomIntegrationTest" tests="2" skipped="0" failures="0" errors="0" timestamp="2022-12-03T18:45:31" hostname="MacBook-Air-de-Qi.local" time="0.234">
  <properties/>
  <testcase name="testGetAndCreateDisplay()" classname="ca.mcgill.ecse321.MuseumBackend.integration.RoomIntegrationTest" time="0.135"/>
  <testcase name="testGetAndCreateStorage()" classname="ca.mcgill.ecse321.MuseumBackend.integration.RoomIntegrationTest" time="0.098"/>
  <system-out><![CDATA[2022-12-03 13:45:31.644  INFO 23514 --- [    Test worker] .b.t.c.SpringBootTestContextBootstrapper : Neither @ContextConfiguration nor @ContextHierarchy found for test class [ca.mcgill.ecse321.MuseumBackend.integration.RoomIntegrationTest], using SpringBootContextLoader
2022-12-03 13:45:31.645  INFO 23514 --- [    Test worker] o.s.t.c.support.AbstractContextLoader    : Could not detect default resource locations for test class [ca.mcgill.ecse321.MuseumBackend.integration.RoomIntegrationTest]: no resource found for suffixes {-context.xml, Context.groovy}.
2022-12-03 13:45:31.645  INFO 23514 --- [    Test worker] t.c.s.AnnotationConfigContextLoaderUtils : Could not detect default configuration classes for test class [ca.mcgill.ecse321.MuseumBackend.integration.RoomIntegrationTest]: RoomIntegrationTest does not declare any static, non-private, non-final, nested classes annotated with @Configuration.
2022-12-03 13:45:31.646  INFO 23514 --- [    Test worker] .b.t.c.SpringBootTestContextBootstrapper : Found @SpringBootConfiguration ca.mcgill.ecse321.MuseumBackend.MuseumBackendApplication for test class ca.mcgill.ecse321.MuseumBackend.integration.RoomIntegrationTest
2022-12-03 13:45:31.648  INFO 23514 --- [    Test worker] .b.t.c.SpringBootTestContextBootstrapper : Loaded default TestExecutionListener class names from location [META-INF/spring.factories]: [org.springframework.boot.test.autoconfigure.restdocs.RestDocsTestExecutionListener, org.springframework.boot.test.autoconfigure.web.client.MockRestServiceServerResetTestExecutionListener, org.springframework.boot.test.autoconfigure.web.servlet.MockMvcPrintOnlyOnFailureTestExecutionListener, org.springframework.boot.test.autoconfigure.web.servlet.WebDriverTestExecutionListener, org.springframework.boot.test.autoconfigure.webservices.client.MockWebServiceServerTestExecutionListener, org.springframework.boot.test.mock.mockito.MockitoTestExecutionListener, org.springframework.boot.test.mock.mockito.ResetMocksTestExecutionListener, org.springframework.test.context.web.ServletTestExecutionListener, org.springframework.test.context.support.DirtiesContextBeforeModesTestExecutionListener, org.springframework.test.context.event.ApplicationEventsTestExecutionListener, org.springframework.test.context.support.DependencyInjectionTestExecutionListener, org.springframework.test.context.support.DirtiesContextTestExecutionListener, org.springframework.test.context.transaction.TransactionalTestExecutionListener, org.springframework.test.context.jdbc.SqlScriptsTestExecutionListener, org.springframework.test.context.event.EventPublishingTestExecutionListener]
2022-12-03 13:45:31.648  INFO 23514 --- [    Test worker] .b.t.c.SpringBootTestContextBootstrapper : Using TestExecutionListeners: [org.springframework.test.context.web.ServletTestExecutionListener@5af6aa0a, org.springframework.test.context.support.DirtiesContextBeforeModesTestExecutionListener@72943338, org.springframework.test.context.event.ApplicationEventsTestExecutionListener@12c16090, org.springframework.boot.test.mock.mockito.MockitoTestExecutionListener@361d0abb, org.springframework.boot.test.autoconfigure.SpringBootDependencyInjectionTestExecutionListener@59d44088, org.springframework.test.context.support.DirtiesContextTestExecutionListener@a8aa579, org.springframework.test.context.transaction.TransactionalTestExecutionListener@13d69158, org.springframework.test.context.jdbc.SqlScriptsTestExecutionListener@4dc0094b, org.springframework.test.context.event.EventPublishingTestExecutionListener@366bd07b, org.springframework.boot.test.autoconfigure.restdocs.RestDocsTestExecutionListener@69151aa2, org.springframework.boot.test.autoconfigure.web.client.MockRestServiceServerResetTestExecutionListener@4eee0a89, org.springframework.boot.test.autoconfigure.web.servlet.MockMvcPrintOnlyOnFailureTestExecutionListener@329d84e, org.springframework.boot.test.autoconfigure.web.servlet.WebDriverTestExecutionListener@6ba93858, org.springframework.boot.test.autoconfigure.webservices.client.MockWebServiceServerTestExecutionListener@2a28ff85, org.springframework.boot.test.mock.mockito.ResetMocksTestExecutionListener@14ac020b]
]]></system-out>
  <system-err><![CDATA[]]></system-err>
</testsuite>
